[0.030s] Invoking command in '/home/lasantha/ros2_ws/build/ardupilot_gazebo': CMAKE_PREFIX_PATH=${CMAKE_PREFIX_PATH}:/home/lasantha/ros2_ws/second_ros2_ws/install/urdf_tutorial_r2d2:/home/lasantha/ros2_ws/install/launch_testing_examples:/home/lasantha/ros2_ws/install/examples_rclpy_pointcloud_publisher:/home/lasantha/ros2_ws/install/examples_rclpy_minimal_subscriber:/home/lasantha/ros2_ws/install/examples_rclpy_minimal_service:/home/lasantha/ros2_ws/install/examples_rclpy_minimal_publisher:/home/lasantha/ros2_ws/install/examples_rclpy_minimal_client:/home/lasantha/ros2_ws/install/examples_rclpy_minimal_action_server:/home/lasantha/ros2_ws/install/examples_rclpy_minimal_action_client:/home/lasantha/ros2_ws/install/examples_rclpy_guard_conditions:/home/lasantha/ros2_ws/install/examples_rclpy_executors:/opt/ros/iron /usr/bin/cmake /home/lasantha/ros2_ws/src/ardupilot_gazebo -DCMAKE_INSTALL_PREFIX=/home/lasantha/ros2_ws/install/ardupilot_gazebo
[0.105s] -- The C compiler identification is GNU 11.4.0
[0.175s] -- The CXX compiler identification is GNU 11.4.0
[0.183s] -- Detecting C compiler ABI info
[0.267s] -- Detecting C compiler ABI info - done
[0.275s] -- Check for working C compiler: /usr/bin/cc - skipped
[0.275s] -- Detecting C compile features
[0.276s] -- Detecting C compile features - done
[0.282s] -- Detecting CXX compiler ABI info
[0.387s] -- Detecting CXX compiler ABI info - done
[0.397s] -- Check for working CXX compiler: /usr/bin/c++ - skipped
[0.397s] -- Detecting CXX compile features
[0.397s] -- Detecting CXX compile features - done
[0.709s] -- Found Python3: /usr/bin/python3.10 (found version "3.10.12") found components: Interpreter 
[0.854s] [0mBuilding ardupilot_gazebo as an `ament_cmake` project.[0m
[0.867s] [31mCMake Error at CMakeLists.txt:22 (find_package):
[0.867s]   By not providing "Findgz-cmake3.cmake" in CMAKE_MODULE_PATH this project
[0.867s]   has asked CMake to find a package configuration file provided by
[0.867s]   "gz-cmake3", but CMake did not find one.
[0.867s] 
[0.867s]   Could not find a package configuration file provided by "gz-cmake3" with
[0.867s]   any of the following names:
[0.867s] 
[0.867s]     gz-cmake3Config.cmake
[0.867s]     gz-cmake3-config.cmake
[0.868s] 
[0.868s]   Add the installation prefix of "gz-cmake3" to CMAKE_PREFIX_PATH or set
[0.868s]   "gz-cmake3_DIR" to a directory containing one of the above files.  If
[0.868s]   "gz-cmake3" provides a separate development package or SDK, be sure it has
[0.868s]   been installed.
[0.868s] 
[0.868s] [0m
[0.868s] -- Configuring incomplete, errors occurred!
[0.868s] See also "/home/lasantha/ros2_ws/build/ardupilot_gazebo/CMakeFiles/CMakeOutput.log".
