running develop
/usr/lib/python3/dist-packages/setuptools/command/easy_install.py:158: EasyInstallDeprecationWarning: easy_install command is deprecated. Use build and pip and other standards-based tools.
  warnings.warn(
running egg_info
creating urdf_tutorial_r2d2.egg-info
writing urdf_tutorial_r2d2.egg-info/PKG-INFO
writing dependency_links to urdf_tutorial_r2d2.egg-info/dependency_links.txt
writing entry points to urdf_tutorial_r2d2.egg-info/entry_points.txt
writing requirements to urdf_tutorial_r2d2.egg-info/requires.txt
writing top-level names to urdf_tutorial_r2d2.egg-info/top_level.txt
writing manifest file 'urdf_tutorial_r2d2.egg-info/SOURCES.txt'
reading manifest file 'urdf_tutorial_r2d2.egg-info/SOURCES.txt'
writing manifest file 'urdf_tutorial_r2d2.egg-info/SOURCES.txt'
running build_ext
Creating /home/lasantha/ros2_ws/second_ros2_ws/install/urdf_tutorial_r2d2/lib/python3.10/site-packages/urdf-tutorial-r2d2.egg-link (link to .)
Installing state_publisher script to /home/lasantha/ros2_ws/second_ros2_ws/install/urdf_tutorial_r2d2/lib/urdf_tutorial_r2d2

Installed /home/lasantha/ros2_ws/second_ros2_ws/build/urdf_tutorial_r2d2
running symlink_data
creating /home/lasantha/ros2_ws/second_ros2_ws/install/urdf_tutorial_r2d2/share/ament_index
creating /home/lasantha/ros2_ws/second_ros2_ws/install/urdf_tutorial_r2d2/share/ament_index/resource_index
creating /home/lasantha/ros2_ws/second_ros2_ws/install/urdf_tutorial_r2d2/share/ament_index/resource_index/packages
symbolically linking /home/lasantha/ros2_ws/second_ros2_ws/build/urdf_tutorial_r2d2/resource/urdf_tutorial_r2d2 -> /home/lasantha/ros2_ws/second_ros2_ws/install/urdf_tutorial_r2d2/share/ament_index/resource_index/packages
symbolically linking /home/lasantha/ros2_ws/second_ros2_ws/build/urdf_tutorial_r2d2/package.xml -> /home/lasantha/ros2_ws/second_ros2_ws/install/urdf_tutorial_r2d2/share/urdf_tutorial_r2d2
creating /home/lasantha/ros2_ws/second_ros2_ws/install/urdf_tutorial_r2d2/share/urdf_tutorial_r2d2/launch
symbolically linking /home/lasantha/ros2_ws/second_ros2_ws/build/urdf_tutorial_r2d2/launch/demo_launch.py -> /home/lasantha/ros2_ws/second_ros2_ws/install/urdf_tutorial_r2d2/share/urdf_tutorial_r2d2/launch
