[1.283s] Invoking command in '/home/lasantha/ros2_ws/src/examples/rclpy/executors': PYTHONPATH=/home/lasantha/ros2_ws/build/examples_rclpy_executors/prefix_override:/home/lasantha/ros2_ws/install/examples_rclpy_executors/lib/python3.10/site-packages:${PYTHONPATH} /usr/bin/python3 -W ignore:setup.py install is deprecated setup.py egg_info --egg-base ../../../../build/examples_rclpy_executors build --build-base /home/lasantha/ros2_ws/build/examples_rclpy_executors/build install --record /home/lasantha/ros2_ws/build/examples_rclpy_executors/install.log --single-version-externally-managed install_data
[1.789s] running egg_info
[1.791s] writing ../../../../build/examples_rclpy_executors/examples_rclpy_executors.egg-info/PKG-INFO
[1.791s] writing dependency_links to ../../../../build/examples_rclpy_executors/examples_rclpy_executors.egg-info/dependency_links.txt
[1.791s] writing entry points to ../../../../build/examples_rclpy_executors/examples_rclpy_executors.egg-info/entry_points.txt
[1.792s] writing requirements to ../../../../build/examples_rclpy_executors/examples_rclpy_executors.egg-info/requires.txt
[1.792s] writing top-level names to ../../../../build/examples_rclpy_executors/examples_rclpy_executors.egg-info/top_level.txt
[1.795s] reading manifest file '../../../../build/examples_rclpy_executors/examples_rclpy_executors.egg-info/SOURCES.txt'
[1.796s] writing manifest file '../../../../build/examples_rclpy_executors/examples_rclpy_executors.egg-info/SOURCES.txt'
[1.796s] running build
[1.796s] running build_py
[1.797s] running install
[1.798s] running install_lib
[1.800s] running install_data
[1.800s] running install_egg_info
[1.802s] removing '/home/lasantha/ros2_ws/install/examples_rclpy_executors/lib/python3.10/site-packages/examples_rclpy_executors-0.18.0-py3.10.egg-info' (and everything under it)
[1.803s] Copying ../../../../build/examples_rclpy_executors/examples_rclpy_executors.egg-info to /home/lasantha/ros2_ws/install/examples_rclpy_executors/lib/python3.10/site-packages/examples_rclpy_executors-0.18.0-py3.10.egg-info
[1.804s] running install_scripts
[1.837s] Installing callback_group script to /home/lasantha/ros2_ws/install/examples_rclpy_executors/lib/examples_rclpy_executors
[1.837s] Installing composed script to /home/lasantha/ros2_ws/install/examples_rclpy_executors/lib/examples_rclpy_executors
[1.837s] Installing custom_callback_group script to /home/lasantha/ros2_ws/install/examples_rclpy_executors/lib/examples_rclpy_executors
[1.837s] Installing custom_executor script to /home/lasantha/ros2_ws/install/examples_rclpy_executors/lib/examples_rclpy_executors
[1.837s] Installing listener script to /home/lasantha/ros2_ws/install/examples_rclpy_executors/lib/examples_rclpy_executors
[1.838s] Installing talker script to /home/lasantha/ros2_ws/install/examples_rclpy_executors/lib/examples_rclpy_executors
[1.838s] writing list of installed files to '/home/lasantha/ros2_ws/build/examples_rclpy_executors/install.log'
