[0.037s] Invoking command in '/home/lasantha/ros2_ws/build/examples_rclcpp_wait_set': CMAKE_PREFIX_PATH=/opt/ros/iron /usr/bin/cmake /home/lasantha/ros2_ws/src/examples/rclcpp/wait_set -DAMENT_CMAKE_SYMLINK_INSTALL=1 -DCMAKE_INSTALL_PREFIX=/home/lasantha/ros2_ws/install/examples_rclcpp_wait_set
[0.183s] -- The C compiler identification is GNU 11.4.0
[0.318s] -- The CXX compiler identification is GNU 11.4.0
[0.335s] -- Detecting C compiler ABI info
[0.531s] -- Detecting C compiler ABI info - done
[0.551s] -- Check for working C compiler: /usr/bin/cc - skipped
[0.551s] -- Detecting C compile features
[0.552s] -- Detecting C compile features - done
[0.558s] -- Detecting CXX compiler ABI info
[0.800s] -- Detecting CXX compiler ABI info - done
[0.823s] -- Check for working CXX compiler: /usr/bin/c++ - skipped
[0.824s] -- Detecting CXX compile features
[0.826s] -- Detecting CXX compile features - done
[0.834s] -- Found ament_cmake: 2.0.4 (/opt/ros/iron/share/ament_cmake/cmake)
[1.287s] -- Found Python3: /usr/bin/python3.10 (found version "3.10.12") found components: Interpreter 
[1.421s] -- Override CMake install command with custom implementation using symlinks instead of copying resources
[1.461s] -- Found example_interfaces: 0.10.2 (/opt/ros/iron/share/example_interfaces/cmake)
[1.542s] -- Found rosidl_generator_c: 4.0.1 (/opt/ros/iron/share/rosidl_generator_c/cmake)
[1.570s] -- Found rosidl_generator_cpp: 4.0.1 (/opt/ros/iron/share/rosidl_generator_cpp/cmake)
[1.611s] -- Using all available rosidl_typesupport_c: rosidl_typesupport_fastrtps_c;rosidl_typesupport_introspection_c
[1.656s] -- Using all available rosidl_typesupport_cpp: rosidl_typesupport_fastrtps_cpp;rosidl_typesupport_introspection_cpp
[2.226s] -- Found rclcpp: 21.0.5 (/opt/ros/iron/share/rclcpp/cmake)
[2.440s] -- Found rmw_implementation_cmake: 7.1.0 (/opt/ros/iron/share/rmw_implementation_cmake/cmake)
[2.444s] -- Found rmw_fastrtps_cpp: 7.1.3 (/opt/ros/iron/share/rmw_fastrtps_cpp/cmake)
[2.716s] -- Found OpenSSL: /usr/lib/x86_64-linux-gnu/libcrypto.so (found version "3.0.2")  
[2.795s] -- Found FastRTPS: /opt/ros/iron/include  
[2.912s] -- Using RMW implementation 'rmw_fastrtps_cpp' as default
[3.311s] -- Found rclcpp_components: 21.0.5 (/opt/ros/iron/share/rclcpp_components/cmake)
[3.546s] -- Found std_msgs: 5.0.0 (/opt/ros/iron/share/std_msgs/cmake)
[3.650s] -- Found ament_lint_auto: 0.14.3 (/opt/ros/iron/share/ament_lint_auto/cmake)
[3.822s] -- Added test 'copyright' to check source files copyright and LICENSE
[3.825s] -- Added test 'cppcheck' to perform static code analysis on C / C++ code
[3.827s] -- Configured cppcheck include dirs: /home/lasantha/ros2_ws/src/examples/rclcpp/wait_set/include
[3.827s] -- Configured cppcheck exclude dirs and/or files: 
[3.830s] -- Added test 'cpplint' to check C / C++ code against the Google style
[3.830s] -- Configured cpplint exclude dirs and/or files: 
[3.832s] -- Added test 'lint_cmake' to check CMake code style
[3.835s] -- Added test 'uncrustify' to check C / C++ code style
[3.836s] -- Configured uncrustify additional arguments: 
[3.837s] -- Added test 'xmllint' to check XML markup files
[3.840s] -- Configuring done
[3.935s] -- Generating done
[3.940s] -- Build files have been written to: /home/lasantha/ros2_ws/build/examples_rclcpp_wait_set
[4.533s] Invoked command in '/home/lasantha/ros2_ws/build/examples_rclcpp_wait_set' returned '0': CMAKE_PREFIX_PATH=/opt/ros/iron /usr/bin/cmake /home/lasantha/ros2_ws/src/examples/rclcpp/wait_set -DAMENT_CMAKE_SYMLINK_INSTALL=1 -DCMAKE_INSTALL_PREFIX=/home/lasantha/ros2_ws/install/examples_rclcpp_wait_set
[4.533s] Invoking command in '/home/lasantha/ros2_ws/build/examples_rclcpp_wait_set': CMAKE_PREFIX_PATH=/opt/ros/iron /usr/bin/cmake --build /home/lasantha/ros2_ws/build/examples_rclcpp_wait_set -- -j8 -l8
[4.817s] [  4%] [32mBuilding CXX object CMakeFiles/talker.dir/src/talker.cpp.o[0m
[13.541s] [  8%] [32m[1mLinking CXX shared library libtalker.so[0m
[13.825s] [  8%] Built target talker
[13.877s] [ 12%] [32mBuilding CXX object CMakeFiles/wait_set_topics_and_timer.dir/src/wait_set_topics_and_timer.cpp.o[0m
[20.888s] [ 16%] [32mBuilding CXX object CMakeFiles/wait_set_random_order.dir/src/wait_set_random_order.cpp.o[0m
[21.916s] [ 20%] [32mBuilding CXX object CMakeFiles/thread_safe_wait_set.dir/src/thread_safe_wait_set.cpp.o[0m
[22.953s] [ 25%] [32mBuilding CXX object CMakeFiles/static_wait_set.dir/src/static_wait_set.cpp.o[0m
[23.593s] [ 29%] [32m[1mLinking CXX executable wait_set_topics_and_timer[0m
[24.066s] [ 33%] [32mBuilding CXX object CMakeFiles/wait_set.dir/src/wait_set.cpp.o[0m
[24.677s] [ 33%] Built target wait_set_topics_and_timer
[24.844s] [ 37%] [32mBuilding CXX object CMakeFiles/wait_set_listener.dir/rclcpp_components/node_main_wait_set_listener.cpp.o[0m
[24.951s] [ 41%] [32mBuilding CXX object CMakeFiles/executor_random_order.dir/src/executor_random_order.cpp.o[0m
[36.281s] [ 45%] [32m[1mLinking CXX executable wait_set_listener[0m
[36.760s] [ 45%] Built target wait_set_listener
[39.886s] [ 50%] [32m[1mLinking CXX executable thread_safe_wait_set[0m
[40.706s] [ 54%] [32m[1mLinking CXX executable wait_set_random_order[0m
[40.857s] [ 54%] Built target thread_safe_wait_set
[41.564s] [ 54%] Built target wait_set_random_order
[42.525s] [ 58%] [32m[1mLinking CXX executable static_wait_set[0m
[42.937s] [ 58%] Built target static_wait_set
[43.609s] [ 62%] [32m[1mLinking CXX executable executor_random_order[0m
[44.023s] [ 62%] Built target executor_random_order
[44.242s] [ 66%] [32m[1mLinking CXX executable wait_set[0m
[44.679s] [ 66%] Built target wait_set
[44.701s] [ 70%] [32mBuilding CXX object CMakeFiles/wait_set_topics_with_different_rates.dir/src/wait_set_topics_with_different_rates.cpp.o[0m
[51.575s] [ 75%] [32m[1mLinking CXX executable wait_set_topics_with_different_rates[0m
[51.922s] [ 75%] Built target wait_set_topics_with_different_rates
[51.940s] [ 79%] [32mBuilding CXX object CMakeFiles/listener.dir/src/listener.cpp.o[0m
[59.309s] [ 83%] [32m[1mLinking CXX shared library liblistener.so[0m
[59.752s] [ 83%] Built target listener
[59.783s] [ 87%] [32mBuilding CXX object CMakeFiles/wait_set_talker.dir/rclcpp_components/node_main_wait_set_talker.cpp.o[0m
[59.783s] [ 91%] [32mBuilding CXX object CMakeFiles/wait_set_composed.dir/src/wait_set_composed.cpp.o[0m
[64.355s] [ 95%] [32m[1mLinking CXX executable wait_set_composed[0m
[64.580s] [ 95%] Built target wait_set_composed
[64.671s] [100%] [32m[1mLinking CXX executable wait_set_talker[0m
[64.812s] [100%] Built target wait_set_talker
[64.824s] Invoked command in '/home/lasantha/ros2_ws/build/examples_rclcpp_wait_set' returned '0': CMAKE_PREFIX_PATH=/opt/ros/iron /usr/bin/cmake --build /home/lasantha/ros2_ws/build/examples_rclcpp_wait_set -- -j8 -l8
[64.886s] Invoking command in '/home/lasantha/ros2_ws/build/examples_rclcpp_wait_set': CMAKE_PREFIX_PATH=/opt/ros/iron /usr/bin/cmake --install /home/lasantha/ros2_ws/build/examples_rclcpp_wait_set
[64.894s] -- Install configuration: ""
[64.894s] -- Execute custom install script
[64.895s] -- Symlinking: /home/lasantha/ros2_ws/install/examples_rclcpp_wait_set/lib/examples_rclcpp_wait_set/wait_set_talker
[64.905s] -- Symlinking: /home/lasantha/ros2_ws/install/examples_rclcpp_wait_set/lib/examples_rclcpp_wait_set/wait_set_listener
[64.915s] -- Symlinking: /home/lasantha/ros2_ws/install/examples_rclcpp_wait_set/lib/libtalker.so
[64.925s] -- Symlinking: /home/lasantha/ros2_ws/install/examples_rclcpp_wait_set/lib/liblistener.so
[64.935s] -- Symlinking: /home/lasantha/ros2_ws/install/examples_rclcpp_wait_set/lib/examples_rclcpp_wait_set/wait_set
[64.945s] -- Symlinking: /home/lasantha/ros2_ws/install/examples_rclcpp_wait_set/lib/examples_rclcpp_wait_set/static_wait_set
[64.956s] -- Symlinking: /home/lasantha/ros2_ws/install/examples_rclcpp_wait_set/lib/examples_rclcpp_wait_set/thread_safe_wait_set
[64.966s] -- Symlinking: /home/lasantha/ros2_ws/install/examples_rclcpp_wait_set/lib/examples_rclcpp_wait_set/wait_set_topics_and_timer
[64.976s] -- Symlinking: /home/lasantha/ros2_ws/install/examples_rclcpp_wait_set/lib/examples_rclcpp_wait_set/wait_set_random_order
[64.986s] -- Symlinking: /home/lasantha/ros2_ws/install/examples_rclcpp_wait_set/lib/examples_rclcpp_wait_set/executor_random_order
[64.995s] -- Symlinking: /home/lasantha/ros2_ws/install/examples_rclcpp_wait_set/lib/examples_rclcpp_wait_set/wait_set_topics_with_different_rates
[65.005s] -- Symlinking: /home/lasantha/ros2_ws/install/examples_rclcpp_wait_set/lib/examples_rclcpp_wait_set/wait_set_composed
[65.015s] -- Symlinking: /home/lasantha/ros2_ws/install/examples_rclcpp_wait_set/share/ament_index/resource_index/package_run_dependencies/examples_rclcpp_wait_set
[65.025s] -- Symlinking: /home/lasantha/ros2_ws/install/examples_rclcpp_wait_set/share/ament_index/resource_index/parent_prefix_path/examples_rclcpp_wait_set
[65.035s] -- Symlinking: /home/lasantha/ros2_ws/install/examples_rclcpp_wait_set/share/examples_rclcpp_wait_set/environment/ament_prefix_path.sh
[65.045s] -- Symlinking: /home/lasantha/ros2_ws/install/examples_rclcpp_wait_set/share/examples_rclcpp_wait_set/environment/ament_prefix_path.dsv
[65.056s] -- Symlinking: /home/lasantha/ros2_ws/install/examples_rclcpp_wait_set/share/examples_rclcpp_wait_set/environment/path.sh
[65.067s] -- Symlinking: /home/lasantha/ros2_ws/install/examples_rclcpp_wait_set/share/examples_rclcpp_wait_set/environment/path.dsv
[65.077s] -- Symlinking: /home/lasantha/ros2_ws/install/examples_rclcpp_wait_set/share/examples_rclcpp_wait_set/local_setup.bash
[65.087s] -- Symlinking: /home/lasantha/ros2_ws/install/examples_rclcpp_wait_set/share/examples_rclcpp_wait_set/local_setup.sh
[65.097s] -- Symlinking: /home/lasantha/ros2_ws/install/examples_rclcpp_wait_set/share/examples_rclcpp_wait_set/local_setup.zsh
[65.106s] -- Symlinking: /home/lasantha/ros2_ws/install/examples_rclcpp_wait_set/share/examples_rclcpp_wait_set/local_setup.dsv
[65.116s] -- Symlinking: /home/lasantha/ros2_ws/install/examples_rclcpp_wait_set/share/examples_rclcpp_wait_set/package.dsv
[65.127s] -- Symlinking: /home/lasantha/ros2_ws/install/examples_rclcpp_wait_set/share/ament_index/resource_index/packages/examples_rclcpp_wait_set
[65.138s] -- Symlinking: /home/lasantha/ros2_ws/install/examples_rclcpp_wait_set/share/ament_index/resource_index/rclcpp_components/examples_rclcpp_wait_set
[65.148s] -- Symlinking: /home/lasantha/ros2_ws/install/examples_rclcpp_wait_set/share/examples_rclcpp_wait_set/cmake/examples_rclcpp_wait_setConfig.cmake
[65.157s] -- Symlinking: /home/lasantha/ros2_ws/install/examples_rclcpp_wait_set/share/examples_rclcpp_wait_set/cmake/examples_rclcpp_wait_setConfig-version.cmake
[65.167s] -- Symlinking: /home/lasantha/ros2_ws/install/examples_rclcpp_wait_set/share/examples_rclcpp_wait_set/package.xml
[65.179s] Invoked command in '/home/lasantha/ros2_ws/build/examples_rclcpp_wait_set' returned '0': CMAKE_PREFIX_PATH=/opt/ros/iron /usr/bin/cmake --install /home/lasantha/ros2_ws/build/examples_rclcpp_wait_set
