[0.018s] Invoking command in '/home/lasantha/ros2_ws/build/examples_rclcpp_minimal_client': CMAKE_PREFIX_PATH=${CMAKE_PREFIX_PATH}:/home/lasantha/ros2_ws/install/py_2wbot_ctrl:/home/lasantha/ros2_ws/install/py_pubsub:/home/lasantha/ros2_ws/install/launch_testing_examples:/home/lasantha/ros2_ws/install/examples_rclpy_pointcloud_publisher:/home/lasantha/ros2_ws/install/examples_rclpy_minimal_subscriber:/home/lasantha/ros2_ws/install/examples_rclpy_minimal_service:/home/lasantha/ros2_ws/install/examples_rclpy_minimal_publisher:/home/lasantha/ros2_ws/install/examples_rclpy_minimal_client:/home/lasantha/ros2_ws/install/examples_rclpy_minimal_action_server:/home/lasantha/ros2_ws/install/examples_rclpy_minimal_action_client:/home/lasantha/ros2_ws/install/examples_rclpy_guard_conditions:/home/lasantha/ros2_ws/install/examples_rclpy_executors:/opt/ros/iron /usr/bin/cmake --build /home/lasantha/ros2_ws/build/examples_rclcpp_minimal_client -- -j8 -l8
[0.110s] [100%] Built target client_main
[0.126s] Invoked command in '/home/lasantha/ros2_ws/build/examples_rclcpp_minimal_client' returned '0': CMAKE_PREFIX_PATH=${CMAKE_PREFIX_PATH}:/home/lasantha/ros2_ws/install/py_2wbot_ctrl:/home/lasantha/ros2_ws/install/py_pubsub:/home/lasantha/ros2_ws/install/launch_testing_examples:/home/lasantha/ros2_ws/install/examples_rclpy_pointcloud_publisher:/home/lasantha/ros2_ws/install/examples_rclpy_minimal_subscriber:/home/lasantha/ros2_ws/install/examples_rclpy_minimal_service:/home/lasantha/ros2_ws/install/examples_rclpy_minimal_publisher:/home/lasantha/ros2_ws/install/examples_rclpy_minimal_client:/home/lasantha/ros2_ws/install/examples_rclpy_minimal_action_server:/home/lasantha/ros2_ws/install/examples_rclpy_minimal_action_client:/home/lasantha/ros2_ws/install/examples_rclpy_guard_conditions:/home/lasantha/ros2_ws/install/examples_rclpy_executors:/opt/ros/iron /usr/bin/cmake --build /home/lasantha/ros2_ws/build/examples_rclcpp_minimal_client -- -j8 -l8
[0.176s] Invoking command in '/home/lasantha/ros2_ws/build/examples_rclcpp_minimal_client': CMAKE_PREFIX_PATH=${CMAKE_PREFIX_PATH}:/home/lasantha/ros2_ws/install/py_2wbot_ctrl:/home/lasantha/ros2_ws/install/py_pubsub:/home/lasantha/ros2_ws/install/launch_testing_examples:/home/lasantha/ros2_ws/install/examples_rclpy_pointcloud_publisher:/home/lasantha/ros2_ws/install/examples_rclpy_minimal_subscriber:/home/lasantha/ros2_ws/install/examples_rclpy_minimal_service:/home/lasantha/ros2_ws/install/examples_rclpy_minimal_publisher:/home/lasantha/ros2_ws/install/examples_rclpy_minimal_client:/home/lasantha/ros2_ws/install/examples_rclpy_minimal_action_server:/home/lasantha/ros2_ws/install/examples_rclpy_minimal_action_client:/home/lasantha/ros2_ws/install/examples_rclpy_guard_conditions:/home/lasantha/ros2_ws/install/examples_rclpy_executors:/opt/ros/iron /usr/bin/cmake --install /home/lasantha/ros2_ws/build/examples_rclcpp_minimal_client
[0.189s] -- Install configuration: ""
[0.189s] -- Execute custom install script
[0.190s] -- Up-to-date symlink: /home/lasantha/ros2_ws/install/examples_rclcpp_minimal_client/lib/examples_rclcpp_minimal_client/client_main
[0.190s] -- Up-to-date symlink: /home/lasantha/ros2_ws/install/examples_rclcpp_minimal_client/share/ament_index/resource_index/package_run_dependencies/examples_rclcpp_minimal_client
[0.191s] -- Up-to-date symlink: /home/lasantha/ros2_ws/install/examples_rclcpp_minimal_client/share/ament_index/resource_index/parent_prefix_path/examples_rclcpp_minimal_client
[0.192s] -- Up-to-date symlink: /home/lasantha/ros2_ws/install/examples_rclcpp_minimal_client/share/examples_rclcpp_minimal_client/environment/ament_prefix_path.sh
[0.192s] -- Up-to-date symlink: /home/lasantha/ros2_ws/install/examples_rclcpp_minimal_client/share/examples_rclcpp_minimal_client/environment/ament_prefix_path.dsv
[0.192s] -- Up-to-date symlink: /home/lasantha/ros2_ws/install/examples_rclcpp_minimal_client/share/examples_rclcpp_minimal_client/environment/path.sh
[0.192s] -- Up-to-date symlink: /home/lasantha/ros2_ws/install/examples_rclcpp_minimal_client/share/examples_rclcpp_minimal_client/environment/path.dsv
[0.192s] -- Up-to-date symlink: /home/lasantha/ros2_ws/install/examples_rclcpp_minimal_client/share/examples_rclcpp_minimal_client/local_setup.bash
[0.193s] -- Up-to-date symlink: /home/lasantha/ros2_ws/install/examples_rclcpp_minimal_client/share/examples_rclcpp_minimal_client/local_setup.sh
[0.193s] -- Up-to-date symlink: /home/lasantha/ros2_ws/install/examples_rclcpp_minimal_client/share/examples_rclcpp_minimal_client/local_setup.zsh
[0.193s] -- Up-to-date symlink: /home/lasantha/ros2_ws/install/examples_rclcpp_minimal_client/share/examples_rclcpp_minimal_client/local_setup.dsv
[0.193s] -- Symlinking: /home/lasantha/ros2_ws/install/examples_rclcpp_minimal_client/share/examples_rclcpp_minimal_client/package.dsv
[0.206s] -- Up-to-date symlink: /home/lasantha/ros2_ws/install/examples_rclcpp_minimal_client/share/ament_index/resource_index/packages/examples_rclcpp_minimal_client
[0.207s] -- Up-to-date symlink: /home/lasantha/ros2_ws/install/examples_rclcpp_minimal_client/share/examples_rclcpp_minimal_client/cmake/examples_rclcpp_minimal_clientConfig.cmake
[0.207s] -- Up-to-date symlink: /home/lasantha/ros2_ws/install/examples_rclcpp_minimal_client/share/examples_rclcpp_minimal_client/cmake/examples_rclcpp_minimal_clientConfig-version.cmake
[0.208s] -- Up-to-date symlink: /home/lasantha/ros2_ws/install/examples_rclcpp_minimal_client/share/examples_rclcpp_minimal_client/package.xml
[0.212s] Invoked command in '/home/lasantha/ros2_ws/build/examples_rclcpp_minimal_client' returned '0': CMAKE_PREFIX_PATH=${CMAKE_PREFIX_PATH}:/home/lasantha/ros2_ws/install/py_2wbot_ctrl:/home/lasantha/ros2_ws/install/py_pubsub:/home/lasantha/ros2_ws/install/launch_testing_examples:/home/lasantha/ros2_ws/install/examples_rclpy_pointcloud_publisher:/home/lasantha/ros2_ws/install/examples_rclpy_minimal_subscriber:/home/lasantha/ros2_ws/install/examples_rclpy_minimal_service:/home/lasantha/ros2_ws/install/examples_rclpy_minimal_publisher:/home/lasantha/ros2_ws/install/examples_rclpy_minimal_client:/home/lasantha/ros2_ws/install/examples_rclpy_minimal_action_server:/home/lasantha/ros2_ws/install/examples_rclpy_minimal_action_client:/home/lasantha/ros2_ws/install/examples_rclpy_guard_conditions:/home/lasantha/ros2_ws/install/examples_rclpy_executors:/opt/ros/iron /usr/bin/cmake --install /home/lasantha/ros2_ws/build/examples_rclcpp_minimal_client
