[0.574s] Invoking command in '/home/lasantha/ros2_ws/src/py_srvcli': PYTHONPATH=/home/lasantha/ros2_ws/build/py_srvcli/prefix_override:/home/lasantha/ros2_ws/install/py_srvcli/lib/python3.10/site-packages:${PYTHONPATH} /usr/bin/python3 -W ignore:setup.py install is deprecated setup.py egg_info --egg-base ../../build/py_srvcli build --build-base /home/lasantha/ros2_ws/build/py_srvcli/build install --record /home/lasantha/ros2_ws/build/py_srvcli/install.log --single-version-externally-managed install_data
[0.799s] running egg_info
[0.800s] writing ../../build/py_srvcli/py_srvcli.egg-info/PKG-INFO
[0.800s] writing dependency_links to ../../build/py_srvcli/py_srvcli.egg-info/dependency_links.txt
[0.800s] writing entry points to ../../build/py_srvcli/py_srvcli.egg-info/entry_points.txt
[0.800s] writing requirements to ../../build/py_srvcli/py_srvcli.egg-info/requires.txt
[0.800s] writing top-level names to ../../build/py_srvcli/py_srvcli.egg-info/top_level.txt
[0.801s] reading manifest file '../../build/py_srvcli/py_srvcli.egg-info/SOURCES.txt'
[0.802s] writing manifest file '../../build/py_srvcli/py_srvcli.egg-info/SOURCES.txt'
[0.802s] running build
[0.802s] running build_py
[0.802s] running install
[0.802s] running install_lib
[0.803s] running install_data
[0.803s] running install_egg_info
[0.805s] removing '/home/lasantha/ros2_ws/install/py_srvcli/lib/python3.10/site-packages/py_srvcli-0.0.0-py3.10.egg-info' (and everything under it)
[0.805s] Copying ../../build/py_srvcli/py_srvcli.egg-info to /home/lasantha/ros2_ws/install/py_srvcli/lib/python3.10/site-packages/py_srvcli-0.0.0-py3.10.egg-info
[0.806s] running install_scripts
[0.822s] writing list of installed files to '/home/lasantha/ros2_ws/build/py_srvcli/install.log'
[0.843s] Invoked command in '/home/lasantha/ros2_ws/src/py_srvcli' returned '0': PYTHONPATH=/home/lasantha/ros2_ws/build/py_srvcli/prefix_override:/home/lasantha/ros2_ws/install/py_srvcli/lib/python3.10/site-packages:${PYTHONPATH} /usr/bin/python3 -W ignore:setup.py install is deprecated setup.py egg_info --egg-base ../../build/py_srvcli build --build-base /home/lasantha/ros2_ws/build/py_srvcli/build install --record /home/lasantha/ros2_ws/build/py_srvcli/install.log --single-version-externally-managed install_data
