[1.091s] Invoking command in '/home/lasantha/ros2_ws/build/examples_rclpy_minimal_action_client': PYTHONPATH=/home/lasantha/ros2_ws/build/examples_rclpy_minimal_action_client/prefix_override:/home/lasantha/ros2_ws/install/examples_rclpy_minimal_action_client/lib/python3.10/site-packages:${PYTHONPATH} /usr/bin/python3 -W ignore:setup.py install is deprecated setup.py develop --uninstall --editable --build-directory /home/lasantha/ros2_ws/build/examples_rclpy_minimal_action_client/build
[1.446s] running develop
[1.447s] /usr/lib/python3/dist-packages/setuptools/command/easy_install.py:158: EasyInstallDeprecationWarning: easy_install command is deprecated. Use build and pip and other standards-based tools.
[1.447s]   warnings.warn(
[1.631s] Removing /home/lasantha/ros2_ws/install/examples_rclpy_minimal_action_client/lib/python3.10/site-packages/examples-rclpy-minimal-action-client.egg-link (link to .)
[1.945s] Invoked command in '/home/lasantha/ros2_ws/build/examples_rclpy_minimal_action_client' returned '0': PYTHONPATH=/home/lasantha/ros2_ws/build/examples_rclpy_minimal_action_client/prefix_override:/home/lasantha/ros2_ws/install/examples_rclpy_minimal_action_client/lib/python3.10/site-packages:${PYTHONPATH} /usr/bin/python3 -W ignore:setup.py install is deprecated setup.py develop --uninstall --editable --build-directory /home/lasantha/ros2_ws/build/examples_rclpy_minimal_action_client/build
[1.945s] Invoking command in '/home/lasantha/ros2_ws/src/examples/rclpy/actions/minimal_action_client': PYTHONPATH=/home/lasantha/ros2_ws/build/examples_rclpy_minimal_action_client/prefix_override:/home/lasantha/ros2_ws/install/examples_rclpy_minimal_action_client/lib/python3.10/site-packages:${PYTHONPATH} /usr/bin/python3 -W ignore:setup.py install is deprecated setup.py egg_info --egg-base ../../../../../build/examples_rclpy_minimal_action_client build --build-base /home/lasantha/ros2_ws/build/examples_rclpy_minimal_action_client/build install --record /home/lasantha/ros2_ws/build/examples_rclpy_minimal_action_client/install.log --single-version-externally-managed install_data --force
[2.268s] running egg_info
[2.269s] writing ../../../../../build/examples_rclpy_minimal_action_client/examples_rclpy_minimal_action_client.egg-info/PKG-INFO
[2.269s] writing dependency_links to ../../../../../build/examples_rclpy_minimal_action_client/examples_rclpy_minimal_action_client.egg-info/dependency_links.txt
[2.270s] writing entry points to ../../../../../build/examples_rclpy_minimal_action_client/examples_rclpy_minimal_action_client.egg-info/entry_points.txt
[2.270s] writing requirements to ../../../../../build/examples_rclpy_minimal_action_client/examples_rclpy_minimal_action_client.egg-info/requires.txt
[2.270s] writing top-level names to ../../../../../build/examples_rclpy_minimal_action_client/examples_rclpy_minimal_action_client.egg-info/top_level.txt
[2.272s] reading manifest file '../../../../../build/examples_rclpy_minimal_action_client/examples_rclpy_minimal_action_client.egg-info/SOURCES.txt'
[2.273s] writing manifest file '../../../../../build/examples_rclpy_minimal_action_client/examples_rclpy_minimal_action_client.egg-info/SOURCES.txt'
[2.273s] running build
[2.273s] running build_py
[2.273s] creating /home/lasantha/ros2_ws/build/examples_rclpy_minimal_action_client/build
[2.273s] creating /home/lasantha/ros2_ws/build/examples_rclpy_minimal_action_client/build/lib
[2.273s] creating /home/lasantha/ros2_ws/build/examples_rclpy_minimal_action_client/build/lib/examples_rclpy_minimal_action_client
[2.274s] copying examples_rclpy_minimal_action_client/client_asyncio.py -> /home/lasantha/ros2_ws/build/examples_rclpy_minimal_action_client/build/lib/examples_rclpy_minimal_action_client
[2.274s] copying examples_rclpy_minimal_action_client/__init__.py -> /home/lasantha/ros2_ws/build/examples_rclpy_minimal_action_client/build/lib/examples_rclpy_minimal_action_client
[2.274s] copying examples_rclpy_minimal_action_client/client.py -> /home/lasantha/ros2_ws/build/examples_rclpy_minimal_action_client/build/lib/examples_rclpy_minimal_action_client
[2.274s] copying examples_rclpy_minimal_action_client/client_cancel.py -> /home/lasantha/ros2_ws/build/examples_rclpy_minimal_action_client/build/lib/examples_rclpy_minimal_action_client
[2.274s] copying examples_rclpy_minimal_action_client/client_not_composable.py -> /home/lasantha/ros2_ws/build/examples_rclpy_minimal_action_client/build/lib/examples_rclpy_minimal_action_client
[2.274s] running install
[2.274s] running install_lib
[2.275s] creating /home/lasantha/ros2_ws/install/examples_rclpy_minimal_action_client/lib/python3.10/site-packages/examples_rclpy_minimal_action_client
[2.275s] copying /home/lasantha/ros2_ws/build/examples_rclpy_minimal_action_client/build/lib/examples_rclpy_minimal_action_client/client_asyncio.py -> /home/lasantha/ros2_ws/install/examples_rclpy_minimal_action_client/lib/python3.10/site-packages/examples_rclpy_minimal_action_client
[2.275s] copying /home/lasantha/ros2_ws/build/examples_rclpy_minimal_action_client/build/lib/examples_rclpy_minimal_action_client/__init__.py -> /home/lasantha/ros2_ws/install/examples_rclpy_minimal_action_client/lib/python3.10/site-packages/examples_rclpy_minimal_action_client
[2.276s] copying /home/lasantha/ros2_ws/build/examples_rclpy_minimal_action_client/build/lib/examples_rclpy_minimal_action_client/client.py -> /home/lasantha/ros2_ws/install/examples_rclpy_minimal_action_client/lib/python3.10/site-packages/examples_rclpy_minimal_action_client
[2.276s] copying /home/lasantha/ros2_ws/build/examples_rclpy_minimal_action_client/build/lib/examples_rclpy_minimal_action_client/client_cancel.py -> /home/lasantha/ros2_ws/install/examples_rclpy_minimal_action_client/lib/python3.10/site-packages/examples_rclpy_minimal_action_client
[2.276s] copying /home/lasantha/ros2_ws/build/examples_rclpy_minimal_action_client/build/lib/examples_rclpy_minimal_action_client/client_not_composable.py -> /home/lasantha/ros2_ws/install/examples_rclpy_minimal_action_client/lib/python3.10/site-packages/examples_rclpy_minimal_action_client
[2.276s] byte-compiling /home/lasantha/ros2_ws/install/examples_rclpy_minimal_action_client/lib/python3.10/site-packages/examples_rclpy_minimal_action_client/client_asyncio.py to client_asyncio.cpython-310.pyc
[2.277s] byte-compiling /home/lasantha/ros2_ws/install/examples_rclpy_minimal_action_client/lib/python3.10/site-packages/examples_rclpy_minimal_action_client/__init__.py to __init__.cpython-310.pyc
[2.277s] byte-compiling /home/lasantha/ros2_ws/install/examples_rclpy_minimal_action_client/lib/python3.10/site-packages/examples_rclpy_minimal_action_client/client.py to client.cpython-310.pyc
[2.278s] byte-compiling /home/lasantha/ros2_ws/install/examples_rclpy_minimal_action_client/lib/python3.10/site-packages/examples_rclpy_minimal_action_client/client_cancel.py to client_cancel.cpython-310.pyc
[2.279s] byte-compiling /home/lasantha/ros2_ws/install/examples_rclpy_minimal_action_client/lib/python3.10/site-packages/examples_rclpy_minimal_action_client/client_not_composable.py to client_not_composable.cpython-310.pyc
[2.279s] running install_data
[2.279s] copying resource/examples_rclpy_minimal_action_client -> /home/lasantha/ros2_ws/install/examples_rclpy_minimal_action_client/share/ament_index/resource_index/packages
[2.280s] copying package.xml -> /home/lasantha/ros2_ws/install/examples_rclpy_minimal_action_client/share/examples_rclpy_minimal_action_client
[2.280s] running install_egg_info
[2.282s] Copying ../../../../../build/examples_rclpy_minimal_action_client/examples_rclpy_minimal_action_client.egg-info to /home/lasantha/ros2_ws/install/examples_rclpy_minimal_action_client/lib/python3.10/site-packages/examples_rclpy_minimal_action_client-0.18.0-py3.10.egg-info
[2.285s] running install_scripts
[2.314s] Installing client script to /home/lasantha/ros2_ws/install/examples_rclpy_minimal_action_client/lib/examples_rclpy_minimal_action_client
[2.314s] Installing client_asyncio script to /home/lasantha/ros2_ws/install/examples_rclpy_minimal_action_client/lib/examples_rclpy_minimal_action_client
[2.314s] Installing client_cancel script to /home/lasantha/ros2_ws/install/examples_rclpy_minimal_action_client/lib/examples_rclpy_minimal_action_client
[2.314s] Installing client_not_composable script to /home/lasantha/ros2_ws/install/examples_rclpy_minimal_action_client/lib/examples_rclpy_minimal_action_client
[2.315s] writing list of installed files to '/home/lasantha/ros2_ws/build/examples_rclpy_minimal_action_client/install.log'
[2.581s] Invoked command in '/home/lasantha/ros2_ws/src/examples/rclpy/actions/minimal_action_client' returned '0': PYTHONPATH=/home/lasantha/ros2_ws/build/examples_rclpy_minimal_action_client/prefix_override:/home/lasantha/ros2_ws/install/examples_rclpy_minimal_action_client/lib/python3.10/site-packages:${PYTHONPATH} /usr/bin/python3 -W ignore:setup.py install is deprecated setup.py egg_info --egg-base ../../../../../build/examples_rclpy_minimal_action_client build --build-base /home/lasantha/ros2_ws/build/examples_rclpy_minimal_action_client/build install --record /home/lasantha/ros2_ws/build/examples_rclpy_minimal_action_client/install.log --single-version-externally-managed install_data --force
