[1.550s] Invoking command in '/home/lasantha/ros2_ws/build/examples_rclpy_minimal_service': PYTHONPATH=/home/lasantha/ros2_ws/build/examples_rclpy_minimal_service/prefix_override:/home/lasantha/ros2_ws/install/examples_rclpy_minimal_service/lib/python3.10/site-packages:${PYTHONPATH} /usr/bin/python3 -W ignore:setup.py install is deprecated setup.py develop --editable --build-directory /home/lasantha/ros2_ws/build/examples_rclpy_minimal_service/build --no-deps symlink_data
[2.250s] running develop
[2.251s] /usr/lib/python3/dist-packages/setuptools/command/easy_install.py:158: EasyInstallDeprecationWarning: easy_install command is deprecated. Use build and pip and other standards-based tools.
[2.251s]   warnings.warn(
[2.718s] running egg_info
[2.719s] creating examples_rclpy_minimal_service.egg-info
[2.719s] writing examples_rclpy_minimal_service.egg-info/PKG-INFO
[2.719s] writing dependency_links to examples_rclpy_minimal_service.egg-info/dependency_links.txt
[2.720s] writing entry points to examples_rclpy_minimal_service.egg-info/entry_points.txt
[2.720s] writing requirements to examples_rclpy_minimal_service.egg-info/requires.txt
[2.720s] writing top-level names to examples_rclpy_minimal_service.egg-info/top_level.txt
[2.720s] writing manifest file 'examples_rclpy_minimal_service.egg-info/SOURCES.txt'
[2.725s] reading manifest file 'examples_rclpy_minimal_service.egg-info/SOURCES.txt'
[2.727s] writing manifest file 'examples_rclpy_minimal_service.egg-info/SOURCES.txt'
[2.730s] running build_ext
[2.730s] Creating /home/lasantha/ros2_ws/install/examples_rclpy_minimal_service/lib/python3.10/site-packages/examples-rclpy-minimal-service.egg-link (link to .)
[2.732s] Installing service script to /home/lasantha/ros2_ws/install/examples_rclpy_minimal_service/lib/examples_rclpy_minimal_service
[2.733s] Installing service_member_function script to /home/lasantha/ros2_ws/install/examples_rclpy_minimal_service/lib/examples_rclpy_minimal_service
[2.733s] 
[2.733s] Installed /home/lasantha/ros2_ws/build/examples_rclpy_minimal_service
[2.733s] running symlink_data
[2.733s] creating /home/lasantha/ros2_ws/install/examples_rclpy_minimal_service/share/ament_index
[2.733s] creating /home/lasantha/ros2_ws/install/examples_rclpy_minimal_service/share/ament_index/resource_index
[2.734s] creating /home/lasantha/ros2_ws/install/examples_rclpy_minimal_service/share/ament_index/resource_index/packages
[2.734s] symbolically linking /home/lasantha/ros2_ws/build/examples_rclpy_minimal_service/resource/examples_rclpy_minimal_service -> /home/lasantha/ros2_ws/install/examples_rclpy_minimal_service/share/ament_index/resource_index/packages
[2.734s] symbolically linking /home/lasantha/ros2_ws/build/examples_rclpy_minimal_service/package.xml -> /home/lasantha/ros2_ws/install/examples_rclpy_minimal_service/share/examples_rclpy_minimal_service
[2.799s] Invoked command in '/home/lasantha/ros2_ws/build/examples_rclpy_minimal_service' returned '0': PYTHONPATH=/home/lasantha/ros2_ws/build/examples_rclpy_minimal_service/prefix_override:/home/lasantha/ros2_ws/install/examples_rclpy_minimal_service/lib/python3.10/site-packages:${PYTHONPATH} /usr/bin/python3 -W ignore:setup.py install is deprecated setup.py develop --editable --build-directory /home/lasantha/ros2_ws/build/examples_rclpy_minimal_service/build --no-deps symlink_data
