[0.012s] Invoking command in '/home/lasantha/ros2_ws/build/more_interfaces': CMAKE_PREFIX_PATH=${CMAKE_PREFIX_PATH}:/home/lasantha/ros2_ws/install/py_srvcli:/home/lasantha/ros2_ws/install/py_test_custom:/home/lasantha/ros2_ws/install/py_pubsub:/home/lasantha/ros2_ws/install/py_custom_state_msg:/home/lasantha/ros2_ws/install/py_2wbot_ctrl:/home/lasantha/ros2_ws/install/launch_testing_examples:/home/lasantha/ros2_ws/install/examples_rclpy_pointcloud_publisher:/home/lasantha/ros2_ws/install/examples_rclpy_minimal_subscriber:/home/lasantha/ros2_ws/install/examples_rclpy_minimal_service:/home/lasantha/ros2_ws/install/examples_rclpy_minimal_publisher:/home/lasantha/ros2_ws/install/examples_rclpy_minimal_client:/home/lasantha/ros2_ws/install/examples_rclpy_minimal_action_server:/home/lasantha/ros2_ws/install/examples_rclpy_minimal_action_client:/home/lasantha/ros2_ws/install/examples_rclpy_guard_conditions:/home/lasantha/ros2_ws/install/examples_rclpy_executors:/opt/ros/iron /usr/bin/cmake --build /home/lasantha/ros2_ws/build/more_interfaces -- -j8 -l8
[0.049s] -- Found ament_cmake: 2.0.4 (/opt/ros/iron/share/ament_cmake/cmake)
[0.202s] -- Found rosidl_default_generators: 1.5.0 (/opt/ros/iron/share/rosidl_default_generators/cmake)
[0.207s] -- Using all available rosidl_typesupport_c: rosidl_typesupport_fastrtps_c;rosidl_typesupport_introspection_c
[0.240s] -- Using all available rosidl_typesupport_cpp: rosidl_typesupport_fastrtps_cpp;rosidl_typesupport_introspection_cpp
[0.264s] -- Found rosidl_adapter: 4.0.1 (/opt/ros/iron/share/rosidl_adapter/cmake)
[0.636s] -- Found ament_cmake_ros: 0.11.2 (/opt/ros/iron/share/ament_cmake_ros/cmake)
[0.831s] -- Using all available rosidl_typesupport_c: rosidl_typesupport_fastrtps_c;rosidl_typesupport_introspection_c
[1.084s] -- Using all available rosidl_typesupport_cpp: rosidl_typesupport_fastrtps_cpp;rosidl_typesupport_introspection_cpp
[1.110s] -- Found python_cmake_module: 0.10.2 (/opt/ros/iron/share/python_cmake_module/cmake)
[1.136s] -- Using PYTHON_EXECUTABLE: /usr/bin/python3
[1.136s] -- Using PYTHON_INCLUDE_DIRS: /usr/include/python3.10
[1.136s] -- Using PYTHON_LIBRARIES: /usr/lib/x86_64-linux-gnu/libpython3.10.so
[1.158s] -- Found ament_lint_auto: 0.14.3 (/opt/ros/iron/share/ament_lint_auto/cmake)
[1.168s] -- Added test 'lint_cmake' to check CMake code style
[1.169s] -- Added test 'xmllint' to check XML markup files
[1.171s] -- Configuring done
[1.197s] -- Generating done
[1.199s] -- Build files have been written to: /home/lasantha/ros2_ws/build/more_interfaces
[1.230s] [  2%] [34m[1mGenerating type hashes for ROS interfaces[0m
[1.239s] [  2%] Built target ament_cmake_python_copy_more_interfaces
[1.418s] [  2%] Built target more_interfaces__rosidl_generator_type_description
[1.427s] [  4%] [34m[1mGenerating C code for ROS interfaces[0m
[1.437s] [  6%] [34m[1mGenerating C++ code for ROS interfaces[0m
[1.486s] running egg_info
[1.487s] writing more_interfaces.egg-info/PKG-INFO
[1.487s] writing dependency_links to more_interfaces.egg-info/dependency_links.txt
[1.488s] writing top-level names to more_interfaces.egg-info/top_level.txt
[1.490s] reading manifest file 'more_interfaces.egg-info/SOURCES.txt'
[1.490s] writing manifest file 'more_interfaces.egg-info/SOURCES.txt'
[1.516s] [  6%] Built target ament_cmake_python_build_more_interfaces_egg
[1.730s] [  6%] Built target more_interfaces__cpp
[1.772s] [35m[1mConsolidate compiler generated dependencies of target more_interfaces__rosidl_generator_c[0m
[1.786s] [ 15%] [32mBuilding C object CMakeFiles/more_interfaces__rosidl_generator_c.dir/rosidl_generator_c/more_interfaces/msg/detail/custom_state__description.c.o[0m
[1.786s] [ 15%] [32mBuilding C object CMakeFiles/more_interfaces__rosidl_generator_c.dir/rosidl_generator_c/more_interfaces/msg/detail/custom_state__functions.c.o[0m
[1.786s] [ 15%] [32mBuilding C object CMakeFiles/more_interfaces__rosidl_generator_c.dir/rosidl_generator_c/more_interfaces/srv/detail/pilco_twist__functions.c.o[0m
[1.786s] [ 18%] [32mBuilding C object CMakeFiles/more_interfaces__rosidl_generator_c.dir/rosidl_generator_c/more_interfaces/msg/detail/custom_state__type_support.c.o[0m
[1.786s] [ 18%] [32mBuilding C object CMakeFiles/more_interfaces__rosidl_generator_c.dir/rosidl_generator_c/more_interfaces/srv/detail/pilco_twist__description.c.o[0m
[1.788s] [ 20%] [32mBuilding C object CMakeFiles/more_interfaces__rosidl_generator_c.dir/rosidl_generator_c/more_interfaces/srv/detail/pilco_twist__type_support.c.o[0m
[1.889s] [ 22%] [32m[1mLinking C shared library libmore_interfaces__rosidl_generator_c.so[0m
[1.931s] [ 22%] Built target more_interfaces__rosidl_generator_c
[1.942s] [ 27%] [34m[1mGenerating C++ type support for eProsima Fast-RTPS[0m
[1.942s] [ 27%] [34m[1mGenerating C++ introspection for ROS interfaces[0m
[1.942s] [ 29%] [34m[1mGenerating C++ type support dispatch for ROS interfaces[0m
[1.943s] [ 31%] [34m[1mGenerating C introspection for ROS interfaces[0m
[1.943s] [ 34%] [34m[1mGenerating C type support for eProsima Fast-RTPS[0m
[1.943s] [ 36%] [34m[1mGenerating C type support dispatch for ROS interfaces[0m
[2.203s] [35m[1mConsolidate compiler generated dependencies of target more_interfaces__rosidl_typesupport_c[0m
[2.218s] [ 38%] [32mBuilding CXX object CMakeFiles/more_interfaces__rosidl_typesupport_c.dir/rosidl_typesupport_c/more_interfaces/msg/custom_state__type_support.cpp.o[0m
[2.218s] [ 40%] [32mBuilding CXX object CMakeFiles/more_interfaces__rosidl_typesupport_c.dir/rosidl_typesupport_c/more_interfaces/srv/pilco_twist__type_support.cpp.o[0m
[2.287s] [35m[1mConsolidate compiler generated dependencies of target more_interfaces__rosidl_typesupport_introspection_c[0m
[2.301s] [ 45%] [32mBuilding C object CMakeFiles/more_interfaces__rosidl_typesupport_introspection_c.dir/rosidl_typesupport_introspection_c/more_interfaces/srv/detail/pilco_twist__type_support.c.o[0m
[2.302s] [ 45%] [32mBuilding C object CMakeFiles/more_interfaces__rosidl_typesupport_introspection_c.dir/rosidl_typesupport_introspection_c/more_interfaces/msg/detail/custom_state__type_support.c.o[0m
[2.308s] [35m[1mConsolidate compiler generated dependencies of target more_interfaces__rosidl_typesupport_cpp[0m
[2.330s] [ 47%] [32mBuilding CXX object CMakeFiles/more_interfaces__rosidl_typesupport_cpp.dir/rosidl_typesupport_cpp/more_interfaces/msg/custom_state__type_support.cpp.o[0m
[2.352s] [ 50%] [32mBuilding CXX object CMakeFiles/more_interfaces__rosidl_typesupport_cpp.dir/rosidl_typesupport_cpp/more_interfaces/srv/pilco_twist__type_support.cpp.o[0m
[2.352s] [ 52%] [32m[1mLinking CXX shared library libmore_interfaces__rosidl_typesupport_c.so[0m
[2.363s] [35m[1mConsolidate compiler generated dependencies of target more_interfaces__rosidl_typesupport_introspection_cpp[0m
[2.373s] [ 54%] [32m[1mLinking C shared library libmore_interfaces__rosidl_typesupport_introspection_c.so[0m
[2.376s] [35m[1mConsolidate compiler generated dependencies of target more_interfaces__rosidl_typesupport_fastrtps_cpp[0m
[2.378s] [ 56%] [32mBuilding CXX object CMakeFiles/more_interfaces__rosidl_typesupport_introspection_cpp.dir/rosidl_typesupport_introspection_cpp/more_interfaces/msg/detail/custom_state__type_support.cpp.o[0m
[2.383s] [ 59%] [32mBuilding CXX object CMakeFiles/more_interfaces__rosidl_typesupport_introspection_cpp.dir/rosidl_typesupport_introspection_cpp/more_interfaces/srv/detail/pilco_twist__type_support.cpp.o[0m
[2.393s] [ 61%] [32mBuilding CXX object CMakeFiles/more_interfaces__rosidl_typesupport_fastrtps_cpp.dir/rosidl_typesupport_fastrtps_cpp/more_interfaces/msg/detail/dds_fastrtps/custom_state__type_support.cpp.o[0m
[2.410s] [ 61%] Built target more_interfaces__rosidl_typesupport_c
[2.417s] [35m[1mConsolidate compiler generated dependencies of target more_interfaces__rosidl_typesupport_fastrtps_c[0m
[2.418s] [ 61%] Built target more_interfaces__rosidl_typesupport_introspection_c
[2.422s] [ 63%] [32mBuilding CXX object CMakeFiles/more_interfaces__rosidl_typesupport_fastrtps_cpp.dir/rosidl_typesupport_fastrtps_cpp/more_interfaces/srv/detail/dds_fastrtps/pilco_twist__type_support.cpp.o[0m
[2.435s] [ 65%] [32mBuilding CXX object CMakeFiles/more_interfaces__rosidl_typesupport_fastrtps_c.dir/rosidl_typesupport_fastrtps_c/more_interfaces/msg/detail/custom_state__type_support_c.cpp.o[0m
[2.441s] [ 68%] [32mBuilding CXX object CMakeFiles/more_interfaces__rosidl_typesupport_fastrtps_c.dir/rosidl_typesupport_fastrtps_c/more_interfaces/srv/detail/pilco_twist__type_support_c.cpp.o[0m
[2.952s] [ 70%] [32m[1mLinking CXX shared library libmore_interfaces__rosidl_typesupport_cpp.so[0m
[2.957s] [ 72%] [32m[1mLinking CXX shared library libmore_interfaces__rosidl_typesupport_introspection_cpp.so[0m
[3.034s] [ 75%] [32m[1mLinking CXX shared library libmore_interfaces__rosidl_typesupport_fastrtps_c.so[0m
[3.035s] [ 75%] Built target more_interfaces__rosidl_typesupport_cpp
[3.050s] [ 75%] Built target more_interfaces__rosidl_typesupport_introspection_cpp
[3.100s] [ 75%] Built target more_interfaces__rosidl_typesupport_fastrtps_c
[3.168s] [ 77%] [32m[1mLinking CXX shared library libmore_interfaces__rosidl_typesupport_fastrtps_cpp.so[0m
[3.240s] [ 77%] Built target more_interfaces__rosidl_typesupport_fastrtps_cpp
[3.259s] [ 77%] Built target more_interfaces
[3.279s] [ 79%] [34m[1mGenerating Python code for ROS interfaces[0m
[3.678s] [ 79%] Built target more_interfaces__py
[3.688s] [35m[1mConsolidate compiler generated dependencies of target more_interfaces__rosidl_generator_py[0m
[3.700s] [ 81%] [32mBuilding C object CMakeFiles/more_interfaces__rosidl_generator_py.dir/rosidl_generator_py/more_interfaces/srv/_pilco_twist_s.c.o[0m
[3.701s] [ 84%] [32mBuilding C object CMakeFiles/more_interfaces__rosidl_generator_py.dir/rosidl_generator_py/more_interfaces/msg/_custom_state_s.c.o[0m
[3.815s] [ 86%] [32m[1mLinking C shared library rosidl_generator_py/more_interfaces/libmore_interfaces__rosidl_generator_py.so[0m
[3.849s] [ 86%] Built target more_interfaces__rosidl_generator_py
[3.859s] [35m[1mConsolidate compiler generated dependencies of target more_interfaces__rosidl_typesupport_c__pyext[0m
[3.859s] [35m[1mConsolidate compiler generated dependencies of target more_interfaces__rosidl_typesupport_introspection_c__pyext[0m
[3.859s] [35m[1mConsolidate compiler generated dependencies of target more_interfaces__rosidl_typesupport_fastrtps_c__pyext[0m
[3.871s] [ 93%] [32mBuilding C object CMakeFiles/more_interfaces__rosidl_typesupport_introspection_c__pyext.dir/rosidl_generator_py/more_interfaces/_more_interfaces_s.ep.rosidl_typesupport_introspection_c.c.o[0m
[3.871s] [ 93%] [32mBuilding C object CMakeFiles/more_interfaces__rosidl_typesupport_fastrtps_c__pyext.dir/rosidl_generator_py/more_interfaces/_more_interfaces_s.ep.rosidl_typesupport_fastrtps_c.c.o[0m
[3.871s] [ 93%] [32mBuilding C object CMakeFiles/more_interfaces__rosidl_typesupport_c__pyext.dir/rosidl_generator_py/more_interfaces/_more_interfaces_s.ep.rosidl_typesupport_c.c.o[0m
[3.964s] [ 95%] [32m[1mLinking C shared library rosidl_generator_py/more_interfaces/more_interfaces_s__rosidl_typesupport_introspection_c.cpython-310-x86_64-linux-gnu.so[0m
[3.964s] [100%] [32m[1mLinking C shared library rosidl_generator_py/more_interfaces/more_interfaces_s__rosidl_typesupport_c.cpython-310-x86_64-linux-gnu.so[0m
[3.964s] [100%] [32m[1mLinking C shared library rosidl_generator_py/more_interfaces/more_interfaces_s__rosidl_typesupport_fastrtps_c.cpython-310-x86_64-linux-gnu.so[0m
[3.997s] [100%] Built target more_interfaces__rosidl_typesupport_c__pyext
[4.003s] [100%] Built target more_interfaces__rosidl_typesupport_fastrtps_c__pyext
[4.003s] [100%] Built target more_interfaces__rosidl_typesupport_introspection_c__pyext
[4.013s] Invoked command in '/home/lasantha/ros2_ws/build/more_interfaces' returned '0': CMAKE_PREFIX_PATH=${CMAKE_PREFIX_PATH}:/home/lasantha/ros2_ws/install/py_srvcli:/home/lasantha/ros2_ws/install/py_test_custom:/home/lasantha/ros2_ws/install/py_pubsub:/home/lasantha/ros2_ws/install/py_custom_state_msg:/home/lasantha/ros2_ws/install/py_2wbot_ctrl:/home/lasantha/ros2_ws/install/launch_testing_examples:/home/lasantha/ros2_ws/install/examples_rclpy_pointcloud_publisher:/home/lasantha/ros2_ws/install/examples_rclpy_minimal_subscriber:/home/lasantha/ros2_ws/install/examples_rclpy_minimal_service:/home/lasantha/ros2_ws/install/examples_rclpy_minimal_publisher:/home/lasantha/ros2_ws/install/examples_rclpy_minimal_client:/home/lasantha/ros2_ws/install/examples_rclpy_minimal_action_server:/home/lasantha/ros2_ws/install/examples_rclpy_minimal_action_client:/home/lasantha/ros2_ws/install/examples_rclpy_guard_conditions:/home/lasantha/ros2_ws/install/examples_rclpy_executors:/opt/ros/iron /usr/bin/cmake --build /home/lasantha/ros2_ws/build/more_interfaces -- -j8 -l8
[4.105s] Invoking command in '/home/lasantha/ros2_ws/build/more_interfaces': CMAKE_PREFIX_PATH=${CMAKE_PREFIX_PATH}:/home/lasantha/ros2_ws/install/py_srvcli:/home/lasantha/ros2_ws/install/py_test_custom:/home/lasantha/ros2_ws/install/py_pubsub:/home/lasantha/ros2_ws/install/py_custom_state_msg:/home/lasantha/ros2_ws/install/py_2wbot_ctrl:/home/lasantha/ros2_ws/install/launch_testing_examples:/home/lasantha/ros2_ws/install/examples_rclpy_pointcloud_publisher:/home/lasantha/ros2_ws/install/examples_rclpy_minimal_subscriber:/home/lasantha/ros2_ws/install/examples_rclpy_minimal_service:/home/lasantha/ros2_ws/install/examples_rclpy_minimal_publisher:/home/lasantha/ros2_ws/install/examples_rclpy_minimal_client:/home/lasantha/ros2_ws/install/examples_rclpy_minimal_action_server:/home/lasantha/ros2_ws/install/examples_rclpy_minimal_action_client:/home/lasantha/ros2_ws/install/examples_rclpy_guard_conditions:/home/lasantha/ros2_ws/install/examples_rclpy_executors:/opt/ros/iron /usr/bin/cmake --install /home/lasantha/ros2_ws/build/more_interfaces
[4.113s] -- Install configuration: ""
[4.113s] -- Installing: /home/lasantha/ros2_ws/install/more_interfaces/share/ament_index/resource_index/rosidl_interfaces/more_interfaces
[4.113s] -- Installing: /home/lasantha/ros2_ws/install/more_interfaces/share/more_interfaces/msg/CustomState.json
[4.113s] -- Installing: /home/lasantha/ros2_ws/install/more_interfaces/share/more_interfaces/srv/PilcoTwist.json
[4.113s] -- Up-to-date: /home/lasantha/ros2_ws/install/more_interfaces/include/more_interfaces/more_interfaces
[4.113s] -- Up-to-date: /home/lasantha/ros2_ws/install/more_interfaces/include/more_interfaces/more_interfaces/msg
[4.113s] -- Up-to-date: /home/lasantha/ros2_ws/install/more_interfaces/include/more_interfaces/more_interfaces/msg/rosidl_generator_c__visibility_control.h
[4.113s] -- Installing: /home/lasantha/ros2_ws/install/more_interfaces/include/more_interfaces/more_interfaces/msg/custom_state.h
[4.113s] -- Up-to-date: /home/lasantha/ros2_ws/install/more_interfaces/include/more_interfaces/more_interfaces/msg/detail
[4.113s] -- Installing: /home/lasantha/ros2_ws/install/more_interfaces/include/more_interfaces/more_interfaces/msg/detail/custom_state__functions.h
[4.113s] -- Installing: /home/lasantha/ros2_ws/install/more_interfaces/include/more_interfaces/more_interfaces/msg/detail/custom_state__type_support.c
[4.113s] -- Installing: /home/lasantha/ros2_ws/install/more_interfaces/include/more_interfaces/more_interfaces/msg/detail/custom_state__description.c
[4.113s] -- Installing: /home/lasantha/ros2_ws/install/more_interfaces/include/more_interfaces/more_interfaces/msg/detail/custom_state__struct.h
[4.113s] -- Installing: /home/lasantha/ros2_ws/install/more_interfaces/include/more_interfaces/more_interfaces/msg/detail/custom_state__type_support.h
[4.113s] -- Installing: /home/lasantha/ros2_ws/install/more_interfaces/include/more_interfaces/more_interfaces/msg/detail/custom_state__functions.c
[4.113s] -- Installing: /home/lasantha/ros2_ws/install/more_interfaces/include/more_interfaces/more_interfaces/srv
[4.113s] -- Installing: /home/lasantha/ros2_ws/install/more_interfaces/include/more_interfaces/more_interfaces/srv/pilco_twist.h
[4.113s] -- Installing: /home/lasantha/ros2_ws/install/more_interfaces/include/more_interfaces/more_interfaces/srv/detail
[4.114s] -- Installing: /home/lasantha/ros2_ws/install/more_interfaces/include/more_interfaces/more_interfaces/srv/detail/pilco_twist__description.c
[4.114s] -- Installing: /home/lasantha/ros2_ws/install/more_interfaces/include/more_interfaces/more_interfaces/srv/detail/pilco_twist__functions.c
[4.114s] -- Installing: /home/lasantha/ros2_ws/install/more_interfaces/include/more_interfaces/more_interfaces/srv/detail/pilco_twist__type_support.h
[4.114s] -- Installing: /home/lasantha/ros2_ws/install/more_interfaces/include/more_interfaces/more_interfaces/srv/detail/pilco_twist__functions.h
[4.114s] -- Installing: /home/lasantha/ros2_ws/install/more_interfaces/include/more_interfaces/more_interfaces/srv/detail/pilco_twist__type_support.c
[4.114s] -- Installing: /home/lasantha/ros2_ws/install/more_interfaces/include/more_interfaces/more_interfaces/srv/detail/pilco_twist__struct.h
[4.114s] -- Up-to-date: /home/lasantha/ros2_ws/install/more_interfaces/share/more_interfaces/environment/library_path.sh
[4.114s] -- Up-to-date: /home/lasantha/ros2_ws/install/more_interfaces/share/more_interfaces/environment/library_path.dsv
[4.114s] -- Installing: /home/lasantha/ros2_ws/install/more_interfaces/lib/libmore_interfaces__rosidl_generator_c.so
[4.114s] -- Set runtime path of "/home/lasantha/ros2_ws/install/more_interfaces/lib/libmore_interfaces__rosidl_generator_c.so" to ""
[4.114s] -- Up-to-date: /home/lasantha/ros2_ws/install/more_interfaces/include/more_interfaces/more_interfaces
[4.114s] -- Up-to-date: /home/lasantha/ros2_ws/install/more_interfaces/include/more_interfaces/more_interfaces/msg
[4.115s] -- Up-to-date: /home/lasantha/ros2_ws/install/more_interfaces/include/more_interfaces/more_interfaces/msg/rosidl_typesupport_fastrtps_c__visibility_control.h
[4.115s] -- Up-to-date: /home/lasantha/ros2_ws/install/more_interfaces/include/more_interfaces/more_interfaces/msg/detail
[4.115s] -- Installing: /home/lasantha/ros2_ws/install/more_interfaces/include/more_interfaces/more_interfaces/msg/detail/custom_state__rosidl_typesupport_fastrtps_c.h
[4.115s] -- Up-to-date: /home/lasantha/ros2_ws/install/more_interfaces/include/more_interfaces/more_interfaces/srv
[4.115s] -- Up-to-date: /home/lasantha/ros2_ws/install/more_interfaces/include/more_interfaces/more_interfaces/srv/detail
[4.115s] -- Installing: /home/lasantha/ros2_ws/install/more_interfaces/include/more_interfaces/more_interfaces/srv/detail/pilco_twist__rosidl_typesupport_fastrtps_c.h
[4.115s] -- Installing: /home/lasantha/ros2_ws/install/more_interfaces/lib/libmore_interfaces__rosidl_typesupport_fastrtps_c.so
[4.115s] -- Set runtime path of "/home/lasantha/ros2_ws/install/more_interfaces/lib/libmore_interfaces__rosidl_typesupport_fastrtps_c.so" to ""
[4.115s] -- Up-to-date: /home/lasantha/ros2_ws/install/more_interfaces/include/more_interfaces/more_interfaces
[4.115s] -- Up-to-date: /home/lasantha/ros2_ws/install/more_interfaces/include/more_interfaces/more_interfaces/msg
[4.115s] -- Up-to-date: /home/lasantha/ros2_ws/install/more_interfaces/include/more_interfaces/more_interfaces/msg/rosidl_typesupport_introspection_c__visibility_control.h
[4.115s] -- Up-to-date: /home/lasantha/ros2_ws/install/more_interfaces/include/more_interfaces/more_interfaces/msg/detail
[4.115s] -- Up-to-date: /home/lasantha/ros2_ws/install/more_interfaces/include/more_interfaces/more_interfaces/msg/detail/custom_state__type_support.c
[4.115s] -- Installing: /home/lasantha/ros2_ws/install/more_interfaces/include/more_interfaces/more_interfaces/msg/detail/custom_state__rosidl_typesupport_introspection_c.h
[4.115s] -- Up-to-date: /home/lasantha/ros2_ws/install/more_interfaces/include/more_interfaces/more_interfaces/srv
[4.115s] -- Up-to-date: /home/lasantha/ros2_ws/install/more_interfaces/include/more_interfaces/more_interfaces/srv/detail
[4.115s] -- Installing: /home/lasantha/ros2_ws/install/more_interfaces/include/more_interfaces/more_interfaces/srv/detail/pilco_twist__rosidl_typesupport_introspection_c.h
[4.115s] -- Up-to-date: /home/lasantha/ros2_ws/install/more_interfaces/include/more_interfaces/more_interfaces/srv/detail/pilco_twist__type_support.c
[4.115s] -- Installing: /home/lasantha/ros2_ws/install/more_interfaces/lib/libmore_interfaces__rosidl_typesupport_introspection_c.so
[4.116s] -- Set runtime path of "/home/lasantha/ros2_ws/install/more_interfaces/lib/libmore_interfaces__rosidl_typesupport_introspection_c.so" to ""
[4.116s] -- Installing: /home/lasantha/ros2_ws/install/more_interfaces/lib/libmore_interfaces__rosidl_typesupport_c.so
[4.116s] -- Set runtime path of "/home/lasantha/ros2_ws/install/more_interfaces/lib/libmore_interfaces__rosidl_typesupport_c.so" to ""
[4.116s] -- Up-to-date: /home/lasantha/ros2_ws/install/more_interfaces/include/more_interfaces/more_interfaces
[4.116s] -- Up-to-date: /home/lasantha/ros2_ws/install/more_interfaces/include/more_interfaces/more_interfaces/msg
[4.116s] -- Installing: /home/lasantha/ros2_ws/install/more_interfaces/include/more_interfaces/more_interfaces/msg/custom_state.hpp
[4.116s] -- Up-to-date: /home/lasantha/ros2_ws/install/more_interfaces/include/more_interfaces/more_interfaces/msg/detail
[4.116s] -- Installing: /home/lasantha/ros2_ws/install/more_interfaces/include/more_interfaces/more_interfaces/msg/detail/custom_state__struct.hpp
[4.116s] -- Installing: /home/lasantha/ros2_ws/install/more_interfaces/include/more_interfaces/more_interfaces/msg/detail/custom_state__builder.hpp
[4.116s] -- Installing: /home/lasantha/ros2_ws/install/more_interfaces/include/more_interfaces/more_interfaces/msg/detail/custom_state__traits.hpp
[4.116s] -- Up-to-date: /home/lasantha/ros2_ws/install/more_interfaces/include/more_interfaces/more_interfaces/srv
[4.116s] -- Up-to-date: /home/lasantha/ros2_ws/install/more_interfaces/include/more_interfaces/more_interfaces/srv/detail
[4.116s] -- Installing: /home/lasantha/ros2_ws/install/more_interfaces/include/more_interfaces/more_interfaces/srv/detail/pilco_twist__traits.hpp
[4.116s] -- Installing: /home/lasantha/ros2_ws/install/more_interfaces/include/more_interfaces/more_interfaces/srv/detail/pilco_twist__builder.hpp
[4.116s] -- Installing: /home/lasantha/ros2_ws/install/more_interfaces/include/more_interfaces/more_interfaces/srv/detail/pilco_twist__struct.hpp
[4.117s] -- Installing: /home/lasantha/ros2_ws/install/more_interfaces/include/more_interfaces/more_interfaces/srv/pilco_twist.hpp
[4.117s] -- Up-to-date: /home/lasantha/ros2_ws/install/more_interfaces/include/more_interfaces/more_interfaces
[4.117s] -- Up-to-date: /home/lasantha/ros2_ws/install/more_interfaces/include/more_interfaces/more_interfaces/msg
[4.117s] -- Up-to-date: /home/lasantha/ros2_ws/install/more_interfaces/include/more_interfaces/more_interfaces/msg/rosidl_typesupport_fastrtps_cpp__visibility_control.h
[4.117s] -- Up-to-date: /home/lasantha/ros2_ws/install/more_interfaces/include/more_interfaces/more_interfaces/msg/detail
[4.117s] -- Up-to-date: /home/lasantha/ros2_ws/install/more_interfaces/include/more_interfaces/more_interfaces/msg/detail/dds_fastrtps
[4.117s] -- Installing: /home/lasantha/ros2_ws/install/more_interfaces/include/more_interfaces/more_interfaces/msg/detail/custom_state__rosidl_typesupport_fastrtps_cpp.hpp
[4.117s] -- Up-to-date: /home/lasantha/ros2_ws/install/more_interfaces/include/more_interfaces/more_interfaces/srv
[4.117s] -- Up-to-date: /home/lasantha/ros2_ws/install/more_interfaces/include/more_interfaces/more_interfaces/srv/detail
[4.117s] -- Installing: /home/lasantha/ros2_ws/install/more_interfaces/include/more_interfaces/more_interfaces/srv/detail/dds_fastrtps
[4.117s] -- Installing: /home/lasantha/ros2_ws/install/more_interfaces/include/more_interfaces/more_interfaces/srv/detail/pilco_twist__rosidl_typesupport_fastrtps_cpp.hpp
[4.117s] -- Installing: /home/lasantha/ros2_ws/install/more_interfaces/lib/libmore_interfaces__rosidl_typesupport_fastrtps_cpp.so
[4.118s] -- Set runtime path of "/home/lasantha/ros2_ws/install/more_interfaces/lib/libmore_interfaces__rosidl_typesupport_fastrtps_cpp.so" to ""
[4.118s] -- Up-to-date: /home/lasantha/ros2_ws/install/more_interfaces/include/more_interfaces/more_interfaces
[4.118s] -- Up-to-date: /home/lasantha/ros2_ws/install/more_interfaces/include/more_interfaces/more_interfaces/msg
[4.118s] -- Up-to-date: /home/lasantha/ros2_ws/install/more_interfaces/include/more_interfaces/more_interfaces/msg/detail
[4.118s] -- Installing: /home/lasantha/ros2_ws/install/more_interfaces/include/more_interfaces/more_interfaces/msg/detail/custom_state__rosidl_typesupport_introspection_cpp.hpp
[4.118s] -- Installing: /home/lasantha/ros2_ws/install/more_interfaces/include/more_interfaces/more_interfaces/msg/detail/custom_state__type_support.cpp
[4.118s] -- Up-to-date: /home/lasantha/ros2_ws/install/more_interfaces/include/more_interfaces/more_interfaces/srv
[4.118s] -- Up-to-date: /home/lasantha/ros2_ws/install/more_interfaces/include/more_interfaces/more_interfaces/srv/detail
[4.118s] -- Installing: /home/lasantha/ros2_ws/install/more_interfaces/include/more_interfaces/more_interfaces/srv/detail/pilco_twist__rosidl_typesupport_introspection_cpp.hpp
[4.118s] -- Installing: /home/lasantha/ros2_ws/install/more_interfaces/include/more_interfaces/more_interfaces/srv/detail/pilco_twist__type_support.cpp
[4.118s] -- Installing: /home/lasantha/ros2_ws/install/more_interfaces/lib/libmore_interfaces__rosidl_typesupport_introspection_cpp.so
[4.119s] -- Set runtime path of "/home/lasantha/ros2_ws/install/more_interfaces/lib/libmore_interfaces__rosidl_typesupport_introspection_cpp.so" to ""
[4.119s] -- Installing: /home/lasantha/ros2_ws/install/more_interfaces/lib/libmore_interfaces__rosidl_typesupport_cpp.so
[4.119s] -- Set runtime path of "/home/lasantha/ros2_ws/install/more_interfaces/lib/libmore_interfaces__rosidl_typesupport_cpp.so" to ""
[4.119s] -- Up-to-date: /home/lasantha/ros2_ws/install/more_interfaces/share/more_interfaces/environment/pythonpath.sh
[4.119s] -- Up-to-date: /home/lasantha/ros2_ws/install/more_interfaces/share/more_interfaces/environment/pythonpath.dsv
[4.119s] -- Up-to-date: /home/lasantha/ros2_ws/install/more_interfaces/lib/python3.10/site-packages/more_interfaces-0.0.0-py3.10.egg-info
[4.119s] -- Installing: /home/lasantha/ros2_ws/install/more_interfaces/lib/python3.10/site-packages/more_interfaces-0.0.0-py3.10.egg-info/dependency_links.txt
[4.119s] -- Installing: /home/lasantha/ros2_ws/install/more_interfaces/lib/python3.10/site-packages/more_interfaces-0.0.0-py3.10.egg-info/top_level.txt
[4.119s] -- Installing: /home/lasantha/ros2_ws/install/more_interfaces/lib/python3.10/site-packages/more_interfaces-0.0.0-py3.10.egg-info/PKG-INFO
[4.119s] -- Installing: /home/lasantha/ros2_ws/install/more_interfaces/lib/python3.10/site-packages/more_interfaces-0.0.0-py3.10.egg-info/SOURCES.txt
[4.119s] -- Up-to-date: /home/lasantha/ros2_ws/install/more_interfaces/lib/python3.10/site-packages/more_interfaces
[4.119s] -- Installing: /home/lasantha/ros2_ws/install/more_interfaces/lib/python3.10/site-packages/more_interfaces/_more_interfaces_s.ep.rosidl_typesupport_fastrtps_c.c
[4.120s] -- Up-to-date: /home/lasantha/ros2_ws/install/more_interfaces/lib/python3.10/site-packages/more_interfaces/msg
[4.120s] -- Installing: /home/lasantha/ros2_ws/install/more_interfaces/lib/python3.10/site-packages/more_interfaces/msg/_custom_state.py
[4.120s] -- Installing: /home/lasantha/ros2_ws/install/more_interfaces/lib/python3.10/site-packages/more_interfaces/msg/__init__.py
[4.120s] -- Installing: /home/lasantha/ros2_ws/install/more_interfaces/lib/python3.10/site-packages/more_interfaces/msg/_custom_state_s.c
[4.120s] -- Installing: /home/lasantha/ros2_ws/install/more_interfaces/lib/python3.10/site-packages/more_interfaces/__init__.py
[4.120s] -- Installing: /home/lasantha/ros2_ws/install/more_interfaces/lib/python3.10/site-packages/more_interfaces/more_interfaces_s__rosidl_typesupport_fastrtps_c.cpython-310-x86_64-linux-gnu.so
[4.120s] -- Installing: /home/lasantha/ros2_ws/install/more_interfaces/lib/python3.10/site-packages/more_interfaces/_more_interfaces_s.ep.rosidl_typesupport_c.c
[4.120s] -- Installing: /home/lasantha/ros2_ws/install/more_interfaces/lib/python3.10/site-packages/more_interfaces/_more_interfaces_s.ep.rosidl_typesupport_introspection_c.c
[4.120s] -- Installing: /home/lasantha/ros2_ws/install/more_interfaces/lib/python3.10/site-packages/more_interfaces/more_interfaces_s__rosidl_typesupport_introspection_c.cpython-310-x86_64-linux-gnu.so
[4.120s] -- Installing: /home/lasantha/ros2_ws/install/more_interfaces/lib/python3.10/site-packages/more_interfaces/srv
[4.120s] -- Installing: /home/lasantha/ros2_ws/install/more_interfaces/lib/python3.10/site-packages/more_interfaces/srv/_pilco_twist_s.c
[4.120s] -- Installing: /home/lasantha/ros2_ws/install/more_interfaces/lib/python3.10/site-packages/more_interfaces/srv/__init__.py
[4.120s] -- Installing: /home/lasantha/ros2_ws/install/more_interfaces/lib/python3.10/site-packages/more_interfaces/srv/_pilco_twist.py
[4.120s] -- Installing: /home/lasantha/ros2_ws/install/more_interfaces/lib/python3.10/site-packages/more_interfaces/more_interfaces_s__rosidl_typesupport_c.cpython-310-x86_64-linux-gnu.so
[4.120s] -- Installing: /home/lasantha/ros2_ws/install/more_interfaces/lib/python3.10/site-packages/more_interfaces/libmore_interfaces__rosidl_generator_py.so
[4.158s] Listing '/home/lasantha/ros2_ws/install/more_interfaces/lib/python3.10/site-packages/more_interfaces'...
[4.158s] Compiling '/home/lasantha/ros2_ws/install/more_interfaces/lib/python3.10/site-packages/more_interfaces/__init__.py'...
[4.158s] Listing '/home/lasantha/ros2_ws/install/more_interfaces/lib/python3.10/site-packages/more_interfaces/msg'...
[4.158s] Compiling '/home/lasantha/ros2_ws/install/more_interfaces/lib/python3.10/site-packages/more_interfaces/msg/__init__.py'...
[4.158s] Compiling '/home/lasantha/ros2_ws/install/more_interfaces/lib/python3.10/site-packages/more_interfaces/msg/_custom_state.py'...
[4.158s] Listing '/home/lasantha/ros2_ws/install/more_interfaces/lib/python3.10/site-packages/more_interfaces/srv'...
[4.158s] Compiling '/home/lasantha/ros2_ws/install/more_interfaces/lib/python3.10/site-packages/more_interfaces/srv/__init__.py'...
[4.158s] Compiling '/home/lasantha/ros2_ws/install/more_interfaces/lib/python3.10/site-packages/more_interfaces/srv/_pilco_twist.py'...
[4.162s] -- Installing: /home/lasantha/ros2_ws/install/more_interfaces/lib/python3.10/site-packages/more_interfaces/more_interfaces_s__rosidl_typesupport_fastrtps_c.cpython-310-x86_64-linux-gnu.so
[4.162s] -- Set runtime path of "/home/lasantha/ros2_ws/install/more_interfaces/lib/python3.10/site-packages/more_interfaces/more_interfaces_s__rosidl_typesupport_fastrtps_c.cpython-310-x86_64-linux-gnu.so" to ""
[4.162s] -- Installing: /home/lasantha/ros2_ws/install/more_interfaces/lib/python3.10/site-packages/more_interfaces/more_interfaces_s__rosidl_typesupport_introspection_c.cpython-310-x86_64-linux-gnu.so
[4.162s] -- Set runtime path of "/home/lasantha/ros2_ws/install/more_interfaces/lib/python3.10/site-packages/more_interfaces/more_interfaces_s__rosidl_typesupport_introspection_c.cpython-310-x86_64-linux-gnu.so" to ""
[4.163s] -- Installing: /home/lasantha/ros2_ws/install/more_interfaces/lib/python3.10/site-packages/more_interfaces/more_interfaces_s__rosidl_typesupport_c.cpython-310-x86_64-linux-gnu.so
[4.163s] -- Set runtime path of "/home/lasantha/ros2_ws/install/more_interfaces/lib/python3.10/site-packages/more_interfaces/more_interfaces_s__rosidl_typesupport_c.cpython-310-x86_64-linux-gnu.so" to ""
[4.163s] -- Installing: /home/lasantha/ros2_ws/install/more_interfaces/lib/libmore_interfaces__rosidl_generator_py.so
[4.163s] -- Set runtime path of "/home/lasantha/ros2_ws/install/more_interfaces/lib/libmore_interfaces__rosidl_generator_py.so" to ""
[4.163s] -- Up-to-date: /home/lasantha/ros2_ws/install/more_interfaces/share/more_interfaces/msg/CustomState.idl
[4.163s] -- Installing: /home/lasantha/ros2_ws/install/more_interfaces/share/more_interfaces/srv/PilcoTwist.idl
[4.163s] -- Up-to-date: /home/lasantha/ros2_ws/install/more_interfaces/share/more_interfaces/msg/CustomState.msg
[4.163s] -- Installing: /home/lasantha/ros2_ws/install/more_interfaces/share/more_interfaces/srv/PilcoTwist.srv
[4.163s] -- Installing: /home/lasantha/ros2_ws/install/more_interfaces/share/more_interfaces/srv/PilcoTwist_Request.msg
[4.163s] -- Installing: /home/lasantha/ros2_ws/install/more_interfaces/share/more_interfaces/srv/PilcoTwist_Response.msg
[4.163s] -- Up-to-date: /home/lasantha/ros2_ws/install/more_interfaces/share/ament_index/resource_index/package_run_dependencies/more_interfaces
[4.163s] -- Installing: /home/lasantha/ros2_ws/install/more_interfaces/share/ament_index/resource_index/parent_prefix_path/more_interfaces
[4.163s] -- Up-to-date: /home/lasantha/ros2_ws/install/more_interfaces/share/more_interfaces/environment/ament_prefix_path.sh
[4.164s] -- Up-to-date: /home/lasantha/ros2_ws/install/more_interfaces/share/more_interfaces/environment/ament_prefix_path.dsv
[4.164s] -- Up-to-date: /home/lasantha/ros2_ws/install/more_interfaces/share/more_interfaces/environment/path.sh
[4.164s] -- Up-to-date: /home/lasantha/ros2_ws/install/more_interfaces/share/more_interfaces/environment/path.dsv
[4.164s] -- Up-to-date: /home/lasantha/ros2_ws/install/more_interfaces/share/more_interfaces/local_setup.bash
[4.164s] -- Up-to-date: /home/lasantha/ros2_ws/install/more_interfaces/share/more_interfaces/local_setup.sh
[4.164s] -- Up-to-date: /home/lasantha/ros2_ws/install/more_interfaces/share/more_interfaces/local_setup.zsh
[4.164s] -- Up-to-date: /home/lasantha/ros2_ws/install/more_interfaces/share/more_interfaces/local_setup.dsv
[4.164s] -- Installing: /home/lasantha/ros2_ws/install/more_interfaces/share/more_interfaces/package.dsv
[4.164s] -- Up-to-date: /home/lasantha/ros2_ws/install/more_interfaces/share/ament_index/resource_index/packages/more_interfaces
[4.164s] -- Old export file "/home/lasantha/ros2_ws/install/more_interfaces/share/more_interfaces/cmake/export_more_interfaces__rosidl_generator_cExport.cmake" will be replaced.  Removing files [/home/lasantha/ros2_ws/install/more_interfaces/share/more_interfaces/cmake/export_more_interfaces__rosidl_generator_cExport-noconfig.cmake].
[4.164s] -- Installing: /home/lasantha/ros2_ws/install/more_interfaces/share/more_interfaces/cmake/export_more_interfaces__rosidl_generator_cExport.cmake
[4.164s] -- Installing: /home/lasantha/ros2_ws/install/more_interfaces/share/more_interfaces/cmake/export_more_interfaces__rosidl_generator_cExport-noconfig.cmake
[4.164s] -- Old export file "/home/lasantha/ros2_ws/install/more_interfaces/share/more_interfaces/cmake/export_more_interfaces__rosidl_typesupport_fastrtps_cExport.cmake" will be replaced.  Removing files [/home/lasantha/ros2_ws/install/more_interfaces/share/more_interfaces/cmake/export_more_interfaces__rosidl_typesupport_fastrtps_cExport-noconfig.cmake].
[4.164s] -- Installing: /home/lasantha/ros2_ws/install/more_interfaces/share/more_interfaces/cmake/export_more_interfaces__rosidl_typesupport_fastrtps_cExport.cmake
[4.164s] -- Installing: /home/lasantha/ros2_ws/install/more_interfaces/share/more_interfaces/cmake/export_more_interfaces__rosidl_typesupport_fastrtps_cExport-noconfig.cmake
[4.164s] -- Old export file "/home/lasantha/ros2_ws/install/more_interfaces/share/more_interfaces/cmake/more_interfaces__rosidl_typesupport_introspection_cExport.cmake" will be replaced.  Removing files [/home/lasantha/ros2_ws/install/more_interfaces/share/more_interfaces/cmake/more_interfaces__rosidl_typesupport_introspection_cExport-noconfig.cmake].
[4.164s] -- Installing: /home/lasantha/ros2_ws/install/more_interfaces/share/more_interfaces/cmake/more_interfaces__rosidl_typesupport_introspection_cExport.cmake
[4.164s] -- Installing: /home/lasantha/ros2_ws/install/more_interfaces/share/more_interfaces/cmake/more_interfaces__rosidl_typesupport_introspection_cExport-noconfig.cmake
[4.164s] -- Old export file "/home/lasantha/ros2_ws/install/more_interfaces/share/more_interfaces/cmake/more_interfaces__rosidl_typesupport_cExport.cmake" will be replaced.  Removing files [/home/lasantha/ros2_ws/install/more_interfaces/share/more_interfaces/cmake/more_interfaces__rosidl_typesupport_cExport-noconfig.cmake].
[4.164s] -- Installing: /home/lasantha/ros2_ws/install/more_interfaces/share/more_interfaces/cmake/more_interfaces__rosidl_typesupport_cExport.cmake
[4.165s] -- Installing: /home/lasantha/ros2_ws/install/more_interfaces/share/more_interfaces/cmake/more_interfaces__rosidl_typesupport_cExport-noconfig.cmake
[4.165s] -- Installing: /home/lasantha/ros2_ws/install/more_interfaces/share/more_interfaces/cmake/export_more_interfaces__rosidl_generator_cppExport.cmake
[4.165s] -- Old export file "/home/lasantha/ros2_ws/install/more_interfaces/share/more_interfaces/cmake/export_more_interfaces__rosidl_typesupport_fastrtps_cppExport.cmake" will be replaced.  Removing files [/home/lasantha/ros2_ws/install/more_interfaces/share/more_interfaces/cmake/export_more_interfaces__rosidl_typesupport_fastrtps_cppExport-noconfig.cmake].
[4.165s] -- Installing: /home/lasantha/ros2_ws/install/more_interfaces/share/more_interfaces/cmake/export_more_interfaces__rosidl_typesupport_fastrtps_cppExport.cmake
[4.165s] -- Installing: /home/lasantha/ros2_ws/install/more_interfaces/share/more_interfaces/cmake/export_more_interfaces__rosidl_typesupport_fastrtps_cppExport-noconfig.cmake
[4.165s] -- Old export file "/home/lasantha/ros2_ws/install/more_interfaces/share/more_interfaces/cmake/more_interfaces__rosidl_typesupport_introspection_cppExport.cmake" will be replaced.  Removing files [/home/lasantha/ros2_ws/install/more_interfaces/share/more_interfaces/cmake/more_interfaces__rosidl_typesupport_introspection_cppExport-noconfig.cmake].
[4.165s] -- Installing: /home/lasantha/ros2_ws/install/more_interfaces/share/more_interfaces/cmake/more_interfaces__rosidl_typesupport_introspection_cppExport.cmake
[4.165s] -- Installing: /home/lasantha/ros2_ws/install/more_interfaces/share/more_interfaces/cmake/more_interfaces__rosidl_typesupport_introspection_cppExport-noconfig.cmake
[4.165s] -- Old export file "/home/lasantha/ros2_ws/install/more_interfaces/share/more_interfaces/cmake/more_interfaces__rosidl_typesupport_cppExport.cmake" will be replaced.  Removing files [/home/lasantha/ros2_ws/install/more_interfaces/share/more_interfaces/cmake/more_interfaces__rosidl_typesupport_cppExport-noconfig.cmake].
[4.165s] -- Installing: /home/lasantha/ros2_ws/install/more_interfaces/share/more_interfaces/cmake/more_interfaces__rosidl_typesupport_cppExport.cmake
[4.165s] -- Installing: /home/lasantha/ros2_ws/install/more_interfaces/share/more_interfaces/cmake/more_interfaces__rosidl_typesupport_cppExport-noconfig.cmake
[4.165s] -- Old export file "/home/lasantha/ros2_ws/install/more_interfaces/share/more_interfaces/cmake/export_more_interfaces__rosidl_generator_pyExport.cmake" will be replaced.  Removing files [/home/lasantha/ros2_ws/install/more_interfaces/share/more_interfaces/cmake/export_more_interfaces__rosidl_generator_pyExport-noconfig.cmake].
[4.165s] -- Installing: /home/lasantha/ros2_ws/install/more_interfaces/share/more_interfaces/cmake/export_more_interfaces__rosidl_generator_pyExport.cmake
[4.166s] -- Installing: /home/lasantha/ros2_ws/install/more_interfaces/share/more_interfaces/cmake/export_more_interfaces__rosidl_generator_pyExport-noconfig.cmake
[4.166s] -- Installing: /home/lasantha/ros2_ws/install/more_interfaces/share/more_interfaces/cmake/rosidl_cmake-extras.cmake
[4.166s] -- Installing: /home/lasantha/ros2_ws/install/more_interfaces/share/more_interfaces/cmake/ament_cmake_export_dependencies-extras.cmake
[4.166s] -- Up-to-date: /home/lasantha/ros2_ws/install/more_interfaces/share/more_interfaces/cmake/ament_cmake_export_include_directories-extras.cmake
[4.166s] -- Up-to-date: /home/lasantha/ros2_ws/install/more_interfaces/share/more_interfaces/cmake/ament_cmake_export_libraries-extras.cmake
[4.166s] -- Up-to-date: /home/lasantha/ros2_ws/install/more_interfaces/share/more_interfaces/cmake/ament_cmake_export_targets-extras.cmake
[4.166s] -- Up-to-date: /home/lasantha/ros2_ws/install/more_interfaces/share/more_interfaces/cmake/rosidl_cmake_export_typesupport_targets-extras.cmake
[4.166s] -- Up-to-date: /home/lasantha/ros2_ws/install/more_interfaces/share/more_interfaces/cmake/rosidl_cmake_export_typesupport_libraries-extras.cmake
[4.166s] -- Installing: /home/lasantha/ros2_ws/install/more_interfaces/share/more_interfaces/cmake/more_interfacesConfig.cmake
[4.166s] -- Up-to-date: /home/lasantha/ros2_ws/install/more_interfaces/share/more_interfaces/cmake/more_interfacesConfig-version.cmake
[4.166s] -- Up-to-date: /home/lasantha/ros2_ws/install/more_interfaces/share/more_interfaces/package.xml
[4.168s] Invoked command in '/home/lasantha/ros2_ws/build/more_interfaces' returned '0': CMAKE_PREFIX_PATH=${CMAKE_PREFIX_PATH}:/home/lasantha/ros2_ws/install/py_srvcli:/home/lasantha/ros2_ws/install/py_test_custom:/home/lasantha/ros2_ws/install/py_pubsub:/home/lasantha/ros2_ws/install/py_custom_state_msg:/home/lasantha/ros2_ws/install/py_2wbot_ctrl:/home/lasantha/ros2_ws/install/launch_testing_examples:/home/lasantha/ros2_ws/install/examples_rclpy_pointcloud_publisher:/home/lasantha/ros2_ws/install/examples_rclpy_minimal_subscriber:/home/lasantha/ros2_ws/install/examples_rclpy_minimal_service:/home/lasantha/ros2_ws/install/examples_rclpy_minimal_publisher:/home/lasantha/ros2_ws/install/examples_rclpy_minimal_client:/home/lasantha/ros2_ws/install/examples_rclpy_minimal_action_server:/home/lasantha/ros2_ws/install/examples_rclpy_minimal_action_client:/home/lasantha/ros2_ws/install/examples_rclpy_guard_conditions:/home/lasantha/ros2_ws/install/examples_rclpy_executors:/opt/ros/iron /usr/bin/cmake --install /home/lasantha/ros2_ws/build/more_interfaces
