[0.034s] Invoking command in '/home/lasantha/ros2_ws/build/more_interfaces': CMAKE_PREFIX_PATH=${CMAKE_PREFIX_PATH}:/home/lasantha/ros2_ws/install/py_pubsub:/home/lasantha/ros2_ws/install/py_2wbot_ctrl:/home/lasantha/ros2_ws/install/launch_testing_examples:/home/lasantha/ros2_ws/install/examples_rclpy_pointcloud_publisher:/home/lasantha/ros2_ws/install/examples_rclpy_minimal_subscriber:/home/lasantha/ros2_ws/install/examples_rclpy_minimal_service:/home/lasantha/ros2_ws/install/examples_rclpy_minimal_publisher:/home/lasantha/ros2_ws/install/examples_rclpy_minimal_client:/home/lasantha/ros2_ws/install/examples_rclpy_minimal_action_server:/home/lasantha/ros2_ws/install/examples_rclpy_minimal_action_client:/home/lasantha/ros2_ws/install/examples_rclpy_guard_conditions:/home/lasantha/ros2_ws/install/examples_rclpy_executors:/opt/ros/iron /usr/bin/cmake /home/lasantha/ros2_ws/src/more_interfaces -DCMAKE_INSTALL_PREFIX=/home/lasantha/ros2_ws/install/more_interfaces
[0.170s] -- The C compiler identification is GNU 11.4.0
[0.253s] -- The CXX compiler identification is GNU 11.4.0
[0.259s] -- Detecting C compiler ABI info
[0.333s] -- Detecting C compiler ABI info - done
[0.338s] -- Check for working C compiler: /usr/bin/cc - skipped
[0.338s] -- Detecting C compile features
[0.338s] -- Detecting C compile features - done
[0.340s] -- Detecting CXX compiler ABI info
[0.398s] -- Detecting CXX compiler ABI info - done
[0.403s] -- Check for working CXX compiler: /usr/bin/c++ - skipped
[0.403s] -- Detecting CXX compile features
[0.403s] -- Detecting CXX compile features - done
[0.406s] -- Found ament_cmake: 2.0.4 (/opt/ros/iron/share/ament_cmake/cmake)
[0.567s] -- Found Python3: /usr/bin/python3.10 (found version "3.10.12") found components: Interpreter 
[0.655s] -- Found rosidl_default_generators: 1.5.0 (/opt/ros/iron/share/rosidl_default_generators/cmake)
[0.663s] -- Using all available rosidl_typesupport_c: rosidl_typesupport_fastrtps_c;rosidl_typesupport_introspection_c
[0.711s] -- Using all available rosidl_typesupport_cpp: rosidl_typesupport_fastrtps_cpp;rosidl_typesupport_introspection_cpp
[0.751s] -- Found rosidl_adapter: 4.0.1 (/opt/ros/iron/share/rosidl_adapter/cmake)
[0.996s] -- Found ament_cmake_ros: 0.11.2 (/opt/ros/iron/share/ament_cmake_ros/cmake)
[1.156s] -- Using all available rosidl_typesupport_c: rosidl_typesupport_fastrtps_c;rosidl_typesupport_introspection_c
[1.354s] -- Using all available rosidl_typesupport_cpp: rosidl_typesupport_fastrtps_cpp;rosidl_typesupport_introspection_cpp
[1.375s] -- Found PythonInterp: /usr/bin/python3 (found suitable version "3.10.12", minimum required is "3.6") 
[1.377s] -- Found python_cmake_module: 0.10.2 (/opt/ros/iron/share/python_cmake_module/cmake)
[1.402s] -- Found PythonLibs: /usr/lib/x86_64-linux-gnu/libpython3.10.so (found suitable version "3.10.12", minimum required is "3.5") 
[1.402s] -- Using PYTHON_EXECUTABLE: /usr/bin/python3
[1.402s] -- Using PYTHON_INCLUDE_DIRS: /usr/include/python3.10
[1.402s] -- Using PYTHON_LIBRARIES: /usr/lib/x86_64-linux-gnu/libpython3.10.so
[1.422s] -- Found PythonExtra: .so  
[1.456s] -- Found ament_lint_auto: 0.14.3 (/opt/ros/iron/share/ament_lint_auto/cmake)
[1.479s] -- Added test 'lint_cmake' to check CMake code style
[1.480s] -- Added test 'xmllint' to check XML markup files
[1.482s] -- Configuring done
[1.498s] -- Generating done
[1.499s] -- Build files have been written to: /home/lasantha/ros2_ws/build/more_interfaces
[1.503s] Invoked command in '/home/lasantha/ros2_ws/build/more_interfaces' returned '0': CMAKE_PREFIX_PATH=${CMAKE_PREFIX_PATH}:/home/lasantha/ros2_ws/install/py_pubsub:/home/lasantha/ros2_ws/install/py_2wbot_ctrl:/home/lasantha/ros2_ws/install/launch_testing_examples:/home/lasantha/ros2_ws/install/examples_rclpy_pointcloud_publisher:/home/lasantha/ros2_ws/install/examples_rclpy_minimal_subscriber:/home/lasantha/ros2_ws/install/examples_rclpy_minimal_service:/home/lasantha/ros2_ws/install/examples_rclpy_minimal_publisher:/home/lasantha/ros2_ws/install/examples_rclpy_minimal_client:/home/lasantha/ros2_ws/install/examples_rclpy_minimal_action_server:/home/lasantha/ros2_ws/install/examples_rclpy_minimal_action_client:/home/lasantha/ros2_ws/install/examples_rclpy_guard_conditions:/home/lasantha/ros2_ws/install/examples_rclpy_executors:/opt/ros/iron /usr/bin/cmake /home/lasantha/ros2_ws/src/more_interfaces -DCMAKE_INSTALL_PREFIX=/home/lasantha/ros2_ws/install/more_interfaces
[1.504s] Invoking command in '/home/lasantha/ros2_ws/build/more_interfaces': CMAKE_PREFIX_PATH=${CMAKE_PREFIX_PATH}:/home/lasantha/ros2_ws/install/py_pubsub:/home/lasantha/ros2_ws/install/py_2wbot_ctrl:/home/lasantha/ros2_ws/install/launch_testing_examples:/home/lasantha/ros2_ws/install/examples_rclpy_pointcloud_publisher:/home/lasantha/ros2_ws/install/examples_rclpy_minimal_subscriber:/home/lasantha/ros2_ws/install/examples_rclpy_minimal_service:/home/lasantha/ros2_ws/install/examples_rclpy_minimal_publisher:/home/lasantha/ros2_ws/install/examples_rclpy_minimal_client:/home/lasantha/ros2_ws/install/examples_rclpy_minimal_action_server:/home/lasantha/ros2_ws/install/examples_rclpy_minimal_action_client:/home/lasantha/ros2_ws/install/examples_rclpy_guard_conditions:/home/lasantha/ros2_ws/install/examples_rclpy_executors:/opt/ros/iron /usr/bin/cmake --build /home/lasantha/ros2_ws/build/more_interfaces -- -j8 -l8
[1.542s] [  2%] [34m[1mGenerating type hashes for ROS interfaces[0m
[1.548s] [  2%] Built target ament_cmake_python_copy_more_interfaces
[1.676s] [  2%] Built target more_interfaces__rosidl_generator_type_description
[1.684s] [  5%] [34m[1mGenerating C code for ROS interfaces[0m
[1.693s] [  8%] [34m[1mGenerating C++ code for ROS interfaces[0m
[1.754s] running egg_info
[1.755s] creating more_interfaces.egg-info
[1.755s] writing more_interfaces.egg-info/PKG-INFO
[1.755s] writing dependency_links to more_interfaces.egg-info/dependency_links.txt
[1.755s] writing top-level names to more_interfaces.egg-info/top_level.txt
[1.755s] writing manifest file 'more_interfaces.egg-info/SOURCES.txt'
[1.756s] reading manifest file 'more_interfaces.egg-info/SOURCES.txt'
[1.757s] writing manifest file 'more_interfaces.egg-info/SOURCES.txt'
[1.777s] [  8%] Built target ament_cmake_python_build_more_interfaces_egg
[1.866s] [  8%] Built target more_interfaces__cpp
[1.886s] [ 11%] [32mBuilding C object CMakeFiles/more_interfaces__rosidl_generator_c.dir/rosidl_generator_c/more_interfaces/msg/detail/custom_state__functions.c.o[0m
[1.886s] [ 17%] [32mBuilding C object CMakeFiles/more_interfaces__rosidl_generator_c.dir/rosidl_generator_c/more_interfaces/msg/detail/custom_state__description.c.o[0m
[1.886s] [ 17%] [32mBuilding C object CMakeFiles/more_interfaces__rosidl_generator_c.dir/rosidl_generator_c/more_interfaces/msg/detail/custom_state__type_support.c.o[0m
[1.926s] [ 20%] [32m[1mLinking C shared library libmore_interfaces__rosidl_generator_c.so[0m
[1.952s] [ 20%] Built target more_interfaces__rosidl_generator_c
[1.960s] [ 23%] [34m[1mGenerating C++ type support dispatch for ROS interfaces[0m
[1.961s] [ 26%] [34m[1mGenerating C++ introspection for ROS interfaces[0m
[1.963s] [ 38%] [34m[1mGenerating C++ type support for eProsima Fast-RTPS[0m
[1.963s] [ 38%] [34m[1mGenerating C introspection for ROS interfaces[0m
[1.963s] [ 38%] [34m[1mGenerating C type support dispatch for ROS interfaces[0m
[1.963s] [ 38%] [34m[1mGenerating C type support for eProsima Fast-RTPS[0m
[2.180s] [ 44%] [32mBuilding CXX object CMakeFiles/more_interfaces__rosidl_typesupport_fastrtps_c.dir/rosidl_typesupport_fastrtps_c/more_interfaces/msg/detail/custom_state__type_support_c.cpp.o[0m
[2.180s] [ 44%] [32mBuilding CXX object CMakeFiles/more_interfaces__rosidl_typesupport_c.dir/rosidl_typesupport_c/more_interfaces/msg/custom_state__type_support.cpp.o[0m
[2.216s] [ 47%] [32m[1mLinking CXX shared library libmore_interfaces__rosidl_typesupport_c.so[0m
[2.261s] [ 47%] Built target more_interfaces__rosidl_typesupport_c
[2.263s] [ 50%] [32mBuilding CXX object CMakeFiles/more_interfaces__rosidl_typesupport_cpp.dir/rosidl_typesupport_cpp/more_interfaces/msg/custom_state__type_support.cpp.o[0m
[2.292s] [ 52%] [32mBuilding CXX object CMakeFiles/more_interfaces__rosidl_typesupport_introspection_cpp.dir/rosidl_typesupport_introspection_cpp/more_interfaces/msg/detail/custom_state__type_support.cpp.o[0m
[2.320s] [ 55%] [32mBuilding C object CMakeFiles/more_interfaces__rosidl_typesupport_introspection_c.dir/rosidl_typesupport_introspection_c/more_interfaces/msg/detail/custom_state__type_support.c.o[0m
[2.323s] [ 58%] [32mBuilding CXX object CMakeFiles/more_interfaces__rosidl_typesupport_fastrtps_cpp.dir/rosidl_typesupport_fastrtps_cpp/more_interfaces/msg/detail/dds_fastrtps/custom_state__type_support.cpp.o[0m
[2.350s] [ 61%] [32m[1mLinking C shared library libmore_interfaces__rosidl_typesupport_introspection_c.so[0m
[2.375s] [ 61%] Built target more_interfaces__rosidl_typesupport_introspection_c
[2.480s] [ 64%] [32m[1mLinking CXX shared library libmore_interfaces__rosidl_typesupport_fastrtps_c.so[0m
[2.539s] [ 64%] Built target more_interfaces__rosidl_typesupport_fastrtps_c
[2.566s] [ 67%] [32m[1mLinking CXX shared library libmore_interfaces__rosidl_typesupport_introspection_cpp.so[0m
[2.574s] [ 70%] [32m[1mLinking CXX shared library libmore_interfaces__rosidl_typesupport_cpp.so[0m
[2.607s] [ 70%] Built target more_interfaces__rosidl_typesupport_cpp
[2.614s] [ 70%] Built target more_interfaces__rosidl_typesupport_introspection_cpp
[2.666s] [ 73%] [32m[1mLinking CXX shared library libmore_interfaces__rosidl_typesupport_fastrtps_cpp.so[0m
[2.712s] [ 73%] Built target more_interfaces__rosidl_typesupport_fastrtps_cpp
[2.727s] [ 73%] Built target more_interfaces
[2.745s] [ 76%] [34m[1mGenerating Python code for ROS interfaces[0m
[2.943s] [ 76%] Built target more_interfaces__py
[2.960s] [ 79%] [32mBuilding C object CMakeFiles/more_interfaces__rosidl_generator_py.dir/rosidl_generator_py/more_interfaces/msg/_custom_state_s.c.o[0m
[3.035s] [ 82%] [32m[1mLinking C shared library rosidl_generator_py/more_interfaces/libmore_interfaces__rosidl_generator_py.so[0m
[3.064s] [ 82%] Built target more_interfaces__rosidl_generator_py
[3.080s] [ 91%] [32mBuilding C object CMakeFiles/more_interfaces__rosidl_typesupport_introspection_c__pyext.dir/rosidl_generator_py/more_interfaces/_more_interfaces_s.ep.rosidl_typesupport_introspection_c.c.o[0m
[3.080s] [ 91%] [32mBuilding C object CMakeFiles/more_interfaces__rosidl_typesupport_fastrtps_c__pyext.dir/rosidl_generator_py/more_interfaces/_more_interfaces_s.ep.rosidl_typesupport_fastrtps_c.c.o[0m
[3.080s] [ 91%] [32mBuilding C object CMakeFiles/more_interfaces__rosidl_typesupport_c__pyext.dir/rosidl_generator_py/more_interfaces/_more_interfaces_s.ep.rosidl_typesupport_c.c.o[0m
[3.144s] [ 94%] [32m[1mLinking C shared library rosidl_generator_py/more_interfaces/more_interfaces_s__rosidl_typesupport_c.cpython-310-x86_64-linux-gnu.so[0m
[3.146s] [ 97%] [32m[1mLinking C shared library rosidl_generator_py/more_interfaces/more_interfaces_s__rosidl_typesupport_fastrtps_c.cpython-310-x86_64-linux-gnu.so[0m
[3.146s] [100%] [32m[1mLinking C shared library rosidl_generator_py/more_interfaces/more_interfaces_s__rosidl_typesupport_introspection_c.cpython-310-x86_64-linux-gnu.so[0m
[3.170s] [100%] Built target more_interfaces__rosidl_typesupport_c__pyext
[3.170s] [100%] Built target more_interfaces__rosidl_typesupport_fastrtps_c__pyext
[3.170s] [100%] Built target more_interfaces__rosidl_typesupport_introspection_c__pyext
[3.180s] Invoked command in '/home/lasantha/ros2_ws/build/more_interfaces' returned '0': CMAKE_PREFIX_PATH=${CMAKE_PREFIX_PATH}:/home/lasantha/ros2_ws/install/py_pubsub:/home/lasantha/ros2_ws/install/py_2wbot_ctrl:/home/lasantha/ros2_ws/install/launch_testing_examples:/home/lasantha/ros2_ws/install/examples_rclpy_pointcloud_publisher:/home/lasantha/ros2_ws/install/examples_rclpy_minimal_subscriber:/home/lasantha/ros2_ws/install/examples_rclpy_minimal_service:/home/lasantha/ros2_ws/install/examples_rclpy_minimal_publisher:/home/lasantha/ros2_ws/install/examples_rclpy_minimal_client:/home/lasantha/ros2_ws/install/examples_rclpy_minimal_action_server:/home/lasantha/ros2_ws/install/examples_rclpy_minimal_action_client:/home/lasantha/ros2_ws/install/examples_rclpy_guard_conditions:/home/lasantha/ros2_ws/install/examples_rclpy_executors:/opt/ros/iron /usr/bin/cmake --build /home/lasantha/ros2_ws/build/more_interfaces -- -j8 -l8
[3.244s] Invoking command in '/home/lasantha/ros2_ws/build/more_interfaces': CMAKE_PREFIX_PATH=${CMAKE_PREFIX_PATH}:/home/lasantha/ros2_ws/install/py_pubsub:/home/lasantha/ros2_ws/install/py_2wbot_ctrl:/home/lasantha/ros2_ws/install/launch_testing_examples:/home/lasantha/ros2_ws/install/examples_rclpy_pointcloud_publisher:/home/lasantha/ros2_ws/install/examples_rclpy_minimal_subscriber:/home/lasantha/ros2_ws/install/examples_rclpy_minimal_service:/home/lasantha/ros2_ws/install/examples_rclpy_minimal_publisher:/home/lasantha/ros2_ws/install/examples_rclpy_minimal_client:/home/lasantha/ros2_ws/install/examples_rclpy_minimal_action_server:/home/lasantha/ros2_ws/install/examples_rclpy_minimal_action_client:/home/lasantha/ros2_ws/install/examples_rclpy_guard_conditions:/home/lasantha/ros2_ws/install/examples_rclpy_executors:/opt/ros/iron /usr/bin/cmake --install /home/lasantha/ros2_ws/build/more_interfaces
[3.250s] -- Install configuration: ""
[3.250s] -- Installing: /home/lasantha/ros2_ws/install/more_interfaces/share/ament_index/resource_index/rosidl_interfaces/more_interfaces
[3.250s] -- Installing: /home/lasantha/ros2_ws/install/more_interfaces/share/more_interfaces/msg/CustomState.json
[3.251s] -- Installing: /home/lasantha/ros2_ws/install/more_interfaces/include/more_interfaces/more_interfaces
[3.251s] -- Installing: /home/lasantha/ros2_ws/install/more_interfaces/include/more_interfaces/more_interfaces/msg
[3.251s] -- Installing: /home/lasantha/ros2_ws/install/more_interfaces/include/more_interfaces/more_interfaces/msg/rosidl_generator_c__visibility_control.h
[3.251s] -- Installing: /home/lasantha/ros2_ws/install/more_interfaces/include/more_interfaces/more_interfaces/msg/custom_state.h
[3.251s] -- Installing: /home/lasantha/ros2_ws/install/more_interfaces/include/more_interfaces/more_interfaces/msg/detail
[3.251s] -- Installing: /home/lasantha/ros2_ws/install/more_interfaces/include/more_interfaces/more_interfaces/msg/detail/custom_state__functions.h
[3.251s] -- Installing: /home/lasantha/ros2_ws/install/more_interfaces/include/more_interfaces/more_interfaces/msg/detail/custom_state__type_support.c
[3.251s] -- Installing: /home/lasantha/ros2_ws/install/more_interfaces/include/more_interfaces/more_interfaces/msg/detail/custom_state__description.c
[3.251s] -- Installing: /home/lasantha/ros2_ws/install/more_interfaces/include/more_interfaces/more_interfaces/msg/detail/custom_state__struct.h
[3.251s] -- Installing: /home/lasantha/ros2_ws/install/more_interfaces/include/more_interfaces/more_interfaces/msg/detail/custom_state__type_support.h
[3.251s] -- Installing: /home/lasantha/ros2_ws/install/more_interfaces/include/more_interfaces/more_interfaces/msg/detail/custom_state__functions.c
[3.252s] -- Installing: /home/lasantha/ros2_ws/install/more_interfaces/share/more_interfaces/environment/library_path.sh
[3.252s] -- Installing: /home/lasantha/ros2_ws/install/more_interfaces/share/more_interfaces/environment/library_path.dsv
[3.252s] -- Installing: /home/lasantha/ros2_ws/install/more_interfaces/lib/libmore_interfaces__rosidl_generator_c.so
[3.252s] -- Set runtime path of "/home/lasantha/ros2_ws/install/more_interfaces/lib/libmore_interfaces__rosidl_generator_c.so" to ""
[3.252s] -- Up-to-date: /home/lasantha/ros2_ws/install/more_interfaces/include/more_interfaces/more_interfaces
[3.252s] -- Up-to-date: /home/lasantha/ros2_ws/install/more_interfaces/include/more_interfaces/more_interfaces/msg
[3.252s] -- Installing: /home/lasantha/ros2_ws/install/more_interfaces/include/more_interfaces/more_interfaces/msg/rosidl_typesupport_fastrtps_c__visibility_control.h
[3.253s] -- Up-to-date: /home/lasantha/ros2_ws/install/more_interfaces/include/more_interfaces/more_interfaces/msg/detail
[3.253s] -- Installing: /home/lasantha/ros2_ws/install/more_interfaces/include/more_interfaces/more_interfaces/msg/detail/custom_state__rosidl_typesupport_fastrtps_c.h
[3.253s] -- Installing: /home/lasantha/ros2_ws/install/more_interfaces/lib/libmore_interfaces__rosidl_typesupport_fastrtps_c.so
[3.253s] -- Set runtime path of "/home/lasantha/ros2_ws/install/more_interfaces/lib/libmore_interfaces__rosidl_typesupport_fastrtps_c.so" to ""
[3.253s] -- Up-to-date: /home/lasantha/ros2_ws/install/more_interfaces/include/more_interfaces/more_interfaces
[3.253s] -- Up-to-date: /home/lasantha/ros2_ws/install/more_interfaces/include/more_interfaces/more_interfaces/msg
[3.253s] -- Installing: /home/lasantha/ros2_ws/install/more_interfaces/include/more_interfaces/more_interfaces/msg/rosidl_typesupport_introspection_c__visibility_control.h
[3.253s] -- Up-to-date: /home/lasantha/ros2_ws/install/more_interfaces/include/more_interfaces/more_interfaces/msg/detail
[3.253s] -- Up-to-date: /home/lasantha/ros2_ws/install/more_interfaces/include/more_interfaces/more_interfaces/msg/detail/custom_state__type_support.c
[3.253s] -- Installing: /home/lasantha/ros2_ws/install/more_interfaces/include/more_interfaces/more_interfaces/msg/detail/custom_state__rosidl_typesupport_introspection_c.h
[3.254s] -- Installing: /home/lasantha/ros2_ws/install/more_interfaces/lib/libmore_interfaces__rosidl_typesupport_introspection_c.so
[3.254s] -- Set runtime path of "/home/lasantha/ros2_ws/install/more_interfaces/lib/libmore_interfaces__rosidl_typesupport_introspection_c.so" to ""
[3.254s] -- Installing: /home/lasantha/ros2_ws/install/more_interfaces/lib/libmore_interfaces__rosidl_typesupport_c.so
[3.254s] -- Set runtime path of "/home/lasantha/ros2_ws/install/more_interfaces/lib/libmore_interfaces__rosidl_typesupport_c.so" to ""
[3.254s] -- Up-to-date: /home/lasantha/ros2_ws/install/more_interfaces/include/more_interfaces/more_interfaces
[3.254s] -- Up-to-date: /home/lasantha/ros2_ws/install/more_interfaces/include/more_interfaces/more_interfaces/msg
[3.254s] -- Installing: /home/lasantha/ros2_ws/install/more_interfaces/include/more_interfaces/more_interfaces/msg/custom_state.hpp
[3.254s] -- Up-to-date: /home/lasantha/ros2_ws/install/more_interfaces/include/more_interfaces/more_interfaces/msg/detail
[3.254s] -- Installing: /home/lasantha/ros2_ws/install/more_interfaces/include/more_interfaces/more_interfaces/msg/detail/custom_state__struct.hpp
[3.254s] -- Installing: /home/lasantha/ros2_ws/install/more_interfaces/include/more_interfaces/more_interfaces/msg/detail/custom_state__builder.hpp
[3.254s] -- Installing: /home/lasantha/ros2_ws/install/more_interfaces/include/more_interfaces/more_interfaces/msg/detail/custom_state__traits.hpp
[3.254s] -- Up-to-date: /home/lasantha/ros2_ws/install/more_interfaces/include/more_interfaces/more_interfaces
[3.255s] -- Up-to-date: /home/lasantha/ros2_ws/install/more_interfaces/include/more_interfaces/more_interfaces/msg
[3.255s] -- Installing: /home/lasantha/ros2_ws/install/more_interfaces/include/more_interfaces/more_interfaces/msg/rosidl_typesupport_fastrtps_cpp__visibility_control.h
[3.255s] -- Up-to-date: /home/lasantha/ros2_ws/install/more_interfaces/include/more_interfaces/more_interfaces/msg/detail
[3.255s] -- Installing: /home/lasantha/ros2_ws/install/more_interfaces/include/more_interfaces/more_interfaces/msg/detail/dds_fastrtps
[3.255s] -- Installing: /home/lasantha/ros2_ws/install/more_interfaces/include/more_interfaces/more_interfaces/msg/detail/custom_state__rosidl_typesupport_fastrtps_cpp.hpp
[3.255s] -- Installing: /home/lasantha/ros2_ws/install/more_interfaces/lib/libmore_interfaces__rosidl_typesupport_fastrtps_cpp.so
[3.255s] -- Set runtime path of "/home/lasantha/ros2_ws/install/more_interfaces/lib/libmore_interfaces__rosidl_typesupport_fastrtps_cpp.so" to ""
[3.255s] -- Up-to-date: /home/lasantha/ros2_ws/install/more_interfaces/include/more_interfaces/more_interfaces
[3.255s] -- Up-to-date: /home/lasantha/ros2_ws/install/more_interfaces/include/more_interfaces/more_interfaces/msg
[3.255s] -- Up-to-date: /home/lasantha/ros2_ws/install/more_interfaces/include/more_interfaces/more_interfaces/msg/detail
[3.255s] -- Installing: /home/lasantha/ros2_ws/install/more_interfaces/include/more_interfaces/more_interfaces/msg/detail/custom_state__rosidl_typesupport_introspection_cpp.hpp
[3.255s] -- Installing: /home/lasantha/ros2_ws/install/more_interfaces/include/more_interfaces/more_interfaces/msg/detail/custom_state__type_support.cpp
[3.255s] -- Installing: /home/lasantha/ros2_ws/install/more_interfaces/lib/libmore_interfaces__rosidl_typesupport_introspection_cpp.so
[3.256s] -- Set runtime path of "/home/lasantha/ros2_ws/install/more_interfaces/lib/libmore_interfaces__rosidl_typesupport_introspection_cpp.so" to ""
[3.256s] -- Installing: /home/lasantha/ros2_ws/install/more_interfaces/lib/libmore_interfaces__rosidl_typesupport_cpp.so
[3.256s] -- Set runtime path of "/home/lasantha/ros2_ws/install/more_interfaces/lib/libmore_interfaces__rosidl_typesupport_cpp.so" to ""
[3.256s] -- Installing: /home/lasantha/ros2_ws/install/more_interfaces/share/more_interfaces/environment/pythonpath.sh
[3.256s] -- Installing: /home/lasantha/ros2_ws/install/more_interfaces/share/more_interfaces/environment/pythonpath.dsv
[3.256s] -- Installing: /home/lasantha/ros2_ws/install/more_interfaces/lib/python3.10/site-packages/more_interfaces-0.0.0-py3.10.egg-info
[3.256s] -- Installing: /home/lasantha/ros2_ws/install/more_interfaces/lib/python3.10/site-packages/more_interfaces-0.0.0-py3.10.egg-info/dependency_links.txt
[3.256s] -- Installing: /home/lasantha/ros2_ws/install/more_interfaces/lib/python3.10/site-packages/more_interfaces-0.0.0-py3.10.egg-info/top_level.txt
[3.256s] -- Installing: /home/lasantha/ros2_ws/install/more_interfaces/lib/python3.10/site-packages/more_interfaces-0.0.0-py3.10.egg-info/PKG-INFO
[3.256s] -- Installing: /home/lasantha/ros2_ws/install/more_interfaces/lib/python3.10/site-packages/more_interfaces-0.0.0-py3.10.egg-info/SOURCES.txt
[3.257s] -- Installing: /home/lasantha/ros2_ws/install/more_interfaces/lib/python3.10/site-packages/more_interfaces
[3.257s] -- Installing: /home/lasantha/ros2_ws/install/more_interfaces/lib/python3.10/site-packages/more_interfaces/_more_interfaces_s.ep.rosidl_typesupport_fastrtps_c.c
[3.257s] -- Installing: /home/lasantha/ros2_ws/install/more_interfaces/lib/python3.10/site-packages/more_interfaces/msg
[3.257s] -- Installing: /home/lasantha/ros2_ws/install/more_interfaces/lib/python3.10/site-packages/more_interfaces/msg/_custom_state.py
[3.257s] -- Installing: /home/lasantha/ros2_ws/install/more_interfaces/lib/python3.10/site-packages/more_interfaces/msg/__init__.py
[3.257s] -- Installing: /home/lasantha/ros2_ws/install/more_interfaces/lib/python3.10/site-packages/more_interfaces/msg/_custom_state_s.c
[3.257s] -- Installing: /home/lasantha/ros2_ws/install/more_interfaces/lib/python3.10/site-packages/more_interfaces/__init__.py
[3.257s] -- Installing: /home/lasantha/ros2_ws/install/more_interfaces/lib/python3.10/site-packages/more_interfaces/more_interfaces_s__rosidl_typesupport_fastrtps_c.cpython-310-x86_64-linux-gnu.so
[3.257s] -- Installing: /home/lasantha/ros2_ws/install/more_interfaces/lib/python3.10/site-packages/more_interfaces/_more_interfaces_s.ep.rosidl_typesupport_c.c
[3.257s] -- Installing: /home/lasantha/ros2_ws/install/more_interfaces/lib/python3.10/site-packages/more_interfaces/_more_interfaces_s.ep.rosidl_typesupport_introspection_c.c
[3.257s] -- Installing: /home/lasantha/ros2_ws/install/more_interfaces/lib/python3.10/site-packages/more_interfaces/more_interfaces_s__rosidl_typesupport_introspection_c.cpython-310-x86_64-linux-gnu.so
[3.257s] -- Installing: /home/lasantha/ros2_ws/install/more_interfaces/lib/python3.10/site-packages/more_interfaces/more_interfaces_s__rosidl_typesupport_c.cpython-310-x86_64-linux-gnu.so
[3.258s] -- Installing: /home/lasantha/ros2_ws/install/more_interfaces/lib/python3.10/site-packages/more_interfaces/libmore_interfaces__rosidl_generator_py.so
[3.287s] Listing '/home/lasantha/ros2_ws/install/more_interfaces/lib/python3.10/site-packages/more_interfaces'...
[3.288s] Compiling '/home/lasantha/ros2_ws/install/more_interfaces/lib/python3.10/site-packages/more_interfaces/__init__.py'...
[3.288s] Listing '/home/lasantha/ros2_ws/install/more_interfaces/lib/python3.10/site-packages/more_interfaces/msg'...
[3.288s] Compiling '/home/lasantha/ros2_ws/install/more_interfaces/lib/python3.10/site-packages/more_interfaces/msg/__init__.py'...
[3.288s] Compiling '/home/lasantha/ros2_ws/install/more_interfaces/lib/python3.10/site-packages/more_interfaces/msg/_custom_state.py'...
[3.290s] -- Installing: /home/lasantha/ros2_ws/install/more_interfaces/lib/python3.10/site-packages/more_interfaces/more_interfaces_s__rosidl_typesupport_fastrtps_c.cpython-310-x86_64-linux-gnu.so
[3.290s] -- Set runtime path of "/home/lasantha/ros2_ws/install/more_interfaces/lib/python3.10/site-packages/more_interfaces/more_interfaces_s__rosidl_typesupport_fastrtps_c.cpython-310-x86_64-linux-gnu.so" to ""
[3.290s] -- Installing: /home/lasantha/ros2_ws/install/more_interfaces/lib/python3.10/site-packages/more_interfaces/more_interfaces_s__rosidl_typesupport_introspection_c.cpython-310-x86_64-linux-gnu.so
[3.291s] -- Set runtime path of "/home/lasantha/ros2_ws/install/more_interfaces/lib/python3.10/site-packages/more_interfaces/more_interfaces_s__rosidl_typesupport_introspection_c.cpython-310-x86_64-linux-gnu.so" to ""
[3.291s] -- Installing: /home/lasantha/ros2_ws/install/more_interfaces/lib/python3.10/site-packages/more_interfaces/more_interfaces_s__rosidl_typesupport_c.cpython-310-x86_64-linux-gnu.so
[3.291s] -- Set runtime path of "/home/lasantha/ros2_ws/install/more_interfaces/lib/python3.10/site-packages/more_interfaces/more_interfaces_s__rosidl_typesupport_c.cpython-310-x86_64-linux-gnu.so" to ""
[3.291s] -- Installing: /home/lasantha/ros2_ws/install/more_interfaces/lib/libmore_interfaces__rosidl_generator_py.so
[3.291s] -- Set runtime path of "/home/lasantha/ros2_ws/install/more_interfaces/lib/libmore_interfaces__rosidl_generator_py.so" to ""
[3.291s] -- Installing: /home/lasantha/ros2_ws/install/more_interfaces/share/more_interfaces/msg/CustomState.idl
[3.291s] -- Installing: /home/lasantha/ros2_ws/install/more_interfaces/share/more_interfaces/msg/CustomState.msg
[3.291s] -- Installing: /home/lasantha/ros2_ws/install/more_interfaces/share/ament_index/resource_index/package_run_dependencies/more_interfaces
[3.292s] -- Installing: /home/lasantha/ros2_ws/install/more_interfaces/share/ament_index/resource_index/parent_prefix_path/more_interfaces
[3.292s] -- Installing: /home/lasantha/ros2_ws/install/more_interfaces/share/more_interfaces/environment/ament_prefix_path.sh
[3.292s] -- Installing: /home/lasantha/ros2_ws/install/more_interfaces/share/more_interfaces/environment/ament_prefix_path.dsv
[3.292s] -- Installing: /home/lasantha/ros2_ws/install/more_interfaces/share/more_interfaces/environment/path.sh
[3.292s] -- Installing: /home/lasantha/ros2_ws/install/more_interfaces/share/more_interfaces/environment/path.dsv
[3.292s] -- Installing: /home/lasantha/ros2_ws/install/more_interfaces/share/more_interfaces/local_setup.bash
[3.292s] -- Installing: /home/lasantha/ros2_ws/install/more_interfaces/share/more_interfaces/local_setup.sh
[3.292s] -- Installing: /home/lasantha/ros2_ws/install/more_interfaces/share/more_interfaces/local_setup.zsh
[3.292s] -- Installing: /home/lasantha/ros2_ws/install/more_interfaces/share/more_interfaces/local_setup.dsv
[3.292s] -- Installing: /home/lasantha/ros2_ws/install/more_interfaces/share/more_interfaces/package.dsv
[3.293s] -- Installing: /home/lasantha/ros2_ws/install/more_interfaces/share/ament_index/resource_index/packages/more_interfaces
[3.293s] -- Installing: /home/lasantha/ros2_ws/install/more_interfaces/share/more_interfaces/cmake/export_more_interfaces__rosidl_generator_cExport.cmake
[3.293s] -- Installing: /home/lasantha/ros2_ws/install/more_interfaces/share/more_interfaces/cmake/export_more_interfaces__rosidl_generator_cExport-noconfig.cmake
[3.293s] -- Installing: /home/lasantha/ros2_ws/install/more_interfaces/share/more_interfaces/cmake/export_more_interfaces__rosidl_typesupport_fastrtps_cExport.cmake
[3.293s] -- Installing: /home/lasantha/ros2_ws/install/more_interfaces/share/more_interfaces/cmake/export_more_interfaces__rosidl_typesupport_fastrtps_cExport-noconfig.cmake
[3.293s] -- Installing: /home/lasantha/ros2_ws/install/more_interfaces/share/more_interfaces/cmake/more_interfaces__rosidl_typesupport_introspection_cExport.cmake
[3.293s] -- Installing: /home/lasantha/ros2_ws/install/more_interfaces/share/more_interfaces/cmake/more_interfaces__rosidl_typesupport_introspection_cExport-noconfig.cmake
[3.293s] -- Installing: /home/lasantha/ros2_ws/install/more_interfaces/share/more_interfaces/cmake/more_interfaces__rosidl_typesupport_cExport.cmake
[3.293s] -- Installing: /home/lasantha/ros2_ws/install/more_interfaces/share/more_interfaces/cmake/more_interfaces__rosidl_typesupport_cExport-noconfig.cmake
[3.294s] -- Installing: /home/lasantha/ros2_ws/install/more_interfaces/share/more_interfaces/cmake/export_more_interfaces__rosidl_generator_cppExport.cmake
[3.294s] -- Installing: /home/lasantha/ros2_ws/install/more_interfaces/share/more_interfaces/cmake/export_more_interfaces__rosidl_typesupport_fastrtps_cppExport.cmake
[3.294s] -- Installing: /home/lasantha/ros2_ws/install/more_interfaces/share/more_interfaces/cmake/export_more_interfaces__rosidl_typesupport_fastrtps_cppExport-noconfig.cmake
[3.294s] -- Installing: /home/lasantha/ros2_ws/install/more_interfaces/share/more_interfaces/cmake/more_interfaces__rosidl_typesupport_introspection_cppExport.cmake
[3.294s] -- Installing: /home/lasantha/ros2_ws/install/more_interfaces/share/more_interfaces/cmake/more_interfaces__rosidl_typesupport_introspection_cppExport-noconfig.cmake
[3.294s] -- Installing: /home/lasantha/ros2_ws/install/more_interfaces/share/more_interfaces/cmake/more_interfaces__rosidl_typesupport_cppExport.cmake
[3.294s] -- Installing: /home/lasantha/ros2_ws/install/more_interfaces/share/more_interfaces/cmake/more_interfaces__rosidl_typesupport_cppExport-noconfig.cmake
[3.294s] -- Installing: /home/lasantha/ros2_ws/install/more_interfaces/share/more_interfaces/cmake/export_more_interfaces__rosidl_generator_pyExport.cmake
[3.294s] -- Installing: /home/lasantha/ros2_ws/install/more_interfaces/share/more_interfaces/cmake/export_more_interfaces__rosidl_generator_pyExport-noconfig.cmake
[3.295s] -- Installing: /home/lasantha/ros2_ws/install/more_interfaces/share/more_interfaces/cmake/rosidl_cmake-extras.cmake
[3.295s] -- Installing: /home/lasantha/ros2_ws/install/more_interfaces/share/more_interfaces/cmake/ament_cmake_export_include_directories-extras.cmake
[3.295s] -- Installing: /home/lasantha/ros2_ws/install/more_interfaces/share/more_interfaces/cmake/ament_cmake_export_libraries-extras.cmake
[3.295s] -- Installing: /home/lasantha/ros2_ws/install/more_interfaces/share/more_interfaces/cmake/ament_cmake_export_targets-extras.cmake
[3.295s] -- Installing: /home/lasantha/ros2_ws/install/more_interfaces/share/more_interfaces/cmake/rosidl_cmake_export_typesupport_targets-extras.cmake
[3.295s] -- Installing: /home/lasantha/ros2_ws/install/more_interfaces/share/more_interfaces/cmake/ament_cmake_export_dependencies-extras.cmake
[3.295s] -- Installing: /home/lasantha/ros2_ws/install/more_interfaces/share/more_interfaces/cmake/rosidl_cmake_export_typesupport_libraries-extras.cmake
[3.295s] -- Installing: /home/lasantha/ros2_ws/install/more_interfaces/share/more_interfaces/cmake/more_interfacesConfig.cmake
[3.295s] -- Installing: /home/lasantha/ros2_ws/install/more_interfaces/share/more_interfaces/cmake/more_interfacesConfig-version.cmake
[3.295s] -- Installing: /home/lasantha/ros2_ws/install/more_interfaces/share/more_interfaces/package.xml
[3.297s] Invoked command in '/home/lasantha/ros2_ws/build/more_interfaces' returned '0': CMAKE_PREFIX_PATH=${CMAKE_PREFIX_PATH}:/home/lasantha/ros2_ws/install/py_pubsub:/home/lasantha/ros2_ws/install/py_2wbot_ctrl:/home/lasantha/ros2_ws/install/launch_testing_examples:/home/lasantha/ros2_ws/install/examples_rclpy_pointcloud_publisher:/home/lasantha/ros2_ws/install/examples_rclpy_minimal_subscriber:/home/lasantha/ros2_ws/install/examples_rclpy_minimal_service:/home/lasantha/ros2_ws/install/examples_rclpy_minimal_publisher:/home/lasantha/ros2_ws/install/examples_rclpy_minimal_client:/home/lasantha/ros2_ws/install/examples_rclpy_minimal_action_server:/home/lasantha/ros2_ws/install/examples_rclpy_minimal_action_client:/home/lasantha/ros2_ws/install/examples_rclpy_guard_conditions:/home/lasantha/ros2_ws/install/examples_rclpy_executors:/opt/ros/iron /usr/bin/cmake --install /home/lasantha/ros2_ws/build/more_interfaces
