[0.026s] Invoking command in '/home/lasantha/ros2_ws/build/ros_gz_interfaces': CMAKE_PREFIX_PATH=${CMAKE_PREFIX_PATH}:/home/lasantha/ros2_ws/second_ros2_ws/install/urdf_tutorial_r2d2:/home/lasantha/ros2_ws/install/launch_testing_examples:/home/lasantha/ros2_ws/install/examples_rclpy_pointcloud_publisher:/home/lasantha/ros2_ws/install/examples_rclpy_minimal_subscriber:/home/lasantha/ros2_ws/install/examples_rclpy_minimal_service:/home/lasantha/ros2_ws/install/examples_rclpy_minimal_publisher:/home/lasantha/ros2_ws/install/examples_rclpy_minimal_client:/home/lasantha/ros2_ws/install/examples_rclpy_minimal_action_server:/home/lasantha/ros2_ws/install/examples_rclpy_minimal_action_client:/home/lasantha/ros2_ws/install/examples_rclpy_guard_conditions:/home/lasantha/ros2_ws/install/examples_rclpy_executors:/opt/ros/iron /usr/bin/cmake /home/lasantha/ros2_ws/src/ros_gz/ros_gz_interfaces -DCMAKE_INSTALL_PREFIX=/home/lasantha/ros2_ws/install/ros_gz_interfaces
[0.099s] -- The C compiler identification is GNU 11.4.0
[0.167s] -- The CXX compiler identification is GNU 11.4.0
[0.176s] -- Detecting C compiler ABI info
[0.259s] -- Detecting C compiler ABI info - done
[0.270s] -- Check for working C compiler: /usr/bin/cc - skipped
[0.270s] -- Detecting C compile features
[0.270s] -- Detecting C compile features - done
[0.274s] -- Detecting CXX compiler ABI info
[0.376s] -- Detecting CXX compiler ABI info - done
[0.388s] -- Check for working CXX compiler: /usr/bin/c++ - skipped
[0.389s] -- Detecting CXX compile features
[0.389s] -- Detecting CXX compile features - done
[0.394s] -- Found ament_cmake: 2.0.4 (/opt/ros/iron/share/ament_cmake/cmake)
[0.696s] -- Found Python3: /usr/bin/python3.10 (found version "3.10.12") found components: Interpreter 
[0.814s] -- Found builtin_interfaces: 1.6.0 (/opt/ros/iron/share/builtin_interfaces/cmake)
[0.860s] -- Found rosidl_generator_c: 4.0.1 (/opt/ros/iron/share/rosidl_generator_c/cmake)
[0.874s] -- Found rosidl_generator_cpp: 4.0.1 (/opt/ros/iron/share/rosidl_generator_cpp/cmake)
[0.892s] -- Using all available rosidl_typesupport_c: rosidl_typesupport_fastrtps_c;rosidl_typesupport_introspection_c
[0.909s] -- Using all available rosidl_typesupport_cpp: rosidl_typesupport_fastrtps_cpp;rosidl_typesupport_introspection_cpp
[0.926s] -- Found rcl_interfaces: 1.6.0 (/opt/ros/iron/share/rcl_interfaces/cmake)
[1.015s] -- Found std_msgs: 5.0.0 (/opt/ros/iron/share/std_msgs/cmake)
[1.041s] -- Found geometry_msgs: 5.0.0 (/opt/ros/iron/share/geometry_msgs/cmake)
[1.071s] -- Found rosidl_default_generators: 1.5.0 (/opt/ros/iron/share/rosidl_default_generators/cmake)
[1.086s] -- Found rosidl_adapter: 4.0.1 (/opt/ros/iron/share/rosidl_adapter/cmake)
[1.546s] -- Found ament_cmake_cppcheck: 0.14.3 (/opt/ros/iron/share/ament_cmake_cppcheck/cmake)
[1.548s] -- Found ament_cmake_cpplint: 0.14.3 (/opt/ros/iron/share/ament_cmake_cpplint/cmake)
[1.551s] -- Found ament_cmake_uncrustify: 0.14.3 (/opt/ros/iron/share/ament_cmake_uncrustify/cmake)
[1.554s] -- Found ament_cmake_ros: 0.11.2 (/opt/ros/iron/share/ament_cmake_ros/cmake)
[1.943s] -- Using all available rosidl_typesupport_c: rosidl_typesupport_fastrtps_c;rosidl_typesupport_introspection_c
[2.096s] -- Using all available rosidl_typesupport_cpp: rosidl_typesupport_fastrtps_cpp;rosidl_typesupport_introspection_cpp
[2.121s] -- Found PythonInterp: /usr/bin/python3 (found suitable version "3.10.12", minimum required is "3.6") 
[2.123s] -- Found python_cmake_module: 0.10.2 (/opt/ros/iron/share/python_cmake_module/cmake)
[2.148s] -- Found PythonLibs: /usr/lib/x86_64-linux-gnu/libpython3.10.so (found suitable version "3.10.12", minimum required is "3.5") 
[2.148s] -- Using PYTHON_EXECUTABLE: /usr/bin/python3
[2.148s] -- Using PYTHON_INCLUDE_DIRS: /usr/include/python3.10
[2.148s] -- Using PYTHON_LIBRARIES: /usr/lib/x86_64-linux-gnu/libpython3.10.so
[2.169s] -- Found PythonExtra: .so  
[2.235s] -- Found ament_cmake_flake8: 0.14.3 (/opt/ros/iron/share/ament_cmake_flake8/cmake)
[2.238s] -- Found ament_cmake_pep257: 0.14.3 (/opt/ros/iron/share/ament_cmake_pep257/cmake)
[2.243s] -- Configuring done
[2.292s] -- Generating done
[2.294s] -- Build files have been written to: /home/lasantha/ros2_ws/build/ros_gz_interfaces
