[0.037s] Invoking command in '/home/lasantha/ros2_ws/build/examples_rclcpp_async_client': CMAKE_PREFIX_PATH=/opt/ros/iron /usr/bin/cmake /home/lasantha/ros2_ws/src/examples/rclcpp/services/async_client -DAMENT_CMAKE_SYMLINK_INSTALL=1 -DCMAKE_INSTALL_PREFIX=/home/lasantha/ros2_ws/install/examples_rclcpp_async_client
[0.052s] -- Found ament_cmake: 2.0.4 (/opt/ros/iron/share/ament_cmake/cmake)
[0.321s] -- Found Python3: /usr/bin/python3.10 (found version "3.10.12") found components: Interpreter 
[0.403s] -- Override CMake install command with custom implementation using symlinks instead of copying resources
[0.425s] -- Found example_interfaces: 0.10.2 (/opt/ros/iron/share/example_interfaces/cmake)
[0.470s] -- Found rosidl_generator_c: 4.0.1 (/opt/ros/iron/share/rosidl_generator_c/cmake)
[0.484s] -- Found rosidl_generator_cpp: 4.0.1 (/opt/ros/iron/share/rosidl_generator_cpp/cmake)
[0.504s] -- Using all available rosidl_typesupport_c: rosidl_typesupport_fastrtps_c;rosidl_typesupport_introspection_c
[0.528s] -- Using all available rosidl_typesupport_cpp: rosidl_typesupport_fastrtps_cpp;rosidl_typesupport_introspection_cpp
[0.836s] -- Found rclcpp: 21.0.5 (/opt/ros/iron/share/rclcpp/cmake)
[0.975s] -- Found rmw_implementation_cmake: 7.1.0 (/opt/ros/iron/share/rmw_implementation_cmake/cmake)
[0.977s] -- Found rmw_fastrtps_cpp: 7.1.3 (/opt/ros/iron/share/rmw_fastrtps_cpp/cmake)
[1.107s] -- Found OpenSSL: /usr/lib/x86_64-linux-gnu/libcrypto.so (found version "3.0.2")  
[1.142s] -- Found FastRTPS: /opt/ros/iron/include  
[1.197s] -- Using RMW implementation 'rmw_fastrtps_cpp' as default
[1.408s] -- Found ament_lint_auto: 0.14.3 (/opt/ros/iron/share/ament_lint_auto/cmake)
[1.505s] -- Added test 'copyright' to check source files copyright and LICENSE
[1.506s] -- Added test 'cppcheck' to perform static code analysis on C / C++ code
[1.507s] -- Configured cppcheck include dirs: 
[1.507s] -- Configured cppcheck exclude dirs and/or files: 
[1.508s] -- Added test 'cpplint' to check C / C++ code against the Google style
[1.508s] -- Configured cpplint exclude dirs and/or files: 
[1.510s] -- Added test 'lint_cmake' to check CMake code style
[1.511s] -- Added test 'uncrustify' to check C / C++ code style
[1.511s] -- Configured uncrustify additional arguments: 
[1.511s] -- Added test 'xmllint' to check XML markup files
[1.513s] -- Configuring done
[1.525s] -- Generating done
[1.527s] -- Build files have been written to: /home/lasantha/ros2_ws/build/examples_rclcpp_async_client
[1.550s] Invoked command in '/home/lasantha/ros2_ws/build/examples_rclcpp_async_client' returned '0': CMAKE_PREFIX_PATH=/opt/ros/iron /usr/bin/cmake /home/lasantha/ros2_ws/src/examples/rclcpp/services/async_client -DAMENT_CMAKE_SYMLINK_INSTALL=1 -DCMAKE_INSTALL_PREFIX=/home/lasantha/ros2_ws/install/examples_rclcpp_async_client
[1.550s] Invoking command in '/home/lasantha/ros2_ws/build/examples_rclcpp_async_client': CMAKE_PREFIX_PATH=/opt/ros/iron /usr/bin/cmake --build /home/lasantha/ros2_ws/build/examples_rclcpp_async_client -- -j8 -l8
[1.715s] [ 50%] [32mBuilding CXX object CMakeFiles/client_main.dir/main.cpp.o[0m
[25.589s] [100%] [32m[1mLinking CXX executable client_main[0m
[26.431s] [100%] Built target client_main
[26.473s] Invoked command in '/home/lasantha/ros2_ws/build/examples_rclcpp_async_client' returned '0': CMAKE_PREFIX_PATH=/opt/ros/iron /usr/bin/cmake --build /home/lasantha/ros2_ws/build/examples_rclcpp_async_client -- -j8 -l8
[26.768s] Invoking command in '/home/lasantha/ros2_ws/build/examples_rclcpp_async_client': CMAKE_PREFIX_PATH=/opt/ros/iron /usr/bin/cmake --install /home/lasantha/ros2_ws/build/examples_rclcpp_async_client
[26.970s] -- Install configuration: ""
[26.970s] -- Execute custom install script
[26.970s] -- Symlinking: /home/lasantha/ros2_ws/install/examples_rclcpp_async_client/lib/examples_rclcpp_async_client/client_main
[26.970s] -- Symlinking: /home/lasantha/ros2_ws/install/examples_rclcpp_async_client/share/ament_index/resource_index/package_run_dependencies/examples_rclcpp_async_client
[26.970s] -- Symlinking: /home/lasantha/ros2_ws/install/examples_rclcpp_async_client/share/ament_index/resource_index/parent_prefix_path/examples_rclcpp_async_client
[26.971s] -- Symlinking: /home/lasantha/ros2_ws/install/examples_rclcpp_async_client/share/examples_rclcpp_async_client/environment/ament_prefix_path.sh
[26.971s] -- Symlinking: /home/lasantha/ros2_ws/install/examples_rclcpp_async_client/share/examples_rclcpp_async_client/environment/ament_prefix_path.dsv
[26.990s] -- Symlinking: /home/lasantha/ros2_ws/install/examples_rclcpp_async_client/share/examples_rclcpp_async_client/environment/path.sh
[27.031s] -- Symlinking: /home/lasantha/ros2_ws/install/examples_rclcpp_async_client/share/examples_rclcpp_async_client/environment/path.dsv
[27.074s] -- Symlinking: /home/lasantha/ros2_ws/install/examples_rclcpp_async_client/share/examples_rclcpp_async_client/local_setup.bash
[27.101s] -- Symlinking: /home/lasantha/ros2_ws/install/examples_rclcpp_async_client/share/examples_rclcpp_async_client/local_setup.sh
[27.122s] -- Symlinking: /home/lasantha/ros2_ws/install/examples_rclcpp_async_client/share/examples_rclcpp_async_client/local_setup.zsh
[27.143s] -- Symlinking: /home/lasantha/ros2_ws/install/examples_rclcpp_async_client/share/examples_rclcpp_async_client/local_setup.dsv
[27.190s] -- Symlinking: /home/lasantha/ros2_ws/install/examples_rclcpp_async_client/share/examples_rclcpp_async_client/package.dsv
[27.208s] -- Symlinking: /home/lasantha/ros2_ws/install/examples_rclcpp_async_client/share/ament_index/resource_index/packages/examples_rclcpp_async_client
[27.234s] -- Symlinking: /home/lasantha/ros2_ws/install/examples_rclcpp_async_client/share/examples_rclcpp_async_client/cmake/examples_rclcpp_async_clientConfig.cmake
[27.250s] -- Symlinking: /home/lasantha/ros2_ws/install/examples_rclcpp_async_client/share/examples_rclcpp_async_client/cmake/examples_rclcpp_async_clientConfig-version.cmake
[27.279s] -- Symlinking: /home/lasantha/ros2_ws/install/examples_rclcpp_async_client/share/examples_rclcpp_async_client/package.xml
[27.321s] Invoked command in '/home/lasantha/ros2_ws/build/examples_rclcpp_async_client' returned '0': CMAKE_PREFIX_PATH=/opt/ros/iron /usr/bin/cmake --install /home/lasantha/ros2_ws/build/examples_rclcpp_async_client
