[0.019s] Invoking command in '/home/lasantha/ros2_ws/build/examples_rclcpp_minimal_publisher': CMAKE_PREFIX_PATH=${CMAKE_PREFIX_PATH}:/home/lasantha/ros2_ws/install/py_2wbot_ctrl:/home/lasantha/ros2_ws/install/py_pubsub:/home/lasantha/ros2_ws/install/launch_testing_examples:/home/lasantha/ros2_ws/install/examples_rclpy_pointcloud_publisher:/home/lasantha/ros2_ws/install/examples_rclpy_minimal_subscriber:/home/lasantha/ros2_ws/install/examples_rclpy_minimal_service:/home/lasantha/ros2_ws/install/examples_rclpy_minimal_publisher:/home/lasantha/ros2_ws/install/examples_rclpy_minimal_client:/home/lasantha/ros2_ws/install/examples_rclpy_minimal_action_server:/home/lasantha/ros2_ws/install/examples_rclpy_minimal_action_client:/home/lasantha/ros2_ws/install/examples_rclpy_guard_conditions:/home/lasantha/ros2_ws/install/examples_rclpy_executors:/opt/ros/iron /usr/bin/cmake --build /home/lasantha/ros2_ws/build/examples_rclcpp_minimal_publisher -- -j8 -l8
[0.103s] [ 16%] Built target publisher_member_function
[0.108s] [ 33%] Built target publisher_wait_for_all_acked
[0.120s] [ 50%] Built target publisher_lambda
[0.121s] [ 66%] Built target publisher_not_composable
[0.127s] [ 83%] Built target publisher_member_function_with_type_adapter
[0.132s] [100%] Built target publisher_member_function_with_unique_network_flow_endpoints
[0.157s] Invoked command in '/home/lasantha/ros2_ws/build/examples_rclcpp_minimal_publisher' returned '0': CMAKE_PREFIX_PATH=${CMAKE_PREFIX_PATH}:/home/lasantha/ros2_ws/install/py_2wbot_ctrl:/home/lasantha/ros2_ws/install/py_pubsub:/home/lasantha/ros2_ws/install/launch_testing_examples:/home/lasantha/ros2_ws/install/examples_rclpy_pointcloud_publisher:/home/lasantha/ros2_ws/install/examples_rclpy_minimal_subscriber:/home/lasantha/ros2_ws/install/examples_rclpy_minimal_service:/home/lasantha/ros2_ws/install/examples_rclpy_minimal_publisher:/home/lasantha/ros2_ws/install/examples_rclpy_minimal_client:/home/lasantha/ros2_ws/install/examples_rclpy_minimal_action_server:/home/lasantha/ros2_ws/install/examples_rclpy_minimal_action_client:/home/lasantha/ros2_ws/install/examples_rclpy_guard_conditions:/home/lasantha/ros2_ws/install/examples_rclpy_executors:/opt/ros/iron /usr/bin/cmake --build /home/lasantha/ros2_ws/build/examples_rclcpp_minimal_publisher -- -j8 -l8
[0.264s] Invoking command in '/home/lasantha/ros2_ws/build/examples_rclcpp_minimal_publisher': CMAKE_PREFIX_PATH=${CMAKE_PREFIX_PATH}:/home/lasantha/ros2_ws/install/py_2wbot_ctrl:/home/lasantha/ros2_ws/install/py_pubsub:/home/lasantha/ros2_ws/install/launch_testing_examples:/home/lasantha/ros2_ws/install/examples_rclpy_pointcloud_publisher:/home/lasantha/ros2_ws/install/examples_rclpy_minimal_subscriber:/home/lasantha/ros2_ws/install/examples_rclpy_minimal_service:/home/lasantha/ros2_ws/install/examples_rclpy_minimal_publisher:/home/lasantha/ros2_ws/install/examples_rclpy_minimal_client:/home/lasantha/ros2_ws/install/examples_rclpy_minimal_action_server:/home/lasantha/ros2_ws/install/examples_rclpy_minimal_action_client:/home/lasantha/ros2_ws/install/examples_rclpy_guard_conditions:/home/lasantha/ros2_ws/install/examples_rclpy_executors:/opt/ros/iron /usr/bin/cmake --install /home/lasantha/ros2_ws/build/examples_rclcpp_minimal_publisher
[0.278s] -- Install configuration: ""
[0.278s] -- Execute custom install script
[0.279s] -- Up-to-date symlink: /home/lasantha/ros2_ws/install/examples_rclcpp_minimal_publisher/lib/examples_rclcpp_minimal_publisher/publisher_lambda
[0.279s] -- Up-to-date symlink: /home/lasantha/ros2_ws/install/examples_rclcpp_minimal_publisher/lib/examples_rclcpp_minimal_publisher/publisher_member_function
[0.279s] -- Up-to-date symlink: /home/lasantha/ros2_ws/install/examples_rclcpp_minimal_publisher/lib/examples_rclcpp_minimal_publisher/publisher_member_function_with_type_adapter
[0.281s] -- Up-to-date symlink: /home/lasantha/ros2_ws/install/examples_rclcpp_minimal_publisher/lib/examples_rclcpp_minimal_publisher/publisher_member_function_with_unique_network_flow_endpoints
[0.281s] -- Up-to-date symlink: /home/lasantha/ros2_ws/install/examples_rclcpp_minimal_publisher/lib/examples_rclcpp_minimal_publisher/publisher_wait_for_all_acked
[0.281s] -- Up-to-date symlink: /home/lasantha/ros2_ws/install/examples_rclcpp_minimal_publisher/lib/examples_rclcpp_minimal_publisher/publisher_not_composable
[0.281s] -- Up-to-date symlink: /home/lasantha/ros2_ws/install/examples_rclcpp_minimal_publisher/share/ament_index/resource_index/package_run_dependencies/examples_rclcpp_minimal_publisher
[0.281s] -- Up-to-date symlink: /home/lasantha/ros2_ws/install/examples_rclcpp_minimal_publisher/share/ament_index/resource_index/parent_prefix_path/examples_rclcpp_minimal_publisher
[0.282s] -- Up-to-date symlink: /home/lasantha/ros2_ws/install/examples_rclcpp_minimal_publisher/share/examples_rclcpp_minimal_publisher/environment/ament_prefix_path.sh
[0.282s] -- Up-to-date symlink: /home/lasantha/ros2_ws/install/examples_rclcpp_minimal_publisher/share/examples_rclcpp_minimal_publisher/environment/ament_prefix_path.dsv
[0.282s] -- Up-to-date symlink: /home/lasantha/ros2_ws/install/examples_rclcpp_minimal_publisher/share/examples_rclcpp_minimal_publisher/environment/path.sh
[0.282s] -- Up-to-date symlink: /home/lasantha/ros2_ws/install/examples_rclcpp_minimal_publisher/share/examples_rclcpp_minimal_publisher/environment/path.dsv
[0.284s] -- Up-to-date symlink: /home/lasantha/ros2_ws/install/examples_rclcpp_minimal_publisher/share/examples_rclcpp_minimal_publisher/local_setup.bash
[0.284s] -- Up-to-date symlink: /home/lasantha/ros2_ws/install/examples_rclcpp_minimal_publisher/share/examples_rclcpp_minimal_publisher/local_setup.sh
[0.284s] -- Up-to-date symlink: /home/lasantha/ros2_ws/install/examples_rclcpp_minimal_publisher/share/examples_rclcpp_minimal_publisher/local_setup.zsh
[0.284s] -- Up-to-date symlink: /home/lasantha/ros2_ws/install/examples_rclcpp_minimal_publisher/share/examples_rclcpp_minimal_publisher/local_setup.dsv
[0.284s] -- Symlinking: /home/lasantha/ros2_ws/install/examples_rclcpp_minimal_publisher/share/examples_rclcpp_minimal_publisher/package.dsv
[0.295s] -- Up-to-date symlink: /home/lasantha/ros2_ws/install/examples_rclcpp_minimal_publisher/share/ament_index/resource_index/packages/examples_rclcpp_minimal_publisher
[0.295s] -- Up-to-date symlink: /home/lasantha/ros2_ws/install/examples_rclcpp_minimal_publisher/share/examples_rclcpp_minimal_publisher/cmake/examples_rclcpp_minimal_publisherConfig.cmake
[0.296s] -- Up-to-date symlink: /home/lasantha/ros2_ws/install/examples_rclcpp_minimal_publisher/share/examples_rclcpp_minimal_publisher/cmake/examples_rclcpp_minimal_publisherConfig-version.cmake
[0.296s] -- Up-to-date symlink: /home/lasantha/ros2_ws/install/examples_rclcpp_minimal_publisher/share/examples_rclcpp_minimal_publisher/package.xml
[0.301s] Invoked command in '/home/lasantha/ros2_ws/build/examples_rclcpp_minimal_publisher' returned '0': CMAKE_PREFIX_PATH=${CMAKE_PREFIX_PATH}:/home/lasantha/ros2_ws/install/py_2wbot_ctrl:/home/lasantha/ros2_ws/install/py_pubsub:/home/lasantha/ros2_ws/install/launch_testing_examples:/home/lasantha/ros2_ws/install/examples_rclpy_pointcloud_publisher:/home/lasantha/ros2_ws/install/examples_rclpy_minimal_subscriber:/home/lasantha/ros2_ws/install/examples_rclpy_minimal_service:/home/lasantha/ros2_ws/install/examples_rclpy_minimal_publisher:/home/lasantha/ros2_ws/install/examples_rclpy_minimal_client:/home/lasantha/ros2_ws/install/examples_rclpy_minimal_action_server:/home/lasantha/ros2_ws/install/examples_rclpy_minimal_action_client:/home/lasantha/ros2_ws/install/examples_rclpy_guard_conditions:/home/lasantha/ros2_ws/install/examples_rclpy_executors:/opt/ros/iron /usr/bin/cmake --install /home/lasantha/ros2_ws/build/examples_rclcpp_minimal_publisher
