[0.012s] Invoking command in '/home/lasantha/ros2_ws/build/examples_rclcpp_cbg_executor': /usr/bin/cmake /home/lasantha/ros2_ws/src/examples/rclcpp/executors/cbg_executor -DAMENT_CMAKE_SYMLINK_INSTALL=1 -DCMAKE_INSTALL_PREFIX=/home/lasantha/ros2_ws/install/examples_rclcpp_cbg_executor
[0.076s] -- The C compiler identification is GNU 11.4.0
[0.135s] -- The CXX compiler identification is GNU 11.4.0
[0.143s] -- Detecting C compiler ABI info
[0.215s] -- Detecting C compiler ABI info - done
[0.225s] -- Check for working C compiler: /usr/bin/cc - skipped
[0.225s] -- Detecting C compile features
[0.226s] -- Detecting C compile features - done
[0.229s] -- Detecting CXX compiler ABI info
[0.322s] -- Detecting CXX compiler ABI info - done
[0.335s] -- Check for working CXX compiler: /usr/bin/c++ - skipped
[0.335s] -- Detecting CXX compile features
[0.336s] -- Detecting CXX compile features - done
[0.352s] [31mCMake Error at CMakeLists.txt:14 (find_package):
[0.352s]   By not providing "Findament_cmake.cmake" in CMAKE_MODULE_PATH this project
[0.353s]   has asked CMake to find a package configuration file provided by
[0.353s]   "ament_cmake", but CMake did not find one.
[0.353s] 
[0.353s]   Could not find a package configuration file provided by "ament_cmake" with
[0.353s]   any of the following names:
[0.353s] 
[0.353s]     ament_cmakeConfig.cmake
[0.353s]     ament_cmake-config.cmake
[0.353s] 
[0.353s]   Add the installation prefix of "ament_cmake" to CMAKE_PREFIX_PATH or set
[0.353s]   "ament_cmake_DIR" to a directory containing one of the above files.  If
[0.353s]   "ament_cmake" provides a separate development package or SDK, be sure it
[0.353s]   has been installed.
[0.353s] 
[0.353s] [0m
[0.354s] -- Configuring incomplete, errors occurred!
[0.354s] See also "/home/lasantha/ros2_ws/build/examples_rclcpp_cbg_executor/CMakeFiles/CMakeOutput.log".
[0.362s] Invoked command in '/home/lasantha/ros2_ws/build/examples_rclcpp_cbg_executor' returned '1': /usr/bin/cmake /home/lasantha/ros2_ws/src/examples/rclcpp/executors/cbg_executor -DAMENT_CMAKE_SYMLINK_INSTALL=1 -DCMAKE_INSTALL_PREFIX=/home/lasantha/ros2_ws/install/examples_rclcpp_cbg_executor
