[1.745s] Invoking command in '/home/lasantha/ros2_ws/build/examples_rclpy_minimal_publisher': PYTHONPATH=/home/lasantha/ros2_ws/build/examples_rclpy_minimal_publisher/prefix_override:/home/lasantha/ros2_ws/install/examples_rclpy_minimal_publisher/lib/python3.10/site-packages:${PYTHONPATH} /usr/bin/python3 -W ignore:setup.py install is deprecated setup.py develop --editable --build-directory /home/lasantha/ros2_ws/build/examples_rclpy_minimal_publisher/build --no-deps symlink_data
[2.425s] running develop
[2.426s] /usr/lib/python3/dist-packages/setuptools/command/easy_install.py:158: EasyInstallDeprecationWarning: easy_install command is deprecated. Use build and pip and other standards-based tools.
[2.426s]   warnings.warn(
[2.776s] running egg_info
[2.777s] creating examples_rclpy_minimal_publisher.egg-info
[2.777s] writing examples_rclpy_minimal_publisher.egg-info/PKG-INFO
[2.777s] writing dependency_links to examples_rclpy_minimal_publisher.egg-info/dependency_links.txt
[2.778s] writing entry points to examples_rclpy_minimal_publisher.egg-info/entry_points.txt
[2.778s] writing requirements to examples_rclpy_minimal_publisher.egg-info/requires.txt
[2.778s] writing top-level names to examples_rclpy_minimal_publisher.egg-info/top_level.txt
[2.779s] writing manifest file 'examples_rclpy_minimal_publisher.egg-info/SOURCES.txt'
[2.782s] reading manifest file 'examples_rclpy_minimal_publisher.egg-info/SOURCES.txt'
[2.784s] writing manifest file 'examples_rclpy_minimal_publisher.egg-info/SOURCES.txt'
[2.786s] running build_ext
[2.787s] Creating /home/lasantha/ros2_ws/install/examples_rclpy_minimal_publisher/lib/python3.10/site-packages/examples-rclpy-minimal-publisher.egg-link (link to .)
[2.788s] Installing publisher_local_function script to /home/lasantha/ros2_ws/install/examples_rclpy_minimal_publisher/lib/examples_rclpy_minimal_publisher
[2.789s] Installing publisher_member_function script to /home/lasantha/ros2_ws/install/examples_rclpy_minimal_publisher/lib/examples_rclpy_minimal_publisher
[2.789s] Installing publisher_old_school script to /home/lasantha/ros2_ws/install/examples_rclpy_minimal_publisher/lib/examples_rclpy_minimal_publisher
[2.789s] 
[2.789s] Installed /home/lasantha/ros2_ws/build/examples_rclpy_minimal_publisher
[2.790s] running symlink_data
[2.790s] creating /home/lasantha/ros2_ws/install/examples_rclpy_minimal_publisher/share/ament_index
[2.790s] creating /home/lasantha/ros2_ws/install/examples_rclpy_minimal_publisher/share/ament_index/resource_index
[2.790s] creating /home/lasantha/ros2_ws/install/examples_rclpy_minimal_publisher/share/ament_index/resource_index/packages
[2.790s] symbolically linking /home/lasantha/ros2_ws/build/examples_rclpy_minimal_publisher/resource/examples_rclpy_minimal_publisher -> /home/lasantha/ros2_ws/install/examples_rclpy_minimal_publisher/share/ament_index/resource_index/packages
[2.791s] symbolically linking /home/lasantha/ros2_ws/build/examples_rclpy_minimal_publisher/package.xml -> /home/lasantha/ros2_ws/install/examples_rclpy_minimal_publisher/share/examples_rclpy_minimal_publisher
[2.852s] Invoked command in '/home/lasantha/ros2_ws/build/examples_rclpy_minimal_publisher' returned '0': PYTHONPATH=/home/lasantha/ros2_ws/build/examples_rclpy_minimal_publisher/prefix_override:/home/lasantha/ros2_ws/install/examples_rclpy_minimal_publisher/lib/python3.10/site-packages:${PYTHONPATH} /usr/bin/python3 -W ignore:setup.py install is deprecated setup.py develop --editable --build-directory /home/lasantha/ros2_ws/build/examples_rclpy_minimal_publisher/build --no-deps symlink_data
