[0.011s] Invoking command in '/home/lasantha/ros2_ws/build/ardupilot_msgs': CMAKE_PREFIX_PATH=${CMAKE_PREFIX_PATH}:/home/lasantha/ros2_ws/second_ros2_ws/install/urdf_tutorial_r2d2:/home/lasantha/ros2_ws/install/launch_testing_examples:/home/lasantha/ros2_ws/install/examples_rclpy_pointcloud_publisher:/home/lasantha/ros2_ws/install/examples_rclpy_minimal_subscriber:/home/lasantha/ros2_ws/install/examples_rclpy_minimal_service:/home/lasantha/ros2_ws/install/examples_rclpy_minimal_publisher:/home/lasantha/ros2_ws/install/examples_rclpy_minimal_client:/home/lasantha/ros2_ws/install/examples_rclpy_minimal_action_server:/home/lasantha/ros2_ws/install/examples_rclpy_minimal_action_client:/home/lasantha/ros2_ws/install/examples_rclpy_guard_conditions:/home/lasantha/ros2_ws/install/examples_rclpy_executors:/opt/ros/iron /usr/bin/cmake --build /home/lasantha/ros2_ws/build/ardupilot_msgs -- -j8 -l8
[0.051s] [  1%] [34m[1mGenerating type hashes for ROS interfaces[0m
[0.058s] [  1%] Built target ament_cmake_python_copy_ardupilot_msgs
[0.273s] running egg_info
[0.274s] creating ardupilot_msgs.egg-info
[0.274s] writing ardupilot_msgs.egg-info/PKG-INFO
[0.274s] writing dependency_links to ardupilot_msgs.egg-info/dependency_links.txt
[0.274s] writing top-level names to ardupilot_msgs.egg-info/top_level.txt
[0.275s] writing manifest file 'ardupilot_msgs.egg-info/SOURCES.txt'
[0.276s] reading manifest file 'ardupilot_msgs.egg-info/SOURCES.txt'
[0.276s] writing manifest file 'ardupilot_msgs.egg-info/SOURCES.txt'
[0.294s] [  1%] Built target ament_cmake_python_build_ardupilot_msgs_egg
[0.311s] [  1%] Built target ardupilot_msgs__rosidl_generator_type_description
[0.319s] [  3%] [34m[1mGenerating C code for ROS interfaces[0m
[0.327s] [  5%] [34m[1mGenerating C++ code for ROS interfaces[0m
[0.802s] [  5%] Built target ardupilot_msgs__cpp
[0.872s] [ 11%] [32mBuilding C object CMakeFiles/ardupilot_msgs__rosidl_generator_c.dir/rosidl_generator_c/ardupilot_msgs/msg/detail/global_position__description.c.o[0m
[0.872s] [ 11%] [32mBuilding C object CMakeFiles/ardupilot_msgs__rosidl_generator_c.dir/rosidl_generator_c/ardupilot_msgs/srv/detail/arm_motors__type_support.c.o[0m
[0.872s] [ 11%] [32mBuilding C object CMakeFiles/ardupilot_msgs__rosidl_generator_c.dir/rosidl_generator_c/ardupilot_msgs/msg/detail/global_position__functions.c.o[0m
[0.872s] [ 12%] [32mBuilding C object CMakeFiles/ardupilot_msgs__rosidl_generator_c.dir/rosidl_generator_c/ardupilot_msgs/msg/detail/global_position__type_support.c.o[0m
[0.872s] [ 16%] [32mBuilding C object CMakeFiles/ardupilot_msgs__rosidl_generator_c.dir/rosidl_generator_c/ardupilot_msgs/srv/detail/mode_switch__functions.c.o[0m
[0.872s] [ 16%] [32mBuilding C object CMakeFiles/ardupilot_msgs__rosidl_generator_c.dir/rosidl_generator_c/ardupilot_msgs/srv/detail/arm_motors__description.c.o[0m
[0.872s] [ 18%] [32mBuilding C object CMakeFiles/ardupilot_msgs__rosidl_generator_c.dir/rosidl_generator_c/ardupilot_msgs/srv/detail/arm_motors__functions.c.o[0m
[0.872s] [ 20%] [32mBuilding C object CMakeFiles/ardupilot_msgs__rosidl_generator_c.dir/rosidl_generator_c/ardupilot_msgs/srv/detail/mode_switch__description.c.o[0m
[0.914s] [ 22%] [32mBuilding C object CMakeFiles/ardupilot_msgs__rosidl_generator_c.dir/rosidl_generator_c/ardupilot_msgs/srv/detail/mode_switch__type_support.c.o[0m
[0.949s] [ 24%] [32m[1mLinking C shared library libardupilot_msgs__rosidl_generator_c.so[0m
[0.982s] [ 24%] Built target ardupilot_msgs__rosidl_generator_c
[0.991s] [ 25%] [34m[1mGenerating C introspection for ROS interfaces[0m
[0.991s] [ 27%] [34m[1mGenerating C++ introspection for ROS interfaces[0m
[0.993s] [ 31%] [34m[1mGenerating C type support for eProsima Fast-RTPS[0m
[0.993s] [ 31%] [34m[1mGenerating C++ type support dispatch for ROS interfaces[0m
[0.993s] [ 33%] [34m[1mGenerating C++ type support for eProsima Fast-RTPS[0m
[0.993s] [ 35%] [34m[1mGenerating C type support dispatch for ROS interfaces[0m
[1.427s] [ 37%] [32mBuilding CXX object CMakeFiles/ardupilot_msgs__rosidl_typesupport_introspection_cpp.dir/rosidl_typesupport_introspection_cpp/ardupilot_msgs/srv/detail/mode_switch__type_support.cpp.o[0m
[1.427s] [ 38%] [32mBuilding CXX object CMakeFiles/ardupilot_msgs__rosidl_typesupport_introspection_cpp.dir/rosidl_typesupport_introspection_cpp/ardupilot_msgs/msg/detail/global_position__type_support.cpp.o[0m
[1.429s] [ 40%] [32mBuilding CXX object CMakeFiles/ardupilot_msgs__rosidl_typesupport_introspection_cpp.dir/rosidl_typesupport_introspection_cpp/ardupilot_msgs/srv/detail/arm_motors__type_support.cpp.o[0m
[1.518s] [ 42%] [32mBuilding CXX object CMakeFiles/ardupilot_msgs__rosidl_typesupport_fastrtps_c.dir/rosidl_typesupport_fastrtps_c/ardupilot_msgs/msg/detail/global_position__type_support_c.cpp.o[0m
[1.706s] [ 44%] [32mBuilding CXX object CMakeFiles/ardupilot_msgs__rosidl_typesupport_c.dir/rosidl_typesupport_c/ardupilot_msgs/msg/global_position__type_support.cpp.o[0m
[1.713s] [ 46%] [32mBuilding CXX object CMakeFiles/ardupilot_msgs__rosidl_typesupport_cpp.dir/rosidl_typesupport_cpp/ardupilot_msgs/msg/global_position__type_support.cpp.o[0m
[1.762s] [ 48%] [32mBuilding CXX object CMakeFiles/ardupilot_msgs__rosidl_typesupport_c.dir/rosidl_typesupport_c/ardupilot_msgs/srv/arm_motors__type_support.cpp.o[0m
[1.821s] [ 50%] [32mBuilding CXX object CMakeFiles/ardupilot_msgs__rosidl_typesupport_c.dir/rosidl_typesupport_c/ardupilot_msgs/srv/mode_switch__type_support.cpp.o[0m
[1.824s] [ 51%] [32mBuilding C object CMakeFiles/ardupilot_msgs__rosidl_typesupport_introspection_c.dir/rosidl_typesupport_introspection_c/ardupilot_msgs/msg/detail/global_position__type_support.c.o[0m
[1.883s] [ 55%] [32mBuilding C object CMakeFiles/ardupilot_msgs__rosidl_typesupport_introspection_c.dir/rosidl_typesupport_introspection_c/ardupilot_msgs/srv/detail/arm_motors__type_support.c.o[0m
[1.883s] [ 55%] [32m[1mLinking CXX shared library libardupilot_msgs__rosidl_typesupport_c.so[0m
[1.922s] [ 57%] [32mBuilding CXX object CMakeFiles/ardupilot_msgs__rosidl_typesupport_fastrtps_cpp.dir/rosidl_typesupport_fastrtps_cpp/ardupilot_msgs/msg/detail/dds_fastrtps/global_position__type_support.cpp.o[0m
[1.939s] [ 59%] [32mBuilding CXX object CMakeFiles/ardupilot_msgs__rosidl_typesupport_fastrtps_cpp.dir/rosidl_typesupport_fastrtps_cpp/ardupilot_msgs/srv/detail/dds_fastrtps/arm_motors__type_support.cpp.o[0m
[1.947s] [ 61%] [32mBuilding C object CMakeFiles/ardupilot_msgs__rosidl_typesupport_introspection_c.dir/rosidl_typesupport_introspection_c/ardupilot_msgs/srv/detail/mode_switch__type_support.c.o[0m
[1.951s] [ 61%] Built target ardupilot_msgs__rosidl_typesupport_c
[1.958s] [ 62%] [32mBuilding CXX object CMakeFiles/ardupilot_msgs__rosidl_typesupport_fastrtps_c.dir/rosidl_typesupport_fastrtps_c/ardupilot_msgs/srv/detail/arm_motors__type_support_c.cpp.o[0m
[1.963s] [ 64%] [32mBuilding CXX object CMakeFiles/ardupilot_msgs__rosidl_typesupport_fastrtps_cpp.dir/rosidl_typesupport_fastrtps_cpp/ardupilot_msgs/srv/detail/dds_fastrtps/mode_switch__type_support.cpp.o[0m
[2.007s] [ 66%] [32m[1mLinking C shared library libardupilot_msgs__rosidl_typesupport_introspection_c.so[0m
[2.049s] [ 68%] [32mBuilding CXX object CMakeFiles/ardupilot_msgs__rosidl_typesupport_cpp.dir/rosidl_typesupport_cpp/ardupilot_msgs/srv/arm_motors__type_support.cpp.o[0m
[2.052s] [ 68%] Built target ardupilot_msgs__rosidl_typesupport_introspection_c
[2.065s] [ 70%] [32mBuilding CXX object CMakeFiles/ardupilot_msgs__rosidl_typesupport_cpp.dir/rosidl_typesupport_cpp/ardupilot_msgs/srv/mode_switch__type_support.cpp.o[0m
[2.067s] [ 72%] [32m[1mLinking CXX shared library libardupilot_msgs__rosidl_typesupport_introspection_cpp.so[0m
[2.142s] [ 74%] [32mBuilding CXX object CMakeFiles/ardupilot_msgs__rosidl_typesupport_fastrtps_c.dir/rosidl_typesupport_fastrtps_c/ardupilot_msgs/srv/detail/mode_switch__type_support_c.cpp.o[0m
[2.177s] [ 74%] Built target ardupilot_msgs__rosidl_typesupport_introspection_cpp
[2.525s] [ 75%] [32m[1mLinking CXX shared library libardupilot_msgs__rosidl_typesupport_fastrtps_c.so[0m
[2.580s] [ 77%] [32m[1mLinking CXX shared library libardupilot_msgs__rosidl_typesupport_cpp.so[0m
[2.586s] [ 77%] Built target ardupilot_msgs__rosidl_typesupport_fastrtps_c
[2.638s] [ 79%] [32m[1mLinking CXX shared library libardupilot_msgs__rosidl_typesupport_fastrtps_cpp.so[0m
[2.638s] [ 79%] Built target ardupilot_msgs__rosidl_typesupport_cpp
[2.692s] [ 79%] Built target ardupilot_msgs__rosidl_typesupport_fastrtps_cpp
[2.709s] [ 79%] Built target ardupilot_msgs
[2.727s] [ 81%] [34m[1mGenerating Python code for ROS interfaces[0m
[3.352s] [ 81%] Built target ardupilot_msgs__py
[3.368s] [ 87%] [32mBuilding C object CMakeFiles/ardupilot_msgs__rosidl_generator_py.dir/rosidl_generator_py/ardupilot_msgs/msg/_global_position_s.c.o[0m
[3.368s] [ 87%] [32mBuilding C object CMakeFiles/ardupilot_msgs__rosidl_generator_py.dir/rosidl_generator_py/ardupilot_msgs/srv/_arm_motors_s.c.o[0m
[3.368s] [ 87%] [32mBuilding C object CMakeFiles/ardupilot_msgs__rosidl_generator_py.dir/rosidl_generator_py/ardupilot_msgs/srv/_mode_switch_s.c.o[0m
[3.459s] [ 88%] [32m[1mLinking C shared library rosidl_generator_py/ardupilot_msgs/libardupilot_msgs__rosidl_generator_py.so[0m
[3.489s] [ 88%] Built target ardupilot_msgs__rosidl_generator_py
[3.505s] [ 92%] [32mBuilding C object CMakeFiles/ardupilot_msgs__rosidl_typesupport_fastrtps_c__pyext.dir/rosidl_generator_py/ardupilot_msgs/_ardupilot_msgs_s.ep.rosidl_typesupport_fastrtps_c.c.o[0m
[3.505s] [ 92%] [32mBuilding C object CMakeFiles/ardupilot_msgs__rosidl_typesupport_introspection_c__pyext.dir/rosidl_generator_py/ardupilot_msgs/_ardupilot_msgs_s.ep.rosidl_typesupport_introspection_c.c.o[0m
[3.505s] [ 94%] [32mBuilding C object CMakeFiles/ardupilot_msgs__rosidl_typesupport_c__pyext.dir/rosidl_generator_py/ardupilot_msgs/_ardupilot_msgs_s.ep.rosidl_typesupport_c.c.o[0m
[3.589s] [100%] [32m[1mLinking C shared library rosidl_generator_py/ardupilot_msgs/ardupilot_msgs_s__rosidl_typesupport_c.cpython-310-x86_64-linux-gnu.so[0m
[3.589s] [100%] [32m[1mLinking C shared library rosidl_generator_py/ardupilot_msgs/ardupilot_msgs_s__rosidl_typesupport_introspection_c.cpython-310-x86_64-linux-gnu.so[0m
[3.589s] [100%] [32m[1mLinking C shared library rosidl_generator_py/ardupilot_msgs/ardupilot_msgs_s__rosidl_typesupport_fastrtps_c.cpython-310-x86_64-linux-gnu.so[0m
[3.621s] [100%] Built target ardupilot_msgs__rosidl_typesupport_introspection_c__pyext
[3.621s] [100%] Built target ardupilot_msgs__rosidl_typesupport_fastrtps_c__pyext
[3.621s] [100%] Built target ardupilot_msgs__rosidl_typesupport_c__pyext
[3.629s] Invoked command in '/home/lasantha/ros2_ws/build/ardupilot_msgs' returned '0': CMAKE_PREFIX_PATH=${CMAKE_PREFIX_PATH}:/home/lasantha/ros2_ws/second_ros2_ws/install/urdf_tutorial_r2d2:/home/lasantha/ros2_ws/install/launch_testing_examples:/home/lasantha/ros2_ws/install/examples_rclpy_pointcloud_publisher:/home/lasantha/ros2_ws/install/examples_rclpy_minimal_subscriber:/home/lasantha/ros2_ws/install/examples_rclpy_minimal_service:/home/lasantha/ros2_ws/install/examples_rclpy_minimal_publisher:/home/lasantha/ros2_ws/install/examples_rclpy_minimal_client:/home/lasantha/ros2_ws/install/examples_rclpy_minimal_action_server:/home/lasantha/ros2_ws/install/examples_rclpy_minimal_action_client:/home/lasantha/ros2_ws/install/examples_rclpy_guard_conditions:/home/lasantha/ros2_ws/install/examples_rclpy_executors:/opt/ros/iron /usr/bin/cmake --build /home/lasantha/ros2_ws/build/ardupilot_msgs -- -j8 -l8
[3.739s] Invoking command in '/home/lasantha/ros2_ws/build/ardupilot_msgs': CMAKE_PREFIX_PATH=${CMAKE_PREFIX_PATH}:/home/lasantha/ros2_ws/second_ros2_ws/install/urdf_tutorial_r2d2:/home/lasantha/ros2_ws/install/launch_testing_examples:/home/lasantha/ros2_ws/install/examples_rclpy_pointcloud_publisher:/home/lasantha/ros2_ws/install/examples_rclpy_minimal_subscriber:/home/lasantha/ros2_ws/install/examples_rclpy_minimal_service:/home/lasantha/ros2_ws/install/examples_rclpy_minimal_publisher:/home/lasantha/ros2_ws/install/examples_rclpy_minimal_client:/home/lasantha/ros2_ws/install/examples_rclpy_minimal_action_server:/home/lasantha/ros2_ws/install/examples_rclpy_minimal_action_client:/home/lasantha/ros2_ws/install/examples_rclpy_guard_conditions:/home/lasantha/ros2_ws/install/examples_rclpy_executors:/opt/ros/iron /usr/bin/cmake --install /home/lasantha/ros2_ws/build/ardupilot_msgs
[3.752s] -- Install configuration: ""
[3.752s] -- Installing: /home/lasantha/ros2_ws/install/ardupilot_msgs/share/ament_index/resource_index/rosidl_interfaces/ardupilot_msgs
[3.752s] -- Installing: /home/lasantha/ros2_ws/install/ardupilot_msgs/share/ardupilot_msgs/msg/GlobalPosition.json
[3.752s] -- Installing: /home/lasantha/ros2_ws/install/ardupilot_msgs/share/ardupilot_msgs/srv/ArmMotors.json
[3.752s] -- Installing: /home/lasantha/ros2_ws/install/ardupilot_msgs/share/ardupilot_msgs/srv/ModeSwitch.json
[3.753s] -- Installing: /home/lasantha/ros2_ws/install/ardupilot_msgs/include/ardupilot_msgs/ardupilot_msgs
[3.753s] -- Installing: /home/lasantha/ros2_ws/install/ardupilot_msgs/include/ardupilot_msgs/ardupilot_msgs/msg
[3.753s] -- Installing: /home/lasantha/ros2_ws/install/ardupilot_msgs/include/ardupilot_msgs/ardupilot_msgs/msg/rosidl_generator_c__visibility_control.h
[3.753s] -- Installing: /home/lasantha/ros2_ws/install/ardupilot_msgs/include/ardupilot_msgs/ardupilot_msgs/msg/detail
[3.753s] -- Installing: /home/lasantha/ros2_ws/install/ardupilot_msgs/include/ardupilot_msgs/ardupilot_msgs/msg/detail/global_position__type_support.h
[3.753s] -- Installing: /home/lasantha/ros2_ws/install/ardupilot_msgs/include/ardupilot_msgs/ardupilot_msgs/msg/detail/global_position__functions.c
[3.753s] -- Installing: /home/lasantha/ros2_ws/install/ardupilot_msgs/include/ardupilot_msgs/ardupilot_msgs/msg/detail/global_position__type_support.c
[3.753s] -- Installing: /home/lasantha/ros2_ws/install/ardupilot_msgs/include/ardupilot_msgs/ardupilot_msgs/msg/detail/global_position__functions.h
[3.753s] -- Installing: /home/lasantha/ros2_ws/install/ardupilot_msgs/include/ardupilot_msgs/ardupilot_msgs/msg/detail/global_position__description.c
[3.754s] -- Installing: /home/lasantha/ros2_ws/install/ardupilot_msgs/include/ardupilot_msgs/ardupilot_msgs/msg/detail/global_position__struct.h
[3.754s] -- Installing: /home/lasantha/ros2_ws/install/ardupilot_msgs/include/ardupilot_msgs/ardupilot_msgs/msg/global_position.h
[3.754s] -- Installing: /home/lasantha/ros2_ws/install/ardupilot_msgs/include/ardupilot_msgs/ardupilot_msgs/srv
[3.754s] -- Installing: /home/lasantha/ros2_ws/install/ardupilot_msgs/include/ardupilot_msgs/ardupilot_msgs/srv/mode_switch.h
[3.754s] -- Installing: /home/lasantha/ros2_ws/install/ardupilot_msgs/include/ardupilot_msgs/ardupilot_msgs/srv/arm_motors.h
[3.754s] -- Installing: /home/lasantha/ros2_ws/install/ardupilot_msgs/include/ardupilot_msgs/ardupilot_msgs/srv/detail
[3.754s] -- Installing: /home/lasantha/ros2_ws/install/ardupilot_msgs/include/ardupilot_msgs/ardupilot_msgs/srv/detail/mode_switch__functions.h
[3.754s] -- Installing: /home/lasantha/ros2_ws/install/ardupilot_msgs/include/ardupilot_msgs/ardupilot_msgs/srv/detail/mode_switch__type_support.c
[3.754s] -- Installing: /home/lasantha/ros2_ws/install/ardupilot_msgs/include/ardupilot_msgs/ardupilot_msgs/srv/detail/arm_motors__struct.h
[3.754s] -- Installing: /home/lasantha/ros2_ws/install/ardupilot_msgs/include/ardupilot_msgs/ardupilot_msgs/srv/detail/mode_switch__type_support.h
[3.754s] -- Installing: /home/lasantha/ros2_ws/install/ardupilot_msgs/include/ardupilot_msgs/ardupilot_msgs/srv/detail/mode_switch__functions.c
[3.754s] -- Installing: /home/lasantha/ros2_ws/install/ardupilot_msgs/include/ardupilot_msgs/ardupilot_msgs/srv/detail/arm_motors__type_support.c
[3.754s] -- Installing: /home/lasantha/ros2_ws/install/ardupilot_msgs/include/ardupilot_msgs/ardupilot_msgs/srv/detail/arm_motors__type_support.h
[3.754s] -- Installing: /home/lasantha/ros2_ws/install/ardupilot_msgs/include/ardupilot_msgs/ardupilot_msgs/srv/detail/arm_motors__description.c
[3.755s] -- Installing: /home/lasantha/ros2_ws/install/ardupilot_msgs/include/ardupilot_msgs/ardupilot_msgs/srv/detail/arm_motors__functions.c
[3.755s] -- Installing: /home/lasantha/ros2_ws/install/ardupilot_msgs/include/ardupilot_msgs/ardupilot_msgs/srv/detail/mode_switch__struct.h
[3.755s] -- Installing: /home/lasantha/ros2_ws/install/ardupilot_msgs/include/ardupilot_msgs/ardupilot_msgs/srv/detail/mode_switch__description.c
[3.755s] -- Installing: /home/lasantha/ros2_ws/install/ardupilot_msgs/include/ardupilot_msgs/ardupilot_msgs/srv/detail/arm_motors__functions.h
[3.755s] -- Installing: /home/lasantha/ros2_ws/install/ardupilot_msgs/share/ardupilot_msgs/environment/library_path.sh
[3.755s] -- Installing: /home/lasantha/ros2_ws/install/ardupilot_msgs/share/ardupilot_msgs/environment/library_path.dsv
[3.755s] -- Installing: /home/lasantha/ros2_ws/install/ardupilot_msgs/lib/libardupilot_msgs__rosidl_generator_c.so
[3.755s] -- Set runtime path of "/home/lasantha/ros2_ws/install/ardupilot_msgs/lib/libardupilot_msgs__rosidl_generator_c.so" to ""
[3.755s] -- Up-to-date: /home/lasantha/ros2_ws/install/ardupilot_msgs/include/ardupilot_msgs/ardupilot_msgs
[3.755s] -- Up-to-date: /home/lasantha/ros2_ws/install/ardupilot_msgs/include/ardupilot_msgs/ardupilot_msgs/msg
[3.755s] -- Installing: /home/lasantha/ros2_ws/install/ardupilot_msgs/include/ardupilot_msgs/ardupilot_msgs/msg/rosidl_typesupport_fastrtps_c__visibility_control.h
[3.755s] -- Up-to-date: /home/lasantha/ros2_ws/install/ardupilot_msgs/include/ardupilot_msgs/ardupilot_msgs/msg/detail
[3.755s] -- Installing: /home/lasantha/ros2_ws/install/ardupilot_msgs/include/ardupilot_msgs/ardupilot_msgs/msg/detail/global_position__rosidl_typesupport_fastrtps_c.h
[3.756s] -- Up-to-date: /home/lasantha/ros2_ws/install/ardupilot_msgs/include/ardupilot_msgs/ardupilot_msgs/srv
[3.756s] -- Up-to-date: /home/lasantha/ros2_ws/install/ardupilot_msgs/include/ardupilot_msgs/ardupilot_msgs/srv/detail
[3.756s] -- Installing: /home/lasantha/ros2_ws/install/ardupilot_msgs/include/ardupilot_msgs/ardupilot_msgs/srv/detail/arm_motors__rosidl_typesupport_fastrtps_c.h
[3.756s] -- Installing: /home/lasantha/ros2_ws/install/ardupilot_msgs/include/ardupilot_msgs/ardupilot_msgs/srv/detail/mode_switch__rosidl_typesupport_fastrtps_c.h
[3.756s] -- Installing: /home/lasantha/ros2_ws/install/ardupilot_msgs/lib/libardupilot_msgs__rosidl_typesupport_fastrtps_c.so
[3.756s] -- Set runtime path of "/home/lasantha/ros2_ws/install/ardupilot_msgs/lib/libardupilot_msgs__rosidl_typesupport_fastrtps_c.so" to ""
[3.756s] -- Up-to-date: /home/lasantha/ros2_ws/install/ardupilot_msgs/include/ardupilot_msgs/ardupilot_msgs
[3.756s] -- Up-to-date: /home/lasantha/ros2_ws/install/ardupilot_msgs/include/ardupilot_msgs/ardupilot_msgs/msg
[3.756s] -- Installing: /home/lasantha/ros2_ws/install/ardupilot_msgs/include/ardupilot_msgs/ardupilot_msgs/msg/global_position.hpp
[3.756s] -- Up-to-date: /home/lasantha/ros2_ws/install/ardupilot_msgs/include/ardupilot_msgs/ardupilot_msgs/msg/detail
[3.756s] -- Installing: /home/lasantha/ros2_ws/install/ardupilot_msgs/include/ardupilot_msgs/ardupilot_msgs/msg/detail/global_position__builder.hpp
[3.757s] -- Installing: /home/lasantha/ros2_ws/install/ardupilot_msgs/include/ardupilot_msgs/ardupilot_msgs/msg/detail/global_position__traits.hpp
[3.757s] -- Installing: /home/lasantha/ros2_ws/install/ardupilot_msgs/include/ardupilot_msgs/ardupilot_msgs/msg/detail/global_position__struct.hpp
[3.757s] -- Up-to-date: /home/lasantha/ros2_ws/install/ardupilot_msgs/include/ardupilot_msgs/ardupilot_msgs/srv
[3.757s] -- Installing: /home/lasantha/ros2_ws/install/ardupilot_msgs/include/ardupilot_msgs/ardupilot_msgs/srv/arm_motors.hpp
[3.757s] -- Installing: /home/lasantha/ros2_ws/install/ardupilot_msgs/include/ardupilot_msgs/ardupilot_msgs/srv/mode_switch.hpp
[3.757s] -- Up-to-date: /home/lasantha/ros2_ws/install/ardupilot_msgs/include/ardupilot_msgs/ardupilot_msgs/srv/detail
[3.757s] -- Installing: /home/lasantha/ros2_ws/install/ardupilot_msgs/include/ardupilot_msgs/ardupilot_msgs/srv/detail/mode_switch__traits.hpp
[3.757s] -- Installing: /home/lasantha/ros2_ws/install/ardupilot_msgs/include/ardupilot_msgs/ardupilot_msgs/srv/detail/arm_motors__struct.hpp
[3.757s] -- Installing: /home/lasantha/ros2_ws/install/ardupilot_msgs/include/ardupilot_msgs/ardupilot_msgs/srv/detail/mode_switch__builder.hpp
[3.757s] -- Installing: /home/lasantha/ros2_ws/install/ardupilot_msgs/include/ardupilot_msgs/ardupilot_msgs/srv/detail/arm_motors__traits.hpp
[3.757s] -- Installing: /home/lasantha/ros2_ws/install/ardupilot_msgs/include/ardupilot_msgs/ardupilot_msgs/srv/detail/arm_motors__builder.hpp
[3.757s] -- Installing: /home/lasantha/ros2_ws/install/ardupilot_msgs/include/ardupilot_msgs/ardupilot_msgs/srv/detail/mode_switch__struct.hpp
[3.757s] -- Up-to-date: /home/lasantha/ros2_ws/install/ardupilot_msgs/include/ardupilot_msgs/ardupilot_msgs
[3.757s] -- Up-to-date: /home/lasantha/ros2_ws/install/ardupilot_msgs/include/ardupilot_msgs/ardupilot_msgs/msg
[3.757s] -- Installing: /home/lasantha/ros2_ws/install/ardupilot_msgs/include/ardupilot_msgs/ardupilot_msgs/msg/rosidl_typesupport_fastrtps_cpp__visibility_control.h
[3.757s] -- Up-to-date: /home/lasantha/ros2_ws/install/ardupilot_msgs/include/ardupilot_msgs/ardupilot_msgs/msg/detail
[3.758s] -- Installing: /home/lasantha/ros2_ws/install/ardupilot_msgs/include/ardupilot_msgs/ardupilot_msgs/msg/detail/global_position__rosidl_typesupport_fastrtps_cpp.hpp
[3.758s] -- Installing: /home/lasantha/ros2_ws/install/ardupilot_msgs/include/ardupilot_msgs/ardupilot_msgs/msg/detail/dds_fastrtps
[3.758s] -- Up-to-date: /home/lasantha/ros2_ws/install/ardupilot_msgs/include/ardupilot_msgs/ardupilot_msgs/srv
[3.758s] -- Up-to-date: /home/lasantha/ros2_ws/install/ardupilot_msgs/include/ardupilot_msgs/ardupilot_msgs/srv/detail
[3.758s] -- Installing: /home/lasantha/ros2_ws/install/ardupilot_msgs/include/ardupilot_msgs/ardupilot_msgs/srv/detail/dds_fastrtps
[3.758s] -- Installing: /home/lasantha/ros2_ws/install/ardupilot_msgs/include/ardupilot_msgs/ardupilot_msgs/srv/detail/mode_switch__rosidl_typesupport_fastrtps_cpp.hpp
[3.758s] -- Installing: /home/lasantha/ros2_ws/install/ardupilot_msgs/include/ardupilot_msgs/ardupilot_msgs/srv/detail/arm_motors__rosidl_typesupport_fastrtps_cpp.hpp
[3.758s] -- Installing: /home/lasantha/ros2_ws/install/ardupilot_msgs/lib/libardupilot_msgs__rosidl_typesupport_fastrtps_cpp.so
[3.758s] -- Set runtime path of "/home/lasantha/ros2_ws/install/ardupilot_msgs/lib/libardupilot_msgs__rosidl_typesupport_fastrtps_cpp.so" to ""
[3.758s] -- Up-to-date: /home/lasantha/ros2_ws/install/ardupilot_msgs/include/ardupilot_msgs/ardupilot_msgs
[3.758s] -- Up-to-date: /home/lasantha/ros2_ws/install/ardupilot_msgs/include/ardupilot_msgs/ardupilot_msgs/msg
[3.758s] -- Installing: /home/lasantha/ros2_ws/install/ardupilot_msgs/include/ardupilot_msgs/ardupilot_msgs/msg/rosidl_typesupport_introspection_c__visibility_control.h
[3.758s] -- Up-to-date: /home/lasantha/ros2_ws/install/ardupilot_msgs/include/ardupilot_msgs/ardupilot_msgs/msg/detail
[3.758s] -- Installing: /home/lasantha/ros2_ws/install/ardupilot_msgs/include/ardupilot_msgs/ardupilot_msgs/msg/detail/global_position__rosidl_typesupport_introspection_c.h
[3.758s] -- Installing: /home/lasantha/ros2_ws/install/ardupilot_msgs/include/ardupilot_msgs/ardupilot_msgs/msg/detail/global_position__type_support.c
[3.758s] -- Up-to-date: /home/lasantha/ros2_ws/install/ardupilot_msgs/include/ardupilot_msgs/ardupilot_msgs/srv
[3.758s] -- Up-to-date: /home/lasantha/ros2_ws/install/ardupilot_msgs/include/ardupilot_msgs/ardupilot_msgs/srv/detail
[3.759s] -- Installing: /home/lasantha/ros2_ws/install/ardupilot_msgs/include/ardupilot_msgs/ardupilot_msgs/srv/detail/mode_switch__type_support.c
[3.759s] -- Installing: /home/lasantha/ros2_ws/install/ardupilot_msgs/include/ardupilot_msgs/ardupilot_msgs/srv/detail/mode_switch__rosidl_typesupport_introspection_c.h
[3.759s] -- Installing: /home/lasantha/ros2_ws/install/ardupilot_msgs/include/ardupilot_msgs/ardupilot_msgs/srv/detail/arm_motors__type_support.c
[3.759s] -- Installing: /home/lasantha/ros2_ws/install/ardupilot_msgs/include/ardupilot_msgs/ardupilot_msgs/srv/detail/arm_motors__rosidl_typesupport_introspection_c.h
[3.759s] -- Installing: /home/lasantha/ros2_ws/install/ardupilot_msgs/lib/libardupilot_msgs__rosidl_typesupport_introspection_c.so
[3.759s] -- Set runtime path of "/home/lasantha/ros2_ws/install/ardupilot_msgs/lib/libardupilot_msgs__rosidl_typesupport_introspection_c.so" to ""
[3.759s] -- Installing: /home/lasantha/ros2_ws/install/ardupilot_msgs/lib/libardupilot_msgs__rosidl_typesupport_c.so
[3.759s] -- Set runtime path of "/home/lasantha/ros2_ws/install/ardupilot_msgs/lib/libardupilot_msgs__rosidl_typesupport_c.so" to ""
[3.759s] -- Up-to-date: /home/lasantha/ros2_ws/install/ardupilot_msgs/include/ardupilot_msgs/ardupilot_msgs
[3.759s] -- Up-to-date: /home/lasantha/ros2_ws/install/ardupilot_msgs/include/ardupilot_msgs/ardupilot_msgs/msg
[3.759s] -- Up-to-date: /home/lasantha/ros2_ws/install/ardupilot_msgs/include/ardupilot_msgs/ardupilot_msgs/msg/detail
[3.759s] -- Installing: /home/lasantha/ros2_ws/install/ardupilot_msgs/include/ardupilot_msgs/ardupilot_msgs/msg/detail/global_position__rosidl_typesupport_introspection_cpp.hpp
[3.759s] -- Installing: /home/lasantha/ros2_ws/install/ardupilot_msgs/include/ardupilot_msgs/ardupilot_msgs/msg/detail/global_position__type_support.cpp
[3.759s] -- Up-to-date: /home/lasantha/ros2_ws/install/ardupilot_msgs/include/ardupilot_msgs/ardupilot_msgs/srv
[3.759s] -- Up-to-date: /home/lasantha/ros2_ws/install/ardupilot_msgs/include/ardupilot_msgs/ardupilot_msgs/srv/detail
[3.759s] -- Installing: /home/lasantha/ros2_ws/install/ardupilot_msgs/include/ardupilot_msgs/ardupilot_msgs/srv/detail/arm_motors__rosidl_typesupport_introspection_cpp.hpp
[3.759s] -- Installing: /home/lasantha/ros2_ws/install/ardupilot_msgs/include/ardupilot_msgs/ardupilot_msgs/srv/detail/mode_switch__type_support.cpp
[3.759s] -- Installing: /home/lasantha/ros2_ws/install/ardupilot_msgs/include/ardupilot_msgs/ardupilot_msgs/srv/detail/mode_switch__rosidl_typesupport_introspection_cpp.hpp
[3.759s] -- Installing: /home/lasantha/ros2_ws/install/ardupilot_msgs/include/ardupilot_msgs/ardupilot_msgs/srv/detail/arm_motors__type_support.cpp
[3.759s] -- Installing: /home/lasantha/ros2_ws/install/ardupilot_msgs/lib/libardupilot_msgs__rosidl_typesupport_introspection_cpp.so
[3.759s] -- Set runtime path of "/home/lasantha/ros2_ws/install/ardupilot_msgs/lib/libardupilot_msgs__rosidl_typesupport_introspection_cpp.so" to ""
[3.760s] -- Installing: /home/lasantha/ros2_ws/install/ardupilot_msgs/lib/libardupilot_msgs__rosidl_typesupport_cpp.so
[3.760s] -- Set runtime path of "/home/lasantha/ros2_ws/install/ardupilot_msgs/lib/libardupilot_msgs__rosidl_typesupport_cpp.so" to ""
[3.760s] -- Installing: /home/lasantha/ros2_ws/install/ardupilot_msgs/share/ardupilot_msgs/environment/pythonpath.sh
[3.760s] -- Installing: /home/lasantha/ros2_ws/install/ardupilot_msgs/share/ardupilot_msgs/environment/pythonpath.dsv
[3.760s] -- Installing: /home/lasantha/ros2_ws/install/ardupilot_msgs/lib/python3.10/site-packages/ardupilot_msgs-0.0.0-py3.10.egg-info
[3.760s] -- Installing: /home/lasantha/ros2_ws/install/ardupilot_msgs/lib/python3.10/site-packages/ardupilot_msgs-0.0.0-py3.10.egg-info/dependency_links.txt
[3.760s] -- Installing: /home/lasantha/ros2_ws/install/ardupilot_msgs/lib/python3.10/site-packages/ardupilot_msgs-0.0.0-py3.10.egg-info/top_level.txt
[3.760s] -- Installing: /home/lasantha/ros2_ws/install/ardupilot_msgs/lib/python3.10/site-packages/ardupilot_msgs-0.0.0-py3.10.egg-info/PKG-INFO
[3.760s] -- Installing: /home/lasantha/ros2_ws/install/ardupilot_msgs/lib/python3.10/site-packages/ardupilot_msgs-0.0.0-py3.10.egg-info/SOURCES.txt
[3.760s] -- Installing: /home/lasantha/ros2_ws/install/ardupilot_msgs/lib/python3.10/site-packages/ardupilot_msgs
[3.760s] -- Installing: /home/lasantha/ros2_ws/install/ardupilot_msgs/lib/python3.10/site-packages/ardupilot_msgs/ardupilot_msgs_s__rosidl_typesupport_introspection_c.cpython-310-x86_64-linux-gnu.so
[3.760s] -- Installing: /home/lasantha/ros2_ws/install/ardupilot_msgs/lib/python3.10/site-packages/ardupilot_msgs/msg
[3.760s] -- Installing: /home/lasantha/ros2_ws/install/ardupilot_msgs/lib/python3.10/site-packages/ardupilot_msgs/msg/_global_position_s.c
[3.760s] -- Installing: /home/lasantha/ros2_ws/install/ardupilot_msgs/lib/python3.10/site-packages/ardupilot_msgs/msg/__init__.py
[3.760s] -- Installing: /home/lasantha/ros2_ws/install/ardupilot_msgs/lib/python3.10/site-packages/ardupilot_msgs/msg/_global_position.py
[3.760s] -- Installing: /home/lasantha/ros2_ws/install/ardupilot_msgs/lib/python3.10/site-packages/ardupilot_msgs/__init__.py
[3.760s] -- Installing: /home/lasantha/ros2_ws/install/ardupilot_msgs/lib/python3.10/site-packages/ardupilot_msgs/_ardupilot_msgs_s.ep.rosidl_typesupport_fastrtps_c.c
[3.761s] -- Installing: /home/lasantha/ros2_ws/install/ardupilot_msgs/lib/python3.10/site-packages/ardupilot_msgs/_ardupilot_msgs_s.ep.rosidl_typesupport_introspection_c.c
[3.761s] -- Installing: /home/lasantha/ros2_ws/install/ardupilot_msgs/lib/python3.10/site-packages/ardupilot_msgs/srv
[3.761s] -- Installing: /home/lasantha/ros2_ws/install/ardupilot_msgs/lib/python3.10/site-packages/ardupilot_msgs/srv/_mode_switch.py
[3.761s] -- Installing: /home/lasantha/ros2_ws/install/ardupilot_msgs/lib/python3.10/site-packages/ardupilot_msgs/srv/__init__.py
[3.761s] -- Installing: /home/lasantha/ros2_ws/install/ardupilot_msgs/lib/python3.10/site-packages/ardupilot_msgs/srv/_mode_switch_s.c
[3.761s] -- Installing: /home/lasantha/ros2_ws/install/ardupilot_msgs/lib/python3.10/site-packages/ardupilot_msgs/srv/_arm_motors.py
[3.761s] -- Installing: /home/lasantha/ros2_ws/install/ardupilot_msgs/lib/python3.10/site-packages/ardupilot_msgs/srv/_arm_motors_s.c
[3.761s] -- Installing: /home/lasantha/ros2_ws/install/ardupilot_msgs/lib/python3.10/site-packages/ardupilot_msgs/libardupilot_msgs__rosidl_generator_py.so
[3.761s] -- Installing: /home/lasantha/ros2_ws/install/ardupilot_msgs/lib/python3.10/site-packages/ardupilot_msgs/ardupilot_msgs_s__rosidl_typesupport_fastrtps_c.cpython-310-x86_64-linux-gnu.so
[3.761s] -- Installing: /home/lasantha/ros2_ws/install/ardupilot_msgs/lib/python3.10/site-packages/ardupilot_msgs/_ardupilot_msgs_s.ep.rosidl_typesupport_c.c
[3.761s] -- Installing: /home/lasantha/ros2_ws/install/ardupilot_msgs/lib/python3.10/site-packages/ardupilot_msgs/ardupilot_msgs_s__rosidl_typesupport_c.cpython-310-x86_64-linux-gnu.so
[3.796s] Listing '/home/lasantha/ros2_ws/install/ardupilot_msgs/lib/python3.10/site-packages/ardupilot_msgs'...
[3.796s] Compiling '/home/lasantha/ros2_ws/install/ardupilot_msgs/lib/python3.10/site-packages/ardupilot_msgs/__init__.py'...
[3.796s] Listing '/home/lasantha/ros2_ws/install/ardupilot_msgs/lib/python3.10/site-packages/ardupilot_msgs/msg'...
[3.796s] Compiling '/home/lasantha/ros2_ws/install/ardupilot_msgs/lib/python3.10/site-packages/ardupilot_msgs/msg/__init__.py'...
[3.796s] Compiling '/home/lasantha/ros2_ws/install/ardupilot_msgs/lib/python3.10/site-packages/ardupilot_msgs/msg/_global_position.py'...
[3.796s] Listing '/home/lasantha/ros2_ws/install/ardupilot_msgs/lib/python3.10/site-packages/ardupilot_msgs/srv'...
[3.796s] Compiling '/home/lasantha/ros2_ws/install/ardupilot_msgs/lib/python3.10/site-packages/ardupilot_msgs/srv/__init__.py'...
[3.796s] Compiling '/home/lasantha/ros2_ws/install/ardupilot_msgs/lib/python3.10/site-packages/ardupilot_msgs/srv/_arm_motors.py'...
[3.796s] Compiling '/home/lasantha/ros2_ws/install/ardupilot_msgs/lib/python3.10/site-packages/ardupilot_msgs/srv/_mode_switch.py'...
[3.799s] -- Installing: /home/lasantha/ros2_ws/install/ardupilot_msgs/lib/python3.10/site-packages/ardupilot_msgs/ardupilot_msgs_s__rosidl_typesupport_fastrtps_c.cpython-310-x86_64-linux-gnu.so
[3.799s] -- Set runtime path of "/home/lasantha/ros2_ws/install/ardupilot_msgs/lib/python3.10/site-packages/ardupilot_msgs/ardupilot_msgs_s__rosidl_typesupport_fastrtps_c.cpython-310-x86_64-linux-gnu.so" to ""
[3.799s] -- Installing: /home/lasantha/ros2_ws/install/ardupilot_msgs/lib/python3.10/site-packages/ardupilot_msgs/ardupilot_msgs_s__rosidl_typesupport_introspection_c.cpython-310-x86_64-linux-gnu.so
[3.799s] -- Set runtime path of "/home/lasantha/ros2_ws/install/ardupilot_msgs/lib/python3.10/site-packages/ardupilot_msgs/ardupilot_msgs_s__rosidl_typesupport_introspection_c.cpython-310-x86_64-linux-gnu.so" to ""
[3.799s] -- Installing: /home/lasantha/ros2_ws/install/ardupilot_msgs/lib/python3.10/site-packages/ardupilot_msgs/ardupilot_msgs_s__rosidl_typesupport_c.cpython-310-x86_64-linux-gnu.so
[3.799s] -- Set runtime path of "/home/lasantha/ros2_ws/install/ardupilot_msgs/lib/python3.10/site-packages/ardupilot_msgs/ardupilot_msgs_s__rosidl_typesupport_c.cpython-310-x86_64-linux-gnu.so" to ""
[3.800s] -- Installing: /home/lasantha/ros2_ws/install/ardupilot_msgs/lib/libardupilot_msgs__rosidl_generator_py.so
[3.800s] -- Set runtime path of "/home/lasantha/ros2_ws/install/ardupilot_msgs/lib/libardupilot_msgs__rosidl_generator_py.so" to ""
[3.800s] -- Installing: /home/lasantha/ros2_ws/install/ardupilot_msgs/share/ardupilot_msgs/msg/GlobalPosition.idl
[3.800s] -- Installing: /home/lasantha/ros2_ws/install/ardupilot_msgs/share/ardupilot_msgs/srv/ArmMotors.idl
[3.800s] -- Installing: /home/lasantha/ros2_ws/install/ardupilot_msgs/share/ardupilot_msgs/srv/ModeSwitch.idl
[3.800s] -- Installing: /home/lasantha/ros2_ws/install/ardupilot_msgs/share/ardupilot_msgs/msg/GlobalPosition.msg
[3.800s] -- Installing: /home/lasantha/ros2_ws/install/ardupilot_msgs/share/ardupilot_msgs/srv/ArmMotors.srv
[3.800s] -- Installing: /home/lasantha/ros2_ws/install/ardupilot_msgs/share/ardupilot_msgs/srv/ArmMotors_Request.msg
[3.800s] -- Installing: /home/lasantha/ros2_ws/install/ardupilot_msgs/share/ardupilot_msgs/srv/ArmMotors_Response.msg
[3.800s] -- Installing: /home/lasantha/ros2_ws/install/ardupilot_msgs/share/ardupilot_msgs/srv/ModeSwitch.srv
[3.800s] -- Installing: /home/lasantha/ros2_ws/install/ardupilot_msgs/share/ardupilot_msgs/srv/ModeSwitch_Request.msg
[3.800s] -- Installing: /home/lasantha/ros2_ws/install/ardupilot_msgs/share/ardupilot_msgs/srv/ModeSwitch_Response.msg
[3.800s] -- Installing: /home/lasantha/ros2_ws/install/ardupilot_msgs/share/ament_index/resource_index/package_run_dependencies/ardupilot_msgs
[3.800s] -- Installing: /home/lasantha/ros2_ws/install/ardupilot_msgs/share/ament_index/resource_index/parent_prefix_path/ardupilot_msgs
[3.800s] -- Installing: /home/lasantha/ros2_ws/install/ardupilot_msgs/share/ardupilot_msgs/environment/ament_prefix_path.sh
[3.801s] -- Installing: /home/lasantha/ros2_ws/install/ardupilot_msgs/share/ardupilot_msgs/environment/ament_prefix_path.dsv
[3.801s] -- Installing: /home/lasantha/ros2_ws/install/ardupilot_msgs/share/ardupilot_msgs/environment/path.sh
[3.801s] -- Installing: /home/lasantha/ros2_ws/install/ardupilot_msgs/share/ardupilot_msgs/environment/path.dsv
[3.801s] -- Installing: /home/lasantha/ros2_ws/install/ardupilot_msgs/share/ardupilot_msgs/local_setup.bash
[3.801s] -- Installing: /home/lasantha/ros2_ws/install/ardupilot_msgs/share/ardupilot_msgs/local_setup.sh
[3.801s] -- Installing: /home/lasantha/ros2_ws/install/ardupilot_msgs/share/ardupilot_msgs/local_setup.zsh
[3.801s] -- Installing: /home/lasantha/ros2_ws/install/ardupilot_msgs/share/ardupilot_msgs/local_setup.dsv
[3.801s] -- Installing: /home/lasantha/ros2_ws/install/ardupilot_msgs/share/ardupilot_msgs/package.dsv
[3.801s] -- Installing: /home/lasantha/ros2_ws/install/ardupilot_msgs/share/ament_index/resource_index/packages/ardupilot_msgs
[3.801s] -- Installing: /home/lasantha/ros2_ws/install/ardupilot_msgs/share/ardupilot_msgs/cmake/export_ardupilot_msgs__rosidl_generator_cExport.cmake
[3.801s] -- Installing: /home/lasantha/ros2_ws/install/ardupilot_msgs/share/ardupilot_msgs/cmake/export_ardupilot_msgs__rosidl_generator_cExport-noconfig.cmake
[3.801s] -- Installing: /home/lasantha/ros2_ws/install/ardupilot_msgs/share/ardupilot_msgs/cmake/export_ardupilot_msgs__rosidl_typesupport_fastrtps_cExport.cmake
[3.801s] -- Installing: /home/lasantha/ros2_ws/install/ardupilot_msgs/share/ardupilot_msgs/cmake/export_ardupilot_msgs__rosidl_typesupport_fastrtps_cExport-noconfig.cmake
[3.801s] -- Installing: /home/lasantha/ros2_ws/install/ardupilot_msgs/share/ardupilot_msgs/cmake/export_ardupilot_msgs__rosidl_generator_cppExport.cmake
[3.801s] -- Installing: /home/lasantha/ros2_ws/install/ardupilot_msgs/share/ardupilot_msgs/cmake/export_ardupilot_msgs__rosidl_typesupport_fastrtps_cppExport.cmake
[3.801s] -- Installing: /home/lasantha/ros2_ws/install/ardupilot_msgs/share/ardupilot_msgs/cmake/export_ardupilot_msgs__rosidl_typesupport_fastrtps_cppExport-noconfig.cmake
[3.802s] -- Installing: /home/lasantha/ros2_ws/install/ardupilot_msgs/share/ardupilot_msgs/cmake/ardupilot_msgs__rosidl_typesupport_introspection_cExport.cmake
[3.802s] -- Installing: /home/lasantha/ros2_ws/install/ardupilot_msgs/share/ardupilot_msgs/cmake/ardupilot_msgs__rosidl_typesupport_introspection_cExport-noconfig.cmake
[3.802s] -- Installing: /home/lasantha/ros2_ws/install/ardupilot_msgs/share/ardupilot_msgs/cmake/ardupilot_msgs__rosidl_typesupport_cExport.cmake
[3.802s] -- Installing: /home/lasantha/ros2_ws/install/ardupilot_msgs/share/ardupilot_msgs/cmake/ardupilot_msgs__rosidl_typesupport_cExport-noconfig.cmake
[3.802s] -- Installing: /home/lasantha/ros2_ws/install/ardupilot_msgs/share/ardupilot_msgs/cmake/ardupilot_msgs__rosidl_typesupport_introspection_cppExport.cmake
[3.802s] -- Installing: /home/lasantha/ros2_ws/install/ardupilot_msgs/share/ardupilot_msgs/cmake/ardupilot_msgs__rosidl_typesupport_introspection_cppExport-noconfig.cmake
[3.802s] -- Installing: /home/lasantha/ros2_ws/install/ardupilot_msgs/share/ardupilot_msgs/cmake/ardupilot_msgs__rosidl_typesupport_cppExport.cmake
[3.802s] -- Installing: /home/lasantha/ros2_ws/install/ardupilot_msgs/share/ardupilot_msgs/cmake/ardupilot_msgs__rosidl_typesupport_cppExport-noconfig.cmake
[3.802s] -- Installing: /home/lasantha/ros2_ws/install/ardupilot_msgs/share/ardupilot_msgs/cmake/export_ardupilot_msgs__rosidl_generator_pyExport.cmake
[3.802s] -- Installing: /home/lasantha/ros2_ws/install/ardupilot_msgs/share/ardupilot_msgs/cmake/export_ardupilot_msgs__rosidl_generator_pyExport-noconfig.cmake
[3.802s] -- Installing: /home/lasantha/ros2_ws/install/ardupilot_msgs/share/ardupilot_msgs/cmake/rosidl_cmake-extras.cmake
[3.802s] -- Installing: /home/lasantha/ros2_ws/install/ardupilot_msgs/share/ardupilot_msgs/cmake/ament_cmake_export_dependencies-extras.cmake
[3.802s] -- Installing: /home/lasantha/ros2_ws/install/ardupilot_msgs/share/ardupilot_msgs/cmake/ament_cmake_export_include_directories-extras.cmake
[3.802s] -- Installing: /home/lasantha/ros2_ws/install/ardupilot_msgs/share/ardupilot_msgs/cmake/ament_cmake_export_libraries-extras.cmake
[3.802s] -- Installing: /home/lasantha/ros2_ws/install/ardupilot_msgs/share/ardupilot_msgs/cmake/ament_cmake_export_targets-extras.cmake
[3.802s] -- Installing: /home/lasantha/ros2_ws/install/ardupilot_msgs/share/ardupilot_msgs/cmake/rosidl_cmake_export_typesupport_targets-extras.cmake
[3.802s] -- Installing: /home/lasantha/ros2_ws/install/ardupilot_msgs/share/ardupilot_msgs/cmake/rosidl_cmake_export_typesupport_libraries-extras.cmake
[3.803s] -- Installing: /home/lasantha/ros2_ws/install/ardupilot_msgs/share/ardupilot_msgs/cmake/ardupilot_msgsConfig.cmake
[3.803s] -- Installing: /home/lasantha/ros2_ws/install/ardupilot_msgs/share/ardupilot_msgs/cmake/ardupilot_msgsConfig-version.cmake
[3.803s] -- Installing: /home/lasantha/ros2_ws/install/ardupilot_msgs/share/ardupilot_msgs/package.xml
[3.805s] Invoked command in '/home/lasantha/ros2_ws/build/ardupilot_msgs' returned '0': CMAKE_PREFIX_PATH=${CMAKE_PREFIX_PATH}:/home/lasantha/ros2_ws/second_ros2_ws/install/urdf_tutorial_r2d2:/home/lasantha/ros2_ws/install/launch_testing_examples:/home/lasantha/ros2_ws/install/examples_rclpy_pointcloud_publisher:/home/lasantha/ros2_ws/install/examples_rclpy_minimal_subscriber:/home/lasantha/ros2_ws/install/examples_rclpy_minimal_service:/home/lasantha/ros2_ws/install/examples_rclpy_minimal_publisher:/home/lasantha/ros2_ws/install/examples_rclpy_minimal_client:/home/lasantha/ros2_ws/install/examples_rclpy_minimal_action_server:/home/lasantha/ros2_ws/install/examples_rclpy_minimal_action_client:/home/lasantha/ros2_ws/install/examples_rclpy_guard_conditions:/home/lasantha/ros2_ws/install/examples_rclpy_executors:/opt/ros/iron /usr/bin/cmake --install /home/lasantha/ros2_ws/build/ardupilot_msgs
