[1.164s] Invoking command in '/home/lasantha/ros2_ws/build/examples_rclpy_minimal_client': PYTHONPATH=/home/lasantha/ros2_ws/build/examples_rclpy_minimal_client/prefix_override:/home/lasantha/ros2_ws/install/examples_rclpy_minimal_client/lib/python3.10/site-packages:${PYTHONPATH} /usr/bin/python3 -W ignore:setup.py install is deprecated setup.py develop --uninstall --editable --build-directory /home/lasantha/ros2_ws/build/examples_rclpy_minimal_client/build
[1.402s] running develop
[1.403s] /usr/lib/python3/dist-packages/setuptools/command/easy_install.py:158: EasyInstallDeprecationWarning: easy_install command is deprecated. Use build and pip and other standards-based tools.
[1.403s]   warnings.warn(
[1.614s] Removing /home/lasantha/ros2_ws/install/examples_rclpy_minimal_client/lib/python3.10/site-packages/examples-rclpy-minimal-client.egg-link (link to .)
[1.798s] Invoked command in '/home/lasantha/ros2_ws/build/examples_rclpy_minimal_client' returned '0': PYTHONPATH=/home/lasantha/ros2_ws/build/examples_rclpy_minimal_client/prefix_override:/home/lasantha/ros2_ws/install/examples_rclpy_minimal_client/lib/python3.10/site-packages:${PYTHONPATH} /usr/bin/python3 -W ignore:setup.py install is deprecated setup.py develop --uninstall --editable --build-directory /home/lasantha/ros2_ws/build/examples_rclpy_minimal_client/build
[1.798s] Invoking command in '/home/lasantha/ros2_ws/src/examples/rclpy/services/minimal_client': PYTHONPATH=/home/lasantha/ros2_ws/build/examples_rclpy_minimal_client/prefix_override:/home/lasantha/ros2_ws/install/examples_rclpy_minimal_client/lib/python3.10/site-packages:${PYTHONPATH} /usr/bin/python3 -W ignore:setup.py install is deprecated setup.py egg_info --egg-base ../../../../../build/examples_rclpy_minimal_client build --build-base /home/lasantha/ros2_ws/build/examples_rclpy_minimal_client/build install --record /home/lasantha/ros2_ws/build/examples_rclpy_minimal_client/install.log --single-version-externally-managed install_data --force
[2.147s] running egg_info
[2.148s] writing ../../../../../build/examples_rclpy_minimal_client/examples_rclpy_minimal_client.egg-info/PKG-INFO
[2.148s] writing dependency_links to ../../../../../build/examples_rclpy_minimal_client/examples_rclpy_minimal_client.egg-info/dependency_links.txt
[2.148s] writing entry points to ../../../../../build/examples_rclpy_minimal_client/examples_rclpy_minimal_client.egg-info/entry_points.txt
[2.148s] writing requirements to ../../../../../build/examples_rclpy_minimal_client/examples_rclpy_minimal_client.egg-info/requires.txt
[2.148s] writing top-level names to ../../../../../build/examples_rclpy_minimal_client/examples_rclpy_minimal_client.egg-info/top_level.txt
[2.151s] reading manifest file '../../../../../build/examples_rclpy_minimal_client/examples_rclpy_minimal_client.egg-info/SOURCES.txt'
[2.152s] writing manifest file '../../../../../build/examples_rclpy_minimal_client/examples_rclpy_minimal_client.egg-info/SOURCES.txt'
[2.152s] running build
[2.152s] running build_py
[2.153s] creating /home/lasantha/ros2_ws/build/examples_rclpy_minimal_client/build
[2.153s] creating /home/lasantha/ros2_ws/build/examples_rclpy_minimal_client/build/lib
[2.153s] creating /home/lasantha/ros2_ws/build/examples_rclpy_minimal_client/build/lib/examples_rclpy_minimal_client
[2.153s] copying examples_rclpy_minimal_client/client_async_callback.py -> /home/lasantha/ros2_ws/build/examples_rclpy_minimal_client/build/lib/examples_rclpy_minimal_client
[2.153s] copying examples_rclpy_minimal_client/__init__.py -> /home/lasantha/ros2_ws/build/examples_rclpy_minimal_client/build/lib/examples_rclpy_minimal_client
[2.153s] copying examples_rclpy_minimal_client/client.py -> /home/lasantha/ros2_ws/build/examples_rclpy_minimal_client/build/lib/examples_rclpy_minimal_client
[2.153s] copying examples_rclpy_minimal_client/client_async_member_function.py -> /home/lasantha/ros2_ws/build/examples_rclpy_minimal_client/build/lib/examples_rclpy_minimal_client
[2.153s] copying examples_rclpy_minimal_client/client_async.py -> /home/lasantha/ros2_ws/build/examples_rclpy_minimal_client/build/lib/examples_rclpy_minimal_client
[2.154s] running install
[2.154s] running install_lib
[2.155s] creating /home/lasantha/ros2_ws/install/examples_rclpy_minimal_client/lib/python3.10/site-packages/examples_rclpy_minimal_client
[2.155s] copying /home/lasantha/ros2_ws/build/examples_rclpy_minimal_client/build/lib/examples_rclpy_minimal_client/client_async_callback.py -> /home/lasantha/ros2_ws/install/examples_rclpy_minimal_client/lib/python3.10/site-packages/examples_rclpy_minimal_client
[2.155s] copying /home/lasantha/ros2_ws/build/examples_rclpy_minimal_client/build/lib/examples_rclpy_minimal_client/__init__.py -> /home/lasantha/ros2_ws/install/examples_rclpy_minimal_client/lib/python3.10/site-packages/examples_rclpy_minimal_client
[2.155s] copying /home/lasantha/ros2_ws/build/examples_rclpy_minimal_client/build/lib/examples_rclpy_minimal_client/client.py -> /home/lasantha/ros2_ws/install/examples_rclpy_minimal_client/lib/python3.10/site-packages/examples_rclpy_minimal_client
[2.155s] copying /home/lasantha/ros2_ws/build/examples_rclpy_minimal_client/build/lib/examples_rclpy_minimal_client/client_async_member_function.py -> /home/lasantha/ros2_ws/install/examples_rclpy_minimal_client/lib/python3.10/site-packages/examples_rclpy_minimal_client
[2.155s] copying /home/lasantha/ros2_ws/build/examples_rclpy_minimal_client/build/lib/examples_rclpy_minimal_client/client_async.py -> /home/lasantha/ros2_ws/install/examples_rclpy_minimal_client/lib/python3.10/site-packages/examples_rclpy_minimal_client
[2.156s] byte-compiling /home/lasantha/ros2_ws/install/examples_rclpy_minimal_client/lib/python3.10/site-packages/examples_rclpy_minimal_client/client_async_callback.py to client_async_callback.cpython-310.pyc
[2.157s] byte-compiling /home/lasantha/ros2_ws/install/examples_rclpy_minimal_client/lib/python3.10/site-packages/examples_rclpy_minimal_client/__init__.py to __init__.cpython-310.pyc
[2.157s] byte-compiling /home/lasantha/ros2_ws/install/examples_rclpy_minimal_client/lib/python3.10/site-packages/examples_rclpy_minimal_client/client.py to client.cpython-310.pyc
[2.157s] byte-compiling /home/lasantha/ros2_ws/install/examples_rclpy_minimal_client/lib/python3.10/site-packages/examples_rclpy_minimal_client/client_async_member_function.py to client_async_member_function.cpython-310.pyc
[2.158s] byte-compiling /home/lasantha/ros2_ws/install/examples_rclpy_minimal_client/lib/python3.10/site-packages/examples_rclpy_minimal_client/client_async.py to client_async.cpython-310.pyc
[2.158s] running install_data
[2.158s] copying resource/examples_rclpy_minimal_client -> /home/lasantha/ros2_ws/install/examples_rclpy_minimal_client/share/ament_index/resource_index/packages
[2.158s] copying package.xml -> /home/lasantha/ros2_ws/install/examples_rclpy_minimal_client/share/examples_rclpy_minimal_client
[2.158s] running install_egg_info
[2.160s] Copying ../../../../../build/examples_rclpy_minimal_client/examples_rclpy_minimal_client.egg-info to /home/lasantha/ros2_ws/install/examples_rclpy_minimal_client/lib/python3.10/site-packages/examples_rclpy_minimal_client-0.18.0-py3.10.egg-info
[2.160s] running install_scripts
[2.177s] Installing client script to /home/lasantha/ros2_ws/install/examples_rclpy_minimal_client/lib/examples_rclpy_minimal_client
[2.177s] Installing client_async script to /home/lasantha/ros2_ws/install/examples_rclpy_minimal_client/lib/examples_rclpy_minimal_client
[2.177s] Installing client_async_callback script to /home/lasantha/ros2_ws/install/examples_rclpy_minimal_client/lib/examples_rclpy_minimal_client
[2.177s] Installing client_async_member_function script to /home/lasantha/ros2_ws/install/examples_rclpy_minimal_client/lib/examples_rclpy_minimal_client
[2.177s] writing list of installed files to '/home/lasantha/ros2_ws/build/examples_rclpy_minimal_client/install.log'
[2.207s] Invoked command in '/home/lasantha/ros2_ws/src/examples/rclpy/services/minimal_client' returned '0': PYTHONPATH=/home/lasantha/ros2_ws/build/examples_rclpy_minimal_client/prefix_override:/home/lasantha/ros2_ws/install/examples_rclpy_minimal_client/lib/python3.10/site-packages:${PYTHONPATH} /usr/bin/python3 -W ignore:setup.py install is deprecated setup.py egg_info --egg-base ../../../../../build/examples_rclpy_minimal_client build --build-base /home/lasantha/ros2_ws/build/examples_rclpy_minimal_client/build install --record /home/lasantha/ros2_ws/build/examples_rclpy_minimal_client/install.log --single-version-externally-managed install_data --force
