-- Found ament_cmake: 2.0.4 (/opt/ros/iron/share/ament_cmake/cmake)
-- Found rosidl_default_generators: 1.5.0 (/opt/ros/iron/share/rosidl_default_generators/cmake)
-- Using all available rosidl_typesupport_c: rosidl_typesupport_fastrtps_c;rosidl_typesupport_introspection_c
-- Using all available rosidl_typesupport_cpp: rosidl_typesupport_fastrtps_cpp;rosidl_typesupport_introspection_cpp
-- Found rosidl_adapter: 4.0.1 (/opt/ros/iron/share/rosidl_adapter/cmake)
-- Found ament_cmake_ros: 0.11.2 (/opt/ros/iron/share/ament_cmake_ros/cmake)
-- Using all available rosidl_typesupport_c: rosidl_typesupport_fastrtps_c;rosidl_typesupport_introspection_c
-- Using all available rosidl_typesupport_cpp: rosidl_typesupport_fastrtps_cpp;rosidl_typesupport_introspection_cpp
-- Found python_cmake_module: 0.10.2 (/opt/ros/iron/share/python_cmake_module/cmake)
-- Using PYTHON_EXECUTABLE: /usr/bin/python3
-- Using PYTHON_INCLUDE_DIRS: /usr/include/python3.10
-- Using PYTHON_LIBRARIES: /usr/lib/x86_64-linux-gnu/libpython3.10.so
-- Found ament_lint_auto: 0.14.3 (/opt/ros/iron/share/ament_lint_auto/cmake)
-- Added test 'lint_cmake' to check CMake code style
-- Added test 'xmllint' to check XML markup files
-- Configuring done
-- Generating done
-- Build files have been written to: /home/lasantha/ros2_ws/build/more_interfaces
[  2%] [34m[1mGenerating type hashes for ROS interfaces[0m
[  2%] Built target ament_cmake_python_copy_more_interfaces
[  2%] Built target more_interfaces__rosidl_generator_type_description
[  5%] [34m[1mGenerating C code for ROS interfaces[0m
[  8%] [34m[1mGenerating C++ code for ROS interfaces[0m
running egg_info
writing more_interfaces.egg-info/PKG-INFO
writing dependency_links to more_interfaces.egg-info/dependency_links.txt
writing top-level names to more_interfaces.egg-info/top_level.txt
reading manifest file 'more_interfaces.egg-info/SOURCES.txt'
writing manifest file 'more_interfaces.egg-info/SOURCES.txt'
[  8%] Built target ament_cmake_python_build_more_interfaces_egg
[  8%] Built target more_interfaces__cpp
[35m[1mConsolidate compiler generated dependencies of target more_interfaces__rosidl_generator_c[0m
[ 14%] [32mBuilding C object CMakeFiles/more_interfaces__rosidl_generator_c.dir/rosidl_generator_c/more_interfaces/msg/detail/custom_state__description.c.o[0m
[ 14%] [32mBuilding C object CMakeFiles/more_interfaces__rosidl_generator_c.dir/rosidl_generator_c/more_interfaces/msg/detail/custom_state__functions.c.o[0m
[ 17%] [32mBuilding C object CMakeFiles/more_interfaces__rosidl_generator_c.dir/rosidl_generator_c/more_interfaces/msg/detail/custom_state__type_support.c.o[0m
[ 20%] [32m[1mLinking C shared library libmore_interfaces__rosidl_generator_c.so[0m
[ 20%] Built target more_interfaces__rosidl_generator_c
[ 26%] [34m[1mGenerating C++ type support dispatch for ROS interfaces[0m
[ 26%] [34m[1mGenerating C introspection for ROS interfaces[0m
[ 29%] [34m[1mGenerating C++ introspection for ROS interfaces[0m
[ 32%] [34m[1mGenerating C++ type support for eProsima Fast-RTPS[0m
[ 35%] [34m[1mGenerating C type support for eProsima Fast-RTPS[0m
[ 38%] [34m[1mGenerating C type support dispatch for ROS interfaces[0m
[35m[1mConsolidate compiler generated dependencies of target more_interfaces__rosidl_typesupport_c[0m
[ 41%] [32mBuilding CXX object CMakeFiles/more_interfaces__rosidl_typesupport_c.dir/rosidl_typesupport_c/more_interfaces/msg/custom_state__type_support.cpp.o[0m
[35m[1mConsolidate compiler generated dependencies of target more_interfaces__rosidl_typesupport_fastrtps_c[0m
[ 44%] [32mBuilding CXX object CMakeFiles/more_interfaces__rosidl_typesupport_fastrtps_c.dir/rosidl_typesupport_fastrtps_c/more_interfaces/msg/detail/custom_state__type_support_c.cpp.o[0m
[ 47%] [32m[1mLinking CXX shared library libmore_interfaces__rosidl_typesupport_c.so[0m
[ 47%] Built target more_interfaces__rosidl_typesupport_c
[35m[1mConsolidate compiler generated dependencies of target more_interfaces__rosidl_typesupport_introspection_cpp[0m
[35m[1mConsolidate compiler generated dependencies of target more_interfaces__rosidl_typesupport_cpp[0m
[ 50%] [32mBuilding CXX object CMakeFiles/more_interfaces__rosidl_typesupport_cpp.dir/rosidl_typesupport_cpp/more_interfaces/msg/custom_state__type_support.cpp.o[0m
[35m[1mConsolidate compiler generated dependencies of target more_interfaces__rosidl_typesupport_introspection_c[0m
[ 52%] [32mBuilding CXX object CMakeFiles/more_interfaces__rosidl_typesupport_introspection_cpp.dir/rosidl_typesupport_introspection_cpp/more_interfaces/msg/detail/custom_state__type_support.cpp.o[0m
[ 55%] [32mBuilding C object CMakeFiles/more_interfaces__rosidl_typesupport_introspection_c.dir/rosidl_typesupport_introspection_c/more_interfaces/msg/detail/custom_state__type_support.c.o[0m
[35m[1mConsolidate compiler generated dependencies of target more_interfaces__rosidl_typesupport_fastrtps_cpp[0m
[ 58%] [32mBuilding CXX object CMakeFiles/more_interfaces__rosidl_typesupport_fastrtps_cpp.dir/rosidl_typesupport_fastrtps_cpp/more_interfaces/msg/detail/dds_fastrtps/custom_state__type_support.cpp.o[0m
[ 61%] [32m[1mLinking C shared library libmore_interfaces__rosidl_typesupport_introspection_c.so[0m
[ 61%] Built target more_interfaces__rosidl_typesupport_introspection_c
[ 64%] [32m[1mLinking CXX shared library libmore_interfaces__rosidl_typesupport_fastrtps_c.so[0m
[ 64%] Built target more_interfaces__rosidl_typesupport_fastrtps_c
[ 67%] [32m[1mLinking CXX shared library libmore_interfaces__rosidl_typesupport_cpp.so[0m
[ 67%] Built target more_interfaces__rosidl_typesupport_cpp
[ 70%] [32m[1mLinking CXX shared library libmore_interfaces__rosidl_typesupport_introspection_cpp.so[0m
[ 70%] Built target more_interfaces__rosidl_typesupport_introspection_cpp
[ 73%] [32m[1mLinking CXX shared library libmore_interfaces__rosidl_typesupport_fastrtps_cpp.so[0m
[ 73%] Built target more_interfaces__rosidl_typesupport_fastrtps_cpp
[ 73%] Built target more_interfaces
[ 76%] [34m[1mGenerating Python code for ROS interfaces[0m
[ 76%] Built target more_interfaces__py
[35m[1mConsolidate compiler generated dependencies of target more_interfaces__rosidl_generator_py[0m
[ 79%] [32mBuilding C object CMakeFiles/more_interfaces__rosidl_generator_py.dir/rosidl_generator_py/more_interfaces/msg/_custom_state_s.c.o[0m
[ 82%] [32m[1mLinking C shared library rosidl_generator_py/more_interfaces/libmore_interfaces__rosidl_generator_py.so[0m
[ 82%] Built target more_interfaces__rosidl_generator_py
[35m[1mConsolidate compiler generated dependencies of target more_interfaces__rosidl_typesupport_fastrtps_c__pyext[0m
[35m[1mConsolidate compiler generated dependencies of target more_interfaces__rosidl_typesupport_c__pyext[0m
[35m[1mConsolidate compiler generated dependencies of target more_interfaces__rosidl_typesupport_introspection_c__pyext[0m
[ 91%] [32mBuilding C object CMakeFiles/more_interfaces__rosidl_typesupport_introspection_c__pyext.dir/rosidl_generator_py/more_interfaces/_more_interfaces_s.ep.rosidl_typesupport_introspection_c.c.o[0m
[ 91%] [32mBuilding C object CMakeFiles/more_interfaces__rosidl_typesupport_c__pyext.dir/rosidl_generator_py/more_interfaces/_more_interfaces_s.ep.rosidl_typesupport_c.c.o[0m
[ 91%] [32mBuilding C object CMakeFiles/more_interfaces__rosidl_typesupport_fastrtps_c__pyext.dir/rosidl_generator_py/more_interfaces/_more_interfaces_s.ep.rosidl_typesupport_fastrtps_c.c.o[0m
[ 97%] [32m[1mLinking C shared library rosidl_generator_py/more_interfaces/more_interfaces_s__rosidl_typesupport_introspection_c.cpython-310-x86_64-linux-gnu.so[0m
[ 97%] [32m[1mLinking C shared library rosidl_generator_py/more_interfaces/more_interfaces_s__rosidl_typesupport_c.cpython-310-x86_64-linux-gnu.so[0m
[100%] [32m[1mLinking C shared library rosidl_generator_py/more_interfaces/more_interfaces_s__rosidl_typesupport_fastrtps_c.cpython-310-x86_64-linux-gnu.so[0m
[100%] Built target more_interfaces__rosidl_typesupport_c__pyext
[100%] Built target more_interfaces__rosidl_typesupport_introspection_c__pyext
[100%] Built target more_interfaces__rosidl_typesupport_fastrtps_c__pyext
-- Install configuration: ""
-- Up-to-date: /home/lasantha/ros2_ws/install/more_interfaces/share/ament_index/resource_index/rosidl_interfaces/more_interfaces
-- Installing: /home/lasantha/ros2_ws/install/more_interfaces/share/more_interfaces/msg/CustomState.json
-- Up-to-date: /home/lasantha/ros2_ws/install/more_interfaces/include/more_interfaces/more_interfaces
-- Up-to-date: /home/lasantha/ros2_ws/install/more_interfaces/include/more_interfaces/more_interfaces/msg
-- Up-to-date: /home/lasantha/ros2_ws/install/more_interfaces/include/more_interfaces/more_interfaces/msg/rosidl_generator_c__visibility_control.h
-- Installing: /home/lasantha/ros2_ws/install/more_interfaces/include/more_interfaces/more_interfaces/msg/custom_state.h
-- Up-to-date: /home/lasantha/ros2_ws/install/more_interfaces/include/more_interfaces/more_interfaces/msg/detail
-- Installing: /home/lasantha/ros2_ws/install/more_interfaces/include/more_interfaces/more_interfaces/msg/detail/custom_state__functions.h
-- Installing: /home/lasantha/ros2_ws/install/more_interfaces/include/more_interfaces/more_interfaces/msg/detail/custom_state__type_support.c
-- Installing: /home/lasantha/ros2_ws/install/more_interfaces/include/more_interfaces/more_interfaces/msg/detail/custom_state__description.c
-- Installing: /home/lasantha/ros2_ws/install/more_interfaces/include/more_interfaces/more_interfaces/msg/detail/custom_state__struct.h
-- Installing: /home/lasantha/ros2_ws/install/more_interfaces/include/more_interfaces/more_interfaces/msg/detail/custom_state__type_support.h
-- Installing: /home/lasantha/ros2_ws/install/more_interfaces/include/more_interfaces/more_interfaces/msg/detail/custom_state__functions.c
-- Up-to-date: /home/lasantha/ros2_ws/install/more_interfaces/share/more_interfaces/environment/library_path.sh
-- Up-to-date: /home/lasantha/ros2_ws/install/more_interfaces/share/more_interfaces/environment/library_path.dsv
-- Installing: /home/lasantha/ros2_ws/install/more_interfaces/lib/libmore_interfaces__rosidl_generator_c.so
-- Set runtime path of "/home/lasantha/ros2_ws/install/more_interfaces/lib/libmore_interfaces__rosidl_generator_c.so" to ""
-- Up-to-date: /home/lasantha/ros2_ws/install/more_interfaces/include/more_interfaces/more_interfaces
-- Up-to-date: /home/lasantha/ros2_ws/install/more_interfaces/include/more_interfaces/more_interfaces/msg
-- Up-to-date: /home/lasantha/ros2_ws/install/more_interfaces/include/more_interfaces/more_interfaces/msg/rosidl_typesupport_fastrtps_c__visibility_control.h
-- Up-to-date: /home/lasantha/ros2_ws/install/more_interfaces/include/more_interfaces/more_interfaces/msg/detail
-- Installing: /home/lasantha/ros2_ws/install/more_interfaces/include/more_interfaces/more_interfaces/msg/detail/custom_state__rosidl_typesupport_fastrtps_c.h
-- Installing: /home/lasantha/ros2_ws/install/more_interfaces/lib/libmore_interfaces__rosidl_typesupport_fastrtps_c.so
-- Set runtime path of "/home/lasantha/ros2_ws/install/more_interfaces/lib/libmore_interfaces__rosidl_typesupport_fastrtps_c.so" to ""
-- Up-to-date: /home/lasantha/ros2_ws/install/more_interfaces/include/more_interfaces/more_interfaces
-- Up-to-date: /home/lasantha/ros2_ws/install/more_interfaces/include/more_interfaces/more_interfaces/msg
-- Up-to-date: /home/lasantha/ros2_ws/install/more_interfaces/include/more_interfaces/more_interfaces/msg/rosidl_typesupport_introspection_c__visibility_control.h
-- Up-to-date: /home/lasantha/ros2_ws/install/more_interfaces/include/more_interfaces/more_interfaces/msg/detail
-- Up-to-date: /home/lasantha/ros2_ws/install/more_interfaces/include/more_interfaces/more_interfaces/msg/detail/custom_state__type_support.c
-- Installing: /home/lasantha/ros2_ws/install/more_interfaces/include/more_interfaces/more_interfaces/msg/detail/custom_state__rosidl_typesupport_introspection_c.h
-- Installing: /home/lasantha/ros2_ws/install/more_interfaces/lib/libmore_interfaces__rosidl_typesupport_introspection_c.so
-- Set runtime path of "/home/lasantha/ros2_ws/install/more_interfaces/lib/libmore_interfaces__rosidl_typesupport_introspection_c.so" to ""
-- Installing: /home/lasantha/ros2_ws/install/more_interfaces/lib/libmore_interfaces__rosidl_typesupport_c.so
-- Set runtime path of "/home/lasantha/ros2_ws/install/more_interfaces/lib/libmore_interfaces__rosidl_typesupport_c.so" to ""
-- Up-to-date: /home/lasantha/ros2_ws/install/more_interfaces/include/more_interfaces/more_interfaces
-- Up-to-date: /home/lasantha/ros2_ws/install/more_interfaces/include/more_interfaces/more_interfaces/msg
-- Installing: /home/lasantha/ros2_ws/install/more_interfaces/include/more_interfaces/more_interfaces/msg/custom_state.hpp
-- Up-to-date: /home/lasantha/ros2_ws/install/more_interfaces/include/more_interfaces/more_interfaces/msg/detail
-- Installing: /home/lasantha/ros2_ws/install/more_interfaces/include/more_interfaces/more_interfaces/msg/detail/custom_state__struct.hpp
-- Installing: /home/lasantha/ros2_ws/install/more_interfaces/include/more_interfaces/more_interfaces/msg/detail/custom_state__builder.hpp
-- Installing: /home/lasantha/ros2_ws/install/more_interfaces/include/more_interfaces/more_interfaces/msg/detail/custom_state__traits.hpp
-- Up-to-date: /home/lasantha/ros2_ws/install/more_interfaces/include/more_interfaces/more_interfaces
-- Up-to-date: /home/lasantha/ros2_ws/install/more_interfaces/include/more_interfaces/more_interfaces/msg
-- Up-to-date: /home/lasantha/ros2_ws/install/more_interfaces/include/more_interfaces/more_interfaces/msg/rosidl_typesupport_fastrtps_cpp__visibility_control.h
-- Up-to-date: /home/lasantha/ros2_ws/install/more_interfaces/include/more_interfaces/more_interfaces/msg/detail
-- Up-to-date: /home/lasantha/ros2_ws/install/more_interfaces/include/more_interfaces/more_interfaces/msg/detail/dds_fastrtps
-- Installing: /home/lasantha/ros2_ws/install/more_interfaces/include/more_interfaces/more_interfaces/msg/detail/custom_state__rosidl_typesupport_fastrtps_cpp.hpp
-- Installing: /home/lasantha/ros2_ws/install/more_interfaces/lib/libmore_interfaces__rosidl_typesupport_fastrtps_cpp.so
-- Set runtime path of "/home/lasantha/ros2_ws/install/more_interfaces/lib/libmore_interfaces__rosidl_typesupport_fastrtps_cpp.so" to ""
-- Up-to-date: /home/lasantha/ros2_ws/install/more_interfaces/include/more_interfaces/more_interfaces
-- Up-to-date: /home/lasantha/ros2_ws/install/more_interfaces/include/more_interfaces/more_interfaces/msg
-- Up-to-date: /home/lasantha/ros2_ws/install/more_interfaces/include/more_interfaces/more_interfaces/msg/detail
-- Installing: /home/lasantha/ros2_ws/install/more_interfaces/include/more_interfaces/more_interfaces/msg/detail/custom_state__rosidl_typesupport_introspection_cpp.hpp
-- Installing: /home/lasantha/ros2_ws/install/more_interfaces/include/more_interfaces/more_interfaces/msg/detail/custom_state__type_support.cpp
-- Installing: /home/lasantha/ros2_ws/install/more_interfaces/lib/libmore_interfaces__rosidl_typesupport_introspection_cpp.so
-- Set runtime path of "/home/lasantha/ros2_ws/install/more_interfaces/lib/libmore_interfaces__rosidl_typesupport_introspection_cpp.so" to ""
-- Installing: /home/lasantha/ros2_ws/install/more_interfaces/lib/libmore_interfaces__rosidl_typesupport_cpp.so
-- Set runtime path of "/home/lasantha/ros2_ws/install/more_interfaces/lib/libmore_interfaces__rosidl_typesupport_cpp.so" to ""
-- Up-to-date: /home/lasantha/ros2_ws/install/more_interfaces/share/more_interfaces/environment/pythonpath.sh
-- Up-to-date: /home/lasantha/ros2_ws/install/more_interfaces/share/more_interfaces/environment/pythonpath.dsv
-- Up-to-date: /home/lasantha/ros2_ws/install/more_interfaces/lib/python3.10/site-packages/more_interfaces-0.0.0-py3.10.egg-info
-- Installing: /home/lasantha/ros2_ws/install/more_interfaces/lib/python3.10/site-packages/more_interfaces-0.0.0-py3.10.egg-info/dependency_links.txt
-- Installing: /home/lasantha/ros2_ws/install/more_interfaces/lib/python3.10/site-packages/more_interfaces-0.0.0-py3.10.egg-info/top_level.txt
-- Installing: /home/lasantha/ros2_ws/install/more_interfaces/lib/python3.10/site-packages/more_interfaces-0.0.0-py3.10.egg-info/PKG-INFO
-- Installing: /home/lasantha/ros2_ws/install/more_interfaces/lib/python3.10/site-packages/more_interfaces-0.0.0-py3.10.egg-info/SOURCES.txt
-- Up-to-date: /home/lasantha/ros2_ws/install/more_interfaces/lib/python3.10/site-packages/more_interfaces
-- Installing: /home/lasantha/ros2_ws/install/more_interfaces/lib/python3.10/site-packages/more_interfaces/_more_interfaces_s.ep.rosidl_typesupport_fastrtps_c.c
-- Up-to-date: /home/lasantha/ros2_ws/install/more_interfaces/lib/python3.10/site-packages/more_interfaces/msg
-- Installing: /home/lasantha/ros2_ws/install/more_interfaces/lib/python3.10/site-packages/more_interfaces/msg/_custom_state.py
-- Installing: /home/lasantha/ros2_ws/install/more_interfaces/lib/python3.10/site-packages/more_interfaces/msg/__init__.py
-- Installing: /home/lasantha/ros2_ws/install/more_interfaces/lib/python3.10/site-packages/more_interfaces/msg/_custom_state_s.c
-- Installing: /home/lasantha/ros2_ws/install/more_interfaces/lib/python3.10/site-packages/more_interfaces/__init__.py
-- Installing: /home/lasantha/ros2_ws/install/more_interfaces/lib/python3.10/site-packages/more_interfaces/more_interfaces_s__rosidl_typesupport_fastrtps_c.cpython-310-x86_64-linux-gnu.so
-- Installing: /home/lasantha/ros2_ws/install/more_interfaces/lib/python3.10/site-packages/more_interfaces/_more_interfaces_s.ep.rosidl_typesupport_c.c
-- Installing: /home/lasantha/ros2_ws/install/more_interfaces/lib/python3.10/site-packages/more_interfaces/_more_interfaces_s.ep.rosidl_typesupport_introspection_c.c
-- Installing: /home/lasantha/ros2_ws/install/more_interfaces/lib/python3.10/site-packages/more_interfaces/more_interfaces_s__rosidl_typesupport_introspection_c.cpython-310-x86_64-linux-gnu.so
-- Installing: /home/lasantha/ros2_ws/install/more_interfaces/lib/python3.10/site-packages/more_interfaces/more_interfaces_s__rosidl_typesupport_c.cpython-310-x86_64-linux-gnu.so
-- Installing: /home/lasantha/ros2_ws/install/more_interfaces/lib/python3.10/site-packages/more_interfaces/libmore_interfaces__rosidl_generator_py.so
Listing '/home/lasantha/ros2_ws/install/more_interfaces/lib/python3.10/site-packages/more_interfaces'...
Compiling '/home/lasantha/ros2_ws/install/more_interfaces/lib/python3.10/site-packages/more_interfaces/__init__.py'...
Listing '/home/lasantha/ros2_ws/install/more_interfaces/lib/python3.10/site-packages/more_interfaces/msg'...
Compiling '/home/lasantha/ros2_ws/install/more_interfaces/lib/python3.10/site-packages/more_interfaces/msg/__init__.py'...
Compiling '/home/lasantha/ros2_ws/install/more_interfaces/lib/python3.10/site-packages/more_interfaces/msg/_custom_state.py'...
-- Installing: /home/lasantha/ros2_ws/install/more_interfaces/lib/python3.10/site-packages/more_interfaces/more_interfaces_s__rosidl_typesupport_fastrtps_c.cpython-310-x86_64-linux-gnu.so
-- Set runtime path of "/home/lasantha/ros2_ws/install/more_interfaces/lib/python3.10/site-packages/more_interfaces/more_interfaces_s__rosidl_typesupport_fastrtps_c.cpython-310-x86_64-linux-gnu.so" to ""
-- Installing: /home/lasantha/ros2_ws/install/more_interfaces/lib/python3.10/site-packages/more_interfaces/more_interfaces_s__rosidl_typesupport_introspection_c.cpython-310-x86_64-linux-gnu.so
-- Set runtime path of "/home/lasantha/ros2_ws/install/more_interfaces/lib/python3.10/site-packages/more_interfaces/more_interfaces_s__rosidl_typesupport_introspection_c.cpython-310-x86_64-linux-gnu.so" to ""
-- Installing: /home/lasantha/ros2_ws/install/more_interfaces/lib/python3.10/site-packages/more_interfaces/more_interfaces_s__rosidl_typesupport_c.cpython-310-x86_64-linux-gnu.so
-- Set runtime path of "/home/lasantha/ros2_ws/install/more_interfaces/lib/python3.10/site-packages/more_interfaces/more_interfaces_s__rosidl_typesupport_c.cpython-310-x86_64-linux-gnu.so" to ""
-- Installing: /home/lasantha/ros2_ws/install/more_interfaces/lib/libmore_interfaces__rosidl_generator_py.so
-- Set runtime path of "/home/lasantha/ros2_ws/install/more_interfaces/lib/libmore_interfaces__rosidl_generator_py.so" to ""
-- Installing: /home/lasantha/ros2_ws/install/more_interfaces/share/more_interfaces/msg/CustomState.idl
-- Installing: /home/lasantha/ros2_ws/install/more_interfaces/share/more_interfaces/msg/CustomState.msg
-- Up-to-date: /home/lasantha/ros2_ws/install/more_interfaces/share/ament_index/resource_index/package_run_dependencies/more_interfaces
-- Installing: /home/lasantha/ros2_ws/install/more_interfaces/share/ament_index/resource_index/parent_prefix_path/more_interfaces
-- Up-to-date: /home/lasantha/ros2_ws/install/more_interfaces/share/more_interfaces/environment/ament_prefix_path.sh
-- Up-to-date: /home/lasantha/ros2_ws/install/more_interfaces/share/more_interfaces/environment/ament_prefix_path.dsv
-- Up-to-date: /home/lasantha/ros2_ws/install/more_interfaces/share/more_interfaces/environment/path.sh
-- Up-to-date: /home/lasantha/ros2_ws/install/more_interfaces/share/more_interfaces/environment/path.dsv
-- Up-to-date: /home/lasantha/ros2_ws/install/more_interfaces/share/more_interfaces/local_setup.bash
-- Up-to-date: /home/lasantha/ros2_ws/install/more_interfaces/share/more_interfaces/local_setup.sh
-- Up-to-date: /home/lasantha/ros2_ws/install/more_interfaces/share/more_interfaces/local_setup.zsh
-- Up-to-date: /home/lasantha/ros2_ws/install/more_interfaces/share/more_interfaces/local_setup.dsv
-- Installing: /home/lasantha/ros2_ws/install/more_interfaces/share/more_interfaces/package.dsv
-- Up-to-date: /home/lasantha/ros2_ws/install/more_interfaces/share/ament_index/resource_index/packages/more_interfaces
-- Up-to-date: /home/lasantha/ros2_ws/install/more_interfaces/share/more_interfaces/cmake/export_more_interfaces__rosidl_generator_cExport.cmake
-- Up-to-date: /home/lasantha/ros2_ws/install/more_interfaces/share/more_interfaces/cmake/export_more_interfaces__rosidl_generator_cExport-noconfig.cmake
-- Up-to-date: /home/lasantha/ros2_ws/install/more_interfaces/share/more_interfaces/cmake/export_more_interfaces__rosidl_typesupport_fastrtps_cExport.cmake
-- Up-to-date: /home/lasantha/ros2_ws/install/more_interfaces/share/more_interfaces/cmake/export_more_interfaces__rosidl_typesupport_fastrtps_cExport-noconfig.cmake
-- Up-to-date: /home/lasantha/ros2_ws/install/more_interfaces/share/more_interfaces/cmake/more_interfaces__rosidl_typesupport_introspection_cExport.cmake
-- Up-to-date: /home/lasantha/ros2_ws/install/more_interfaces/share/more_interfaces/cmake/more_interfaces__rosidl_typesupport_introspection_cExport-noconfig.cmake
-- Up-to-date: /home/lasantha/ros2_ws/install/more_interfaces/share/more_interfaces/cmake/more_interfaces__rosidl_typesupport_cExport.cmake
-- Up-to-date: /home/lasantha/ros2_ws/install/more_interfaces/share/more_interfaces/cmake/more_interfaces__rosidl_typesupport_cExport-noconfig.cmake
-- Up-to-date: /home/lasantha/ros2_ws/install/more_interfaces/share/more_interfaces/cmake/export_more_interfaces__rosidl_generator_cppExport.cmake
-- Up-to-date: /home/lasantha/ros2_ws/install/more_interfaces/share/more_interfaces/cmake/export_more_interfaces__rosidl_typesupport_fastrtps_cppExport.cmake
-- Up-to-date: /home/lasantha/ros2_ws/install/more_interfaces/share/more_interfaces/cmake/export_more_interfaces__rosidl_typesupport_fastrtps_cppExport-noconfig.cmake
-- Up-to-date: /home/lasantha/ros2_ws/install/more_interfaces/share/more_interfaces/cmake/more_interfaces__rosidl_typesupport_introspection_cppExport.cmake
-- Up-to-date: /home/lasantha/ros2_ws/install/more_interfaces/share/more_interfaces/cmake/more_interfaces__rosidl_typesupport_introspection_cppExport-noconfig.cmake
-- Up-to-date: /home/lasantha/ros2_ws/install/more_interfaces/share/more_interfaces/cmake/more_interfaces__rosidl_typesupport_cppExport.cmake
-- Up-to-date: /home/lasantha/ros2_ws/install/more_interfaces/share/more_interfaces/cmake/more_interfaces__rosidl_typesupport_cppExport-noconfig.cmake
-- Up-to-date: /home/lasantha/ros2_ws/install/more_interfaces/share/more_interfaces/cmake/export_more_interfaces__rosidl_generator_pyExport.cmake
-- Up-to-date: /home/lasantha/ros2_ws/install/more_interfaces/share/more_interfaces/cmake/export_more_interfaces__rosidl_generator_pyExport-noconfig.cmake
-- Up-to-date: /home/lasantha/ros2_ws/install/more_interfaces/share/more_interfaces/cmake/rosidl_cmake-extras.cmake
-- Up-to-date: /home/lasantha/ros2_ws/install/more_interfaces/share/more_interfaces/cmake/ament_cmake_export_include_directories-extras.cmake
-- Up-to-date: /home/lasantha/ros2_ws/install/more_interfaces/share/more_interfaces/cmake/ament_cmake_export_libraries-extras.cmake
-- Up-to-date: /home/lasantha/ros2_ws/install/more_interfaces/share/more_interfaces/cmake/ament_cmake_export_targets-extras.cmake
-- Up-to-date: /home/lasantha/ros2_ws/install/more_interfaces/share/more_interfaces/cmake/rosidl_cmake_export_typesupport_targets-extras.cmake
-- Up-to-date: /home/lasantha/ros2_ws/install/more_interfaces/share/more_interfaces/cmake/ament_cmake_export_dependencies-extras.cmake
-- Up-to-date: /home/lasantha/ros2_ws/install/more_interfaces/share/more_interfaces/cmake/rosidl_cmake_export_typesupport_libraries-extras.cmake
-- Up-to-date: /home/lasantha/ros2_ws/install/more_interfaces/share/more_interfaces/cmake/more_interfacesConfig.cmake
-- Up-to-date: /home/lasantha/ros2_ws/install/more_interfaces/share/more_interfaces/cmake/more_interfacesConfig-version.cmake
-- Up-to-date: /home/lasantha/ros2_ws/install/more_interfaces/share/more_interfaces/package.xml
