[0.019s] Invoking command in '/home/lasantha/ros2_ws/build/examples_rclcpp_minimal_action_server': CMAKE_PREFIX_PATH=/opt/ros/iron /usr/bin/cmake /home/lasantha/ros2_ws/src/examples/rclcpp/actions/minimal_action_server -DCMAKE_INSTALL_PREFIX=/home/lasantha/ros2_ws/install/examples_rclcpp_minimal_action_server
[0.029s] -- Found ament_cmake: 2.0.4 (/opt/ros/iron/share/ament_cmake/cmake)
[0.227s] -- Override CMake install command with custom implementation using symlinks instead of copying resources
[0.235s] -- Found example_interfaces: 0.10.2 (/opt/ros/iron/share/example_interfaces/cmake)
[0.266s] -- Found rosidl_generator_c: 4.0.1 (/opt/ros/iron/share/rosidl_generator_c/cmake)
[0.276s] -- Found rosidl_generator_cpp: 4.0.1 (/opt/ros/iron/share/rosidl_generator_cpp/cmake)
[0.291s] -- Using all available rosidl_typesupport_c: rosidl_typesupport_fastrtps_c;rosidl_typesupport_introspection_c
[0.310s] -- Using all available rosidl_typesupport_cpp: rosidl_typesupport_fastrtps_cpp;rosidl_typesupport_introspection_cpp
[0.619s] -- Found rclcpp: 21.0.5 (/opt/ros/iron/share/rclcpp/cmake)
[0.738s] -- Found rmw_implementation_cmake: 7.1.0 (/opt/ros/iron/share/rmw_implementation_cmake/cmake)
[0.739s] -- Found rmw_fastrtps_cpp: 7.1.3 (/opt/ros/iron/share/rmw_fastrtps_cpp/cmake)
[0.900s] -- Using RMW implementation 'rmw_fastrtps_cpp' as default
[1.108s] -- Found rclcpp_action: 21.0.5 (/opt/ros/iron/share/rclcpp_action/cmake)
[1.153s] -- Found ament_lint_auto: 0.14.3 (/opt/ros/iron/share/ament_lint_auto/cmake)
[1.253s] -- Added test 'copyright' to check source files copyright and LICENSE
[1.253s] -- Added test 'cppcheck' to perform static code analysis on C / C++ code
[1.254s] -- Configured cppcheck include dirs: 
[1.254s] -- Configured cppcheck exclude dirs and/or files: 
[1.254s] -- Added test 'cpplint' to check C / C++ code against the Google style
[1.254s] -- Configured cpplint exclude dirs and/or files: 
[1.255s] -- Added test 'lint_cmake' to check CMake code style
[1.255s] -- Added test 'uncrustify' to check C / C++ code style
[1.255s] -- Configured uncrustify additional arguments: 
[1.256s] -- Added test 'xmllint' to check XML markup files
[1.257s] -- Configuring done
[1.274s] -- Generating done
[1.275s] -- Build files have been written to: /home/lasantha/ros2_ws/build/examples_rclcpp_minimal_action_server
[1.289s] Invoked command in '/home/lasantha/ros2_ws/build/examples_rclcpp_minimal_action_server' returned '0': CMAKE_PREFIX_PATH=/opt/ros/iron /usr/bin/cmake /home/lasantha/ros2_ws/src/examples/rclcpp/actions/minimal_action_server -DCMAKE_INSTALL_PREFIX=/home/lasantha/ros2_ws/install/examples_rclcpp_minimal_action_server
[1.289s] Invoking command in '/home/lasantha/ros2_ws/build/examples_rclcpp_minimal_action_server': CMAKE_PREFIX_PATH=/opt/ros/iron /usr/bin/cmake --build /home/lasantha/ros2_ws/build/examples_rclcpp_minimal_action_server -- -j8 -l8
[1.337s] [35m[1mConsolidate compiler generated dependencies of target action_server_member_functions[0m
[1.337s] [35m[1mConsolidate compiler generated dependencies of target action_server_not_composable[0m
[1.355s] [ 50%] Built target action_server_member_functions
[1.362s] [100%] Built target action_server_not_composable
[1.397s] Invoked command in '/home/lasantha/ros2_ws/build/examples_rclcpp_minimal_action_server' returned '0': CMAKE_PREFIX_PATH=/opt/ros/iron /usr/bin/cmake --build /home/lasantha/ros2_ws/build/examples_rclcpp_minimal_action_server -- -j8 -l8
[1.444s] Invoking command in '/home/lasantha/ros2_ws/build/examples_rclcpp_minimal_action_server': CMAKE_PREFIX_PATH=/opt/ros/iron /usr/bin/cmake --install /home/lasantha/ros2_ws/build/examples_rclcpp_minimal_action_server
[1.452s] -- Install configuration: ""
[1.452s] -- Execute custom install script
[1.452s] -- Up-to-date symlink: /home/lasantha/ros2_ws/install/examples_rclcpp_minimal_action_server/lib/examples_rclcpp_minimal_action_server/action_server_not_composable
[1.452s] -- Up-to-date symlink: /home/lasantha/ros2_ws/install/examples_rclcpp_minimal_action_server/lib/examples_rclcpp_minimal_action_server/action_server_member_functions
[1.452s] -- Up-to-date symlink: /home/lasantha/ros2_ws/install/examples_rclcpp_minimal_action_server/share/ament_index/resource_index/package_run_dependencies/examples_rclcpp_minimal_action_server
[1.452s] -- Up-to-date symlink: /home/lasantha/ros2_ws/install/examples_rclcpp_minimal_action_server/share/ament_index/resource_index/parent_prefix_path/examples_rclcpp_minimal_action_server
[1.452s] -- Up-to-date symlink: /home/lasantha/ros2_ws/install/examples_rclcpp_minimal_action_server/share/examples_rclcpp_minimal_action_server/environment/ament_prefix_path.sh
[1.453s] -- Up-to-date symlink: /home/lasantha/ros2_ws/install/examples_rclcpp_minimal_action_server/share/examples_rclcpp_minimal_action_server/environment/ament_prefix_path.dsv
[1.453s] -- Up-to-date symlink: /home/lasantha/ros2_ws/install/examples_rclcpp_minimal_action_server/share/examples_rclcpp_minimal_action_server/environment/path.sh
[1.453s] -- Up-to-date symlink: /home/lasantha/ros2_ws/install/examples_rclcpp_minimal_action_server/share/examples_rclcpp_minimal_action_server/environment/path.dsv
[1.453s] -- Up-to-date symlink: /home/lasantha/ros2_ws/install/examples_rclcpp_minimal_action_server/share/examples_rclcpp_minimal_action_server/local_setup.bash
[1.453s] -- Up-to-date symlink: /home/lasantha/ros2_ws/install/examples_rclcpp_minimal_action_server/share/examples_rclcpp_minimal_action_server/local_setup.sh
[1.453s] -- Up-to-date symlink: /home/lasantha/ros2_ws/install/examples_rclcpp_minimal_action_server/share/examples_rclcpp_minimal_action_server/local_setup.zsh
[1.453s] -- Up-to-date symlink: /home/lasantha/ros2_ws/install/examples_rclcpp_minimal_action_server/share/examples_rclcpp_minimal_action_server/local_setup.dsv
[1.454s] -- Symlinking: /home/lasantha/ros2_ws/install/examples_rclcpp_minimal_action_server/share/examples_rclcpp_minimal_action_server/package.dsv
[1.463s] -- Up-to-date symlink: /home/lasantha/ros2_ws/install/examples_rclcpp_minimal_action_server/share/ament_index/resource_index/packages/examples_rclcpp_minimal_action_server
[1.463s] -- Up-to-date symlink: /home/lasantha/ros2_ws/install/examples_rclcpp_minimal_action_server/share/examples_rclcpp_minimal_action_server/cmake/examples_rclcpp_minimal_action_serverConfig.cmake
[1.463s] -- Up-to-date symlink: /home/lasantha/ros2_ws/install/examples_rclcpp_minimal_action_server/share/examples_rclcpp_minimal_action_server/cmake/examples_rclcpp_minimal_action_serverConfig-version.cmake
[1.463s] -- Up-to-date symlink: /home/lasantha/ros2_ws/install/examples_rclcpp_minimal_action_server/share/examples_rclcpp_minimal_action_server/package.xml
[1.470s] Invoked command in '/home/lasantha/ros2_ws/build/examples_rclcpp_minimal_action_server' returned '0': CMAKE_PREFIX_PATH=/opt/ros/iron /usr/bin/cmake --install /home/lasantha/ros2_ws/build/examples_rclcpp_minimal_action_server
