[0.019s] Invoking command in '/home/lasantha/ros2_ws/build/examples_rclcpp_minimal_composition': CMAKE_PREFIX_PATH=/opt/ros/iron /usr/bin/cmake /home/lasantha/ros2_ws/src/examples/rclcpp/composition/minimal_composition -DCMAKE_INSTALL_PREFIX=/home/lasantha/ros2_ws/install/examples_rclcpp_minimal_composition
[0.034s] -- Found ament_cmake: 2.0.4 (/opt/ros/iron/share/ament_cmake/cmake)
[0.240s] -- Override CMake install command with custom implementation using symlinks instead of copying resources
[0.247s] -- Found rclcpp: 21.0.5 (/opt/ros/iron/share/rclcpp/cmake)
[0.284s] -- Found rosidl_generator_c: 4.0.1 (/opt/ros/iron/share/rosidl_generator_c/cmake)
[0.295s] -- Found rosidl_generator_cpp: 4.0.1 (/opt/ros/iron/share/rosidl_generator_cpp/cmake)
[0.312s] -- Using all available rosidl_typesupport_c: rosidl_typesupport_fastrtps_c;rosidl_typesupport_introspection_c
[0.333s] -- Using all available rosidl_typesupport_cpp: rosidl_typesupport_fastrtps_cpp;rosidl_typesupport_introspection_cpp
[0.534s] -- Found rmw_implementation_cmake: 7.1.0 (/opt/ros/iron/share/rmw_implementation_cmake/cmake)
[0.535s] -- Found rmw_fastrtps_cpp: 7.1.3 (/opt/ros/iron/share/rmw_fastrtps_cpp/cmake)
[0.687s] -- Using RMW implementation 'rmw_fastrtps_cpp' as default
[0.894s] -- Found rclcpp_components: 21.0.5 (/opt/ros/iron/share/rclcpp_components/cmake)
[1.012s] -- Found std_msgs: 5.0.0 (/opt/ros/iron/share/std_msgs/cmake)
[1.053s] -- Found ament_lint_auto: 0.14.3 (/opt/ros/iron/share/ament_lint_auto/cmake)
[1.142s] -- Added test 'copyright' to check source files copyright and LICENSE
[1.143s] -- Added test 'cppcheck' to perform static code analysis on C / C++ code
[1.143s] -- Configured cppcheck include dirs: /home/lasantha/ros2_ws/src/examples/rclcpp/composition/minimal_composition/include
[1.143s] -- Configured cppcheck exclude dirs and/or files: 
[1.144s] -- Added test 'cpplint' to check C / C++ code against the Google style
[1.144s] -- Configured cpplint exclude dirs and/or files: 
[1.145s] -- Added test 'lint_cmake' to check CMake code style
[1.146s] -- Added test 'uncrustify' to check C / C++ code style
[1.146s] -- Configured uncrustify additional arguments: 
[1.146s] -- Added test 'xmllint' to check XML markup files
[1.147s] -- Configuring done
[1.170s] -- Generating done
[1.172s] -- Build files have been written to: /home/lasantha/ros2_ws/build/examples_rclcpp_minimal_composition
[1.206s] Invoked command in '/home/lasantha/ros2_ws/build/examples_rclcpp_minimal_composition' returned '0': CMAKE_PREFIX_PATH=/opt/ros/iron /usr/bin/cmake /home/lasantha/ros2_ws/src/examples/rclcpp/composition/minimal_composition -DCMAKE_INSTALL_PREFIX=/home/lasantha/ros2_ws/install/examples_rclcpp_minimal_composition
[1.207s] Invoking command in '/home/lasantha/ros2_ws/build/examples_rclcpp_minimal_composition': CMAKE_PREFIX_PATH=/opt/ros/iron /usr/bin/cmake --build /home/lasantha/ros2_ws/build/examples_rclcpp_minimal_composition -- -j8 -l8
[1.274s] [35m[1mConsolidate compiler generated dependencies of target composition_nodes[0m
[1.298s] [ 33%] Built target composition_nodes
[1.313s] [35m[1mConsolidate compiler generated dependencies of target composition_publisher[0m
[1.319s] [35m[1mConsolidate compiler generated dependencies of target composition_composed[0m
[1.320s] [35m[1mConsolidate compiler generated dependencies of target composition_subscriber[0m
[1.331s] [ 55%] Built target composition_publisher
[1.339s] [ 77%] Built target composition_composed
[1.347s] [100%] Built target composition_subscriber
[1.358s] Invoked command in '/home/lasantha/ros2_ws/build/examples_rclcpp_minimal_composition' returned '0': CMAKE_PREFIX_PATH=/opt/ros/iron /usr/bin/cmake --build /home/lasantha/ros2_ws/build/examples_rclcpp_minimal_composition -- -j8 -l8
[1.410s] Invoking command in '/home/lasantha/ros2_ws/build/examples_rclcpp_minimal_composition': CMAKE_PREFIX_PATH=/opt/ros/iron /usr/bin/cmake --install /home/lasantha/ros2_ws/build/examples_rclcpp_minimal_composition
[1.423s] -- Install configuration: ""
[1.423s] -- Execute custom install script
[1.423s] -- Up-to-date symlink: /home/lasantha/ros2_ws/install/examples_rclcpp_minimal_composition/share/examples_rclcpp_minimal_composition/environment/library_path.sh
[1.424s] -- Up-to-date symlink: /home/lasantha/ros2_ws/install/examples_rclcpp_minimal_composition/share/examples_rclcpp_minimal_composition/environment/library_path.dsv
[1.424s] -- Up-to-date symlink: /home/lasantha/ros2_ws/install/examples_rclcpp_minimal_composition/lib/libcomposition_nodes.so
[1.424s] -- Up-to-date symlink: /home/lasantha/ros2_ws/install/examples_rclcpp_minimal_composition/lib/examples_rclcpp_minimal_composition/composition_publisher
[1.424s] -- Up-to-date symlink: /home/lasantha/ros2_ws/install/examples_rclcpp_minimal_composition/lib/examples_rclcpp_minimal_composition/composition_subscriber
[1.424s] -- Up-to-date symlink: /home/lasantha/ros2_ws/install/examples_rclcpp_minimal_composition/lib/examples_rclcpp_minimal_composition/composition_composed
[1.424s] -- Up-to-date symlink: /home/lasantha/ros2_ws/install/examples_rclcpp_minimal_composition/share/ament_index/resource_index/package_run_dependencies/examples_rclcpp_minimal_composition
[1.424s] -- Up-to-date symlink: /home/lasantha/ros2_ws/install/examples_rclcpp_minimal_composition/share/ament_index/resource_index/parent_prefix_path/examples_rclcpp_minimal_composition
[1.425s] -- Up-to-date symlink: /home/lasantha/ros2_ws/install/examples_rclcpp_minimal_composition/share/examples_rclcpp_minimal_composition/environment/ament_prefix_path.sh
[1.425s] -- Up-to-date symlink: /home/lasantha/ros2_ws/install/examples_rclcpp_minimal_composition/share/examples_rclcpp_minimal_composition/environment/ament_prefix_path.dsv
[1.425s] -- Up-to-date symlink: /home/lasantha/ros2_ws/install/examples_rclcpp_minimal_composition/share/examples_rclcpp_minimal_composition/environment/path.sh
[1.425s] -- Up-to-date symlink: /home/lasantha/ros2_ws/install/examples_rclcpp_minimal_composition/share/examples_rclcpp_minimal_composition/environment/path.dsv
[1.425s] -- Up-to-date symlink: /home/lasantha/ros2_ws/install/examples_rclcpp_minimal_composition/share/examples_rclcpp_minimal_composition/local_setup.bash
[1.425s] -- Up-to-date symlink: /home/lasantha/ros2_ws/install/examples_rclcpp_minimal_composition/share/examples_rclcpp_minimal_composition/local_setup.sh
[1.425s] -- Up-to-date symlink: /home/lasantha/ros2_ws/install/examples_rclcpp_minimal_composition/share/examples_rclcpp_minimal_composition/local_setup.zsh
[1.425s] -- Up-to-date symlink: /home/lasantha/ros2_ws/install/examples_rclcpp_minimal_composition/share/examples_rclcpp_minimal_composition/local_setup.dsv
[1.425s] -- Symlinking: /home/lasantha/ros2_ws/install/examples_rclcpp_minimal_composition/share/examples_rclcpp_minimal_composition/package.dsv
[1.432s] -- Up-to-date symlink: /home/lasantha/ros2_ws/install/examples_rclcpp_minimal_composition/share/ament_index/resource_index/packages/examples_rclcpp_minimal_composition
[1.433s] -- Up-to-date symlink: /home/lasantha/ros2_ws/install/examples_rclcpp_minimal_composition/share/examples_rclcpp_minimal_composition/cmake/examples_rclcpp_minimal_compositionConfig.cmake
[1.433s] -- Up-to-date symlink: /home/lasantha/ros2_ws/install/examples_rclcpp_minimal_composition/share/examples_rclcpp_minimal_composition/cmake/examples_rclcpp_minimal_compositionConfig-version.cmake
[1.433s] -- Up-to-date symlink: /home/lasantha/ros2_ws/install/examples_rclcpp_minimal_composition/share/examples_rclcpp_minimal_composition/package.xml
[1.447s] Invoked command in '/home/lasantha/ros2_ws/build/examples_rclcpp_minimal_composition' returned '0': CMAKE_PREFIX_PATH=/opt/ros/iron /usr/bin/cmake --install /home/lasantha/ros2_ws/build/examples_rclcpp_minimal_composition
