[0.013s] Invoking command in '/home/lasantha/ros2_ws/build/examples_rclcpp_async_client': /usr/bin/cmake /home/lasantha/ros2_ws/src/examples/rclcpp/services/async_client -DAMENT_CMAKE_SYMLINK_INSTALL=1 -DCMAKE_INSTALL_PREFIX=/home/lasantha/ros2_ws/install/examples_rclcpp_async_client
[0.079s] -- The C compiler identification is GNU 11.4.0
[0.147s] -- The CXX compiler identification is GNU 11.4.0
[0.157s] -- Detecting C compiler ABI info
[0.234s] -- Detecting C compiler ABI info - done
[0.243s] -- Check for working C compiler: /usr/bin/cc - skipped
[0.243s] -- Detecting C compile features
[0.244s] -- Detecting C compile features - done
[0.247s] -- Detecting CXX compiler ABI info
[0.334s] -- Detecting CXX compiler ABI info - done
[0.343s] -- Check for working CXX compiler: /usr/bin/c++ - skipped
[0.344s] -- Detecting CXX compile features
[0.344s] -- Detecting CXX compile features - done
[0.357s] [31mCMake Error at CMakeLists.txt:14 (find_package):
[0.357s]   By not providing "Findament_cmake.cmake" in CMAKE_MODULE_PATH this project
[0.357s]   has asked CMake to find a package configuration file provided by
[0.357s]   "ament_cmake", but CMake did not find one.
[0.357s] 
[0.357s]   Could not find a package configuration file provided by "ament_cmake" with
[0.357s]   any of the following names:
[0.357s] 
[0.357s]     ament_cmakeConfig.cmake
[0.357s]     ament_cmake-config.cmake
[0.358s] 
[0.358s]   Add the installation prefix of "ament_cmake" to CMAKE_PREFIX_PATH or set
[0.358s]   "ament_cmake_DIR" to a directory containing one of the above files.  If
[0.358s]   "ament_cmake" provides a separate development package or SDK, be sure it
[0.358s]   has been installed.
[0.358s] 
[0.358s] [0m
[0.358s] -- Configuring incomplete, errors occurred!
[0.358s] See also "/home/lasantha/ros2_ws/build/examples_rclcpp_async_client/CMakeFiles/CMakeOutput.log".
[0.362s] Invoked command in '/home/lasantha/ros2_ws/build/examples_rclcpp_async_client' returned '1': /usr/bin/cmake /home/lasantha/ros2_ws/src/examples/rclcpp/services/async_client -DAMENT_CMAKE_SYMLINK_INSTALL=1 -DCMAKE_INSTALL_PREFIX=/home/lasantha/ros2_ws/install/examples_rclcpp_async_client
