[1.082s] Invoking command in '/home/lasantha/ros2_ws/build/examples_rclpy_minimal_action_server': PYTHONPATH=/home/lasantha/ros2_ws/build/examples_rclpy_minimal_action_server/prefix_override:/home/lasantha/ros2_ws/install/examples_rclpy_minimal_action_server/lib/python3.10/site-packages:${PYTHONPATH} /usr/bin/python3 -W ignore:setup.py install is deprecated setup.py develop --uninstall --editable --build-directory /home/lasantha/ros2_ws/build/examples_rclpy_minimal_action_server/build
[1.443s] running develop
[1.443s] /usr/lib/python3/dist-packages/setuptools/command/easy_install.py:158: EasyInstallDeprecationWarning: easy_install command is deprecated. Use build and pip and other standards-based tools.
[1.443s]   warnings.warn(
[1.629s] Removing /home/lasantha/ros2_ws/install/examples_rclpy_minimal_action_server/lib/python3.10/site-packages/examples-rclpy-minimal-action-server.egg-link (link to .)
[1.944s] Invoked command in '/home/lasantha/ros2_ws/build/examples_rclpy_minimal_action_server' returned '0': PYTHONPATH=/home/lasantha/ros2_ws/build/examples_rclpy_minimal_action_server/prefix_override:/home/lasantha/ros2_ws/install/examples_rclpy_minimal_action_server/lib/python3.10/site-packages:${PYTHONPATH} /usr/bin/python3 -W ignore:setup.py install is deprecated setup.py develop --uninstall --editable --build-directory /home/lasantha/ros2_ws/build/examples_rclpy_minimal_action_server/build
[1.944s] Invoking command in '/home/lasantha/ros2_ws/src/examples/rclpy/actions/minimal_action_server': PYTHONPATH=/home/lasantha/ros2_ws/build/examples_rclpy_minimal_action_server/prefix_override:/home/lasantha/ros2_ws/install/examples_rclpy_minimal_action_server/lib/python3.10/site-packages:${PYTHONPATH} /usr/bin/python3 -W ignore:setup.py install is deprecated setup.py egg_info --egg-base ../../../../../build/examples_rclpy_minimal_action_server build --build-base /home/lasantha/ros2_ws/build/examples_rclpy_minimal_action_server/build install --record /home/lasantha/ros2_ws/build/examples_rclpy_minimal_action_server/install.log --single-version-externally-managed install_data --force
[2.274s] running egg_info
[2.276s] writing ../../../../../build/examples_rclpy_minimal_action_server/examples_rclpy_minimal_action_server.egg-info/PKG-INFO
[2.276s] writing dependency_links to ../../../../../build/examples_rclpy_minimal_action_server/examples_rclpy_minimal_action_server.egg-info/dependency_links.txt
[2.276s] writing entry points to ../../../../../build/examples_rclpy_minimal_action_server/examples_rclpy_minimal_action_server.egg-info/entry_points.txt
[2.276s] writing requirements to ../../../../../build/examples_rclpy_minimal_action_server/examples_rclpy_minimal_action_server.egg-info/requires.txt
[2.276s] writing top-level names to ../../../../../build/examples_rclpy_minimal_action_server/examples_rclpy_minimal_action_server.egg-info/top_level.txt
[2.280s] reading manifest file '../../../../../build/examples_rclpy_minimal_action_server/examples_rclpy_minimal_action_server.egg-info/SOURCES.txt'
[2.281s] writing manifest file '../../../../../build/examples_rclpy_minimal_action_server/examples_rclpy_minimal_action_server.egg-info/SOURCES.txt'
[2.281s] running build
[2.281s] running build_py
[2.281s] creating /home/lasantha/ros2_ws/build/examples_rclpy_minimal_action_server/build
[2.281s] creating /home/lasantha/ros2_ws/build/examples_rclpy_minimal_action_server/build/lib
[2.282s] creating /home/lasantha/ros2_ws/build/examples_rclpy_minimal_action_server/build/lib/examples_rclpy_minimal_action_server
[2.282s] copying examples_rclpy_minimal_action_server/server.py -> /home/lasantha/ros2_ws/build/examples_rclpy_minimal_action_server/build/lib/examples_rclpy_minimal_action_server
[2.282s] copying examples_rclpy_minimal_action_server/__init__.py -> /home/lasantha/ros2_ws/build/examples_rclpy_minimal_action_server/build/lib/examples_rclpy_minimal_action_server
[2.282s] copying examples_rclpy_minimal_action_server/server_queue_goals.py -> /home/lasantha/ros2_ws/build/examples_rclpy_minimal_action_server/build/lib/examples_rclpy_minimal_action_server
[2.282s] copying examples_rclpy_minimal_action_server/server_single_goal.py -> /home/lasantha/ros2_ws/build/examples_rclpy_minimal_action_server/build/lib/examples_rclpy_minimal_action_server
[2.282s] copying examples_rclpy_minimal_action_server/server_not_composable.py -> /home/lasantha/ros2_ws/build/examples_rclpy_minimal_action_server/build/lib/examples_rclpy_minimal_action_server
[2.282s] copying examples_rclpy_minimal_action_server/server_defer.py -> /home/lasantha/ros2_ws/build/examples_rclpy_minimal_action_server/build/lib/examples_rclpy_minimal_action_server
[2.282s] running install
[2.282s] running install_lib
[2.283s] creating /home/lasantha/ros2_ws/install/examples_rclpy_minimal_action_server/lib/python3.10/site-packages/examples_rclpy_minimal_action_server
[2.283s] copying /home/lasantha/ros2_ws/build/examples_rclpy_minimal_action_server/build/lib/examples_rclpy_minimal_action_server/server.py -> /home/lasantha/ros2_ws/install/examples_rclpy_minimal_action_server/lib/python3.10/site-packages/examples_rclpy_minimal_action_server
[2.283s] copying /home/lasantha/ros2_ws/build/examples_rclpy_minimal_action_server/build/lib/examples_rclpy_minimal_action_server/__init__.py -> /home/lasantha/ros2_ws/install/examples_rclpy_minimal_action_server/lib/python3.10/site-packages/examples_rclpy_minimal_action_server
[2.283s] copying /home/lasantha/ros2_ws/build/examples_rclpy_minimal_action_server/build/lib/examples_rclpy_minimal_action_server/server_queue_goals.py -> /home/lasantha/ros2_ws/install/examples_rclpy_minimal_action_server/lib/python3.10/site-packages/examples_rclpy_minimal_action_server
[2.283s] copying /home/lasantha/ros2_ws/build/examples_rclpy_minimal_action_server/build/lib/examples_rclpy_minimal_action_server/server_single_goal.py -> /home/lasantha/ros2_ws/install/examples_rclpy_minimal_action_server/lib/python3.10/site-packages/examples_rclpy_minimal_action_server
[2.284s] copying /home/lasantha/ros2_ws/build/examples_rclpy_minimal_action_server/build/lib/examples_rclpy_minimal_action_server/server_not_composable.py -> /home/lasantha/ros2_ws/install/examples_rclpy_minimal_action_server/lib/python3.10/site-packages/examples_rclpy_minimal_action_server
[2.284s] copying /home/lasantha/ros2_ws/build/examples_rclpy_minimal_action_server/build/lib/examples_rclpy_minimal_action_server/server_defer.py -> /home/lasantha/ros2_ws/install/examples_rclpy_minimal_action_server/lib/python3.10/site-packages/examples_rclpy_minimal_action_server
[2.284s] byte-compiling /home/lasantha/ros2_ws/install/examples_rclpy_minimal_action_server/lib/python3.10/site-packages/examples_rclpy_minimal_action_server/server.py to server.cpython-310.pyc
[2.285s] byte-compiling /home/lasantha/ros2_ws/install/examples_rclpy_minimal_action_server/lib/python3.10/site-packages/examples_rclpy_minimal_action_server/__init__.py to __init__.cpython-310.pyc
[2.285s] byte-compiling /home/lasantha/ros2_ws/install/examples_rclpy_minimal_action_server/lib/python3.10/site-packages/examples_rclpy_minimal_action_server/server_queue_goals.py to server_queue_goals.cpython-310.pyc
[2.286s] byte-compiling /home/lasantha/ros2_ws/install/examples_rclpy_minimal_action_server/lib/python3.10/site-packages/examples_rclpy_minimal_action_server/server_single_goal.py to server_single_goal.cpython-310.pyc
[2.287s] byte-compiling /home/lasantha/ros2_ws/install/examples_rclpy_minimal_action_server/lib/python3.10/site-packages/examples_rclpy_minimal_action_server/server_not_composable.py to server_not_composable.cpython-310.pyc
[2.287s] byte-compiling /home/lasantha/ros2_ws/install/examples_rclpy_minimal_action_server/lib/python3.10/site-packages/examples_rclpy_minimal_action_server/server_defer.py to server_defer.cpython-310.pyc
[2.288s] running install_data
[2.288s] copying resource/examples_rclpy_minimal_action_server -> /home/lasantha/ros2_ws/install/examples_rclpy_minimal_action_server/share/ament_index/resource_index/packages
[2.289s] copying package.xml -> /home/lasantha/ros2_ws/install/examples_rclpy_minimal_action_server/share/examples_rclpy_minimal_action_server
[2.289s] running install_egg_info
[2.292s] Copying ../../../../../build/examples_rclpy_minimal_action_server/examples_rclpy_minimal_action_server.egg-info to /home/lasantha/ros2_ws/install/examples_rclpy_minimal_action_server/lib/python3.10/site-packages/examples_rclpy_minimal_action_server-0.18.0-py3.10.egg-info
[2.292s] running install_scripts
[2.318s] Installing server script to /home/lasantha/ros2_ws/install/examples_rclpy_minimal_action_server/lib/examples_rclpy_minimal_action_server
[2.318s] Installing server_defer script to /home/lasantha/ros2_ws/install/examples_rclpy_minimal_action_server/lib/examples_rclpy_minimal_action_server
[2.318s] Installing server_not_composable script to /home/lasantha/ros2_ws/install/examples_rclpy_minimal_action_server/lib/examples_rclpy_minimal_action_server
[2.318s] Installing server_queue_goals script to /home/lasantha/ros2_ws/install/examples_rclpy_minimal_action_server/lib/examples_rclpy_minimal_action_server
[2.318s] Installing server_single_goal script to /home/lasantha/ros2_ws/install/examples_rclpy_minimal_action_server/lib/examples_rclpy_minimal_action_server
[2.319s] writing list of installed files to '/home/lasantha/ros2_ws/build/examples_rclpy_minimal_action_server/install.log'
[2.572s] Invoked command in '/home/lasantha/ros2_ws/src/examples/rclpy/actions/minimal_action_server' returned '0': PYTHONPATH=/home/lasantha/ros2_ws/build/examples_rclpy_minimal_action_server/prefix_override:/home/lasantha/ros2_ws/install/examples_rclpy_minimal_action_server/lib/python3.10/site-packages:${PYTHONPATH} /usr/bin/python3 -W ignore:setup.py install is deprecated setup.py egg_info --egg-base ../../../../../build/examples_rclpy_minimal_action_server build --build-base /home/lasantha/ros2_ws/build/examples_rclpy_minimal_action_server/build install --record /home/lasantha/ros2_ws/build/examples_rclpy_minimal_action_server/install.log --single-version-externally-managed install_data --force
