[0.027s] Invoking command in '/home/lasantha/ros2_ws/build/examples_rclcpp_multithreaded_executor': CMAKE_PREFIX_PATH=${CMAKE_PREFIX_PATH}:/home/lasantha/ros2_ws/install/py_2wbot_ctrl:/home/lasantha/ros2_ws/install/py_pubsub:/home/lasantha/ros2_ws/install/launch_testing_examples:/home/lasantha/ros2_ws/install/examples_rclpy_pointcloud_publisher:/home/lasantha/ros2_ws/install/examples_rclpy_minimal_subscriber:/home/lasantha/ros2_ws/install/examples_rclpy_minimal_service:/home/lasantha/ros2_ws/install/examples_rclpy_minimal_publisher:/home/lasantha/ros2_ws/install/examples_rclpy_minimal_client:/home/lasantha/ros2_ws/install/examples_rclpy_minimal_action_server:/home/lasantha/ros2_ws/install/examples_rclpy_minimal_action_client:/home/lasantha/ros2_ws/install/examples_rclpy_guard_conditions:/home/lasantha/ros2_ws/install/examples_rclpy_executors:/opt/ros/iron /usr/bin/cmake --build /home/lasantha/ros2_ws/build/examples_rclcpp_multithreaded_executor -- -j8 -l8
[0.123s] [100%] Built target multithreaded_executor
[0.142s] Invoked command in '/home/lasantha/ros2_ws/build/examples_rclcpp_multithreaded_executor' returned '0': CMAKE_PREFIX_PATH=${CMAKE_PREFIX_PATH}:/home/lasantha/ros2_ws/install/py_2wbot_ctrl:/home/lasantha/ros2_ws/install/py_pubsub:/home/lasantha/ros2_ws/install/launch_testing_examples:/home/lasantha/ros2_ws/install/examples_rclpy_pointcloud_publisher:/home/lasantha/ros2_ws/install/examples_rclpy_minimal_subscriber:/home/lasantha/ros2_ws/install/examples_rclpy_minimal_service:/home/lasantha/ros2_ws/install/examples_rclpy_minimal_publisher:/home/lasantha/ros2_ws/install/examples_rclpy_minimal_client:/home/lasantha/ros2_ws/install/examples_rclpy_minimal_action_server:/home/lasantha/ros2_ws/install/examples_rclpy_minimal_action_client:/home/lasantha/ros2_ws/install/examples_rclpy_guard_conditions:/home/lasantha/ros2_ws/install/examples_rclpy_executors:/opt/ros/iron /usr/bin/cmake --build /home/lasantha/ros2_ws/build/examples_rclcpp_multithreaded_executor -- -j8 -l8
[0.199s] Invoking command in '/home/lasantha/ros2_ws/build/examples_rclcpp_multithreaded_executor': CMAKE_PREFIX_PATH=${CMAKE_PREFIX_PATH}:/home/lasantha/ros2_ws/install/py_2wbot_ctrl:/home/lasantha/ros2_ws/install/py_pubsub:/home/lasantha/ros2_ws/install/launch_testing_examples:/home/lasantha/ros2_ws/install/examples_rclpy_pointcloud_publisher:/home/lasantha/ros2_ws/install/examples_rclpy_minimal_subscriber:/home/lasantha/ros2_ws/install/examples_rclpy_minimal_service:/home/lasantha/ros2_ws/install/examples_rclpy_minimal_publisher:/home/lasantha/ros2_ws/install/examples_rclpy_minimal_client:/home/lasantha/ros2_ws/install/examples_rclpy_minimal_action_server:/home/lasantha/ros2_ws/install/examples_rclpy_minimal_action_client:/home/lasantha/ros2_ws/install/examples_rclpy_guard_conditions:/home/lasantha/ros2_ws/install/examples_rclpy_executors:/opt/ros/iron /usr/bin/cmake --install /home/lasantha/ros2_ws/build/examples_rclcpp_multithreaded_executor
[0.219s] -- Install configuration: ""
[0.220s] -- Execute custom install script
[0.221s] -- Up-to-date symlink: /home/lasantha/ros2_ws/install/examples_rclcpp_multithreaded_executor/lib/examples_rclcpp_multithreaded_executor/multithreaded_executor
[0.221s] -- Up-to-date symlink: /home/lasantha/ros2_ws/install/examples_rclcpp_multithreaded_executor/share/ament_index/resource_index/package_run_dependencies/examples_rclcpp_multithreaded_executor
[0.221s] -- Up-to-date symlink: /home/lasantha/ros2_ws/install/examples_rclcpp_multithreaded_executor/share/ament_index/resource_index/parent_prefix_path/examples_rclcpp_multithreaded_executor
[0.221s] -- Up-to-date symlink: /home/lasantha/ros2_ws/install/examples_rclcpp_multithreaded_executor/share/examples_rclcpp_multithreaded_executor/environment/ament_prefix_path.sh
[0.221s] -- Up-to-date symlink: /home/lasantha/ros2_ws/install/examples_rclcpp_multithreaded_executor/share/examples_rclcpp_multithreaded_executor/environment/ament_prefix_path.dsv
[0.222s] -- Up-to-date symlink: /home/lasantha/ros2_ws/install/examples_rclcpp_multithreaded_executor/share/examples_rclcpp_multithreaded_executor/environment/path.sh
[0.222s] -- Up-to-date symlink: /home/lasantha/ros2_ws/install/examples_rclcpp_multithreaded_executor/share/examples_rclcpp_multithreaded_executor/environment/path.dsv
[0.222s] -- Up-to-date symlink: /home/lasantha/ros2_ws/install/examples_rclcpp_multithreaded_executor/share/examples_rclcpp_multithreaded_executor/local_setup.bash
[0.222s] -- Up-to-date symlink: /home/lasantha/ros2_ws/install/examples_rclcpp_multithreaded_executor/share/examples_rclcpp_multithreaded_executor/local_setup.sh
[0.222s] -- Up-to-date symlink: /home/lasantha/ros2_ws/install/examples_rclcpp_multithreaded_executor/share/examples_rclcpp_multithreaded_executor/local_setup.zsh
[0.223s] -- Up-to-date symlink: /home/lasantha/ros2_ws/install/examples_rclcpp_multithreaded_executor/share/examples_rclcpp_multithreaded_executor/local_setup.dsv
[0.223s] -- Symlinking: /home/lasantha/ros2_ws/install/examples_rclcpp_multithreaded_executor/share/examples_rclcpp_multithreaded_executor/package.dsv
[0.238s] -- Up-to-date symlink: /home/lasantha/ros2_ws/install/examples_rclcpp_multithreaded_executor/share/ament_index/resource_index/packages/examples_rclcpp_multithreaded_executor
[0.238s] -- Up-to-date symlink: /home/lasantha/ros2_ws/install/examples_rclcpp_multithreaded_executor/share/examples_rclcpp_multithreaded_executor/cmake/examples_rclcpp_multithreaded_executorConfig.cmake
[0.239s] -- Up-to-date symlink: /home/lasantha/ros2_ws/install/examples_rclcpp_multithreaded_executor/share/examples_rclcpp_multithreaded_executor/cmake/examples_rclcpp_multithreaded_executorConfig-version.cmake
[0.239s] -- Up-to-date symlink: /home/lasantha/ros2_ws/install/examples_rclcpp_multithreaded_executor/share/examples_rclcpp_multithreaded_executor/package.xml
[0.539s] Invoked command in '/home/lasantha/ros2_ws/build/examples_rclcpp_multithreaded_executor' returned '0': CMAKE_PREFIX_PATH=${CMAKE_PREFIX_PATH}:/home/lasantha/ros2_ws/install/py_2wbot_ctrl:/home/lasantha/ros2_ws/install/py_pubsub:/home/lasantha/ros2_ws/install/launch_testing_examples:/home/lasantha/ros2_ws/install/examples_rclpy_pointcloud_publisher:/home/lasantha/ros2_ws/install/examples_rclpy_minimal_subscriber:/home/lasantha/ros2_ws/install/examples_rclpy_minimal_service:/home/lasantha/ros2_ws/install/examples_rclpy_minimal_publisher:/home/lasantha/ros2_ws/install/examples_rclpy_minimal_client:/home/lasantha/ros2_ws/install/examples_rclpy_minimal_action_server:/home/lasantha/ros2_ws/install/examples_rclpy_minimal_action_client:/home/lasantha/ros2_ws/install/examples_rclpy_guard_conditions:/home/lasantha/ros2_ws/install/examples_rclpy_executors:/opt/ros/iron /usr/bin/cmake --install /home/lasantha/ros2_ws/build/examples_rclcpp_multithreaded_executor
