[0.021s] Invoking command in '/home/lasantha/ros2_ws/build/examples_rclcpp_minimal_publisher': CMAKE_PREFIX_PATH=/opt/ros/iron /usr/bin/cmake /home/lasantha/ros2_ws/src/examples/rclcpp/topics/minimal_publisher -DCMAKE_INSTALL_PREFIX=/home/lasantha/ros2_ws/install/examples_rclcpp_minimal_publisher
[1.006s] -- Found ament_cmake: 2.0.4 (/opt/ros/iron/share/ament_cmake/cmake)
[1.006s] -- Override CMake install command with custom implementation using symlinks instead of copying resources
[1.007s] -- Found rclcpp: 21.0.5 (/opt/ros/iron/share/rclcpp/cmake)
[1.007s] -- Found rosidl_generator_c: 4.0.1 (/opt/ros/iron/share/rosidl_generator_c/cmake)
[1.007s] -- Found rosidl_generator_cpp: 4.0.1 (/opt/ros/iron/share/rosidl_generator_cpp/cmake)
[1.007s] -- Using all available rosidl_typesupport_c: rosidl_typesupport_fastrtps_c;rosidl_typesupport_introspection_c
[1.007s] -- Using all available rosidl_typesupport_cpp: rosidl_typesupport_fastrtps_cpp;rosidl_typesupport_introspection_cpp
[1.007s] -- Found rmw_implementation_cmake: 7.1.0 (/opt/ros/iron/share/rmw_implementation_cmake/cmake)
[1.007s] -- Found rmw_fastrtps_cpp: 7.1.3 (/opt/ros/iron/share/rmw_fastrtps_cpp/cmake)
[1.007s] -- Using RMW implementation 'rmw_fastrtps_cpp' as default
[1.007s] -- Found std_msgs: 5.0.0 (/opt/ros/iron/share/std_msgs/cmake)
[1.007s] -- Found ament_lint_auto: 0.14.3 (/opt/ros/iron/share/ament_lint_auto/cmake)
[1.075s] -- Added test 'copyright' to check source files copyright and LICENSE
[1.075s] -- Added test 'cppcheck' to perform static code analysis on C / C++ code
[1.076s] -- Configured cppcheck include dirs: 
[1.076s] -- Configured cppcheck exclude dirs and/or files: 
[1.076s] -- Added test 'cpplint' to check C / C++ code against the Google style
[1.077s] -- Configured cpplint exclude dirs and/or files: 
[1.077s] -- Added test 'lint_cmake' to check CMake code style
[1.078s] -- Added test 'uncrustify' to check C / C++ code style
[1.078s] -- Configured uncrustify additional arguments: 
[1.078s] -- Added test 'xmllint' to check XML markup files
[1.079s] -- Configuring done
[1.108s] -- Generating done
[1.114s] -- Build files have been written to: /home/lasantha/ros2_ws/build/examples_rclcpp_minimal_publisher
[1.127s] Invoked command in '/home/lasantha/ros2_ws/build/examples_rclcpp_minimal_publisher' returned '0': CMAKE_PREFIX_PATH=/opt/ros/iron /usr/bin/cmake /home/lasantha/ros2_ws/src/examples/rclcpp/topics/minimal_publisher -DCMAKE_INSTALL_PREFIX=/home/lasantha/ros2_ws/install/examples_rclcpp_minimal_publisher
[1.127s] Invoking command in '/home/lasantha/ros2_ws/build/examples_rclcpp_minimal_publisher': CMAKE_PREFIX_PATH=/opt/ros/iron /usr/bin/cmake --build /home/lasantha/ros2_ws/build/examples_rclcpp_minimal_publisher -- -j8 -l8
[1.185s] [35m[1mConsolidate compiler generated dependencies of target publisher_member_function[0m
[1.197s] [35m[1mConsolidate compiler generated dependencies of target publisher_lambda[0m
[1.198s] [35m[1mConsolidate compiler generated dependencies of target publisher_not_composable[0m
[1.198s] [35m[1mConsolidate compiler generated dependencies of target publisher_member_function_with_unique_network_flow_endpoints[0m
[1.201s] [35m[1mConsolidate compiler generated dependencies of target publisher_member_function_with_type_adapter[0m
[1.217s] [ 16%] Built target publisher_member_function
[1.217s] [ 33%] Built target publisher_lambda
[1.217s] [35m[1mConsolidate compiler generated dependencies of target publisher_wait_for_all_acked[0m
[1.228s] [ 50%] Built target publisher_not_composable
[1.231s] [ 66%] Built target publisher_member_function_with_type_adapter
[1.242s] [ 83%] Built target publisher_member_function_with_unique_network_flow_endpoints
[1.244s] [100%] Built target publisher_wait_for_all_acked
[1.258s] Invoked command in '/home/lasantha/ros2_ws/build/examples_rclcpp_minimal_publisher' returned '0': CMAKE_PREFIX_PATH=/opt/ros/iron /usr/bin/cmake --build /home/lasantha/ros2_ws/build/examples_rclcpp_minimal_publisher -- -j8 -l8
[1.331s] Invoking command in '/home/lasantha/ros2_ws/build/examples_rclcpp_minimal_publisher': CMAKE_PREFIX_PATH=/opt/ros/iron /usr/bin/cmake --install /home/lasantha/ros2_ws/build/examples_rclcpp_minimal_publisher
[1.342s] -- Install configuration: ""
[1.343s] -- Execute custom install script
[1.343s] -- Up-to-date symlink: /home/lasantha/ros2_ws/install/examples_rclcpp_minimal_publisher/lib/examples_rclcpp_minimal_publisher/publisher_lambda
[1.343s] -- Up-to-date symlink: /home/lasantha/ros2_ws/install/examples_rclcpp_minimal_publisher/lib/examples_rclcpp_minimal_publisher/publisher_member_function
[1.343s] -- Up-to-date symlink: /home/lasantha/ros2_ws/install/examples_rclcpp_minimal_publisher/lib/examples_rclcpp_minimal_publisher/publisher_member_function_with_type_adapter
[1.343s] -- Up-to-date symlink: /home/lasantha/ros2_ws/install/examples_rclcpp_minimal_publisher/lib/examples_rclcpp_minimal_publisher/publisher_member_function_with_unique_network_flow_endpoints
[1.343s] -- Up-to-date symlink: /home/lasantha/ros2_ws/install/examples_rclcpp_minimal_publisher/lib/examples_rclcpp_minimal_publisher/publisher_wait_for_all_acked
[1.343s] -- Up-to-date symlink: /home/lasantha/ros2_ws/install/examples_rclcpp_minimal_publisher/lib/examples_rclcpp_minimal_publisher/publisher_not_composable
[1.343s] -- Up-to-date symlink: /home/lasantha/ros2_ws/install/examples_rclcpp_minimal_publisher/share/ament_index/resource_index/package_run_dependencies/examples_rclcpp_minimal_publisher
[1.345s] -- Up-to-date symlink: /home/lasantha/ros2_ws/install/examples_rclcpp_minimal_publisher/share/ament_index/resource_index/parent_prefix_path/examples_rclcpp_minimal_publisher
[1.345s] -- Up-to-date symlink: /home/lasantha/ros2_ws/install/examples_rclcpp_minimal_publisher/share/examples_rclcpp_minimal_publisher/environment/ament_prefix_path.sh
[1.345s] -- Up-to-date symlink: /home/lasantha/ros2_ws/install/examples_rclcpp_minimal_publisher/share/examples_rclcpp_minimal_publisher/environment/ament_prefix_path.dsv
[1.345s] -- Up-to-date symlink: /home/lasantha/ros2_ws/install/examples_rclcpp_minimal_publisher/share/examples_rclcpp_minimal_publisher/environment/path.sh
[1.345s] -- Up-to-date symlink: /home/lasantha/ros2_ws/install/examples_rclcpp_minimal_publisher/share/examples_rclcpp_minimal_publisher/environment/path.dsv
[1.345s] -- Up-to-date symlink: /home/lasantha/ros2_ws/install/examples_rclcpp_minimal_publisher/share/examples_rclcpp_minimal_publisher/local_setup.bash
[1.345s] -- Up-to-date symlink: /home/lasantha/ros2_ws/install/examples_rclcpp_minimal_publisher/share/examples_rclcpp_minimal_publisher/local_setup.sh
[1.346s] -- Up-to-date symlink: /home/lasantha/ros2_ws/install/examples_rclcpp_minimal_publisher/share/examples_rclcpp_minimal_publisher/local_setup.zsh
[1.346s] -- Up-to-date symlink: /home/lasantha/ros2_ws/install/examples_rclcpp_minimal_publisher/share/examples_rclcpp_minimal_publisher/local_setup.dsv
[1.346s] -- Symlinking: /home/lasantha/ros2_ws/install/examples_rclcpp_minimal_publisher/share/examples_rclcpp_minimal_publisher/package.dsv
[1.354s] -- Up-to-date symlink: /home/lasantha/ros2_ws/install/examples_rclcpp_minimal_publisher/share/ament_index/resource_index/packages/examples_rclcpp_minimal_publisher
[1.354s] -- Up-to-date symlink: /home/lasantha/ros2_ws/install/examples_rclcpp_minimal_publisher/share/examples_rclcpp_minimal_publisher/cmake/examples_rclcpp_minimal_publisherConfig.cmake
[1.354s] -- Up-to-date symlink: /home/lasantha/ros2_ws/install/examples_rclcpp_minimal_publisher/share/examples_rclcpp_minimal_publisher/cmake/examples_rclcpp_minimal_publisherConfig-version.cmake
[1.354s] -- Up-to-date symlink: /home/lasantha/ros2_ws/install/examples_rclcpp_minimal_publisher/share/examples_rclcpp_minimal_publisher/package.xml
[1.362s] Invoked command in '/home/lasantha/ros2_ws/build/examples_rclcpp_minimal_publisher' returned '0': CMAKE_PREFIX_PATH=/opt/ros/iron /usr/bin/cmake --install /home/lasantha/ros2_ws/build/examples_rclcpp_minimal_publisher
