[1.644s] Invoking command in '/home/lasantha/ros2_ws/build/examples_rclpy_minimal_action_client': PYTHONPATH=/home/lasantha/ros2_ws/build/examples_rclpy_minimal_action_client/prefix_override:/home/lasantha/ros2_ws/install/examples_rclpy_minimal_action_client/lib/python3.10/site-packages:${PYTHONPATH} /usr/bin/python3 -W ignore:setup.py install is deprecated setup.py develop --editable --build-directory /home/lasantha/ros2_ws/build/examples_rclpy_minimal_action_client/build --no-deps symlink_data
[2.618s] running develop
[2.618s] /usr/lib/python3/dist-packages/setuptools/command/easy_install.py:158: EasyInstallDeprecationWarning: easy_install command is deprecated. Use build and pip and other standards-based tools.
[2.618s]   warnings.warn(
[2.881s] running egg_info
[2.881s] creating examples_rclpy_minimal_action_client.egg-info
[2.881s] writing examples_rclpy_minimal_action_client.egg-info/PKG-INFO
[2.882s] writing dependency_links to examples_rclpy_minimal_action_client.egg-info/dependency_links.txt
[2.882s] writing entry points to examples_rclpy_minimal_action_client.egg-info/entry_points.txt
[2.882s] writing requirements to examples_rclpy_minimal_action_client.egg-info/requires.txt
[2.882s] writing top-level names to examples_rclpy_minimal_action_client.egg-info/top_level.txt
[2.883s] writing manifest file 'examples_rclpy_minimal_action_client.egg-info/SOURCES.txt'
[2.886s] reading manifest file 'examples_rclpy_minimal_action_client.egg-info/SOURCES.txt'
[2.888s] writing manifest file 'examples_rclpy_minimal_action_client.egg-info/SOURCES.txt'
[2.891s] running build_ext
[2.892s] Creating /home/lasantha/ros2_ws/install/examples_rclpy_minimal_action_client/lib/python3.10/site-packages/examples-rclpy-minimal-action-client.egg-link (link to .)
[2.893s] Installing client script to /home/lasantha/ros2_ws/install/examples_rclpy_minimal_action_client/lib/examples_rclpy_minimal_action_client
[2.894s] Installing client_asyncio script to /home/lasantha/ros2_ws/install/examples_rclpy_minimal_action_client/lib/examples_rclpy_minimal_action_client
[2.894s] Installing client_cancel script to /home/lasantha/ros2_ws/install/examples_rclpy_minimal_action_client/lib/examples_rclpy_minimal_action_client
[2.894s] Installing client_not_composable script to /home/lasantha/ros2_ws/install/examples_rclpy_minimal_action_client/lib/examples_rclpy_minimal_action_client
[2.894s] 
[2.895s] Installed /home/lasantha/ros2_ws/build/examples_rclpy_minimal_action_client
[2.895s] running symlink_data
[2.895s] creating /home/lasantha/ros2_ws/install/examples_rclpy_minimal_action_client/share/ament_index
[2.895s] creating /home/lasantha/ros2_ws/install/examples_rclpy_minimal_action_client/share/ament_index/resource_index
[2.895s] creating /home/lasantha/ros2_ws/install/examples_rclpy_minimal_action_client/share/ament_index/resource_index/packages
[2.895s] symbolically linking /home/lasantha/ros2_ws/build/examples_rclpy_minimal_action_client/resource/examples_rclpy_minimal_action_client -> /home/lasantha/ros2_ws/install/examples_rclpy_minimal_action_client/share/ament_index/resource_index/packages
[2.896s] symbolically linking /home/lasantha/ros2_ws/build/examples_rclpy_minimal_action_client/package.xml -> /home/lasantha/ros2_ws/install/examples_rclpy_minimal_action_client/share/examples_rclpy_minimal_action_client
[3.309s] Invoked command in '/home/lasantha/ros2_ws/build/examples_rclpy_minimal_action_client' returned '0': PYTHONPATH=/home/lasantha/ros2_ws/build/examples_rclpy_minimal_action_client/prefix_override:/home/lasantha/ros2_ws/install/examples_rclpy_minimal_action_client/lib/python3.10/site-packages:${PYTHONPATH} /usr/bin/python3 -W ignore:setup.py install is deprecated setup.py develop --editable --build-directory /home/lasantha/ros2_ws/build/examples_rclpy_minimal_action_client/build --no-deps symlink_data
