[0.455s] Invoking command in '/home/lasantha/ros2_ws/src/py_pubsub': PYTHONPATH=/home/lasantha/ros2_ws/build/py_pubsub/prefix_override:/home/lasantha/ros2_ws/install/py_pubsub/lib/python3.10/site-packages:${PYTHONPATH} /usr/bin/python3 -W ignore:setup.py install is deprecated setup.py egg_info --egg-base ../../build/py_pubsub build --build-base /home/lasantha/ros2_ws/build/py_pubsub/build install --record /home/lasantha/ros2_ws/build/py_pubsub/install.log --single-version-externally-managed install_data
[0.634s] running egg_info
[0.634s] creating ../../build/py_pubsub/py_pubsub.egg-info
[0.634s] writing ../../build/py_pubsub/py_pubsub.egg-info/PKG-INFO
[0.634s] writing dependency_links to ../../build/py_pubsub/py_pubsub.egg-info/dependency_links.txt
[0.634s] writing entry points to ../../build/py_pubsub/py_pubsub.egg-info/entry_points.txt
[0.635s] writing requirements to ../../build/py_pubsub/py_pubsub.egg-info/requires.txt
[0.635s] writing top-level names to ../../build/py_pubsub/py_pubsub.egg-info/top_level.txt
[0.635s] writing manifest file '../../build/py_pubsub/py_pubsub.egg-info/SOURCES.txt'
[0.636s] reading manifest file '../../build/py_pubsub/py_pubsub.egg-info/SOURCES.txt'
[0.636s] writing manifest file '../../build/py_pubsub/py_pubsub.egg-info/SOURCES.txt'
[0.636s] running build
[0.636s] running build_py
[0.636s] creating /home/lasantha/ros2_ws/build/py_pubsub/build
[0.636s] creating /home/lasantha/ros2_ws/build/py_pubsub/build/lib
[0.637s] creating /home/lasantha/ros2_ws/build/py_pubsub/build/lib/py_pubsub
[0.637s] copying py_pubsub/__init__.py -> /home/lasantha/ros2_ws/build/py_pubsub/build/lib/py_pubsub
[0.637s] copying py_pubsub/publisher_member_function.py -> /home/lasantha/ros2_ws/build/py_pubsub/build/lib/py_pubsub
[0.637s] running install
[0.637s] running install_lib
[0.637s] creating /home/lasantha/ros2_ws/install/py_pubsub/lib/python3.10/site-packages/py_pubsub
[0.637s] copying /home/lasantha/ros2_ws/build/py_pubsub/build/lib/py_pubsub/__init__.py -> /home/lasantha/ros2_ws/install/py_pubsub/lib/python3.10/site-packages/py_pubsub
[0.637s] copying /home/lasantha/ros2_ws/build/py_pubsub/build/lib/py_pubsub/publisher_member_function.py -> /home/lasantha/ros2_ws/install/py_pubsub/lib/python3.10/site-packages/py_pubsub
[0.638s] byte-compiling /home/lasantha/ros2_ws/install/py_pubsub/lib/python3.10/site-packages/py_pubsub/__init__.py to __init__.cpython-310.pyc
[0.638s] byte-compiling /home/lasantha/ros2_ws/install/py_pubsub/lib/python3.10/site-packages/py_pubsub/publisher_member_function.py to publisher_member_function.cpython-310.pyc
[0.638s] running install_data
[0.638s] creating /home/lasantha/ros2_ws/install/py_pubsub/share/ament_index
[0.638s] creating /home/lasantha/ros2_ws/install/py_pubsub/share/ament_index/resource_index
[0.638s] creating /home/lasantha/ros2_ws/install/py_pubsub/share/ament_index/resource_index/packages
[0.639s] copying resource/py_pubsub -> /home/lasantha/ros2_ws/install/py_pubsub/share/ament_index/resource_index/packages
[0.639s] copying package.xml -> /home/lasantha/ros2_ws/install/py_pubsub/share/py_pubsub
[0.639s] running install_egg_info
[0.640s] Copying ../../build/py_pubsub/py_pubsub.egg-info to /home/lasantha/ros2_ws/install/py_pubsub/lib/python3.10/site-packages/py_pubsub-0.0.0-py3.10.egg-info
[0.640s] running install_scripts
[0.654s] Installing talker script to /home/lasantha/ros2_ws/install/py_pubsub/lib/py_pubsub
[0.655s] writing list of installed files to '/home/lasantha/ros2_ws/build/py_pubsub/install.log'
[0.671s] Invoked command in '/home/lasantha/ros2_ws/src/py_pubsub' returned '0': PYTHONPATH=/home/lasantha/ros2_ws/build/py_pubsub/prefix_override:/home/lasantha/ros2_ws/install/py_pubsub/lib/python3.10/site-packages:${PYTHONPATH} /usr/bin/python3 -W ignore:setup.py install is deprecated setup.py egg_info --egg-base ../../build/py_pubsub build --build-base /home/lasantha/ros2_ws/build/py_pubsub/build install --record /home/lasantha/ros2_ws/build/py_pubsub/install.log --single-version-externally-managed install_data
