[1.832s] Invoking command in '/home/lasantha/ros2_ws/build/examples_rclpy_pointcloud_publisher': PYTHONPATH=/home/lasantha/ros2_ws/build/examples_rclpy_pointcloud_publisher/prefix_override:/home/lasantha/ros2_ws/install/examples_rclpy_pointcloud_publisher/lib/python3.10/site-packages:${PYTHONPATH} /usr/bin/python3 -W ignore:setup.py install is deprecated setup.py develop --editable --build-directory /home/lasantha/ros2_ws/build/examples_rclpy_pointcloud_publisher/build --no-deps symlink_data
[2.496s] running develop
[2.496s] /usr/lib/python3/dist-packages/setuptools/command/easy_install.py:158: EasyInstallDeprecationWarning: easy_install command is deprecated. Use build and pip and other standards-based tools.
[2.496s]   warnings.warn(
[2.904s] running egg_info
[2.904s] creating examples_rclpy_pointcloud_publisher.egg-info
[2.904s] writing examples_rclpy_pointcloud_publisher.egg-info/PKG-INFO
[2.905s] writing dependency_links to examples_rclpy_pointcloud_publisher.egg-info/dependency_links.txt
[2.905s] writing entry points to examples_rclpy_pointcloud_publisher.egg-info/entry_points.txt
[2.905s] writing requirements to examples_rclpy_pointcloud_publisher.egg-info/requires.txt
[2.905s] writing top-level names to examples_rclpy_pointcloud_publisher.egg-info/top_level.txt
[2.906s] writing manifest file 'examples_rclpy_pointcloud_publisher.egg-info/SOURCES.txt'
[2.908s] reading manifest file 'examples_rclpy_pointcloud_publisher.egg-info/SOURCES.txt'
[2.910s] writing manifest file 'examples_rclpy_pointcloud_publisher.egg-info/SOURCES.txt'
[2.912s] running build_ext
[2.912s] Creating /home/lasantha/ros2_ws/install/examples_rclpy_pointcloud_publisher/lib/python3.10/site-packages/examples-rclpy-pointcloud-publisher.egg-link (link to .)
[2.913s] Installing pointcloud_publisher script to /home/lasantha/ros2_ws/install/examples_rclpy_pointcloud_publisher/lib/examples_rclpy_pointcloud_publisher
[2.914s] 
[2.914s] Installed /home/lasantha/ros2_ws/build/examples_rclpy_pointcloud_publisher
[2.914s] running symlink_data
[2.915s] creating /home/lasantha/ros2_ws/install/examples_rclpy_pointcloud_publisher/share/ament_index
[2.915s] creating /home/lasantha/ros2_ws/install/examples_rclpy_pointcloud_publisher/share/ament_index/resource_index
[2.915s] creating /home/lasantha/ros2_ws/install/examples_rclpy_pointcloud_publisher/share/ament_index/resource_index/packages
[2.915s] symbolically linking /home/lasantha/ros2_ws/build/examples_rclpy_pointcloud_publisher/resource/examples_rclpy_pointcloud_publisher -> /home/lasantha/ros2_ws/install/examples_rclpy_pointcloud_publisher/share/ament_index/resource_index/packages
[2.915s] symbolically linking /home/lasantha/ros2_ws/build/examples_rclpy_pointcloud_publisher/package.xml -> /home/lasantha/ros2_ws/install/examples_rclpy_pointcloud_publisher/share/examples_rclpy_pointcloud_publisher
[2.967s] Invoked command in '/home/lasantha/ros2_ws/build/examples_rclpy_pointcloud_publisher' returned '0': PYTHONPATH=/home/lasantha/ros2_ws/build/examples_rclpy_pointcloud_publisher/prefix_override:/home/lasantha/ros2_ws/install/examples_rclpy_pointcloud_publisher/lib/python3.10/site-packages:${PYTHONPATH} /usr/bin/python3 -W ignore:setup.py install is deprecated setup.py develop --editable --build-directory /home/lasantha/ros2_ws/build/examples_rclpy_pointcloud_publisher/build --no-deps symlink_data
