[0.543s] Invoking command in '/home/lasantha/ros2_ws/src/py_custom_state_msg': PYTHONPATH=/home/lasantha/ros2_ws/build/py_custom_state_msg/prefix_override:/home/lasantha/ros2_ws/install/py_custom_state_msg/lib/python3.10/site-packages:${PYTHONPATH} /usr/bin/python3 -W ignore:setup.py install is deprecated setup.py egg_info --egg-base ../../build/py_custom_state_msg build --build-base /home/lasantha/ros2_ws/build/py_custom_state_msg/build install --record /home/lasantha/ros2_ws/build/py_custom_state_msg/install.log --single-version-externally-managed install_data
[0.760s] running egg_info
[0.761s] writing ../../build/py_custom_state_msg/py_custom_state_msg.egg-info/PKG-INFO
[0.761s] writing dependency_links to ../../build/py_custom_state_msg/py_custom_state_msg.egg-info/dependency_links.txt
[0.761s] writing entry points to ../../build/py_custom_state_msg/py_custom_state_msg.egg-info/entry_points.txt
[0.761s] writing requirements to ../../build/py_custom_state_msg/py_custom_state_msg.egg-info/requires.txt
[0.761s] writing top-level names to ../../build/py_custom_state_msg/py_custom_state_msg.egg-info/top_level.txt
[0.762s] reading manifest file '../../build/py_custom_state_msg/py_custom_state_msg.egg-info/SOURCES.txt'
[0.763s] writing manifest file '../../build/py_custom_state_msg/py_custom_state_msg.egg-info/SOURCES.txt'
[0.763s] running build
[0.763s] running build_py
[0.763s] running install
[0.764s] running install_lib
[0.765s] running install_data
[0.765s] running install_egg_info
[0.766s] removing '/home/lasantha/ros2_ws/install/py_custom_state_msg/lib/python3.10/site-packages/py_custom_state_msg-0.0.0-py3.10.egg-info' (and everything under it)
[0.766s] Copying ../../build/py_custom_state_msg/py_custom_state_msg.egg-info to /home/lasantha/ros2_ws/install/py_custom_state_msg/lib/python3.10/site-packages/py_custom_state_msg-0.0.0-py3.10.egg-info
[0.766s] running install_scripts
[0.782s] writing list of installed files to '/home/lasantha/ros2_ws/build/py_custom_state_msg/install.log'
[0.802s] Invoked command in '/home/lasantha/ros2_ws/src/py_custom_state_msg' returned '0': PYTHONPATH=/home/lasantha/ros2_ws/build/py_custom_state_msg/prefix_override:/home/lasantha/ros2_ws/install/py_custom_state_msg/lib/python3.10/site-packages:${PYTHONPATH} /usr/bin/python3 -W ignore:setup.py install is deprecated setup.py egg_info --egg-base ../../build/py_custom_state_msg build --build-base /home/lasantha/ros2_ws/build/py_custom_state_msg/build install --record /home/lasantha/ros2_ws/build/py_custom_state_msg/install.log --single-version-externally-managed install_data
