[0.006s] Invoking command in '/home/lasantha/ros2_ws/build/cpp_pubsub': CMAKE_PREFIX_PATH=/opt/ros/iron /usr/bin/cmake /home/lasantha/ros2_ws/src/cpp_pubsub -DCMAKE_INSTALL_PREFIX=/home/lasantha/ros2_ws/install/cpp_pubsub
[0.045s] -- The C compiler identification is GNU 11.4.0
[0.081s] -- The CXX compiler identification is GNU 11.4.0
[0.086s] -- Detecting C compiler ABI info
[0.151s] -- Detecting C compiler ABI info - done
[0.157s] -- Check for working C compiler: /usr/bin/cc - skipped
[0.157s] -- Detecting C compile features
[0.158s] -- Detecting C compile features - done
[0.160s] -- Detecting CXX compiler ABI info
[0.216s] -- Detecting CXX compiler ABI info - done
[0.221s] -- Check for working CXX compiler: /usr/bin/c++ - skipped
[0.221s] -- Detecting CXX compile features
[0.221s] -- Detecting CXX compile features - done
[0.223s] -- Found ament_cmake: 2.0.4 (/opt/ros/iron/share/ament_cmake/cmake)
[0.362s] -- Found Python3: /usr/bin/python3.10 (found version "3.10.12") found components: Interpreter 
[0.421s] -- Found rclcpp: 21.0.5 (/opt/ros/iron/share/rclcpp/cmake)
[0.446s] -- Found rosidl_generator_c: 4.0.1 (/opt/ros/iron/share/rosidl_generator_c/cmake)
[0.453s] -- Found rosidl_generator_cpp: 4.0.1 (/opt/ros/iron/share/rosidl_generator_cpp/cmake)
[0.463s] -- Using all available rosidl_typesupport_c: rosidl_typesupport_fastrtps_c;rosidl_typesupport_introspection_c
[0.474s] -- Using all available rosidl_typesupport_cpp: rosidl_typesupport_fastrtps_cpp;rosidl_typesupport_introspection_cpp
[0.588s] -- Found rmw_implementation_cmake: 7.1.0 (/opt/ros/iron/share/rmw_implementation_cmake/cmake)
[0.589s] -- Found rmw_fastrtps_cpp: 7.1.3 (/opt/ros/iron/share/rmw_fastrtps_cpp/cmake)
[0.658s] -- Found OpenSSL: /usr/lib/x86_64-linux-gnu/libcrypto.so (found version "3.0.2")  
[0.677s] -- Found FastRTPS: /opt/ros/iron/include  
[0.707s] -- Using RMW implementation 'rmw_fastrtps_cpp' as default
[0.810s] -- Found std_msgs: 5.0.0 (/opt/ros/iron/share/std_msgs/cmake)
[0.830s] -- Found ament_lint_auto: 0.14.3 (/opt/ros/iron/share/ament_lint_auto/cmake)
[0.881s] -- Added test 'cppcheck' to perform static code analysis on C / C++ code
[0.881s] -- Configured cppcheck include dirs: 
[0.881s] -- Configured cppcheck exclude dirs and/or files: 
[0.881s] -- Added test 'lint_cmake' to check CMake code style
[0.882s] -- Added test 'uncrustify' to check C / C++ code style
[0.882s] -- Configured uncrustify additional arguments: 
[0.882s] -- Added test 'xmllint' to check XML markup files
[0.882s] -- Configuring done
[0.888s] -- Generating done
[0.889s] -- Build files have been written to: /home/lasantha/ros2_ws/build/cpp_pubsub
[0.896s] Invoked command in '/home/lasantha/ros2_ws/build/cpp_pubsub' returned '0': CMAKE_PREFIX_PATH=/opt/ros/iron /usr/bin/cmake /home/lasantha/ros2_ws/src/cpp_pubsub -DCMAKE_INSTALL_PREFIX=/home/lasantha/ros2_ws/install/cpp_pubsub
[0.896s] Invoking command in '/home/lasantha/ros2_ws/build/cpp_pubsub': CMAKE_PREFIX_PATH=/opt/ros/iron /usr/bin/cmake --build /home/lasantha/ros2_ws/build/cpp_pubsub -- -j8 -l8
[0.934s] [ 50%] [32mBuilding CXX object CMakeFiles/talker.dir/src/publisher_member_function.cpp.o[0m
[3.660s] [100%] [32m[1mLinking CXX executable talker[0m
[3.770s] [100%] Built target talker
[3.778s] Invoked command in '/home/lasantha/ros2_ws/build/cpp_pubsub' returned '0': CMAKE_PREFIX_PATH=/opt/ros/iron /usr/bin/cmake --build /home/lasantha/ros2_ws/build/cpp_pubsub -- -j8 -l8
[3.805s] Invoking command in '/home/lasantha/ros2_ws/build/cpp_pubsub': CMAKE_PREFIX_PATH=/opt/ros/iron /usr/bin/cmake --install /home/lasantha/ros2_ws/build/cpp_pubsub
[3.811s] -- Install configuration: ""
[3.811s] -- Installing: /home/lasantha/ros2_ws/install/cpp_pubsub/lib/cpp_pubsub/talker
[3.811s] -- Set runtime path of "/home/lasantha/ros2_ws/install/cpp_pubsub/lib/cpp_pubsub/talker" to ""
[3.811s] -- Installing: /home/lasantha/ros2_ws/install/cpp_pubsub/share/ament_index/resource_index/package_run_dependencies/cpp_pubsub
[3.811s] -- Installing: /home/lasantha/ros2_ws/install/cpp_pubsub/share/ament_index/resource_index/parent_prefix_path/cpp_pubsub
[3.812s] -- Installing: /home/lasantha/ros2_ws/install/cpp_pubsub/share/cpp_pubsub/environment/ament_prefix_path.sh
[3.812s] -- Installing: /home/lasantha/ros2_ws/install/cpp_pubsub/share/cpp_pubsub/environment/ament_prefix_path.dsv
[3.812s] -- Installing: /home/lasantha/ros2_ws/install/cpp_pubsub/share/cpp_pubsub/environment/path.sh
[3.812s] -- Installing: /home/lasantha/ros2_ws/install/cpp_pubsub/share/cpp_pubsub/environment/path.dsv
[3.812s] -- Installing: /home/lasantha/ros2_ws/install/cpp_pubsub/share/cpp_pubsub/local_setup.bash
[3.812s] -- Installing: /home/lasantha/ros2_ws/install/cpp_pubsub/share/cpp_pubsub/local_setup.sh
[3.812s] -- Installing: /home/lasantha/ros2_ws/install/cpp_pubsub/share/cpp_pubsub/local_setup.zsh
[3.812s] -- Installing: /home/lasantha/ros2_ws/install/cpp_pubsub/share/cpp_pubsub/local_setup.dsv
[3.812s] -- Installing: /home/lasantha/ros2_ws/install/cpp_pubsub/share/cpp_pubsub/package.dsv
[3.812s] -- Installing: /home/lasantha/ros2_ws/install/cpp_pubsub/share/ament_index/resource_index/packages/cpp_pubsub
[3.812s] -- Installing: /home/lasantha/ros2_ws/install/cpp_pubsub/share/cpp_pubsub/cmake/cpp_pubsubConfig.cmake
[3.812s] -- Installing: /home/lasantha/ros2_ws/install/cpp_pubsub/share/cpp_pubsub/cmake/cpp_pubsubConfig-version.cmake
[3.812s] -- Installing: /home/lasantha/ros2_ws/install/cpp_pubsub/share/cpp_pubsub/package.xml
[3.814s] Invoked command in '/home/lasantha/ros2_ws/build/cpp_pubsub' returned '0': CMAKE_PREFIX_PATH=/opt/ros/iron /usr/bin/cmake --install /home/lasantha/ros2_ws/build/cpp_pubsub
