[0.017s] Invoking command in '/home/lasantha/ros2_ws/build/examples_rclcpp_minimal_service': /usr/bin/cmake /home/lasantha/ros2_ws/src/examples/rclcpp/services/minimal_service -DAMENT_CMAKE_SYMLINK_INSTALL=1 -DCMAKE_INSTALL_PREFIX=/home/lasantha/ros2_ws/install/examples_rclcpp_minimal_service
[0.357s] -- The C compiler identification is GNU 11.4.0
[0.357s] -- The CXX compiler identification is GNU 11.4.0
[0.357s] -- Detecting C compiler ABI info
[0.357s] -- Detecting C compiler ABI info - done
[0.357s] -- Check for working C compiler: /usr/bin/cc - skipped
[0.357s] -- Detecting C compile features
[0.357s] -- Detecting C compile features - done
[0.357s] -- Detecting CXX compiler ABI info
[0.371s] -- Detecting CXX compiler ABI info - done
[0.377s] -- Check for working CXX compiler: /usr/bin/c++ - skipped
[0.377s] -- Detecting CXX compile features
[0.378s] -- Detecting CXX compile features - done
[0.388s] [31mCMake Error at CMakeLists.txt:14 (find_package):
[0.388s]   By not providing "Findament_cmake.cmake" in CMAKE_MODULE_PATH this project
[0.388s]   has asked CMake to find a package configuration file provided by
[0.388s]   "ament_cmake", but CMake did not find one.
[0.388s] 
[0.388s]   Could not find a package configuration file provided by "ament_cmake" with
[0.388s]   any of the following names:
[0.388s] 
[0.388s]     ament_cmakeConfig.cmake
[0.388s]     ament_cmake-config.cmake
[0.388s] 
[0.388s]   Add the installation prefix of "ament_cmake" to CMAKE_PREFIX_PATH or set
[0.388s]   "ament_cmake_DIR" to a directory containing one of the above files.  If
[0.388s]   "ament_cmake" provides a separate development package or SDK, be sure it
[0.388s]   has been installed.
[0.388s] 
[0.389s] [0m
[0.389s] -- Configuring incomplete, errors occurred!
[0.389s] See also "/home/lasantha/ros2_ws/build/examples_rclcpp_minimal_service/CMakeFiles/CMakeOutput.log".
