[0.000000] (-) TimerEvent: {}
[0.000105] (-) JobUnselected: {'identifier': 'cpp_pubsub'}
[0.000125] (-) JobUnselected: {'identifier': 'examples_rclcpp_async_client'}
[0.000136] (-) JobUnselected: {'identifier': 'examples_rclcpp_cbg_executor'}
[0.000145] (-) JobUnselected: {'identifier': 'examples_rclcpp_minimal_action_client'}
[0.000154] (-) JobUnselected: {'identifier': 'examples_rclcpp_minimal_action_server'}
[0.000163] (-) JobUnselected: {'identifier': 'examples_rclcpp_minimal_client'}
[0.000171] (-) JobUnselected: {'identifier': 'examples_rclcpp_minimal_composition'}
[0.000181] (-) JobUnselected: {'identifier': 'examples_rclcpp_minimal_publisher'}
[0.000190] (-) JobUnselected: {'identifier': 'examples_rclcpp_minimal_service'}
[0.000199] (-) JobUnselected: {'identifier': 'examples_rclcpp_minimal_subscriber'}
[0.000208] (-) JobUnselected: {'identifier': 'examples_rclcpp_minimal_timer'}
[0.000217] (-) JobUnselected: {'identifier': 'examples_rclcpp_multithreaded_executor'}
[0.000226] (-) JobUnselected: {'identifier': 'examples_rclcpp_wait_set'}
[0.000236] (-) JobUnselected: {'identifier': 'examples_rclpy_executors'}
[0.000245] (-) JobUnselected: {'identifier': 'examples_rclpy_guard_conditions'}
[0.000254] (-) JobUnselected: {'identifier': 'examples_rclpy_minimal_action_client'}
[0.000263] (-) JobUnselected: {'identifier': 'examples_rclpy_minimal_action_server'}
[0.000272] (-) JobUnselected: {'identifier': 'examples_rclpy_minimal_client'}
[0.000281] (-) JobUnselected: {'identifier': 'examples_rclpy_minimal_publisher'}
[0.000291] (-) JobUnselected: {'identifier': 'examples_rclpy_minimal_service'}
[0.000300] (-) JobUnselected: {'identifier': 'examples_rclpy_minimal_subscriber'}
[0.000309] (-) JobUnselected: {'identifier': 'examples_rclpy_pointcloud_publisher'}
[0.000318] (-) JobUnselected: {'identifier': 'launch_testing_examples'}
[0.000327] (-) JobUnselected: {'identifier': 'micro_ros_agent'}
[0.000336] (-) JobUnselected: {'identifier': 'my_package'}
[0.000345] (-) JobUnselected: {'identifier': 'py_pubsub'}
[0.000354] (-) JobUnselected: {'identifier': 'ros_gz'}
[0.000363] (-) JobUnselected: {'identifier': 'ros_gz_bridge'}
[0.000372] (-) JobUnselected: {'identifier': 'ros_gz_image'}
[0.000381] (-) JobUnselected: {'identifier': 'ros_gz_interfaces'}
[0.000390] (-) JobUnselected: {'identifier': 'ros_gz_sim'}
[0.000399] (-) JobUnselected: {'identifier': 'ros_gz_sim_demos'}
[0.000408] (-) JobUnselected: {'identifier': 'ros_ign'}
[0.000417] (-) JobUnselected: {'identifier': 'ros_ign_bridge'}
[0.000426] (-) JobUnselected: {'identifier': 'ros_ign_gazebo'}
[0.000435] (-) JobUnselected: {'identifier': 'ros_ign_gazebo_demos'}
[0.000445] (-) JobUnselected: {'identifier': 'ros_ign_image'}
[0.000454] (-) JobUnselected: {'identifier': 'ros_ign_interfaces'}
[0.000462] (-) JobUnselected: {'identifier': 'sdformat_test_files'}
[0.000470] (-) JobUnselected: {'identifier': 'sdformat_urdf'}
[0.000478] (-) JobUnselected: {'identifier': 'test_ros_gz_bridge'}
[0.000487] (-) JobUnselected: {'identifier': 'urdf_tutorial_r2d2'}
[0.000496] (py_2wbot_ctrl) JobQueued: {'identifier': 'py_2wbot_ctrl', 'dependencies': OrderedDict()}
[0.000507] (py_2wbot_ctrl) JobStarted: {'identifier': 'py_2wbot_ctrl'}
[0.099550] (-) TimerEvent: {}
[0.199807] (-) TimerEvent: {}
[0.212627] (py_2wbot_ctrl) StderrLine: {'line': b'Traceback (most recent call last):\n  File "/usr/lib/python3/dist-packages/colcon_core/executor/__init__.py", line 91, in __call__\n    rc = await self.task(*args, **kwargs)\n  File "/usr/lib/python3/dist-packages/colcon_core/task/__init__.py", line 93, in __call__\n    return await task_method(*args, **kwargs)\n  File "/usr/lib/python3/dist-packages/colcon_ros/task/ament_python/build.py", line 51, in build\n    setup_py_data = get_setup_data(self.context.pkg, env)\n  File "/usr/lib/python3/dist-packages/colcon_core/task/python/__init__.py", line 20, in get_setup_data\n    return dict(pkg.metadata[key](env))\n  File "/usr/lib/python3/dist-packages/colcon_ros/package_augmentation/ros_ament_python.py", line 57, in getter\n    return get_setup_information(\n  File "/usr/lib/python3/dist-packages/colcon_python_setup_py/package_identification/python_setup_py.py", line 241, in get_setup_information\n    _setup_information_cache[hashable_env] = _get_setup_information(\n  File "/usr/lib/python3/dist-packages/colcon_python_setup_py/package_identification/python_setup_py.py", line 288, in _get_setup_information\n    result = subprocess.run(\n  File "/usr/lib/python3.10/subprocess.py", line 526, in run\n    raise CalledProcessError(retcode, process.args,\nsubprocess.CalledProcessError: Command \'[\'/usr/bin/python3\', \'-c\', \'import sys;from contextlib import suppress;exec("with suppress(ImportError):    from setuptools.extern.packaging.specifiers    import SpecifierSet");exec("with suppress(ImportError):    from packaging.specifiers import SpecifierSet");from distutils.core import run_setup;dist = run_setup(    \\\'setup.py\\\', script_args=(\\\'--dry-run\\\',), stop_after=\\\'config\\\');skip_keys = (\\\'cmdclass\\\', \\\'distclass\\\', \\\'ext_modules\\\', \\\'metadata\\\');data = {    key: value for key, value in dist.__dict__.items()     if (        not key.startswith(\\\'_\\\') and         not callable(value) and         key not in skip_keys and         key not in dist.display_option_names    )};data[\\\'metadata\\\'] = {    k: v for k, v in dist.metadata.__dict__.items()     if k not in (\\\'license_files\\\', \\\'provides_extras\\\')};sys.stdout.buffer.write(repr(data).encode(\\\'utf-8\\\'))\']\' returned non-zero exit status 1.\n'}
[0.212930] (py_2wbot_ctrl) JobEnded: {'identifier': 'py_2wbot_ctrl', 'rc': 1}
[0.223066] (-) EventReactorShutdown: {}
