[0.022s] Invoking command in '/home/lasantha/ros2_ws/build/examples_rclcpp_async_client': CMAKE_PREFIX_PATH=/opt/ros/iron /usr/bin/cmake /home/lasantha/ros2_ws/src/examples/rclcpp/services/async_client -DCMAKE_INSTALL_PREFIX=/home/lasantha/ros2_ws/install/examples_rclcpp_async_client
[0.036s] -- Found ament_cmake: 2.0.4 (/opt/ros/iron/share/ament_cmake/cmake)
[0.218s] -- Override CMake install command with custom implementation using symlinks instead of copying resources
[0.225s] -- Found example_interfaces: 0.10.2 (/opt/ros/iron/share/example_interfaces/cmake)
[0.258s] -- Found rosidl_generator_c: 4.0.1 (/opt/ros/iron/share/rosidl_generator_c/cmake)
[0.265s] -- Found rosidl_generator_cpp: 4.0.1 (/opt/ros/iron/share/rosidl_generator_cpp/cmake)
[0.280s] -- Using all available rosidl_typesupport_c: rosidl_typesupport_fastrtps_c;rosidl_typesupport_introspection_c
[0.298s] -- Using all available rosidl_typesupport_cpp: rosidl_typesupport_fastrtps_cpp;rosidl_typesupport_introspection_cpp
[0.601s] -- Found rclcpp: 21.0.5 (/opt/ros/iron/share/rclcpp/cmake)
[0.717s] -- Found rmw_implementation_cmake: 7.1.0 (/opt/ros/iron/share/rmw_implementation_cmake/cmake)
[0.718s] -- Found rmw_fastrtps_cpp: 7.1.3 (/opt/ros/iron/share/rmw_fastrtps_cpp/cmake)
[0.868s] -- Using RMW implementation 'rmw_fastrtps_cpp' as default
[1.077s] -- Found ament_lint_auto: 0.14.3 (/opt/ros/iron/share/ament_lint_auto/cmake)
[1.165s] -- Added test 'copyright' to check source files copyright and LICENSE
[1.166s] -- Added test 'cppcheck' to perform static code analysis on C / C++ code
[1.167s] -- Configured cppcheck include dirs: 
[1.167s] -- Configured cppcheck exclude dirs and/or files: 
[1.168s] -- Added test 'cpplint' to check C / C++ code against the Google style
[1.168s] -- Configured cpplint exclude dirs and/or files: 
[1.168s] -- Added test 'lint_cmake' to check CMake code style
[1.169s] -- Added test 'uncrustify' to check C / C++ code style
[1.169s] -- Configured uncrustify additional arguments: 
[1.170s] -- Added test 'xmllint' to check XML markup files
[1.171s] -- Configuring done
[1.183s] -- Generating done
[1.185s] -- Build files have been written to: /home/lasantha/ros2_ws/build/examples_rclcpp_async_client
[1.199s] Invoked command in '/home/lasantha/ros2_ws/build/examples_rclcpp_async_client' returned '0': CMAKE_PREFIX_PATH=/opt/ros/iron /usr/bin/cmake /home/lasantha/ros2_ws/src/examples/rclcpp/services/async_client -DCMAKE_INSTALL_PREFIX=/home/lasantha/ros2_ws/install/examples_rclcpp_async_client
[1.200s] Invoking command in '/home/lasantha/ros2_ws/build/examples_rclcpp_async_client': CMAKE_PREFIX_PATH=/opt/ros/iron /usr/bin/cmake --build /home/lasantha/ros2_ws/build/examples_rclcpp_async_client -- -j8 -l8
[1.261s] [35m[1mConsolidate compiler generated dependencies of target client_main[0m
[1.282s] [100%] Built target client_main
[1.299s] Invoked command in '/home/lasantha/ros2_ws/build/examples_rclcpp_async_client' returned '0': CMAKE_PREFIX_PATH=/opt/ros/iron /usr/bin/cmake --build /home/lasantha/ros2_ws/build/examples_rclcpp_async_client -- -j8 -l8
[1.351s] Invoking command in '/home/lasantha/ros2_ws/build/examples_rclcpp_async_client': CMAKE_PREFIX_PATH=/opt/ros/iron /usr/bin/cmake --install /home/lasantha/ros2_ws/build/examples_rclcpp_async_client
[1.360s] -- Install configuration: ""
[1.360s] -- Execute custom install script
[1.361s] -- Up-to-date symlink: /home/lasantha/ros2_ws/install/examples_rclcpp_async_client/lib/examples_rclcpp_async_client/client_main
[1.361s] -- Up-to-date symlink: /home/lasantha/ros2_ws/install/examples_rclcpp_async_client/share/ament_index/resource_index/package_run_dependencies/examples_rclcpp_async_client
[1.361s] -- Up-to-date symlink: /home/lasantha/ros2_ws/install/examples_rclcpp_async_client/share/ament_index/resource_index/parent_prefix_path/examples_rclcpp_async_client
[1.361s] -- Up-to-date symlink: /home/lasantha/ros2_ws/install/examples_rclcpp_async_client/share/examples_rclcpp_async_client/environment/ament_prefix_path.sh
[1.362s] -- Up-to-date symlink: /home/lasantha/ros2_ws/install/examples_rclcpp_async_client/share/examples_rclcpp_async_client/environment/ament_prefix_path.dsv
[1.363s] -- Up-to-date symlink: /home/lasantha/ros2_ws/install/examples_rclcpp_async_client/share/examples_rclcpp_async_client/environment/path.sh
[1.363s] -- Up-to-date symlink: /home/lasantha/ros2_ws/install/examples_rclcpp_async_client/share/examples_rclcpp_async_client/environment/path.dsv
[1.364s] -- Up-to-date symlink: /home/lasantha/ros2_ws/install/examples_rclcpp_async_client/share/examples_rclcpp_async_client/local_setup.bash
[1.364s] -- Up-to-date symlink: /home/lasantha/ros2_ws/install/examples_rclcpp_async_client/share/examples_rclcpp_async_client/local_setup.sh
[1.364s] -- Up-to-date symlink: /home/lasantha/ros2_ws/install/examples_rclcpp_async_client/share/examples_rclcpp_async_client/local_setup.zsh
[1.365s] -- Up-to-date symlink: /home/lasantha/ros2_ws/install/examples_rclcpp_async_client/share/examples_rclcpp_async_client/local_setup.dsv
[1.365s] -- Symlinking: /home/lasantha/ros2_ws/install/examples_rclcpp_async_client/share/examples_rclcpp_async_client/package.dsv
[1.376s] -- Up-to-date symlink: /home/lasantha/ros2_ws/install/examples_rclcpp_async_client/share/ament_index/resource_index/packages/examples_rclcpp_async_client
[1.376s] -- Up-to-date symlink: /home/lasantha/ros2_ws/install/examples_rclcpp_async_client/share/examples_rclcpp_async_client/cmake/examples_rclcpp_async_clientConfig.cmake
[1.376s] -- Up-to-date symlink: /home/lasantha/ros2_ws/install/examples_rclcpp_async_client/share/examples_rclcpp_async_client/cmake/examples_rclcpp_async_clientConfig-version.cmake
[1.376s] -- Up-to-date symlink: /home/lasantha/ros2_ws/install/examples_rclcpp_async_client/share/examples_rclcpp_async_client/package.xml
[1.379s] Invoked command in '/home/lasantha/ros2_ws/build/examples_rclcpp_async_client' returned '0': CMAKE_PREFIX_PATH=/opt/ros/iron /usr/bin/cmake --install /home/lasantha/ros2_ws/build/examples_rclcpp_async_client
