[0.008s] Invoking command in '/home/lasantha/ros2_ws/build/my_package': CMAKE_PREFIX_PATH=/opt/ros/iron /usr/bin/cmake --build /home/lasantha/ros2_ws/build/my_package -- -j8 -l8
[0.039s] [35m[1mConsolidate compiler generated dependencies of target my_node[0m
[0.051s] [100%] Built target my_node
[0.060s] Invoked command in '/home/lasantha/ros2_ws/build/my_package' returned '0': CMAKE_PREFIX_PATH=/opt/ros/iron /usr/bin/cmake --build /home/lasantha/ros2_ws/build/my_package -- -j8 -l8
[0.087s] Invoking command in '/home/lasantha/ros2_ws/build/my_package': CMAKE_PREFIX_PATH=/opt/ros/iron /usr/bin/cmake --install /home/lasantha/ros2_ws/build/my_package
[0.093s] -- Install configuration: ""
[0.093s] -- Up-to-date: /home/lasantha/ros2_ws/install/my_package/lib/my_package/my_node
[0.093s] -- Up-to-date: /home/lasantha/ros2_ws/install/my_package/share/ament_index/resource_index/package_run_dependencies/my_package
[0.093s] -- Up-to-date: /home/lasantha/ros2_ws/install/my_package/share/ament_index/resource_index/parent_prefix_path/my_package
[0.093s] -- Up-to-date: /home/lasantha/ros2_ws/install/my_package/share/my_package/environment/ament_prefix_path.sh
[0.093s] -- Up-to-date: /home/lasantha/ros2_ws/install/my_package/share/my_package/environment/ament_prefix_path.dsv
[0.093s] -- Up-to-date: /home/lasantha/ros2_ws/install/my_package/share/my_package/environment/path.sh
[0.093s] -- Up-to-date: /home/lasantha/ros2_ws/install/my_package/share/my_package/environment/path.dsv
[0.093s] -- Up-to-date: /home/lasantha/ros2_ws/install/my_package/share/my_package/local_setup.bash
[0.093s] -- Up-to-date: /home/lasantha/ros2_ws/install/my_package/share/my_package/local_setup.sh
[0.093s] -- Up-to-date: /home/lasantha/ros2_ws/install/my_package/share/my_package/local_setup.zsh
[0.094s] -- Up-to-date: /home/lasantha/ros2_ws/install/my_package/share/my_package/local_setup.dsv
[0.094s] -- Up-to-date: /home/lasantha/ros2_ws/install/my_package/share/my_package/package.dsv
[0.094s] -- Up-to-date: /home/lasantha/ros2_ws/install/my_package/share/ament_index/resource_index/packages/my_package
[0.094s] -- Up-to-date: /home/lasantha/ros2_ws/install/my_package/share/my_package/cmake/my_packageConfig.cmake
[0.094s] -- Up-to-date: /home/lasantha/ros2_ws/install/my_package/share/my_package/cmake/my_packageConfig-version.cmake
[0.094s] -- Up-to-date: /home/lasantha/ros2_ws/install/my_package/share/my_package/package.xml
[0.095s] Invoked command in '/home/lasantha/ros2_ws/build/my_package' returned '0': CMAKE_PREFIX_PATH=/opt/ros/iron /usr/bin/cmake --install /home/lasantha/ros2_ws/build/my_package
