[0.015s] Invoking command in '/home/lasantha/ros2_ws/build/examples_rclcpp_minimal_publisher': /usr/bin/cmake /home/lasantha/ros2_ws/src/examples/rclcpp/topics/minimal_publisher -DAMENT_CMAKE_SYMLINK_INSTALL=1 -DCMAKE_INSTALL_PREFIX=/home/lasantha/ros2_ws/install/examples_rclcpp_minimal_publisher
[0.354s] -- The C compiler identification is GNU 11.4.0
[0.354s] -- The CXX compiler identification is GNU 11.4.0
[0.354s] -- Detecting C compiler ABI info
[0.354s] -- Detecting C compiler ABI info - done
[0.354s] -- Check for working C compiler: /usr/bin/cc - skipped
[0.355s] -- Detecting C compile features
[0.355s] -- Detecting C compile features - done
[0.355s] -- Detecting CXX compiler ABI info
[0.361s] -- Detecting CXX compiler ABI info - done
[0.372s] -- Check for working CXX compiler: /usr/bin/c++ - skipped
[0.372s] -- Detecting CXX compile features
[0.372s] -- Detecting CXX compile features - done
[0.380s] [31mCMake Error at CMakeLists.txt:14 (find_package):
[0.380s]   By not providing "Findament_cmake.cmake" in CMAKE_MODULE_PATH this project
[0.380s]   has asked CMake to find a package configuration file provided by
[0.381s]   "ament_cmake", but CMake did not find one.
[0.381s] 
[0.381s]   Could not find a package configuration file provided by "ament_cmake" with
[0.381s]   any of the following names:
[0.381s] 
[0.381s]     ament_cmakeConfig.cmake
[0.381s]     ament_cmake-config.cmake
[0.381s] 
[0.381s]   Add the installation prefix of "ament_cmake" to CMAKE_PREFIX_PATH or set
[0.381s]   "ament_cmake_DIR" to a directory containing one of the above files.  If
[0.381s]   "ament_cmake" provides a separate development package or SDK, be sure it
[0.381s]   has been installed.
[0.381s] 
[0.381s] [0m
[0.381s] -- Configuring incomplete, errors occurred!
[0.381s] See also "/home/lasantha/ros2_ws/build/examples_rclcpp_minimal_publisher/CMakeFiles/CMakeOutput.log".
