[1.153s] Invoking command in '/home/lasantha/ros2_ws/build/examples_rclpy_executors': PYTHONPATH=/home/lasantha/ros2_ws/build/examples_rclpy_executors/prefix_override:/home/lasantha/ros2_ws/install/examples_rclpy_executors/lib/python3.10/site-packages:${PYTHONPATH} /usr/bin/python3 -W ignore:setup.py install is deprecated setup.py develop --uninstall --editable --build-directory /home/lasantha/ros2_ws/build/examples_rclpy_executors/build
[1.522s] running develop
[1.522s] /usr/lib/python3/dist-packages/setuptools/command/easy_install.py:158: EasyInstallDeprecationWarning: easy_install command is deprecated. Use build and pip and other standards-based tools.
[1.522s]   warnings.warn(
[1.682s] Removing /home/lasantha/ros2_ws/install/examples_rclpy_executors/lib/python3.10/site-packages/examples-rclpy-executors.egg-link (link to .)
[1.750s] Invoked command in '/home/lasantha/ros2_ws/build/examples_rclpy_executors' returned '0': PYTHONPATH=/home/lasantha/ros2_ws/build/examples_rclpy_executors/prefix_override:/home/lasantha/ros2_ws/install/examples_rclpy_executors/lib/python3.10/site-packages:${PYTHONPATH} /usr/bin/python3 -W ignore:setup.py install is deprecated setup.py develop --uninstall --editable --build-directory /home/lasantha/ros2_ws/build/examples_rclpy_executors/build
[1.751s] Invoking command in '/home/lasantha/ros2_ws/src/examples/rclpy/executors': PYTHONPATH=/home/lasantha/ros2_ws/build/examples_rclpy_executors/prefix_override:/home/lasantha/ros2_ws/install/examples_rclpy_executors/lib/python3.10/site-packages:${PYTHONPATH} /usr/bin/python3 -W ignore:setup.py install is deprecated setup.py egg_info --egg-base ../../../../build/examples_rclpy_executors build --build-base /home/lasantha/ros2_ws/build/examples_rclpy_executors/build install --record /home/lasantha/ros2_ws/build/examples_rclpy_executors/install.log --single-version-externally-managed install_data --force
[2.082s] running egg_info
[2.085s] writing ../../../../build/examples_rclpy_executors/examples_rclpy_executors.egg-info/PKG-INFO
[2.086s] writing dependency_links to ../../../../build/examples_rclpy_executors/examples_rclpy_executors.egg-info/dependency_links.txt
[2.086s] writing entry points to ../../../../build/examples_rclpy_executors/examples_rclpy_executors.egg-info/entry_points.txt
[2.086s] writing requirements to ../../../../build/examples_rclpy_executors/examples_rclpy_executors.egg-info/requires.txt
[2.086s] writing top-level names to ../../../../build/examples_rclpy_executors/examples_rclpy_executors.egg-info/top_level.txt
[2.087s] reading manifest file '../../../../build/examples_rclpy_executors/examples_rclpy_executors.egg-info/SOURCES.txt'
[2.088s] writing manifest file '../../../../build/examples_rclpy_executors/examples_rclpy_executors.egg-info/SOURCES.txt'
[2.088s] running build
[2.088s] running build_py
[2.089s] creating /home/lasantha/ros2_ws/build/examples_rclpy_executors/build
[2.089s] creating /home/lasantha/ros2_ws/build/examples_rclpy_executors/build/lib
[2.089s] creating /home/lasantha/ros2_ws/build/examples_rclpy_executors/build/lib/examples_rclpy_executors
[2.089s] copying examples_rclpy_executors/listener.py -> /home/lasantha/ros2_ws/build/examples_rclpy_executors/build/lib/examples_rclpy_executors
[2.089s] copying examples_rclpy_executors/talker.py -> /home/lasantha/ros2_ws/build/examples_rclpy_executors/build/lib/examples_rclpy_executors
[2.089s] copying examples_rclpy_executors/custom_callback_group.py -> /home/lasantha/ros2_ws/build/examples_rclpy_executors/build/lib/examples_rclpy_executors
[2.089s] copying examples_rclpy_executors/__init__.py -> /home/lasantha/ros2_ws/build/examples_rclpy_executors/build/lib/examples_rclpy_executors
[2.089s] copying examples_rclpy_executors/composed.py -> /home/lasantha/ros2_ws/build/examples_rclpy_executors/build/lib/examples_rclpy_executors
[2.089s] copying examples_rclpy_executors/custom_executor.py -> /home/lasantha/ros2_ws/build/examples_rclpy_executors/build/lib/examples_rclpy_executors
[2.090s] copying examples_rclpy_executors/callback_group.py -> /home/lasantha/ros2_ws/build/examples_rclpy_executors/build/lib/examples_rclpy_executors
[2.090s] running install
[2.090s] running install_lib
[2.091s] creating /home/lasantha/ros2_ws/install/examples_rclpy_executors/lib/python3.10/site-packages/examples_rclpy_executors
[2.091s] copying /home/lasantha/ros2_ws/build/examples_rclpy_executors/build/lib/examples_rclpy_executors/listener.py -> /home/lasantha/ros2_ws/install/examples_rclpy_executors/lib/python3.10/site-packages/examples_rclpy_executors
[2.091s] copying /home/lasantha/ros2_ws/build/examples_rclpy_executors/build/lib/examples_rclpy_executors/talker.py -> /home/lasantha/ros2_ws/install/examples_rclpy_executors/lib/python3.10/site-packages/examples_rclpy_executors
[2.091s] copying /home/lasantha/ros2_ws/build/examples_rclpy_executors/build/lib/examples_rclpy_executors/custom_callback_group.py -> /home/lasantha/ros2_ws/install/examples_rclpy_executors/lib/python3.10/site-packages/examples_rclpy_executors
[2.092s] copying /home/lasantha/ros2_ws/build/examples_rclpy_executors/build/lib/examples_rclpy_executors/__init__.py -> /home/lasantha/ros2_ws/install/examples_rclpy_executors/lib/python3.10/site-packages/examples_rclpy_executors
[2.092s] copying /home/lasantha/ros2_ws/build/examples_rclpy_executors/build/lib/examples_rclpy_executors/composed.py -> /home/lasantha/ros2_ws/install/examples_rclpy_executors/lib/python3.10/site-packages/examples_rclpy_executors
[2.092s] copying /home/lasantha/ros2_ws/build/examples_rclpy_executors/build/lib/examples_rclpy_executors/custom_executor.py -> /home/lasantha/ros2_ws/install/examples_rclpy_executors/lib/python3.10/site-packages/examples_rclpy_executors
[2.097s] copying /home/lasantha/ros2_ws/build/examples_rclpy_executors/build/lib/examples_rclpy_executors/callback_group.py -> /home/lasantha/ros2_ws/install/examples_rclpy_executors/lib/python3.10/site-packages/examples_rclpy_executors
[2.097s] byte-compiling /home/lasantha/ros2_ws/install/examples_rclpy_executors/lib/python3.10/site-packages/examples_rclpy_executors/listener.py to listener.cpython-310.pyc
[2.097s] byte-compiling /home/lasantha/ros2_ws/install/examples_rclpy_executors/lib/python3.10/site-packages/examples_rclpy_executors/talker.py to talker.cpython-310.pyc
[2.097s] byte-compiling /home/lasantha/ros2_ws/install/examples_rclpy_executors/lib/python3.10/site-packages/examples_rclpy_executors/custom_callback_group.py to custom_callback_group.cpython-310.pyc
[2.097s] byte-compiling /home/lasantha/ros2_ws/install/examples_rclpy_executors/lib/python3.10/site-packages/examples_rclpy_executors/__init__.py to __init__.cpython-310.pyc
[2.097s] byte-compiling /home/lasantha/ros2_ws/install/examples_rclpy_executors/lib/python3.10/site-packages/examples_rclpy_executors/composed.py to composed.cpython-310.pyc
[2.098s] byte-compiling /home/lasantha/ros2_ws/install/examples_rclpy_executors/lib/python3.10/site-packages/examples_rclpy_executors/custom_executor.py to custom_executor.cpython-310.pyc
[2.098s] byte-compiling /home/lasantha/ros2_ws/install/examples_rclpy_executors/lib/python3.10/site-packages/examples_rclpy_executors/callback_group.py to callback_group.cpython-310.pyc
[2.098s] running install_data
[2.098s] copying resource/examples_rclpy_executors -> /home/lasantha/ros2_ws/install/examples_rclpy_executors/share/ament_index/resource_index/packages
[2.098s] copying package.xml -> /home/lasantha/ros2_ws/install/examples_rclpy_executors/share/examples_rclpy_executors
[2.098s] running install_egg_info
[2.099s] Copying ../../../../build/examples_rclpy_executors/examples_rclpy_executors.egg-info to /home/lasantha/ros2_ws/install/examples_rclpy_executors/lib/python3.10/site-packages/examples_rclpy_executors-0.18.0-py3.10.egg-info
[2.102s] running install_scripts
[2.126s] Installing callback_group script to /home/lasantha/ros2_ws/install/examples_rclpy_executors/lib/examples_rclpy_executors
[2.126s] Installing composed script to /home/lasantha/ros2_ws/install/examples_rclpy_executors/lib/examples_rclpy_executors
[2.126s] Installing custom_callback_group script to /home/lasantha/ros2_ws/install/examples_rclpy_executors/lib/examples_rclpy_executors
[2.126s] Installing custom_executor script to /home/lasantha/ros2_ws/install/examples_rclpy_executors/lib/examples_rclpy_executors
[2.126s] Installing listener script to /home/lasantha/ros2_ws/install/examples_rclpy_executors/lib/examples_rclpy_executors
[2.127s] Installing talker script to /home/lasantha/ros2_ws/install/examples_rclpy_executors/lib/examples_rclpy_executors
[2.127s] writing list of installed files to '/home/lasantha/ros2_ws/build/examples_rclpy_executors/install.log'
[2.595s] Invoked command in '/home/lasantha/ros2_ws/src/examples/rclpy/executors' returned '0': PYTHONPATH=/home/lasantha/ros2_ws/build/examples_rclpy_executors/prefix_override:/home/lasantha/ros2_ws/install/examples_rclpy_executors/lib/python3.10/site-packages:${PYTHONPATH} /usr/bin/python3 -W ignore:setup.py install is deprecated setup.py egg_info --egg-base ../../../../build/examples_rclpy_executors build --build-base /home/lasantha/ros2_ws/build/examples_rclpy_executors/build install --record /home/lasantha/ros2_ws/build/examples_rclpy_executors/install.log --single-version-externally-managed install_data --force
