[0.009s] Invoking command in '/home/lasantha/ros2_ws/build/my_package': CMAKE_PREFIX_PATH=/opt/ros/iron /usr/bin/cmake /home/lasantha/ros2_ws/src/my_package -DCMAKE_INSTALL_PREFIX=/home/lasantha/ros2_ws/install/my_package
[0.076s] -- The C compiler identification is GNU 11.4.0
[0.144s] -- The CXX compiler identification is GNU 11.4.0
[0.152s] -- Detecting C compiler ABI info
[0.238s] -- Detecting C compiler ABI info - done
[0.249s] -- Check for working C compiler: /usr/bin/cc - skipped
[0.251s] -- Detecting C compile features
[0.251s] -- Detecting C compile features - done
[0.256s] -- Detecting CXX compiler ABI info
[0.357s] -- Detecting CXX compiler ABI info - done
[0.368s] -- Check for working CXX compiler: /usr/bin/c++ - skipped
[0.368s] -- Detecting CXX compile features
[0.369s] -- Detecting CXX compile features - done
[0.372s] -- Found ament_cmake: 2.0.4 (/opt/ros/iron/share/ament_cmake/cmake)
[0.558s] -- Found Python3: /usr/bin/python3.10 (found version "3.10.12") found components: Interpreter 
[0.633s] -- Found ament_lint_auto: 0.14.3 (/opt/ros/iron/share/ament_lint_auto/cmake)
[0.699s] -- Added test 'cppcheck' to perform static code analysis on C / C++ code
[0.699s] -- Configured cppcheck include dirs: $<BUILD_INTERFACE:/home/lasantha/ros2_ws/src/my_package/include>
[0.699s] -- Configured cppcheck exclude dirs and/or files: 
[0.700s] -- Added test 'lint_cmake' to check CMake code style
[0.701s] -- Added test 'uncrustify' to check C / C++ code style
[0.701s] -- Configured uncrustify additional arguments: 
[0.701s] -- Added test 'xmllint' to check XML markup files
[0.702s] -- Configuring done
[0.706s] -- Generating done
[0.707s] -- Build files have been written to: /home/lasantha/ros2_ws/build/my_package
[0.712s] Invoked command in '/home/lasantha/ros2_ws/build/my_package' returned '0': CMAKE_PREFIX_PATH=/opt/ros/iron /usr/bin/cmake /home/lasantha/ros2_ws/src/my_package -DCMAKE_INSTALL_PREFIX=/home/lasantha/ros2_ws/install/my_package
[0.713s] Invoking command in '/home/lasantha/ros2_ws/build/my_package': CMAKE_PREFIX_PATH=/opt/ros/iron /usr/bin/cmake --build /home/lasantha/ros2_ws/build/my_package -- -j8 -l8
[0.757s] [ 50%] [32mBuilding CXX object CMakeFiles/my_node.dir/src/my_node.cpp.o[0m
[0.780s] [100%] [32m[1mLinking CXX executable my_node[0m
[0.815s] [100%] Built target my_node
[0.825s] Invoked command in '/home/lasantha/ros2_ws/build/my_package' returned '0': CMAKE_PREFIX_PATH=/opt/ros/iron /usr/bin/cmake --build /home/lasantha/ros2_ws/build/my_package -- -j8 -l8
[0.847s] Invoking command in '/home/lasantha/ros2_ws/build/my_package': CMAKE_PREFIX_PATH=/opt/ros/iron /usr/bin/cmake --install /home/lasantha/ros2_ws/build/my_package
[0.853s] -- Install configuration: ""
[0.853s] -- Installing: /home/lasantha/ros2_ws/install/my_package/lib/my_package/my_node
[0.853s] -- Installing: /home/lasantha/ros2_ws/install/my_package/share/ament_index/resource_index/package_run_dependencies/my_package
[0.854s] -- Installing: /home/lasantha/ros2_ws/install/my_package/share/ament_index/resource_index/parent_prefix_path/my_package
[0.854s] -- Installing: /home/lasantha/ros2_ws/install/my_package/share/my_package/environment/ament_prefix_path.sh
[0.854s] -- Installing: /home/lasantha/ros2_ws/install/my_package/share/my_package/environment/ament_prefix_path.dsv
[0.854s] -- Installing: /home/lasantha/ros2_ws/install/my_package/share/my_package/environment/path.sh
[0.854s] -- Installing: /home/lasantha/ros2_ws/install/my_package/share/my_package/environment/path.dsv
[0.854s] -- Installing: /home/lasantha/ros2_ws/install/my_package/share/my_package/local_setup.bash
[0.854s] -- Installing: /home/lasantha/ros2_ws/install/my_package/share/my_package/local_setup.sh
[0.854s] -- Installing: /home/lasantha/ros2_ws/install/my_package/share/my_package/local_setup.zsh
[0.854s] -- Installing: /home/lasantha/ros2_ws/install/my_package/share/my_package/local_setup.dsv
[0.854s] -- Installing: /home/lasantha/ros2_ws/install/my_package/share/my_package/package.dsv
[0.855s] -- Installing: /home/lasantha/ros2_ws/install/my_package/share/ament_index/resource_index/packages/my_package
[0.855s] -- Installing: /home/lasantha/ros2_ws/install/my_package/share/my_package/cmake/my_packageConfig.cmake
[0.855s] -- Installing: /home/lasantha/ros2_ws/install/my_package/share/my_package/cmake/my_packageConfig-version.cmake
[0.855s] -- Installing: /home/lasantha/ros2_ws/install/my_package/share/my_package/package.xml
[0.857s] Invoked command in '/home/lasantha/ros2_ws/build/my_package' returned '0': CMAKE_PREFIX_PATH=/opt/ros/iron /usr/bin/cmake --install /home/lasantha/ros2_ws/build/my_package
