[0.561s] Invoking command in '/home/lasantha/ros2_ws/src/py_2wbot_ctrl': LD_LIBRARY_PATH=/home/lasantha/ros2_ws/install/more_interfaces/lib:/home/lasantha/ros2_ws/install/micro_ros_agent/lib:/home/lasantha/ros2_ws/install/examples_rclcpp_wait_set/lib:/home/lasantha/ros2_ws/install/examples_rclcpp_minimal_subscriber/lib:/home/lasantha/ros2_ws/install/examples_rclcpp_minimal_composition/lib:/usr/lib/x86_64-linux-gnu/gazebo-11/plugins:/opt/ros/iron/opt/rviz_ogre_vendor/lib:/opt/ros/iron/lib/x86_64-linux-gnu:/opt/ros/iron/lib:/home/lasantha/.mujoco/mujoco210/bin:/usr/lib/nvidi:/home/lasantha/.mujoco/mujoco210/bin PYTHONPATH=/home/lasantha/ros2_ws/build/py_2wbot_ctrl/prefix_override:/home/lasantha/ros2_ws/install/py_2wbot_ctrl/lib/python3.10/site-packages:/home/lasantha/ros2_ws/install/more_interfaces/lib/python3.10/site-packages:/home/lasantha/ros2_ws/install/py_test_custom/lib/python3.10/site-packages:/home/lasantha/ros2_ws/install/py_custom_state_msg/lib/python3.10/site-packages:/home/lasantha/ros2_ws/install/py_pubsub/lib/python3.10/site-packages:/home/lasantha/ros2_ws/install/py_2wbot_ctrl/lib/python3.10/site-packages:/home/lasantha/ros2_ws/install/launch_testing_examples/lib/python3.10/site-packages:/home/lasantha/ros2_ws/install/examples_rclpy_pointcloud_publisher/lib/python3.10/site-packages:/home/lasantha/ros2_ws/install/examples_rclpy_minimal_subscriber/lib/python3.10/site-packages:/home/lasantha/ros2_ws/install/examples_rclpy_minimal_service/lib/python3.10/site-packages:/home/lasantha/ros2_ws/install/examples_rclpy_minimal_publisher/lib/python3.10/site-packages:/home/lasantha/ros2_ws/install/examples_rclpy_minimal_client/lib/python3.10/site-packages:/home/lasantha/ros2_ws/install/examples_rclpy_minimal_action_server/lib/python3.10/site-packages:/home/lasantha/ros2_ws/install/examples_rclpy_minimal_action_client/lib/python3.10/site-packages:/home/lasantha/ros2_ws/install/examples_rclpy_guard_conditions/lib/python3.10/site-packages:/home/lasantha/ros2_ws/install/examples_rclpy_executors/lib/python3.10/site-packages:/opt/ros/iron/lib/python3.10/site-packages /usr/bin/python3 -W ignore:setup.py install is deprecated setup.py egg_info --egg-base ../../build/py_2wbot_ctrl build --build-base /home/lasantha/ros2_ws/build/py_2wbot_ctrl/build install --record /home/lasantha/ros2_ws/build/py_2wbot_ctrl/install.log --single-version-externally-managed install_data
[0.779s] running egg_info
[0.780s] writing ../../build/py_2wbot_ctrl/py_2wbot_ctrl.egg-info/PKG-INFO
[0.780s] writing dependency_links to ../../build/py_2wbot_ctrl/py_2wbot_ctrl.egg-info/dependency_links.txt
[0.780s] writing entry points to ../../build/py_2wbot_ctrl/py_2wbot_ctrl.egg-info/entry_points.txt
[0.780s] writing requirements to ../../build/py_2wbot_ctrl/py_2wbot_ctrl.egg-info/requires.txt
[0.780s] writing top-level names to ../../build/py_2wbot_ctrl/py_2wbot_ctrl.egg-info/top_level.txt
[0.781s] reading manifest file '../../build/py_2wbot_ctrl/py_2wbot_ctrl.egg-info/SOURCES.txt'
[0.782s] writing manifest file '../../build/py_2wbot_ctrl/py_2wbot_ctrl.egg-info/SOURCES.txt'
[0.782s] running build
[0.782s] running build_py
[0.782s] copying py_2wbot_ctrl/odom_rd.py -> /home/lasantha/ros2_ws/build/py_2wbot_ctrl/build/lib/py_2wbot_ctrl
[0.782s] running install
[0.783s] running install_lib
[0.783s] copying /home/lasantha/ros2_ws/build/py_2wbot_ctrl/build/lib/py_2wbot_ctrl/odom_rd.py -> /home/lasantha/ros2_ws/install/py_2wbot_ctrl/lib/python3.10/site-packages/py_2wbot_ctrl
[0.784s] byte-compiling /home/lasantha/ros2_ws/install/py_2wbot_ctrl/lib/python3.10/site-packages/py_2wbot_ctrl/odom_rd.py to odom_rd.cpython-310.pyc
[0.784s] running install_data
[0.784s] running install_egg_info
[0.786s] removing '/home/lasantha/ros2_ws/install/py_2wbot_ctrl/lib/python3.10/site-packages/py_2wbot_ctrl-0.0.0-py3.10.egg-info' (and everything under it)
[0.786s] Copying ../../build/py_2wbot_ctrl/py_2wbot_ctrl.egg-info to /home/lasantha/ros2_ws/install/py_2wbot_ctrl/lib/python3.10/site-packages/py_2wbot_ctrl-0.0.0-py3.10.egg-info
[0.786s] running install_scripts
[0.802s] Installing follower_node script to /home/lasantha/ros2_ws/install/py_2wbot_ctrl/lib/py_2wbot_ctrl
[0.802s] Installing odom_rd script to /home/lasantha/ros2_ws/install/py_2wbot_ctrl/lib/py_2wbot_ctrl
[0.803s] writing list of installed files to '/home/lasantha/ros2_ws/build/py_2wbot_ctrl/install.log'
[0.823s] Invoked command in '/home/lasantha/ros2_ws/src/py_2wbot_ctrl' returned '0': LD_LIBRARY_PATH=/home/lasantha/ros2_ws/install/more_interfaces/lib:/home/lasantha/ros2_ws/install/micro_ros_agent/lib:/home/lasantha/ros2_ws/install/examples_rclcpp_wait_set/lib:/home/lasantha/ros2_ws/install/examples_rclcpp_minimal_subscriber/lib:/home/lasantha/ros2_ws/install/examples_rclcpp_minimal_composition/lib:/usr/lib/x86_64-linux-gnu/gazebo-11/plugins:/opt/ros/iron/opt/rviz_ogre_vendor/lib:/opt/ros/iron/lib/x86_64-linux-gnu:/opt/ros/iron/lib:/home/lasantha/.mujoco/mujoco210/bin:/usr/lib/nvidi:/home/lasantha/.mujoco/mujoco210/bin PYTHONPATH=/home/lasantha/ros2_ws/build/py_2wbot_ctrl/prefix_override:/home/lasantha/ros2_ws/install/py_2wbot_ctrl/lib/python3.10/site-packages:/home/lasantha/ros2_ws/install/more_interfaces/lib/python3.10/site-packages:/home/lasantha/ros2_ws/install/py_test_custom/lib/python3.10/site-packages:/home/lasantha/ros2_ws/install/py_custom_state_msg/lib/python3.10/site-packages:/home/lasantha/ros2_ws/install/py_pubsub/lib/python3.10/site-packages:/home/lasantha/ros2_ws/install/py_2wbot_ctrl/lib/python3.10/site-packages:/home/lasantha/ros2_ws/install/launch_testing_examples/lib/python3.10/site-packages:/home/lasantha/ros2_ws/install/examples_rclpy_pointcloud_publisher/lib/python3.10/site-packages:/home/lasantha/ros2_ws/install/examples_rclpy_minimal_subscriber/lib/python3.10/site-packages:/home/lasantha/ros2_ws/install/examples_rclpy_minimal_service/lib/python3.10/site-packages:/home/lasantha/ros2_ws/install/examples_rclpy_minimal_publisher/lib/python3.10/site-packages:/home/lasantha/ros2_ws/install/examples_rclpy_minimal_client/lib/python3.10/site-packages:/home/lasantha/ros2_ws/install/examples_rclpy_minimal_action_server/lib/python3.10/site-packages:/home/lasantha/ros2_ws/install/examples_rclpy_minimal_action_client/lib/python3.10/site-packages:/home/lasantha/ros2_ws/install/examples_rclpy_guard_conditions/lib/python3.10/site-packages:/home/lasantha/ros2_ws/install/examples_rclpy_executors/lib/python3.10/site-packages:/opt/ros/iron/lib/python3.10/site-packages /usr/bin/python3 -W ignore:setup.py install is deprecated setup.py egg_info --egg-base ../../build/py_2wbot_ctrl build --build-base /home/lasantha/ros2_ws/build/py_2wbot_ctrl/build install --record /home/lasantha/ros2_ws/build/py_2wbot_ctrl/install.log --single-version-externally-managed install_data
