[1.581s] Invoking command in '/home/lasantha/ros2_ws/build/examples_rclpy_guard_conditions': PYTHONPATH=/home/lasantha/ros2_ws/build/examples_rclpy_guard_conditions/prefix_override:/home/lasantha/ros2_ws/install/examples_rclpy_guard_conditions/lib/python3.10/site-packages:${PYTHONPATH} /usr/bin/python3 -W ignore:setup.py install is deprecated setup.py develop --editable --build-directory /home/lasantha/ros2_ws/build/examples_rclpy_guard_conditions/build --no-deps symlink_data
[3.333s] /usr/lib/python3/dist-packages/setuptools/command/easy_install.py:158: EasyInstallDeprecationWarning: easy_install command is deprecated. Use build and pip and other standards-based tools.
[3.333s]   warnings.warn(
[3.336s] running develop
[3.337s] running egg_info
[3.337s] creating examples_rclpy_guard_conditions.egg-info
[3.337s] writing examples_rclpy_guard_conditions.egg-info/PKG-INFO
[3.337s] writing dependency_links to examples_rclpy_guard_conditions.egg-info/dependency_links.txt
[3.337s] writing entry points to examples_rclpy_guard_conditions.egg-info/entry_points.txt
[3.337s] writing requirements to examples_rclpy_guard_conditions.egg-info/requires.txt
[3.337s] writing top-level names to examples_rclpy_guard_conditions.egg-info/top_level.txt
[3.337s] writing manifest file 'examples_rclpy_guard_conditions.egg-info/SOURCES.txt'
[3.338s] reading manifest file 'examples_rclpy_guard_conditions.egg-info/SOURCES.txt'
[3.338s] writing manifest file 'examples_rclpy_guard_conditions.egg-info/SOURCES.txt'
[3.338s] running build_ext
[3.338s] Creating /home/lasantha/ros2_ws/install/examples_rclpy_guard_conditions/lib/python3.10/site-packages/examples-rclpy-guard-conditions.egg-link (link to .)
[3.338s] Installing trigger_guard_condition script to /home/lasantha/ros2_ws/install/examples_rclpy_guard_conditions/lib/examples_rclpy_guard_conditions
[3.338s] 
[3.338s] Installed /home/lasantha/ros2_ws/build/examples_rclpy_guard_conditions
[3.338s] running symlink_data
[3.338s] creating /home/lasantha/ros2_ws/install/examples_rclpy_guard_conditions/share/ament_index
[3.338s] creating /home/lasantha/ros2_ws/install/examples_rclpy_guard_conditions/share/ament_index/resource_index
[3.339s] creating /home/lasantha/ros2_ws/install/examples_rclpy_guard_conditions/share/ament_index/resource_index/packages
[3.339s] symbolically linking /home/lasantha/ros2_ws/build/examples_rclpy_guard_conditions/resource/examples_rclpy_guard_conditions -> /home/lasantha/ros2_ws/install/examples_rclpy_guard_conditions/share/ament_index/resource_index/packages
[3.339s] symbolically linking /home/lasantha/ros2_ws/build/examples_rclpy_guard_conditions/package.xml -> /home/lasantha/ros2_ws/install/examples_rclpy_guard_conditions/share/examples_rclpy_guard_conditions
[3.347s] Invoked command in '/home/lasantha/ros2_ws/build/examples_rclpy_guard_conditions' returned '0': PYTHONPATH=/home/lasantha/ros2_ws/build/examples_rclpy_guard_conditions/prefix_override:/home/lasantha/ros2_ws/install/examples_rclpy_guard_conditions/lib/python3.10/site-packages:${PYTHONPATH} /usr/bin/python3 -W ignore:setup.py install is deprecated setup.py develop --editable --build-directory /home/lasantha/ros2_ws/build/examples_rclpy_guard_conditions/build --no-deps symlink_data
