[1.697s] Invoking command in '/home/lasantha/ros2_ws/build/examples_rclpy_executors': PYTHONPATH=/home/lasantha/ros2_ws/build/examples_rclpy_executors/prefix_override:/home/lasantha/ros2_ws/install/examples_rclpy_executors/lib/python3.10/site-packages:${PYTHONPATH} /usr/bin/python3 -W ignore:setup.py install is deprecated setup.py develop --editable --build-directory /home/lasantha/ros2_ws/build/examples_rclpy_executors/build --no-deps symlink_data
[2.630s] running develop
[2.631s] /usr/lib/python3/dist-packages/setuptools/command/easy_install.py:158: EasyInstallDeprecationWarning: easy_install command is deprecated. Use build and pip and other standards-based tools.
[2.632s]   warnings.warn(
[2.819s] running egg_info
[2.819s] creating examples_rclpy_executors.egg-info
[2.820s] writing examples_rclpy_executors.egg-info/PKG-INFO
[2.820s] writing dependency_links to examples_rclpy_executors.egg-info/dependency_links.txt
[2.820s] writing entry points to examples_rclpy_executors.egg-info/entry_points.txt
[2.820s] writing requirements to examples_rclpy_executors.egg-info/requires.txt
[2.821s] writing top-level names to examples_rclpy_executors.egg-info/top_level.txt
[2.821s] writing manifest file 'examples_rclpy_executors.egg-info/SOURCES.txt'
[2.843s] reading manifest file 'examples_rclpy_executors.egg-info/SOURCES.txt'
[2.843s] writing manifest file 'examples_rclpy_executors.egg-info/SOURCES.txt'
[2.843s] running build_ext
[2.843s] Creating /home/lasantha/ros2_ws/install/examples_rclpy_executors/lib/python3.10/site-packages/examples-rclpy-executors.egg-link (link to .)
[2.843s] Installing callback_group script to /home/lasantha/ros2_ws/install/examples_rclpy_executors/lib/examples_rclpy_executors
[2.843s] Installing composed script to /home/lasantha/ros2_ws/install/examples_rclpy_executors/lib/examples_rclpy_executors
[2.843s] Installing custom_callback_group script to /home/lasantha/ros2_ws/install/examples_rclpy_executors/lib/examples_rclpy_executors
[2.844s] Installing custom_executor script to /home/lasantha/ros2_ws/install/examples_rclpy_executors/lib/examples_rclpy_executors
[2.844s] Installing listener script to /home/lasantha/ros2_ws/install/examples_rclpy_executors/lib/examples_rclpy_executors
[2.844s] Installing talker script to /home/lasantha/ros2_ws/install/examples_rclpy_executors/lib/examples_rclpy_executors
[2.844s] 
[2.844s] Installed /home/lasantha/ros2_ws/build/examples_rclpy_executors
[2.844s] running symlink_data
[2.844s] creating /home/lasantha/ros2_ws/install/examples_rclpy_executors/share/ament_index
[2.844s] creating /home/lasantha/ros2_ws/install/examples_rclpy_executors/share/ament_index/resource_index
[2.844s] creating /home/lasantha/ros2_ws/install/examples_rclpy_executors/share/ament_index/resource_index/packages
[2.845s] symbolically linking /home/lasantha/ros2_ws/build/examples_rclpy_executors/resource/examples_rclpy_executors -> /home/lasantha/ros2_ws/install/examples_rclpy_executors/share/ament_index/resource_index/packages
[2.845s] symbolically linking /home/lasantha/ros2_ws/build/examples_rclpy_executors/package.xml -> /home/lasantha/ros2_ws/install/examples_rclpy_executors/share/examples_rclpy_executors
[3.472s] Invoked command in '/home/lasantha/ros2_ws/build/examples_rclpy_executors' returned '0': PYTHONPATH=/home/lasantha/ros2_ws/build/examples_rclpy_executors/prefix_override:/home/lasantha/ros2_ws/install/examples_rclpy_executors/lib/python3.10/site-packages:${PYTHONPATH} /usr/bin/python3 -W ignore:setup.py install is deprecated setup.py develop --editable --build-directory /home/lasantha/ros2_ws/build/examples_rclpy_executors/build --no-deps symlink_data
