[0.000000] (-) TimerEvent: {}
[0.000083] (-) JobUnselected: {'identifier': 'cpp_pubsub'}
[0.000101] (-) JobUnselected: {'identifier': 'examples_rclcpp_async_client'}
[0.000112] (-) JobUnselected: {'identifier': 'examples_rclcpp_cbg_executor'}
[0.000120] (-) JobUnselected: {'identifier': 'examples_rclcpp_minimal_action_client'}
[0.000129] (-) JobUnselected: {'identifier': 'examples_rclcpp_minimal_action_server'}
[0.000139] (-) JobUnselected: {'identifier': 'examples_rclcpp_minimal_client'}
[0.000148] (-) JobUnselected: {'identifier': 'examples_rclcpp_minimal_composition'}
[0.000156] (-) JobUnselected: {'identifier': 'examples_rclcpp_minimal_publisher'}
[0.000164] (-) JobUnselected: {'identifier': 'examples_rclcpp_minimal_service'}
[0.000174] (-) JobUnselected: {'identifier': 'examples_rclcpp_minimal_subscriber'}
[0.000183] (-) JobUnselected: {'identifier': 'examples_rclcpp_minimal_timer'}
[0.000191] (-) JobUnselected: {'identifier': 'examples_rclcpp_multithreaded_executor'}
[0.000200] (-) JobUnselected: {'identifier': 'examples_rclcpp_wait_set'}
[0.000210] (-) JobUnselected: {'identifier': 'examples_rclpy_executors'}
[0.000218] (-) JobUnselected: {'identifier': 'examples_rclpy_guard_conditions'}
[0.000226] (-) JobUnselected: {'identifier': 'examples_rclpy_minimal_action_client'}
[0.000234] (-) JobUnselected: {'identifier': 'examples_rclpy_minimal_action_server'}
[0.000242] (-) JobUnselected: {'identifier': 'examples_rclpy_minimal_client'}
[0.000250] (-) JobUnselected: {'identifier': 'examples_rclpy_minimal_publisher'}
[0.000259] (-) JobUnselected: {'identifier': 'examples_rclpy_minimal_service'}
[0.000267] (-) JobUnselected: {'identifier': 'examples_rclpy_minimal_subscriber'}
[0.000275] (-) JobUnselected: {'identifier': 'examples_rclpy_pointcloud_publisher'}
[0.000283] (-) JobUnselected: {'identifier': 'launch_testing_examples'}
[0.000291] (-) JobUnselected: {'identifier': 'line_follower'}
[0.000299] (-) JobUnselected: {'identifier': 'micro_ros_agent'}
[0.000307] (-) JobUnselected: {'identifier': 'my_package'}
[0.000316] (-) JobUnselected: {'identifier': 'py_2wbot_ctrl'}
[0.000324] (-) JobUnselected: {'identifier': 'py_pubsub'}
[0.000331] (-) JobUnselected: {'identifier': 'ros_gz'}
[0.000340] (-) JobUnselected: {'identifier': 'ros_gz_bridge'}
[0.000348] (-) JobUnselected: {'identifier': 'ros_gz_image'}
[0.000356] (-) JobUnselected: {'identifier': 'ros_gz_interfaces'}
[0.000364] (-) JobUnselected: {'identifier': 'ros_gz_sim'}
[0.000372] (-) JobUnselected: {'identifier': 'ros_gz_sim_demos'}
[0.000380] (-) JobUnselected: {'identifier': 'ros_ign'}
[0.000388] (-) JobUnselected: {'identifier': 'ros_ign_bridge'}
[0.000396] (-) JobUnselected: {'identifier': 'ros_ign_gazebo'}
[0.000404] (-) JobUnselected: {'identifier': 'ros_ign_gazebo_demos'}
[0.000412] (-) JobUnselected: {'identifier': 'ros_ign_image'}
[0.000420] (-) JobUnselected: {'identifier': 'ros_ign_interfaces'}
[0.000428] (-) JobUnselected: {'identifier': 'sdformat_test_files'}
[0.000436] (-) JobUnselected: {'identifier': 'sdformat_urdf'}
[0.000444] (-) JobUnselected: {'identifier': 'test_ros_gz_bridge'}
[0.000452] (-) JobUnselected: {'identifier': 'urdf_tutorial_r2d2'}
[0.000461] (-) EventReactorShutdown: {}
