[1.558s] Invoking command in '/home/lasantha/ros2_ws/build/examples_rclpy_minimal_action_server': PYTHONPATH=/home/lasantha/ros2_ws/build/examples_rclpy_minimal_action_server/prefix_override:/home/lasantha/ros2_ws/install/examples_rclpy_minimal_action_server/lib/python3.10/site-packages:${PYTHONPATH} /usr/bin/python3 -W ignore:setup.py install is deprecated setup.py develop --editable --build-directory /home/lasantha/ros2_ws/build/examples_rclpy_minimal_action_server/build --no-deps symlink_data
[2.207s] running develop
[2.208s] /usr/lib/python3/dist-packages/setuptools/command/easy_install.py:158: EasyInstallDeprecationWarning: easy_install command is deprecated. Use build and pip and other standards-based tools.
[2.208s]   warnings.warn(
[2.640s] running egg_info
[2.640s] creating examples_rclpy_minimal_action_server.egg-info
[2.641s] writing examples_rclpy_minimal_action_server.egg-info/PKG-INFO
[2.641s] writing dependency_links to examples_rclpy_minimal_action_server.egg-info/dependency_links.txt
[2.642s] writing entry points to examples_rclpy_minimal_action_server.egg-info/entry_points.txt
[2.642s] writing requirements to examples_rclpy_minimal_action_server.egg-info/requires.txt
[2.642s] writing top-level names to examples_rclpy_minimal_action_server.egg-info/top_level.txt
[2.643s] writing manifest file 'examples_rclpy_minimal_action_server.egg-info/SOURCES.txt'
[2.649s] reading manifest file 'examples_rclpy_minimal_action_server.egg-info/SOURCES.txt'
[2.650s] writing manifest file 'examples_rclpy_minimal_action_server.egg-info/SOURCES.txt'
[2.654s] running build_ext
[2.654s] Creating /home/lasantha/ros2_ws/install/examples_rclpy_minimal_action_server/lib/python3.10/site-packages/examples-rclpy-minimal-action-server.egg-link (link to .)
[2.656s] Installing server script to /home/lasantha/ros2_ws/install/examples_rclpy_minimal_action_server/lib/examples_rclpy_minimal_action_server
[2.656s] Installing server_defer script to /home/lasantha/ros2_ws/install/examples_rclpy_minimal_action_server/lib/examples_rclpy_minimal_action_server
[2.657s] Installing server_not_composable script to /home/lasantha/ros2_ws/install/examples_rclpy_minimal_action_server/lib/examples_rclpy_minimal_action_server
[2.657s] Installing server_queue_goals script to /home/lasantha/ros2_ws/install/examples_rclpy_minimal_action_server/lib/examples_rclpy_minimal_action_server
[2.657s] Installing server_single_goal script to /home/lasantha/ros2_ws/install/examples_rclpy_minimal_action_server/lib/examples_rclpy_minimal_action_server
[2.658s] 
[2.658s] Installed /home/lasantha/ros2_ws/build/examples_rclpy_minimal_action_server
[2.658s] running symlink_data
[2.659s] creating /home/lasantha/ros2_ws/install/examples_rclpy_minimal_action_server/share/ament_index
[2.659s] creating /home/lasantha/ros2_ws/install/examples_rclpy_minimal_action_server/share/ament_index/resource_index
[2.659s] creating /home/lasantha/ros2_ws/install/examples_rclpy_minimal_action_server/share/ament_index/resource_index/packages
[2.660s] symbolically linking /home/lasantha/ros2_ws/build/examples_rclpy_minimal_action_server/resource/examples_rclpy_minimal_action_server -> /home/lasantha/ros2_ws/install/examples_rclpy_minimal_action_server/share/ament_index/resource_index/packages
[2.660s] symbolically linking /home/lasantha/ros2_ws/build/examples_rclpy_minimal_action_server/package.xml -> /home/lasantha/ros2_ws/install/examples_rclpy_minimal_action_server/share/examples_rclpy_minimal_action_server
[2.727s] Invoked command in '/home/lasantha/ros2_ws/build/examples_rclpy_minimal_action_server' returned '0': PYTHONPATH=/home/lasantha/ros2_ws/build/examples_rclpy_minimal_action_server/prefix_override:/home/lasantha/ros2_ws/install/examples_rclpy_minimal_action_server/lib/python3.10/site-packages:${PYTHONPATH} /usr/bin/python3 -W ignore:setup.py install is deprecated setup.py develop --editable --build-directory /home/lasantha/ros2_ws/build/examples_rclpy_minimal_action_server/build --no-deps symlink_data
