[1.675s] Invoking command in '/home/lasantha/ros2_ws/build/examples_rclpy_minimal_client': PYTHONPATH=/home/lasantha/ros2_ws/build/examples_rclpy_minimal_client/prefix_override:/home/lasantha/ros2_ws/install/examples_rclpy_minimal_client/lib/python3.10/site-packages:${PYTHONPATH} /usr/bin/python3 -W ignore:setup.py install is deprecated setup.py develop --editable --build-directory /home/lasantha/ros2_ws/build/examples_rclpy_minimal_client/build --no-deps symlink_data
[2.482s] running develop
[2.486s] /usr/lib/python3/dist-packages/setuptools/command/easy_install.py:158: EasyInstallDeprecationWarning: easy_install command is deprecated. Use build and pip and other standards-based tools.
[2.486s]   warnings.warn(
[2.935s] running egg_info
[2.935s] creating examples_rclpy_minimal_client.egg-info
[2.935s] writing examples_rclpy_minimal_client.egg-info/PKG-INFO
[2.936s] writing dependency_links to examples_rclpy_minimal_client.egg-info/dependency_links.txt
[2.936s] writing entry points to examples_rclpy_minimal_client.egg-info/entry_points.txt
[2.936s] writing requirements to examples_rclpy_minimal_client.egg-info/requires.txt
[2.937s] writing top-level names to examples_rclpy_minimal_client.egg-info/top_level.txt
[2.937s] writing manifest file 'examples_rclpy_minimal_client.egg-info/SOURCES.txt'
[2.941s] reading manifest file 'examples_rclpy_minimal_client.egg-info/SOURCES.txt'
[2.942s] writing manifest file 'examples_rclpy_minimal_client.egg-info/SOURCES.txt'
[2.945s] running build_ext
[2.946s] Creating /home/lasantha/ros2_ws/install/examples_rclpy_minimal_client/lib/python3.10/site-packages/examples-rclpy-minimal-client.egg-link (link to .)
[2.947s] Installing client script to /home/lasantha/ros2_ws/install/examples_rclpy_minimal_client/lib/examples_rclpy_minimal_client
[2.948s] Installing client_async script to /home/lasantha/ros2_ws/install/examples_rclpy_minimal_client/lib/examples_rclpy_minimal_client
[2.949s] Installing client_async_callback script to /home/lasantha/ros2_ws/install/examples_rclpy_minimal_client/lib/examples_rclpy_minimal_client
[2.949s] Installing client_async_member_function script to /home/lasantha/ros2_ws/install/examples_rclpy_minimal_client/lib/examples_rclpy_minimal_client
[2.949s] 
[2.950s] Installed /home/lasantha/ros2_ws/build/examples_rclpy_minimal_client
[2.950s] running symlink_data
[2.951s] creating /home/lasantha/ros2_ws/install/examples_rclpy_minimal_client/share/ament_index
[2.951s] creating /home/lasantha/ros2_ws/install/examples_rclpy_minimal_client/share/ament_index/resource_index
[2.951s] creating /home/lasantha/ros2_ws/install/examples_rclpy_minimal_client/share/ament_index/resource_index/packages
[2.951s] symbolically linking /home/lasantha/ros2_ws/build/examples_rclpy_minimal_client/resource/examples_rclpy_minimal_client -> /home/lasantha/ros2_ws/install/examples_rclpy_minimal_client/share/ament_index/resource_index/packages
[2.952s] symbolically linking /home/lasantha/ros2_ws/build/examples_rclpy_minimal_client/package.xml -> /home/lasantha/ros2_ws/install/examples_rclpy_minimal_client/share/examples_rclpy_minimal_client
[3.014s] Invoked command in '/home/lasantha/ros2_ws/build/examples_rclpy_minimal_client' returned '0': PYTHONPATH=/home/lasantha/ros2_ws/build/examples_rclpy_minimal_client/prefix_override:/home/lasantha/ros2_ws/install/examples_rclpy_minimal_client/lib/python3.10/site-packages:${PYTHONPATH} /usr/bin/python3 -W ignore:setup.py install is deprecated setup.py develop --editable --build-directory /home/lasantha/ros2_ws/build/examples_rclpy_minimal_client/build --no-deps symlink_data
