-- The C compiler identification is GNU 11.4.0
-- The CXX compiler identification is GNU 11.4.0
-- Detecting C compiler ABI info
-- Detecting C compiler ABI info - done
-- Check for working C compiler: /usr/bin/cc - skipped
-- Detecting C compile features
-- Detecting C compile features - done
-- Detecting CXX compiler ABI info
-- Detecting CXX compiler ABI info - done
-- Check for working CXX compiler: /usr/bin/c++ - skipped
-- Detecting CXX compile features
-- Detecting CXX compile features - done
-- Found ament_cmake_ros: 0.11.2 (/opt/ros/iron/share/ament_cmake_ros/cmake)
-- Found Python3: /usr/bin/python3.10 (found version "3.10.12") found components: Interpreter 
-- Found pluginlib: 5.2.2 (/opt/ros/iron/share/pluginlib/cmake)
-- Found urdf_parser_plugin: 2.8.2 (/opt/ros/iron/share/urdf_parser_plugin/cmake)
-- Found TinyXML2 via Config file: TinyXML2_DIR-NOTFOUND
-- Compiling against libSDFormat 12
-- Found ament_lint_auto: 0.14.3 (/opt/ros/iron/share/ament_lint_auto/cmake)
-- Found gtest sources under '/opt/ros/iron/src/gtest_vendor': C++ tests using 'Google Test' will be built
-- Looking for pthread.h
-- Looking for pthread.h - found
-- Performing Test CMAKE_HAVE_LIBC_PTHREAD
-- Performing Test CMAKE_HAVE_LIBC_PTHREAD - Success
-- Found Threads: TRUE  
-- Added test 'copyright' to check source files copyright and LICENSE
-- Added test 'cppcheck' to perform static code analysis on C / C++ code
-- Configured cppcheck include dirs: $<BUILD_INTERFACE:/home/lasantha/ros2_ws/src/sdformat_urdf/sdformat_urdf/include>;/home/lasantha/ros2_ws/src/sdformat_urdf/sdformat_urdf/test/include
-- Configured cppcheck exclude dirs and/or files: 
-- Added test 'cpplint' to check C / C++ code against the Google style
-- Configured cpplint exclude dirs and/or files: 
-- Added test 'lint_cmake' to check CMake code style
-- Added test 'uncrustify' to check C / C++ code style
-- Configured uncrustify additional arguments: 
-- Added test 'xmllint' to check XML markup files
-- Configuring done
-- Generating done
-- Build files have been written to: /home/lasantha/ros2_ws/build/sdformat_urdf
[  4%] [32mBuilding CXX object CMakeFiles/sdformat_urdf.dir/src/sdformat_urdf.cpp.o[0m
[  9%] [32mBuilding CXX object gtest/CMakeFiles/gtest.dir/src/gtest-all.cc.o[0m
[ 13%] [32mBuilding CXX object gtest/CMakeFiles/gtest_main.dir/src/gtest_main.cc.o[0m
[ 18%] [32m[1mLinking CXX static library libgtest_main.a[0m
[ 18%] Built target gtest_main
[ 22%] [32m[1mLinking CXX static library libgtest.a[0m
[ 22%] Built target gtest
[ 27%] [32m[1mLinking CXX shared library libsdformat_urdf.so[0m
[ 27%] Built target sdformat_urdf
[ 31%] [32mBuilding CXX object CMakeFiles/sdformat_urdf_plugin.dir/src/sdformat_urdf_plugin.cpp.o[0m
[ 36%] [32mBuilding CXX object CMakeFiles/sdf_graph_tests.dir/test/graph_tests.cpp.o[0m
[ 40%] [32mBuilding CXX object CMakeFiles/sdf_geometry_tests.dir/test/geometry_tests.cpp.o[0m
[ 45%] [32mBuilding CXX object CMakeFiles/sdf_joint_tests.dir/test/joint_tests.cpp.o[0m
[ 50%] [32mBuilding CXX object CMakeFiles/sdf_link_tests.dir/test/link_tests.cpp.o[0m
[ 54%] [32mBuilding CXX object CMakeFiles/sdf_material_tests.dir/test/material_tests.cpp.o[0m
[ 59%] [32mBuilding CXX object CMakeFiles/sdf_model_tests.dir/test/model_tests.cpp.o[0m
[ 63%] [32mBuilding CXX object CMakeFiles/sdf_pose_tests.dir/test/pose_tests.cpp.o[0m
[ 68%] [32m[1mLinking CXX executable sdf_pose_tests[0m
[ 68%] Built target sdf_pose_tests
[ 72%] [32m[1mLinking CXX shared library libsdformat_urdf_plugin.so[0m
[ 72%] Built target sdformat_urdf_plugin
[ 77%] [32m[1mLinking CXX executable sdf_graph_tests[0m
[ 81%] [32m[1mLinking CXX executable sdf_material_tests[0m
[ 81%] Built target sdf_graph_tests
[ 81%] Built target sdf_material_tests
[ 86%] [32m[1mLinking CXX executable sdf_model_tests[0m
[ 90%] [32m[1mLinking CXX executable sdf_joint_tests[0m
[ 95%] [32m[1mLinking CXX executable sdf_geometry_tests[0m
[ 95%] Built target sdf_model_tests
[100%] [32m[1mLinking CXX executable sdf_link_tests[0m
[100%] Built target sdf_joint_tests
[100%] Built target sdf_geometry_tests
[100%] Built target sdf_link_tests
